
Options: -I 50 

=== Classifier model (full training set) ===

RandomForest

Bagging with 50 iterations and base learner

weka.classifiers.trees.RandomTree -K 0 -M 1.0 -V 0.001 -S 1 -do-not-check-capabilities

Time taken to build model: 0.67 seconds

Time taken to test model on training data: 0.06 seconds

=== Error on training data ===

Correctly Classified Instances         908               99.5614 %
Incorrectly Classified Instances         4                0.4386 %
Kappa statistic                          0.9912
Mean absolute error                      0.1495
Root mean squared error                  0.1655
Relative absolute error                 29.9013 %
Root relative squared error             33.1094 %
Total Number of Instances              912     


=== Detailed Accuracy By Class ===

                 TP Rate  FP Rate  Precision  Recall   F-Measure  MCC      ROC Area  PRC Area  Class
                 0.993    0.002    0.998      0.993    0.996      0.991    1.000     1.000     PD
                 0.998    0.007    0.993      0.998    0.996      0.991    1.000     1.000     SNP
Weighted Avg.    0.996    0.004    0.996      0.996    0.996      0.991    1.000     1.000     


=== Confusion Matrix ===

   a   b   <-- classified as
 453   3 |   a = PD
   1 455 |   b = SNP

Time taken to perform cross-validation: 2.52 seconds


=== Stratified cross-validation ===

Correctly Classified Instances         692               75.8772 %
Incorrectly Classified Instances       220               24.1228 %
Kappa statistic                          0.5175
Mean absolute error                      0.4008
Root mean squared error                  0.4277
Relative absolute error                 80.1537 %
Root relative squared error             85.5449 %
Total Number of Instances              912     


=== Detailed Accuracy By Class ===

                 TP Rate  FP Rate  Precision  Recall   F-Measure  MCC      ROC Area  PRC Area  Class
                 0.669    0.151    0.816      0.669    0.735      0.526    0.835     0.842     PD
                 0.849    0.331    0.719      0.849    0.779      0.526    0.835     0.802     SNP
Weighted Avg.    0.759    0.241    0.767      0.759    0.757      0.526    0.835     0.822     


=== Confusion Matrix ===

   a   b   <-- classified as
 305 151 |   a = PD
  69 387 |   b = SNP

