
Options: -I 100 

=== Classifier model (full training set) ===

RandomForest

Bagging with 100 iterations and base learner

weka.classifiers.trees.RandomTree -K 0 -M 1.0 -V 0.001 -S 1 -do-not-check-capabilities

Time taken to build model: 1.11 seconds

Time taken to test model on training data: 0.12 seconds

=== Error on training data ===

Correctly Classified Instances         908               99.5614 %
Incorrectly Classified Instances         4                0.4386 %
Kappa statistic                          0.9912
Mean absolute error                      0.1518
Root mean squared error                  0.1648
Relative absolute error                 30.3541 %
Root relative squared error             32.9594 %
Total Number of Instances              912     


=== Detailed Accuracy By Class ===

                 TP Rate  FP Rate  Precision  Recall   F-Measure  MCC      ROC Area  PRC Area  Class
                 0.993    0.002    0.998      0.993    0.996      0.991    1.000     1.000     PD
                 0.998    0.007    0.993      0.998    0.996      0.991    1.000     1.000     SNP
Weighted Avg.    0.996    0.004    0.996      0.996    0.996      0.991    1.000     1.000     


=== Confusion Matrix ===

   a   b   <-- classified as
 453   3 |   a = PD
   1 455 |   b = SNP

Time taken to perform cross-validation: 6.12 seconds


=== Stratified cross-validation ===

Correctly Classified Instances         721               79.057  %
Incorrectly Classified Instances       191               20.943  %
Kappa statistic                          0.5811
Mean absolute error                      0.4   
Root mean squared error                  0.4232
Relative absolute error                 79.9979 %
Root relative squared error             84.6347 %
Total Number of Instances              912     


=== Detailed Accuracy By Class ===

                 TP Rate  FP Rate  Precision  Recall   F-Measure  MCC      ROC Area  PRC Area  Class
                 0.706    0.125    0.850      0.706    0.771      0.590    0.849     0.858     PD
                 0.875    0.294    0.749      0.875    0.807      0.590    0.849     0.820     SNP
Weighted Avg.    0.791    0.209    0.799      0.791    0.789      0.590    0.849     0.839     


=== Confusion Matrix ===

   a   b   <-- classified as
 322 134 |   a = PD
  57 399 |   b = SNP

