
Options: -I 100 

=== Classifier model (full training set) ===

RandomForest

Bagging with 100 iterations and base learner

weka.classifiers.trees.RandomTree -K 0 -M 1.0 -V 0.001 -S 1 -do-not-check-capabilities

Time taken to build model: 1.1 seconds

Time taken to test model on training data: 0.12 seconds

=== Error on training data ===

Correctly Classified Instances         906               99.3421 %
Incorrectly Classified Instances         6                0.6579 %
Kappa statistic                          0.9868
Mean absolute error                      0.1528
Root mean squared error                  0.1685
Relative absolute error                 30.5626 %
Root relative squared error             33.6932 %
Total Number of Instances              912     


=== Detailed Accuracy By Class ===

                 TP Rate  FP Rate  Precision  Recall   F-Measure  MCC      ROC Area  PRC Area  Class
                 0.993    0.007    0.993      0.993    0.993      0.987    1.000     1.000     PD
                 0.993    0.007    0.993      0.993    0.993      0.987    1.000     1.000     SNP
Weighted Avg.    0.993    0.007    0.993      0.993    0.993      0.987    1.000     1.000     


=== Confusion Matrix ===

   a   b   <-- classified as
 453   3 |   a = PD
   3 453 |   b = SNP

Time taken to perform cross-validation: 6.28 seconds


=== Stratified cross-validation ===

Correctly Classified Instances         677               74.2325 %
Incorrectly Classified Instances       235               25.7675 %
Kappa statistic                          0.4846
Mean absolute error                      0.4148
Root mean squared error                  0.4388
Relative absolute error                 82.9664 %
Root relative squared error             87.7544 %
Total Number of Instances              912     


=== Detailed Accuracy By Class ===

                 TP Rate  FP Rate  Precision  Recall   F-Measure  MCC      ROC Area  PRC Area  Class
                 0.645    0.160    0.801      0.645    0.714      0.494    0.808     0.818     PD
                 0.840    0.355    0.703      0.840    0.765      0.494    0.808     0.772     SNP
Weighted Avg.    0.742    0.258    0.752      0.742    0.740      0.494    0.808     0.795     


=== Confusion Matrix ===

   a   b   <-- classified as
 294 162 |   a = PD
  73 383 |   b = SNP

