
Options: -I 500 

=== Classifier model (full training set) ===

RandomForest

Bagging with 500 iterations and base learner

weka.classifiers.trees.RandomTree -K 0 -M 1.0 -V 0.001 -S 1 -do-not-check-capabilities

Time taken to build model: 4.14 seconds

Time taken to test model on training data: 0.29 seconds

=== Error on training data ===

Correctly Classified Instances         909               99.6711 %
Incorrectly Classified Instances         3                0.3289 %
Kappa statistic                          0.9934
Mean absolute error                      0.1511
Root mean squared error                  0.1626
Relative absolute error                 30.2197 %
Root relative squared error             32.5152 %
Total Number of Instances              912     


=== Detailed Accuracy By Class ===

                 TP Rate  FP Rate  Precision  Recall   F-Measure  MCC      ROC Area  PRC Area  Class
                 0.996    0.002    0.998      0.996    0.997      0.993    1.000     1.000     PD
                 0.998    0.004    0.996      0.998    0.997      0.993    1.000     1.000     SNP
Weighted Avg.    0.997    0.003    0.997      0.997    0.997      0.993    1.000     1.000     


=== Confusion Matrix ===

   a   b   <-- classified as
 454   2 |   a = PD
   1 455 |   b = SNP

Time taken to perform cross-validation: 30.2 seconds


=== Stratified cross-validation ===

Correctly Classified Instances         687               75.3289 %
Incorrectly Classified Instances       225               24.6711 %
Kappa statistic                          0.5066
Mean absolute error                      0.4014
Root mean squared error                  0.4273
Relative absolute error                 80.2852 %
Root relative squared error             85.4594 %
Total Number of Instances              912     


=== Detailed Accuracy By Class ===

                 TP Rate  FP Rate  Precision  Recall   F-Measure  MCC      ROC Area  PRC Area  Class
                 0.684    0.178    0.794      0.684    0.735      0.511    0.834     0.845     PD
                 0.822    0.316    0.723      0.822    0.769      0.511    0.834     0.812     SNP
Weighted Avg.    0.753    0.247    0.758      0.753    0.752      0.511    0.834     0.829     


=== Confusion Matrix ===

   a   b   <-- classified as
 312 144 |   a = PD
  81 375 |   b = SNP

