
Options: -I 500 

=== Classifier model (full training set) ===

RandomForest

Bagging with 500 iterations and base learner

weka.classifiers.trees.RandomTree -K 0 -M 1.0 -V 0.001 -S 1 -do-not-check-capabilities

Time taken to build model: 4.84 seconds

Time taken to test model on training data: 0.32 seconds

=== Error on training data ===

Correctly Classified Instances         908               99.5614 %
Incorrectly Classified Instances         4                0.4386 %
Kappa statistic                          0.9912
Mean absolute error                      0.1533
Root mean squared error                  0.1645
Relative absolute error                 30.6613 %
Root relative squared error             32.9052 %
Total Number of Instances              912     


=== Detailed Accuracy By Class ===

                 TP Rate  FP Rate  Precision  Recall   F-Measure  MCC      ROC Area  PRC Area  Class
                 0.991    0.000    1.000      0.991    0.996      0.991    1.000     1.000     PD
                 1.000    0.009    0.991      1.000    0.996      0.991    1.000     1.000     SNP
Weighted Avg.    0.996    0.004    0.996      0.996    0.996      0.991    1.000     1.000     


=== Confusion Matrix ===

   a   b   <-- classified as
 452   4 |   a = PD
   0 456 |   b = SNP

Time taken to perform cross-validation: 36.95 seconds


=== Stratified cross-validation ===

Correctly Classified Instances         721               79.057  %
Incorrectly Classified Instances       191               20.943  %
Kappa statistic                          0.5811
Mean absolute error                      0.3998
Root mean squared error                  0.423 
Relative absolute error                 79.9646 %
Root relative squared error             84.5957 %
Total Number of Instances              912     


=== Detailed Accuracy By Class ===

                 TP Rate  FP Rate  Precision  Recall   F-Measure  MCC      ROC Area  PRC Area  Class
                 0.711    0.129    0.846      0.711    0.772      0.589    0.848     0.856     PD
                 0.871    0.289    0.750      0.871    0.806      0.589    0.848     0.816     SNP
Weighted Avg.    0.791    0.209    0.798      0.791    0.789      0.589    0.848     0.836     


=== Confusion Matrix ===

   a   b   <-- classified as
 324 132 |   a = PD
  59 397 |   b = SNP

