
Options: -I 50 

=== Classifier model (full training set) ===

RandomForest

Bagging with 50 iterations and base learner

weka.classifiers.trees.RandomTree -K 0 -M 1.0 -V 0.001 -S 1 -do-not-check-capabilities

Time taken to build model: 0.68 seconds

Time taken to test model on training data: 0.06 seconds

=== Error on training data ===

Correctly Classified Instances         904               99.1228 %
Incorrectly Classified Instances         8                0.8772 %
Kappa statistic                          0.9825
Mean absolute error                      0.1572
Root mean squared error                  0.1751
Relative absolute error                 31.4498 %
Root relative squared error             35.0218 %
Total Number of Instances              912     


=== Detailed Accuracy By Class ===

                 TP Rate  FP Rate  Precision  Recall   F-Measure  MCC      ROC Area  PRC Area  Class
                 0.989    0.007    0.993      0.989    0.991      0.982    1.000     1.000     PD
                 0.993    0.011    0.989      0.993    0.991      0.982    1.000     1.000     SNP
Weighted Avg.    0.991    0.009    0.991      0.991    0.991      0.982    1.000     1.000     


=== Confusion Matrix ===

   a   b   <-- classified as
 451   5 |   a = PD
   3 453 |   b = SNP

Time taken to perform cross-validation: 2.6 seconds


=== Stratified cross-validation ===

Correctly Classified Instances         693               75.9868 %
Incorrectly Classified Instances       219               24.0132 %
Kappa statistic                          0.5197
Mean absolute error                      0.4057
Root mean squared error                  0.433 
Relative absolute error                 81.1328 %
Root relative squared error             86.5947 %
Total Number of Instances              912     


=== Detailed Accuracy By Class ===

                 TP Rate  FP Rate  Precision  Recall   F-Measure  MCC      ROC Area  PRC Area  Class
                 0.669    0.149    0.818      0.669    0.736      0.529    0.826     0.810     PD
                 0.851    0.331    0.720      0.851    0.780      0.529    0.826     0.799     SNP
Weighted Avg.    0.760    0.240    0.769      0.760    0.758      0.529    0.826     0.804     


=== Confusion Matrix ===

   a   b   <-- classified as
 305 151 |   a = PD
  68 388 |   b = SNP

