
Options: -I 500 

=== Classifier model (full training set) ===

RandomForest

Bagging with 500 iterations and base learner

weka.classifiers.trees.RandomTree -K 0 -M 1.0 -V 0.001 -S 1 -do-not-check-capabilities

Time taken to build model: 5.2 seconds

Time taken to test model on training data: 0.39 seconds

=== Error on training data ===

Correctly Classified Instances         903               99.0132 %
Incorrectly Classified Instances         9                0.9868 %
Kappa statistic                          0.9803
Mean absolute error                      0.1515
Root mean squared error                  0.1676
Relative absolute error                 30.3084 %
Root relative squared error             33.5217 %
Total Number of Instances              912     


=== Detailed Accuracy By Class ===

                 TP Rate  FP Rate  Precision  Recall   F-Measure  MCC      ROC Area  PRC Area  Class
                 0.991    0.011    0.989      0.991    0.990      0.980    1.000     1.000     PD
                 0.989    0.009    0.991      0.989    0.990      0.980    1.000     1.000     SNP
Weighted Avg.    0.990    0.010    0.990      0.990    0.990      0.980    1.000     1.000     


=== Confusion Matrix ===

   a   b   <-- classified as
 452   4 |   a = PD
   5 451 |   b = SNP

Time taken to perform cross-validation: 38.89 seconds


=== Stratified cross-validation ===

Correctly Classified Instances         702               76.9737 %
Incorrectly Classified Instances       210               23.0263 %
Kappa statistic                          0.5395
Mean absolute error                      0.3968
Root mean squared error                  0.4234
Relative absolute error                 79.3655 %
Root relative squared error             84.6857 %
Total Number of Instances              912     


=== Detailed Accuracy By Class ===

                 TP Rate  FP Rate  Precision  Recall   F-Measure  MCC      ROC Area  PRC Area  Class
                 0.700    0.160    0.814      0.700    0.752      0.545    0.841     0.840     PD
                 0.840    0.300    0.737      0.840    0.785      0.545    0.841     0.813     SNP
Weighted Avg.    0.770    0.230    0.775      0.770    0.769      0.545    0.841     0.827     


=== Confusion Matrix ===

   a   b   <-- classified as
 319 137 |   a = PD
  73 383 |   b = SNP

