
Options: -I 500 

=== Classifier model (full training set) ===

RandomForest

Bagging with 500 iterations and base learner

weka.classifiers.trees.RandomTree -K 0 -M 1.0 -V 0.001 -S 1 -do-not-check-capabilities

Time taken to build model: 5.25 seconds

Time taken to test model on training data: 0.33 seconds

=== Error on training data ===

Correctly Classified Instances         906               99.3421 %
Incorrectly Classified Instances         6                0.6579 %
Kappa statistic                          0.9868
Mean absolute error                      0.156 
Root mean squared error                  0.1689
Relative absolute error                 31.2085 %
Root relative squared error             33.7838 %
Total Number of Instances              912     


=== Detailed Accuracy By Class ===

                 TP Rate  FP Rate  Precision  Recall   F-Measure  MCC      ROC Area  PRC Area  Class
                 0.996    0.009    0.991      0.996    0.993      0.987    1.000     1.000     PD
                 0.991    0.004    0.996      0.991    0.993      0.987    1.000     1.000     SNP
Weighted Avg.    0.993    0.007    0.993      0.993    0.993      0.987    1.000     1.000     


=== Confusion Matrix ===

   a   b   <-- classified as
 454   2 |   a = PD
   4 452 |   b = SNP

Time taken to perform cross-validation: 36.07 seconds


=== Stratified cross-validation ===

Correctly Classified Instances         674               73.9035 %
Incorrectly Classified Instances       238               26.0965 %
Kappa statistic                          0.4781
Mean absolute error                      0.4128
Root mean squared error                  0.4363
Relative absolute error                 82.5527 %
Root relative squared error             87.258  %
Total Number of Instances              912     


=== Detailed Accuracy By Class ===

                 TP Rate  FP Rate  Precision  Recall   F-Measure  MCC      ROC Area  PRC Area  Class
                 0.643    0.164    0.796      0.643    0.711      0.487    0.815     0.822     PD
                 0.836    0.357    0.700      0.836    0.762      0.487    0.815     0.782     SNP
Weighted Avg.    0.739    0.261    0.748      0.739    0.737      0.487    0.815     0.802     


=== Confusion Matrix ===

   a   b   <-- classified as
 293 163 |   a = PD
  75 381 |   b = SNP

