
Options: -I 100 

=== Classifier model (full training set) ===

RandomForest

Bagging with 100 iterations and base learner

weka.classifiers.trees.RandomTree -K 0 -M 1.0 -V 0.001 -S 1 -do-not-check-capabilities

Time taken to build model: 1.02 seconds

Time taken to test model on training data: 0.1 seconds

=== Error on training data ===

Correctly Classified Instances         904               99.1228 %
Incorrectly Classified Instances         8                0.8772 %
Kappa statistic                          0.9825
Mean absolute error                      0.1551
Root mean squared error                  0.1715
Relative absolute error                 31.0266 %
Root relative squared error             34.3036 %
Total Number of Instances              912     


=== Detailed Accuracy By Class ===

                 TP Rate  FP Rate  Precision  Recall   F-Measure  MCC      ROC Area  PRC Area  Class
                 0.993    0.011    0.989      0.993    0.991      0.982    1.000     1.000     PD
                 0.989    0.007    0.993      0.989    0.991      0.982    1.000     1.000     SNP
Weighted Avg.    0.991    0.009    0.991      0.991    0.991      0.982    1.000     1.000     


=== Confusion Matrix ===

   a   b   <-- classified as
 453   3 |   a = PD
   5 451 |   b = SNP

Time taken to perform cross-validation: 5.25 seconds


=== Stratified cross-validation ===

Correctly Classified Instances         693               75.9868 %
Incorrectly Classified Instances       219               24.0132 %
Kappa statistic                          0.5197
Mean absolute error                      0.4068
Root mean squared error                  0.4327
Relative absolute error                 81.3601 %
Root relative squared error             86.5421 %
Total Number of Instances              912     


=== Detailed Accuracy By Class ===

                 TP Rate  FP Rate  Precision  Recall   F-Measure  MCC      ROC Area  PRC Area  Class
                 0.664    0.145    0.821      0.664    0.735      0.529    0.830     0.813     PD
                 0.855    0.336    0.718      0.855    0.781      0.529    0.830     0.806     SNP
Weighted Avg.    0.760    0.240    0.770      0.760    0.758      0.529    0.830     0.810     


=== Confusion Matrix ===

   a   b   <-- classified as
 303 153 |   a = PD
  66 390 |   b = SNP

