
Options: -I 500 

=== Classifier model (full training set) ===

RandomForest

Bagging with 500 iterations and base learner

weka.classifiers.trees.RandomTree -K 0 -M 1.0 -V 0.001 -S 1 -do-not-check-capabilities

Time taken to build model: 5.04 seconds

Time taken to test model on training data: 0.32 seconds

=== Error on training data ===

Correctly Classified Instances         904               99.1228 %
Incorrectly Classified Instances         8                0.8772 %
Kappa statistic                          0.9825
Mean absolute error                      0.1552
Root mean squared error                  0.1698
Relative absolute error                 31.0494 %
Root relative squared error             33.9672 %
Total Number of Instances              912     


=== Detailed Accuracy By Class ===

                 TP Rate  FP Rate  Precision  Recall   F-Measure  MCC      ROC Area  PRC Area  Class
                 0.989    0.007    0.993      0.989    0.991      0.982    1.000     1.000     PD
                 0.993    0.011    0.989      0.993    0.991      0.982    1.000     1.000     SNP
Weighted Avg.    0.991    0.009    0.991      0.991    0.991      0.982    1.000     1.000     


=== Confusion Matrix ===

   a   b   <-- classified as
 451   5 |   a = PD
   3 453 |   b = SNP

Time taken to perform cross-validation: 37.51 seconds


=== Stratified cross-validation ===

Correctly Classified Instances         687               75.3289 %
Incorrectly Classified Instances       225               24.6711 %
Kappa statistic                          0.5066
Mean absolute error                      0.4066
Root mean squared error                  0.4325
Relative absolute error                 81.3268 %
Root relative squared error             86.5024 %
Total Number of Instances              912     


=== Detailed Accuracy By Class ===

                 TP Rate  FP Rate  Precision  Recall   F-Measure  MCC      ROC Area  PRC Area  Class
                 0.658    0.151    0.813      0.658    0.727      0.516    0.821     0.816     PD
                 0.849    0.342    0.713      0.849    0.775      0.516    0.821     0.784     SNP
Weighted Avg.    0.753    0.247    0.763      0.753    0.751      0.516    0.821     0.800     


=== Confusion Matrix ===

   a   b   <-- classified as
 300 156 |   a = PD
  69 387 |   b = SNP

