
Options: -I 50 

=== Classifier model (full training set) ===

RandomForest

Bagging with 50 iterations and base learner

weka.classifiers.trees.RandomTree -K 0 -M 1.0 -V 0.001 -S 1 -do-not-check-capabilities

Time taken to build model: 0.72 seconds

Time taken to test model on training data: 0.07 seconds

=== Error on training data ===

Correctly Classified Instances         908               99.5614 %
Incorrectly Classified Instances         4                0.4386 %
Kappa statistic                          0.9912
Mean absolute error                      0.151 
Root mean squared error                  0.1664
Relative absolute error                 30.204  %
Root relative squared error             33.2838 %
Total Number of Instances              912     


=== Detailed Accuracy By Class ===

                 TP Rate  FP Rate  Precision  Recall   F-Measure  MCC      ROC Area  PRC Area  Class
                 0.996    0.004    0.996      0.996    0.996      0.991    1.000     1.000     PD
                 0.996    0.004    0.996      0.996    0.996      0.991    1.000     1.000     SNP
Weighted Avg.    0.996    0.004    0.996      0.996    0.996      0.991    1.000     1.000     


=== Confusion Matrix ===

   a   b   <-- classified as
 454   2 |   a = PD
   2 454 |   b = SNP

Time taken to perform cross-validation: 2.92 seconds


=== Stratified cross-validation ===

Correctly Classified Instances         713               78.1798 %
Incorrectly Classified Instances       199               21.8202 %
Kappa statistic                          0.5636
Mean absolute error                      0.3975
Root mean squared error                  0.4221
Relative absolute error                 79.4978 %
Root relative squared error             84.4145 %
Total Number of Instances              912     


=== Detailed Accuracy By Class ===

                 TP Rate  FP Rate  Precision  Recall   F-Measure  MCC      ROC Area  PRC Area  Class
                 0.704    0.140    0.834      0.704    0.763      0.571    0.848     0.856     PD
                 0.860    0.296    0.744      0.860    0.798      0.571    0.848     0.824     SNP
Weighted Avg.    0.782    0.218    0.789      0.782    0.780      0.571    0.848     0.840     


=== Confusion Matrix ===

   a   b   <-- classified as
 321 135 |   a = PD
  64 392 |   b = SNP

