
Options: -I 100 

=== Classifier model (full training set) ===

RandomForest

Bagging with 100 iterations and base learner

weka.classifiers.trees.RandomTree -K 0 -M 1.0 -V 0.001 -S 1 -do-not-check-capabilities

Time taken to build model: 1.17 seconds

Time taken to test model on training data: 0.14 seconds

=== Error on training data ===

Correctly Classified Instances         907               99.4518 %
Incorrectly Classified Instances         5                0.5482 %
Kappa statistic                          0.989 
Mean absolute error                      0.1526
Root mean squared error                  0.1677
Relative absolute error                 30.525  %
Root relative squared error             33.5349 %
Total Number of Instances              912     


=== Detailed Accuracy By Class ===

                 TP Rate  FP Rate  Precision  Recall   F-Measure  MCC      ROC Area  PRC Area  Class
                 0.998    0.009    0.991      0.998    0.995      0.989    1.000     1.000     PD
                 0.991    0.002    0.998      0.991    0.994      0.989    1.000     1.000     SNP
Weighted Avg.    0.995    0.005    0.995      0.995    0.995      0.989    1.000     1.000     


=== Confusion Matrix ===

   a   b   <-- classified as
 455   1 |   a = PD
   4 452 |   b = SNP

Time taken to perform cross-validation: 7.33 seconds


=== Stratified cross-validation ===

Correctly Classified Instances         687               75.3289 %
Incorrectly Classified Instances       225               24.6711 %
Kappa statistic                          0.5066
Mean absolute error                      0.408 
Root mean squared error                  0.4306
Relative absolute error                 81.5966 %
Root relative squared error             86.1278 %
Total Number of Instances              912     


=== Detailed Accuracy By Class ===

                 TP Rate  FP Rate  Precision  Recall   F-Measure  MCC      ROC Area  PRC Area  Class
                 0.673    0.167    0.802      0.673    0.732      0.513    0.836     0.821     PD
                 0.833    0.327    0.718      0.833    0.772      0.513    0.836     0.819     SNP
Weighted Avg.    0.753    0.247    0.760      0.753    0.752      0.513    0.836     0.820     


=== Confusion Matrix ===

   a   b   <-- classified as
 307 149 |   a = PD
  76 380 |   b = SNP

