
Options: -I 50 

=== Classifier model (full training set) ===

RandomForest

Bagging with 50 iterations and base learner

weka.classifiers.trees.RandomTree -K 0 -M 1.0 -V 0.001 -S 1 -do-not-check-capabilities

Time taken to build model: 0.75 seconds

Time taken to test model on training data: 0.17 seconds

=== Error on training data ===

Correctly Classified Instances         906               99.3421 %
Incorrectly Classified Instances         6                0.6579 %
Kappa statistic                          0.9868
Mean absolute error                      0.1503
Root mean squared error                  0.1695
Relative absolute error                 30.056  %
Root relative squared error             33.9053 %
Total Number of Instances              912     


=== Detailed Accuracy By Class ===

                 TP Rate  FP Rate  Precision  Recall   F-Measure  MCC      ROC Area  PRC Area  Class
                 0.991    0.004    0.996      0.991    0.993      0.987    1.000     1.000     PD
                 0.996    0.009    0.991      0.996    0.993      0.987    1.000     1.000     SNP
Weighted Avg.    0.993    0.007    0.993      0.993    0.993      0.987    1.000     1.000     


=== Confusion Matrix ===

   a   b   <-- classified as
 452   4 |   a = PD
   2 454 |   b = SNP

Time taken to perform cross-validation: 3.04 seconds


=== Stratified cross-validation ===

Correctly Classified Instances         675               74.0132 %
Incorrectly Classified Instances       237               25.9868 %
Kappa statistic                          0.4803
Mean absolute error                      0.4141
Root mean squared error                  0.4391
Relative absolute error                 82.8148 %
Root relative squared error             87.8148 %
Total Number of Instances              912     


=== Detailed Accuracy By Class ===

                 TP Rate  FP Rate  Precision  Recall   F-Measure  MCC      ROC Area  PRC Area  Class
                 0.645    0.164    0.797      0.645    0.713      0.489    0.806     0.815     PD
                 0.836    0.355    0.702      0.836    0.763      0.489    0.806     0.767     SNP
Weighted Avg.    0.740    0.260    0.749      0.740    0.738      0.489    0.806     0.791     


=== Confusion Matrix ===

   a   b   <-- classified as
 294 162 |   a = PD
  75 381 |   b = SNP

