
Options: -I 500 -attribute-importance 

=== Classifier model (full training set) ===

RandomForest

Bagging with 500 iterations and base learner

weka.classifiers.trees.RandomTree -K 0 -M 1.0 -V 0.001 -S 1 -do-not-check-capabilities

Attribute importance based on average impurity decrease (and number of nodes using that attribute)

      0.79 (  3288)  Relaccess
      0.79 (  1954)  SPhobic
      0.72 (  1810)  CPhim
      0.61 (   920)  BCharge
      0.55 (  1030)  Proline
      0.43 (   893)  Interface
      0.4  (  8913)  Clash
      0.39 (   192)  Voids
      0.26 (  2873)  HBonds
      0.25 (   250)  NLargest9
      0.24 (  6255)  Impact
      0.19 (   660)  Glycine
      0.19 (   315)  NLargest5
      0.19 (   469)  NLargest4
      0.18 (   235)  NLargest6
      0.18 (  1457)  MLargest9
      0.17 (   555)  NLargest3
      0.15 (   722)  NLargest2
      0.15 (   797)  Binding
      0.14 (  1014)  NLargest1
      0.14 (   680)  NLargest10
      0.13 (  3721)  MLargest4
      0.13 (  2460)  MLargest6
      0.13 (  1567)  MLargest8
      0.12 (  3010)  MLargest5
      0.12 (  1959)  MLargest7
      0.11 (  4365)  MLargest3
      0.11 (  6175)  MLargest10
      0.11 (  5313)  MLargest2
      0.1  (  7306)  MLargest1
      0    (     0)  SSGeom
      0    (     0)  CisPro


Time taken to build model: 13.35 seconds

Time taken to test model on training data: 0.46 seconds

=== Error on training data ===

Correctly Classified Instances         906               99.3421 %
Incorrectly Classified Instances         6                0.6579 %
Kappa statistic                          0.9868
Mean absolute error                      0.1571
Root mean squared error                  0.1693
Relative absolute error                 31.416  %
Root relative squared error             33.8676 %
Total Number of Instances              912     


=== Detailed Accuracy By Class ===

                 TP Rate  FP Rate  Precision  Recall   F-Measure  MCC      ROC Area  PRC Area  Class
                 0.996    0.009    0.991      0.996    0.993      0.987    1.000     1.000     PD
                 0.991    0.004    0.996      0.991    0.993      0.987    1.000     1.000     SNP
Weighted Avg.    0.993    0.007    0.993      0.993    0.993      0.987    1.000     1.000     


=== Confusion Matrix ===

   a   b   <-- classified as
 454   2 |   a = PD
   4 452 |   b = SNP

Time taken to perform cross-validation: 68.38 seconds


=== Stratified cross-validation ===

Correctly Classified Instances         670               73.4649 %
Incorrectly Classified Instances       242               26.5351 %
Kappa statistic                          0.4693
Mean absolute error                      0.4138
Root mean squared error                  0.4371
Relative absolute error                 82.7514 %
Root relative squared error             87.4167 %
Total Number of Instances              912     


=== Detailed Accuracy By Class ===

                 TP Rate  FP Rate  Precision  Recall   F-Measure  MCC      ROC Area  PRC Area  Class
                 0.634    0.164    0.794      0.634    0.705      0.479    0.819     0.805     PD
                 0.836    0.366    0.695      0.836    0.759      0.479    0.819     0.799     SNP
Weighted Avg.    0.735    0.265    0.745      0.735    0.732      0.479    0.819     0.802     


=== Confusion Matrix ===

   a   b   <-- classified as
 289 167 |   a = PD
  75 381 |   b = SNP

