
Options: -I 100 -attribute-importance 

=== Classifier model (full training set) ===

RandomForest

Bagging with 100 iterations and base learner

weka.classifiers.trees.RandomTree -K 0 -M 1.0 -V 0.001 -S 1 -do-not-check-capabilities

Attribute importance based on average impurity decrease (and number of nodes using that attribute)

      0.83 (   760)  Relaccess
      0.75 (   376)  SPhobic
      0.65 (   268)  CPhim
      0.57 (   163)  BCharge
      0.48 (   221)  Proline
      0.42 (   206)  Interface
      0.4  (  1741)  Clash
      0.32 (    43)  Voids
      0.3  (    57)  NLargest6
      0.29 (    48)  NLargest9
      0.28 (  1190)  Impact
      0.24 (   542)  HBonds
      0.23 (   176)  NLargest2
      0.23 (   107)  NLargest4
      0.22 (   322)  MLargest9
      0.2  (   134)  NLargest3
      0.18 (    99)  Binding
      0.17 (    57)  NLargest5
      0.16 (   523)  MLargest6
      0.16 (   461)  MLargest7
      0.14 (   152)  NLargest10
      0.14 (   295)  MLargest8
      0.14 (   581)  MLargest5
      0.14 (  1088)  MLargest2
      0.13 (   729)  MLargest4
      0.13 (   222)  NLargest1
      0.13 (  1279)  MLargest10
      0.12 (   894)  MLargest3
      0.12 (  1476)  MLargest1
      0.09 (    87)  Glycine
      0    (     0)  CisPro
      0    (     0)  SSGeom


Time taken to build model: 5.2 seconds

Time taken to test model on training data: 0.18 seconds

=== Error on training data ===

Correctly Classified Instances         908               99.5614 %
Incorrectly Classified Instances         4                0.4386 %
Kappa statistic                          0.9912
Mean absolute error                      0.1518
Root mean squared error                  0.1666
Relative absolute error                 30.3581 %
Root relative squared error             33.3143 %
Total Number of Instances              912     


=== Detailed Accuracy By Class ===

                 TP Rate  FP Rate  Precision  Recall   F-Measure  MCC      ROC Area  PRC Area  Class
                 0.996    0.004    0.996      0.996    0.996      0.991    1.000     1.000     PD
                 0.996    0.004    0.996      0.996    0.996      0.991    1.000     1.000     SNP
Weighted Avg.    0.996    0.004    0.996      0.996    0.996      0.991    1.000     1.000     


=== Confusion Matrix ===

   a   b   <-- classified as
 454   2 |   a = PD
   2 454 |   b = SNP

Time taken to perform cross-validation: 14.01 seconds


=== Stratified cross-validation ===

Correctly Classified Instances         663               72.6974 %
Incorrectly Classified Instances       249               27.3026 %
Kappa statistic                          0.4539
Mean absolute error                      0.4168
Root mean squared error                  0.4409
Relative absolute error                 83.3632 %
Root relative squared error             88.172  %
Total Number of Instances              912     


=== Detailed Accuracy By Class ===

                 TP Rate  FP Rate  Precision  Recall   F-Measure  MCC      ROC Area  PRC Area  Class
                 0.623    0.169    0.787      0.623    0.695      0.464    0.803     0.805     PD
                 0.831    0.377    0.688      0.831    0.753      0.464    0.803     0.775     SNP
Weighted Avg.    0.727    0.273    0.737      0.727    0.724      0.464    0.803     0.790     


=== Confusion Matrix ===

   a   b   <-- classified as
 284 172 |   a = PD
  77 379 |   b = SNP

