
Options: -I 100 -attribute-importance 

=== Classifier model (full training set) ===

RandomForest

Bagging with 100 iterations and base learner

weka.classifiers.trees.RandomTree -K 0 -M 1.0 -V 0.001 -S 1 -do-not-check-capabilities

Attribute importance based on average impurity decrease (and number of nodes using that attribute)

      0.78 (   779)  Relaccess
      0.75 (   293)  SPhobic
      0.62 (   268)  CPhim
      0.55 (   131)  BCharge
      0.45 (   200)  Interface
      0.32 (    66)  Voids
      0.3  (  2313)  Clash
      0.22 (  1660)  Impact
      0.22 (   452)  Proline
      0.16 (   122)  Binding
      0.16 (   842)  HBonds
      0.13 (   290)  NLargest3
      0.12 (   227)  NLargest4
      0.12 (   121)  Glycine
      0.12 (   550)  MLargest9
      0.11 (   114)  NLargest6
      0.1  (   177)  NLargest9
      0.1  (   319)  NLargest10
      0.1  (   771)  MLargest6
      0.1  (   428)  NLargest1
      0.1  (   167)  NLargest5
      0.09 (   342)  NLargest2
      0.09 (   764)  MLargest7
      0.09 (   985)  MLargest5
      0.09 (  2143)  MLargest1
      0.09 (  1774)  MLargest10
      0.08 (  1194)  MLargest4
      0.08 (  1763)  MLargest2
      0.08 (   620)  MLargest8
      0.07 (  1393)  MLargest3
      0    (     0)  SSGeom
      0    (     0)  CisPro


Time taken to build model: 4.55 seconds

Time taken to test model on training data: 0.24 seconds

=== Error on training data ===

Correctly Classified Instances         904               99.1228 %
Incorrectly Classified Instances         8                0.8772 %
Kappa statistic                          0.9825
Mean absolute error                      0.151 
Root mean squared error                  0.1684
Relative absolute error                 30.206  %
Root relative squared error             33.6891 %
Total Number of Instances              912     


=== Detailed Accuracy By Class ===

                 TP Rate  FP Rate  Precision  Recall   F-Measure  MCC      ROC Area  PRC Area  Class
                 0.987    0.004    0.996      0.987    0.991      0.982    1.000     1.000     PD
                 0.996    0.013    0.987      0.996    0.991      0.982    1.000     1.000     SNP
Weighted Avg.    0.991    0.009    0.991      0.991    0.991      0.982    1.000     1.000     


=== Confusion Matrix ===

   a   b   <-- classified as
 450   6 |   a = PD
   2 454 |   b = SNP

Time taken to perform cross-validation: 24.36 seconds


=== Stratified cross-validation ===

Correctly Classified Instances         697               76.4254 %
Incorrectly Classified Instances       215               23.5746 %
Kappa statistic                          0.5285
Mean absolute error                      0.4106
Root mean squared error                  0.4336
Relative absolute error                 82.1229 %
Root relative squared error             86.7161 %
Total Number of Instances              912     


=== Detailed Accuracy By Class ===

                 TP Rate  FP Rate  Precision  Recall   F-Measure  MCC      ROC Area  PRC Area  Class
                 0.682    0.154    0.816      0.682    0.743      0.536    0.830     0.826     PD
                 0.846    0.318    0.727      0.846    0.782      0.536    0.830     0.802     SNP
Weighted Avg.    0.764    0.236    0.772      0.764    0.763      0.536    0.830     0.814     


=== Confusion Matrix ===

   a   b   <-- classified as
 311 145 |   a = PD
  70 386 |   b = SNP

