
Options: -I 1000 -attribute-importance 

=== Classifier model (full training set) ===

RandomForest

Bagging with 1000 iterations and base learner

weka.classifiers.trees.RandomTree -K 0 -M 1.0 -V 0.001 -S 1 -do-not-check-capabilities

Attribute importance based on average impurity decrease (and number of nodes using that attribute)

      0.8  (  6625)  Relaccess
      0.75 (  3059)  SPhobic
      0.72 (  3328)  CPhim
      0.52 (  1123)  BCharge
      0.41 (  1648)  Interface
      0.29 ( 21202)  Clash
      0.28 (  3974)  Proline
      0.22 (   493)  Voids
      0.18 ( 17450)  Impact
      0.16 (  7294)  HBonds
      0.16 (  1047)  Glycine
      0.15 (   929)  Binding
      0.12 (  2273)  NLargest4
      0.11 (  1744)  NLargest9
      0.1  (  1168)  NLargest6
      0.1  (  5292)  MLargest9
      0.1  (  1661)  NLargest5
      0.09 ( 12082)  MLargest4
      0.09 (  2671)  NLargest3
      0.09 (  3274)  NLargest2
      0.08 (  4011)  NLargest1
      0.08 (  8014)  MLargest6
      0.08 (  3041)  NLargest10
      0.08 (  9618)  MLargest5
      0.07 ( 16951)  MLargest2
      0.07 (  7819)  MLargest7
      0.07 (  6161)  MLargest8
      0.07 ( 14151)  MLargest3
      0.07 ( 18295)  MLargest10
      0.07 ( 21778)  MLargest1
      0    (     0)  SSGeom
      0    (     0)  CisPro


Time taken to build model: 24.57 seconds

Time taken to test model on training data: 1.02 seconds

=== Error on training data ===

Correctly Classified Instances         906               99.3421 %
Incorrectly Classified Instances         6                0.6579 %
Kappa statistic                          0.9868
Mean absolute error                      0.1542
Root mean squared error                  0.1665
Relative absolute error                 30.8451 %
Root relative squared error             33.2935 %
Total Number of Instances              912     


=== Detailed Accuracy By Class ===

                 TP Rate  FP Rate  Precision  Recall   F-Measure  MCC      ROC Area  PRC Area  Class
                 0.991    0.004    0.996      0.991    0.993      0.987    1.000     1.000     PD
                 0.996    0.009    0.991      0.996    0.993      0.987    1.000     1.000     SNP
Weighted Avg.    0.993    0.007    0.993      0.993    0.993      0.987    1.000     1.000     


=== Confusion Matrix ===

   a   b   <-- classified as
 452   4 |   a = PD
   2 454 |   b = SNP

Time taken to perform cross-validation: 99.96 seconds


=== Stratified cross-validation ===

Correctly Classified Instances         704               77.193  %
Incorrectly Classified Instances       208               22.807  %
Kappa statistic                          0.5439
Mean absolute error                      0.4046
Root mean squared error                  0.4272
Relative absolute error                 80.9256 %
Root relative squared error             85.4472 %
Total Number of Instances              912     


=== Detailed Accuracy By Class ===

                 TP Rate  FP Rate  Precision  Recall   F-Measure  MCC      ROC Area  PRC Area  Class
                 0.684    0.140    0.830      0.684    0.750      0.552    0.841     0.853     PD
                 0.860    0.316    0.731      0.860    0.790      0.552    0.841     0.798     SNP
Weighted Avg.    0.772    0.228    0.781      0.772    0.770      0.552    0.841     0.825     


=== Confusion Matrix ===

   a   b   <-- classified as
 312 144 |   a = PD
  64 392 |   b = SNP

