
Options: -I 50 -attribute-importance 

=== Classifier model (full training set) ===

RandomForest

Bagging with 50 iterations and base learner

weka.classifiers.trees.RandomTree -K 0 -M 1.0 -V 0.001 -S 1 -do-not-check-capabilities

Attribute importance based on average impurity decrease (and number of nodes using that attribute)

      0.81 (   355)  Relaccess
      0.75 (   142)  SPhobic
      0.73 (   194)  CPhim
      0.59 (    72)  BCharge
      0.55 (    93)  Proline
      0.41 (    84)  Interface
      0.4  (    10)  Voids
      0.39 (   887)  Clash
      0.24 (   687)  Impact
      0.22 (    66)  NLargest3
      0.2  (    22)  NLargest6
      0.2  (   244)  HBonds
      0.2  (    30)  NLargest5
      0.18 (    22)  NLargest9
      0.16 (    73)  Binding
      0.16 (   126)  MLargest9
      0.16 (    72)  NLargest2
      0.16 (   132)  MLargest8
      0.15 (   100)  NLargest1
      0.15 (   262)  MLargest6
      0.15 (    70)  NLargest10
      0.14 (    56)  NLargest4
      0.13 (   460)  MLargest3
      0.13 (   629)  MLargest10
      0.13 (   203)  MLargest7
      0.12 (   376)  MLargest4
      0.12 (   300)  MLargest5
      0.11 (   568)  MLargest2
      0.11 (   681)  MLargest1
      0.1  (    74)  Glycine
      0    (     0)  SSGeom
      0    (     0)  CisPro


Time taken to build model: 3.96 seconds

Time taken to test model on training data: 0.09 seconds

=== Error on training data ===

Correctly Classified Instances         908               99.5614 %
Incorrectly Classified Instances         4                0.4386 %
Kappa statistic                          0.9912
Mean absolute error                      0.1477
Root mean squared error                  0.1642
Relative absolute error                 29.5387 %
Root relative squared error             32.8417 %
Total Number of Instances              912     


=== Detailed Accuracy By Class ===

                 TP Rate  FP Rate  Precision  Recall   F-Measure  MCC      ROC Area  PRC Area  Class
                 0.998    0.007    0.993      0.998    0.996      0.991    1.000     1.000     PD
                 0.993    0.002    0.998      0.993    0.996      0.991    1.000     1.000     SNP
Weighted Avg.    0.996    0.004    0.996      0.996    0.996      0.991    1.000     1.000     


=== Confusion Matrix ===

   a   b   <-- classified as
 455   1 |   a = PD
   3 453 |   b = SNP

Time taken to perform cross-validation: 9.13 seconds


=== Stratified cross-validation ===

Correctly Classified Instances         692               75.8772 %
Incorrectly Classified Instances       220               24.1228 %
Kappa statistic                          0.5175
Mean absolute error                      0.4059
Root mean squared error                  0.4312
Relative absolute error                 81.1863 %
Root relative squared error             86.2424 %
Total Number of Instances              912     


=== Detailed Accuracy By Class ===

                 TP Rate  FP Rate  Precision  Recall   F-Measure  MCC      ROC Area  PRC Area  Class
                 0.678    0.160    0.809      0.678    0.737      0.524    0.828     0.825     PD
                 0.840    0.322    0.723      0.840    0.777      0.524    0.828     0.806     SNP
Weighted Avg.    0.759    0.241    0.766      0.759    0.757      0.524    0.828     0.816     


=== Confusion Matrix ===

   a   b   <-- classified as
 309 147 |   a = PD
  73 383 |   b = SNP

