
Options: -I 500 -attribute-importance 

=== Classifier model (full training set) ===

RandomForest

Bagging with 500 iterations and base learner

weka.classifiers.trees.RandomTree -K 0 -M 1.0 -V 0.001 -S 1 -do-not-check-capabilities

Attribute importance based on average impurity decrease (and number of nodes using that attribute)

      0.81 (  3100)  Relaccess
      0.78 (  1510)  SPhobic
      0.76 (  1866)  CPhim
      0.61 (   963)  Proline
      0.58 (   747)  BCharge
      0.42 (   792)  Interface
      0.39 (  8566)  Clash
      0.31 (   162)  Voids
      0.24 (   252)  NLargest9
      0.23 (  6580)  Impact
      0.22 (   299)  NLargest5
      0.21 (   216)  NLargest6
      0.18 (  1346)  MLargest9
      0.18 (   549)  NLargest3
      0.17 (  2258)  HBonds
      0.17 (   466)  NLargest4
      0.16 (   687)  NLargest2
      0.15 (   743)  NLargest10
      0.15 (  1075)  NLargest1
      0.13 (   764)  Binding
      0.13 (  1973)  MLargest7
      0.13 (   666)  Glycine
      0.13 (  2508)  MLargest6
      0.12 (  3020)  MLargest5
      0.12 (  3760)  MLargest4
      0.12 (  5345)  MLargest2
      0.12 (  1496)  MLargest8
      0.12 (  4392)  MLargest3
      0.11 (  6180)  MLargest10
      0.1  (  7308)  MLargest1
      0    (     0)  SSGeom
      0    (     0)  CisPro


Time taken to build model: 12.6 seconds

Time taken to test model on training data: 0.44 seconds

=== Error on training data ===

Correctly Classified Instances         908               99.5614 %
Incorrectly Classified Instances         4                0.4386 %
Kappa statistic                          0.9912
Mean absolute error                      0.1524
Root mean squared error                  0.1643
Relative absolute error                 30.4887 %
Root relative squared error             32.859  %
Total Number of Instances              912     


=== Detailed Accuracy By Class ===

                 TP Rate  FP Rate  Precision  Recall   F-Measure  MCC      ROC Area  PRC Area  Class
                 0.996    0.004    0.996      0.996    0.996      0.991    1.000     1.000     PD
                 0.996    0.004    0.996      0.996    0.996      0.991    1.000     1.000     SNP
Weighted Avg.    0.996    0.004    0.996      0.996    0.996      0.991    1.000     1.000     


=== Confusion Matrix ===

   a   b   <-- classified as
 454   2 |   a = PD
   2 454 |   b = SNP

Time taken to perform cross-validation: 68.77 seconds


=== Stratified cross-validation ===

Correctly Classified Instances         699               76.6447 %
Incorrectly Classified Instances       213               23.3553 %
Kappa statistic                          0.5329
Mean absolute error                      0.4032
Root mean squared error                  0.428 
Relative absolute error                 80.639  %
Root relative squared error             85.5993 %
Total Number of Instances              912     


=== Detailed Accuracy By Class ===

                 TP Rate  FP Rate  Precision  Recall   F-Measure  MCC      ROC Area  PRC Area  Class
                 0.678    0.145    0.824      0.678    0.744      0.542    0.837     0.834     PD
                 0.855    0.322    0.726      0.855    0.785      0.542    0.837     0.815     SNP
Weighted Avg.    0.766    0.234    0.775      0.766    0.765      0.542    0.837     0.825     


=== Confusion Matrix ===

   a   b   <-- classified as
 309 147 |   a = PD
  66 390 |   b = SNP

