
Options: -I 500 -attribute-importance 

=== Classifier model (full training set) ===

RandomForest

Bagging with 500 iterations and base learner

weka.classifiers.trees.RandomTree -K 0 -M 1.0 -V 0.001 -S 1 -do-not-check-capabilities

Attribute importance based on average impurity decrease (and number of nodes using that attribute)

      0.79 (  3300)  Relaccess
      0.76 (  2279)  SPhobic
      0.65 (  1475)  CPhim
      0.61 (  1092)  BCharge
      0.42 (   839)  Interface
      0.39 (  1706)  Proline
      0.33 ( 11061)  Clash
      0.23 (   296)  Voids
      0.21 (  7541)  Impact
      0.2  (  3453)  HBonds
      0.18 (   688)  Binding
      0.15 (  2212)  MLargest9
      0.13 (   463)  Glycine
      0.13 (   710)  NLargest9
      0.1  (  3112)  MLargest7
      0.1  (  1186)  NLargest10
      0.1  (  1156)  NLargest4
      0.1  (  7357)  MLargest10
      0.09 (  1540)  NLargest1
      0.09 (  3786)  MLargest6
      0.09 (   683)  NLargest6
      0.09 (  4745)  MLargest5
      0.09 (  8614)  MLargest1
      0.09 (  2452)  MLargest8
      0.08 (  5765)  MLargest4
      0.08 (  8281)  MLargest2
      0.08 (   895)  NLargest5
      0.08 (  6903)  MLargest3
      0.08 (  1541)  NLargest3
      0.07 (  1909)  NLargest2
      0    (     0)  CisPro
      0    (     0)  SSGeom


Time taken to build model: 16.39 seconds

Time taken to test model on training data: 0.54 seconds

=== Error on training data ===

Correctly Classified Instances         905               99.2325 %
Incorrectly Classified Instances         7                0.7675 %
Kappa statistic                          0.9846
Mean absolute error                      0.1544
Root mean squared error                  0.1682
Relative absolute error                 30.8739 %
Root relative squared error             33.647  %
Total Number of Instances              912     


=== Detailed Accuracy By Class ===

                 TP Rate  FP Rate  Precision  Recall   F-Measure  MCC      ROC Area  PRC Area  Class
                 0.989    0.004    0.996      0.989    0.992      0.985    1.000     1.000     PD
                 0.996    0.011    0.989      0.996    0.992      0.985    1.000     1.000     SNP
Weighted Avg.    0.992    0.008    0.992      0.992    0.992      0.985    1.000     1.000     


=== Confusion Matrix ===

   a   b   <-- classified as
 451   5 |   a = PD
   2 454 |   b = SNP

Time taken to perform cross-validation: 71.11 seconds


=== Stratified cross-validation ===

Correctly Classified Instances         676               74.1228 %
Incorrectly Classified Instances       236               25.8772 %
Kappa statistic                          0.4825
Mean absolute error                      0.4072
Root mean squared error                  0.4314
Relative absolute error                 81.4471 %
Root relative squared error             86.2828 %
Total Number of Instances              912     


=== Detailed Accuracy By Class ===

                 TP Rate  FP Rate  Precision  Recall   F-Measure  MCC      ROC Area  PRC Area  Class
                 0.654    0.171    0.793      0.654    0.716      0.490    0.828     0.822     PD
                 0.829    0.346    0.705      0.829    0.762      0.490    0.828     0.805     SNP
Weighted Avg.    0.741    0.259    0.749      0.741    0.739      0.490    0.828     0.814     


=== Confusion Matrix ===

   a   b   <-- classified as
 298 158 |   a = PD
  78 378 |   b = SNP

