
Options: -I 50 -attribute-importance 

=== Classifier model (full training set) ===

RandomForest

Bagging with 50 iterations and base learner

weka.classifiers.trees.RandomTree -K 0 -M 1.0 -V 0.001 -S 1 -do-not-check-capabilities

Attribute importance based on average impurity decrease (and number of nodes using that attribute)

      0.79 (   351)  Relaccess
      0.73 (   152)  SPhobic
      0.68 (   158)  CPhim
      0.54 (    56)  BCharge
      0.42 (    91)  Interface
      0.33 (   968)  Clash
      0.29 (   202)  Proline
      0.2  (   845)  Impact
      0.19 (    56)  Glycine
      0.18 (   323)  HBonds
      0.17 (    22)  Voids
      0.12 (    40)  Binding
      0.12 (   254)  MLargest9
      0.11 (   128)  NLargest3
      0.11 (   134)  NLargest4
      0.11 (    78)  NLargest5
      0.1  (    52)  NLargest6
      0.1  (   599)  MLargest4
      0.09 (    77)  NLargest9
      0.09 (   161)  NLargest2
      0.09 (   376)  MLargest6
      0.08 (   357)  MLargest7
      0.08 (   196)  NLargest1
      0.08 (   121)  NLargest10
      0.08 (   319)  MLargest8
      0.08 (   479)  MLargest5
      0.08 (   889)  MLargest2
      0.07 (  1063)  MLargest1
      0.07 (   922)  MLargest10
      0.07 (   711)  MLargest3
      0    (     0)  CisPro
      0    (     0)  SSGeom


Time taken to build model: 2.79 seconds

Time taken to test model on training data: 0.11 seconds

=== Error on training data ===

Correctly Classified Instances         906               99.3421 %
Incorrectly Classified Instances         6                0.6579 %
Kappa statistic                          0.9868
Mean absolute error                      0.1537
Root mean squared error                  0.1698
Relative absolute error                 30.7318 %
Root relative squared error             33.9506 %
Total Number of Instances              912     


=== Detailed Accuracy By Class ===

                 TP Rate  FP Rate  Precision  Recall   F-Measure  MCC      ROC Area  PRC Area  Class
                 0.989    0.002    0.998      0.989    0.993      0.987    1.000     1.000     PD
                 0.998    0.011    0.989      0.998    0.993      0.987    1.000     1.000     SNP
Weighted Avg.    0.993    0.007    0.993      0.993    0.993      0.987    1.000     1.000     


=== Confusion Matrix ===

   a   b   <-- classified as
 451   5 |   a = PD
   1 455 |   b = SNP

Time taken to perform cross-validation: 8.77 seconds


=== Stratified cross-validation ===

Correctly Classified Instances         701               76.864  %
Incorrectly Classified Instances       211               23.136  %
Kappa statistic                          0.5373
Mean absolute error                      0.404 
Root mean squared error                  0.4287
Relative absolute error                 80.7964 %
Root relative squared error             85.7487 %
Total Number of Instances              912     


=== Detailed Accuracy By Class ===

                 TP Rate  FP Rate  Precision  Recall   F-Measure  MCC      ROC Area  PRC Area  Class
                 0.680    0.143    0.827      0.680    0.746      0.546    0.833     0.850     PD
                 0.857    0.320    0.728      0.857    0.788      0.546    0.833     0.785     SNP
Weighted Avg.    0.769    0.231    0.777      0.769    0.767      0.546    0.833     0.818     


=== Confusion Matrix ===

   a   b   <-- classified as
 310 146 |   a = PD
  65 391 |   b = SNP

