
Options: -I 100 -attribute-importance 

=== Classifier model (full training set) ===

RandomForest

Bagging with 100 iterations and base learner

weka.classifiers.trees.RandomTree -K 0 -M 1.0 -V 0.001 -S 1 -do-not-check-capabilities

Attribute importance based on average impurity decrease (and number of nodes using that attribute)

      0.82 (   647)  Relaccess
      0.75 (   344)  SPhobic
      0.72 (   322)  CPhim
      0.66 (   182)  BCharge
      0.46 (   187)  Interface
      0.43 (   360)  Proline
      0.32 (  2028)  Clash
      0.27 (    44)  Voids
      0.22 (   109)  Binding
      0.22 (    94)  Glycine
      0.2  (   571)  HBonds
      0.2  (  1469)  Impact
      0.16 (   130)  NLargest5
      0.14 (   153)  NLargest4
      0.11 (    89)  NLargest6
      0.11 (   187)  NLargest3
      0.1  (   594)  MLargest6
      0.1  (   516)  MLargest9
      0.1  (   729)  MLargest5
      0.09 (   157)  NLargest9
      0.09 (  1722)  MLargest10
      0.09 (  1313)  MLargest2
      0.09 (   412)  NLargest1
      0.09 (   932)  MLargest4
      0.09 (   325)  NLargest10
      0.09 (  1089)  MLargest3
      0.09 (   245)  NLargest2
      0.08 (   618)  MLargest8
      0.08 (   753)  MLargest7
      0.08 (  1917)  MLargest1
      0    (     0)  CisPro
      0    (     0)  SSGeom


Time taken to build model: 4.53 seconds

Time taken to test model on training data: 0.18 seconds

=== Error on training data ===

Correctly Classified Instances         907               99.4518 %
Incorrectly Classified Instances         5                0.5482 %
Kappa statistic                          0.989 
Mean absolute error                      0.1554
Root mean squared error                  0.1688
Relative absolute error                 31.0827 %
Root relative squared error             33.7599 %
Total Number of Instances              912     


=== Detailed Accuracy By Class ===

                 TP Rate  FP Rate  Precision  Recall   F-Measure  MCC      ROC Area  PRC Area  Class
                 0.991    0.002    0.998      0.991    0.994      0.989    1.000     1.000     PD
                 0.998    0.009    0.991      0.998    0.995      0.989    1.000     1.000     SNP
Weighted Avg.    0.995    0.005    0.995      0.995    0.995      0.989    1.000     1.000     


=== Confusion Matrix ===

   a   b   <-- classified as
 452   4 |   a = PD
   1 455 |   b = SNP

Time taken to perform cross-validation: 13.88 seconds


=== Stratified cross-validation ===

Correctly Classified Instances         694               76.0965 %
Incorrectly Classified Instances       218               23.9035 %
Kappa statistic                          0.5219
Mean absolute error                      0.404 
Root mean squared error                  0.4274
Relative absolute error                 80.8056 %
Root relative squared error             85.4754 %
Total Number of Instances              912     


=== Detailed Accuracy By Class ===

                 TP Rate  FP Rate  Precision  Recall   F-Measure  MCC      ROC Area  PRC Area  Class
                 0.651    0.129    0.834      0.651    0.732      0.535    0.839     0.850     PD
                 0.871    0.349    0.714      0.871    0.785      0.535    0.839     0.803     SNP
Weighted Avg.    0.761    0.239    0.774      0.761    0.758      0.535    0.839     0.827     


=== Confusion Matrix ===

   a   b   <-- classified as
 297 159 |   a = PD
  59 397 |   b = SNP

