
Options: -I 50 -attribute-importance 

=== Classifier model (full training set) ===

RandomForest

Bagging with 50 iterations and base learner

weka.classifiers.trees.RandomTree -K 0 -M 1.0 -V 0.001 -S 1 -do-not-check-capabilities

Attribute importance based on average impurity decrease (and number of nodes using that attribute)

      0.78 (   318)  Relaccess
      0.77 (   182)  SPhobic
      0.72 (   171)  CPhim
      0.63 (   108)  BCharge
      0.56 (   111)  Proline
      0.45 (    14)  Voids
      0.44 (   857)  Clash
      0.44 (   102)  Interface
      0.29 (   249)  HBonds
      0.27 (    48)  NLargest4
      0.24 (   609)  Impact
      0.23 (   145)  MLargest9
      0.22 (    71)  Glycine
      0.22 (    21)  NLargest9
      0.2  (    33)  NLargest5
      0.19 (    49)  NLargest3
      0.15 (    90)  NLargest1
      0.15 (    61)  Binding
      0.14 (   396)  MLargest4
      0.14 (    76)  NLargest10
      0.14 (    18)  NLargest6
      0.14 (   177)  MLargest8
      0.13 (   247)  MLargest6
      0.13 (   334)  MLargest5
      0.12 (   180)  MLargest7
      0.12 (    73)  NLargest2
      0.12 (   658)  MLargest10
      0.11 (   567)  MLargest2
      0.11 (   780)  MLargest1
      0.11 (   436)  MLargest3
      0    (     0)  SSGeom
      0    (     0)  CisPro


Time taken to build model: 4 seconds

Time taken to test model on training data: 0.09 seconds

=== Error on training data ===

Correctly Classified Instances         906               99.3421 %
Incorrectly Classified Instances         6                0.6579 %
Kappa statistic                          0.9868
Mean absolute error                      0.1547
Root mean squared error                  0.1715
Relative absolute error                 30.941  %
Root relative squared error             34.3093 %
Total Number of Instances              912     


=== Detailed Accuracy By Class ===

                 TP Rate  FP Rate  Precision  Recall   F-Measure  MCC      ROC Area  PRC Area  Class
                 0.993    0.007    0.993      0.993    0.993      0.987    1.000     1.000     PD
                 0.993    0.007    0.993      0.993    0.993      0.987    1.000     1.000     SNP
Weighted Avg.    0.993    0.007    0.993      0.993    0.993      0.987    1.000     1.000     


=== Confusion Matrix ===

   a   b   <-- classified as
 453   3 |   a = PD
   3 453 |   b = SNP

Time taken to perform cross-validation: 10.1 seconds


=== Stratified cross-validation ===

Correctly Classified Instances         666               73.0263 %
Incorrectly Classified Instances       246               26.9737 %
Kappa statistic                          0.4605
Mean absolute error                      0.4141
Root mean squared error                  0.4394
Relative absolute error                 82.8097 %
Root relative squared error             87.8849 %
Total Number of Instances              912     


=== Detailed Accuracy By Class ===

                 TP Rate  FP Rate  Precision  Recall   F-Measure  MCC      ROC Area  PRC Area  Class
                 0.636    0.175    0.784      0.636    0.702      0.469    0.808     0.799     PD
                 0.825    0.364    0.694      0.825    0.754      0.469    0.808     0.785     SNP
Weighted Avg.    0.730    0.270    0.739      0.730    0.728      0.469    0.808     0.792     


=== Confusion Matrix ===

   a   b   <-- classified as
 290 166 |   a = PD
  80 376 |   b = SNP

