
Options: -I 1000 -attribute-importance 

=== Classifier model (full training set) ===

RandomForest

Bagging with 1000 iterations and base learner

weka.classifiers.trees.RandomTree -K 0 -M 1.0 -V 0.001 -S 1 -do-not-check-capabilities

Attribute importance based on average impurity decrease (and number of nodes using that attribute)

      0.8  (  6515)  Relaccess
      0.75 (  3218)  SPhobic
      0.73 (  3121)  CPhim
      0.68 (  1662)  BCharge
      0.47 (  1851)  Interface
      0.39 (  3720)  Proline
      0.32 ( 21123)  Clash
      0.29 (   490)  Voids
      0.21 (  1010)  Glycine
      0.2  (  6144)  HBonds
      0.2  ( 15299)  Impact
      0.19 (  1074)  Binding
      0.14 (  1638)  NLargest4
      0.12 (  1165)  NLargest5
      0.11 (  5679)  MLargest9
      0.11 (   941)  NLargest6
      0.11 (  1875)  NLargest3
      0.1  (  6488)  MLargest6
      0.1  (  1855)  NLargest9
      0.1  (  7731)  MLargest5
      0.1  (  2470)  NLargest2
      0.09 (  9654)  MLargest4
      0.09 ( 17614)  MLargest10
      0.09 ( 13684)  MLargest2
      0.09 (  4363)  NLargest1
      0.09 ( 11446)  MLargest3
      0.08 (  3254)  NLargest10
      0.08 (  7968)  MLargest7
      0.08 ( 20515)  MLargest1
      0.08 (  6263)  MLargest8
      0    (     0)  CisPro
      0    (     0)  SSGeom


Time taken to build model: 23.2 seconds

Time taken to test model on training data: 0.99 seconds

=== Error on training data ===

Correctly Classified Instances         907               99.4518 %
Incorrectly Classified Instances         5                0.5482 %
Kappa statistic                          0.989 
Mean absolute error                      0.1531
Root mean squared error                  0.165 
Relative absolute error                 30.6207 %
Root relative squared error             33.0008 %
Total Number of Instances              912     


=== Detailed Accuracy By Class ===

                 TP Rate  FP Rate  Precision  Recall   F-Measure  MCC      ROC Area  PRC Area  Class
                 0.991    0.002    0.998      0.991    0.994      0.989    1.000     1.000     PD
                 0.998    0.009    0.991      0.998    0.995      0.989    1.000     1.000     SNP
Weighted Avg.    0.995    0.005    0.995      0.995    0.995      0.989    1.000     1.000     


=== Confusion Matrix ===

   a   b   <-- classified as
 452   4 |   a = PD
   1 455 |   b = SNP

Time taken to perform cross-validation: 92.6 seconds


=== Stratified cross-validation ===

Correctly Classified Instances         693               75.9868 %
Incorrectly Classified Instances       219               24.0132 %
Kappa statistic                          0.5197
Mean absolute error                      0.4041
Root mean squared error                  0.4266
Relative absolute error                 80.8092 %
Root relative squared error             85.3268 %
Total Number of Instances              912     


=== Detailed Accuracy By Class ===

                 TP Rate  FP Rate  Precision  Recall   F-Measure  MCC      ROC Area  PRC Area  Class
                 0.654    0.134    0.830      0.654    0.731      0.532    0.845     0.851     PD
                 0.866    0.346    0.714      0.866    0.783      0.532    0.845     0.814     SNP
Weighted Avg.    0.760    0.240    0.772      0.760    0.757      0.532    0.845     0.833     


=== Confusion Matrix ===

   a   b   <-- classified as
 298 158 |   a = PD
  61 395 |   b = SNP

