
Options: -I 1000 -attribute-importance 

=== Classifier model (full training set) ===

RandomForest

Bagging with 1000 iterations and base learner

weka.classifiers.trees.RandomTree -K 0 -M 1.0 -V 0.001 -S 1 -do-not-check-capabilities

Attribute importance based on average impurity decrease (and number of nodes using that attribute)

      0.8  (  6562)  Relaccess
      0.8  (  4315)  SPhobic
      0.66 (  2900)  CPhim
      0.58 (  1724)  BCharge
      0.44 (  1854)  Interface
      0.37 (  3279)  Proline
      0.33 (   484)  Voids
      0.32 ( 21522)  Clash
      0.23 (  6943)  HBonds
      0.21 ( 14720)  Impact
      0.15 (  1228)  Binding
      0.14 (  1081)  Glycine
      0.13 (  4273)  MLargest9
      0.13 (  1296)  NLargest9
      0.11 (  3059)  NLargest1
      0.1  (  2390)  NLargest10
      0.09 ( 14752)  MLargest10
      0.09 (  6067)  MLargest7
      0.09 ( 17372)  MLargest1
      0.09 (  2391)  NLargest4
      0.09 (  9423)  MLargest5
      0.09 ( 11625)  MLargest4
      0.09 (  4634)  MLargest8
      0.09 (  7700)  MLargest6
      0.09 (  1797)  NLargest5
      0.08 (  1388)  NLargest6
      0.08 (  2953)  NLargest3
      0.08 ( 13735)  MLargest3
      0.08 ( 16436)  MLargest2
      0.08 (  3862)  NLargest2
      0    (     0)  CisPro
      0    (     0)  SSGeom


Time taken to build model: 28.38 seconds

Time taken to test model on training data: 0.9 seconds

=== Error on training data ===

Correctly Classified Instances         906               99.3421 %
Incorrectly Classified Instances         6                0.6579 %
Kappa statistic                          0.9868
Mean absolute error                      0.1561
Root mean squared error                  0.1686
Relative absolute error                 31.2256 %
Root relative squared error             33.7249 %
Total Number of Instances              912     


=== Detailed Accuracy By Class ===

                 TP Rate  FP Rate  Precision  Recall   F-Measure  MCC      ROC Area  PRC Area  Class
                 0.991    0.004    0.996      0.991    0.993      0.987    1.000     1.000     PD
                 0.996    0.009    0.991      0.996    0.993      0.987    1.000     1.000     SNP
Weighted Avg.    0.993    0.007    0.993      0.993    0.993      0.987    1.000     1.000     


=== Confusion Matrix ===

   a   b   <-- classified as
 452   4 |   a = PD
   2 454 |   b = SNP

Time taken to perform cross-validation: 95.01 seconds


=== Stratified cross-validation ===

Correctly Classified Instances         678               74.3421 %
Incorrectly Classified Instances       234               25.6579 %
Kappa statistic                          0.4868
Mean absolute error                      0.4103
Root mean squared error                  0.4329
Relative absolute error                 82.066  %
Root relative squared error             86.5851 %
Total Number of Instances              912     


=== Detailed Accuracy By Class ===

                 TP Rate  FP Rate  Precision  Recall   F-Measure  MCC      ROC Area  PRC Area  Class
                 0.643    0.156    0.805      0.643    0.715      0.497    0.825     0.836     PD
                 0.844    0.357    0.703      0.844    0.767      0.497    0.825     0.795     SNP
Weighted Avg.    0.743    0.257    0.754      0.743    0.741      0.497    0.825     0.816     


=== Confusion Matrix ===

   a   b   <-- classified as
 293 163 |   a = PD
  71 385 |   b = SNP

