
Options: -I 500 -attribute-importance 

=== Classifier model (full training set) ===

RandomForest

Bagging with 500 iterations and base learner

weka.classifiers.trees.RandomTree -K 0 -M 1.0 -V 0.001 -S 1 -do-not-check-capabilities

Attribute importance based on average impurity decrease (and number of nodes using that attribute)

      0.8  (  3333)  Relaccess
      0.8  (  2176)  SPhobic
      0.66 (  1431)  CPhim
      0.58 (   878)  BCharge
      0.43 (   954)  Interface
      0.38 (  1661)  Proline
      0.32 ( 10873)  Clash
      0.31 (   256)  Voids
      0.22 (  3609)  HBonds
      0.22 (  7423)  Impact
      0.15 (   611)  Binding
      0.14 (   513)  Glycine
      0.13 (   651)  NLargest9
      0.13 (  2216)  MLargest9
      0.11 (  1545)  NLargest1
      0.1  (  1183)  NLargest10
      0.1  (  7492)  MLargest10
      0.09 (  3059)  MLargest7
      0.09 (  8651)  MLargest1
      0.09 (  5804)  MLargest4
      0.09 (  4725)  MLargest5
      0.09 (  3816)  MLargest6
      0.09 (  2405)  MLargest8
      0.09 (  1226)  NLargest4
      0.08 (  1495)  NLargest3
      0.08 (   905)  NLargest5
      0.08 (  8314)  MLargest2
      0.08 (   675)  NLargest6
      0.08 (  6880)  MLargest3
      0.08 (  1949)  NLargest2
      0    (     0)  CisPro
      0    (     0)  SSGeom


Time taken to build model: 14.6 seconds

Time taken to test model on training data: 0.55 seconds

=== Error on training data ===

Correctly Classified Instances         906               99.3421 %
Incorrectly Classified Instances         6                0.6579 %
Kappa statistic                          0.9868
Mean absolute error                      0.156 
Root mean squared error                  0.1689
Relative absolute error                 31.197  %
Root relative squared error             33.7718 %
Total Number of Instances              912     


=== Detailed Accuracy By Class ===

                 TP Rate  FP Rate  Precision  Recall   F-Measure  MCC      ROC Area  PRC Area  Class
                 0.993    0.007    0.993      0.993    0.993      0.987    1.000     1.000     PD
                 0.993    0.007    0.993      0.993    0.993      0.987    1.000     1.000     SNP
Weighted Avg.    0.993    0.007    0.993      0.993    0.993      0.987    1.000     1.000     


=== Confusion Matrix ===

   a   b   <-- classified as
 453   3 |   a = PD
   3 453 |   b = SNP

Time taken to perform cross-validation: 71.12 seconds


=== Stratified cross-validation ===

Correctly Classified Instances         690               75.6579 %
Incorrectly Classified Instances       222               24.3421 %
Kappa statistic                          0.5132
Mean absolute error                      0.4092
Root mean squared error                  0.4322
Relative absolute error                 81.8417 %
Root relative squared error             86.4303 %
Total Number of Instances              912     


=== Detailed Accuracy By Class ===

                 TP Rate  FP Rate  Precision  Recall   F-Measure  MCC      ROC Area  PRC Area  Class
                 0.658    0.145    0.820      0.658    0.730      0.523    0.825     0.839     PD
                 0.855    0.342    0.714      0.855    0.778      0.523    0.825     0.794     SNP
Weighted Avg.    0.757    0.243    0.767      0.757    0.754      0.523    0.825     0.817     


=== Confusion Matrix ===

   a   b   <-- classified as
 300 156 |   a = PD
  66 390 |   b = SNP

