
Options: -I 100 -attribute-importance 

=== Classifier model (full training set) ===

RandomForest

Bagging with 100 iterations and base learner

weka.classifiers.trees.RandomTree -K 0 -M 1.0 -V 0.001 -S 1 -do-not-check-capabilities

Attribute importance based on average impurity decrease (and number of nodes using that attribute)

      0.79 (   678)  Relaccess
      0.78 (   370)  SPhobic
      0.72 (   355)  CPhim
      0.6  (   190)  BCharge
      0.54 (   203)  Proline
      0.44 (   192)  Interface
      0.41 (  1758)  Clash
      0.4  (    32)  Voids
      0.25 (  1244)  Impact
      0.25 (   577)  HBonds
      0.25 (    48)  NLargest9
      0.24 (    99)  NLargest4
      0.23 (    64)  NLargest5
      0.2  (   276)  MLargest9
      0.2  (   137)  Glycine
      0.17 (    45)  NLargest6
      0.16 (    96)  NLargest3
      0.15 (   190)  NLargest1
      0.14 (   728)  MLargest4
      0.14 (   130)  Binding
      0.13 (   377)  MLargest7
      0.13 (   320)  MLargest8
      0.13 (   143)  NLargest2
      0.12 (   612)  MLargest5
      0.12 (   501)  MLargest6
      0.12 (   156)  NLargest10
      0.11 (   862)  MLargest3
      0.11 (  1085)  MLargest2
      0.11 (  1280)  MLargest10
      0.11 (  1429)  MLargest1
      0    (     0)  CisPro
      0    (     0)  SSGeom


Time taken to build model: 4.59 seconds

Time taken to test model on training data: 0.16 seconds

=== Error on training data ===

Correctly Classified Instances         906               99.3421 %
Incorrectly Classified Instances         6                0.6579 %
Kappa statistic                          0.9868
Mean absolute error                      0.1553
Root mean squared error                  0.1697
Relative absolute error                 31.0681 %
Root relative squared error             33.943  %
Total Number of Instances              912     


=== Detailed Accuracy By Class ===

                 TP Rate  FP Rate  Precision  Recall   F-Measure  MCC      ROC Area  PRC Area  Class
                 0.996    0.009    0.991      0.996    0.993      0.987    1.000     1.000     PD
                 0.991    0.004    0.996      0.991    0.993      0.987    1.000     1.000     SNP
Weighted Avg.    0.993    0.007    0.993      0.993    0.993      0.987    1.000     1.000     


=== Confusion Matrix ===

   a   b   <-- classified as
 454   2 |   a = PD
   4 452 |   b = SNP

Time taken to perform cross-validation: 13.84 seconds


=== Stratified cross-validation ===

Correctly Classified Instances         664               72.807  %
Incorrectly Classified Instances       248               27.193  %
Kappa statistic                          0.4561
Mean absolute error                      0.4142
Root mean squared error                  0.4385
Relative absolute error                 82.8465 %
Root relative squared error             87.7048 %
Total Number of Instances              912     


=== Detailed Accuracy By Class ===

                 TP Rate  FP Rate  Precision  Recall   F-Measure  MCC      ROC Area  PRC Area  Class
                 0.612    0.156    0.797      0.612    0.692      0.469    0.814     0.802     PD
                 0.844    0.388    0.685      0.844    0.756      0.469    0.814     0.793     SNP
Weighted Avg.    0.728    0.272    0.741      0.728    0.724      0.469    0.814     0.797     


=== Confusion Matrix ===

   a   b   <-- classified as
 279 177 |   a = PD
  71 385 |   b = SNP

