
Options: -I 50 -attribute-importance 

=== Classifier model (full training set) ===

RandomForest

Bagging with 50 iterations and base learner

weka.classifiers.trees.RandomTree -K 0 -M 1.0 -V 0.001 -S 1 -do-not-check-capabilities

Attribute importance based on average impurity decrease (and number of nodes using that attribute)

      0.78 (   367)  Relaccess
      0.75 (   217)  SPhobic
      0.66 (   155)  CPhim
      0.59 (    98)  BCharge
      0.46 (    92)  Interface
      0.46 (   166)  Proline
      0.33 (  1136)  Clash
      0.25 (    38)  Voids
      0.23 (   768)  Impact
      0.19 (   359)  HBonds
      0.16 (    72)  Binding
      0.15 (    70)  NLargest9
      0.14 (   192)  MLargest9
      0.12 (    42)  Glycine
      0.12 (   125)  NLargest10
      0.11 (   110)  NLargest4
      0.11 (   754)  MLargest10
      0.11 (   149)  NLargest1
      0.11 (   310)  MLargest7
      0.1  (    63)  NLargest6
      0.09 (   827)  MLargest1
      0.09 (    94)  NLargest5
      0.09 (   219)  MLargest8
      0.09 (   882)  MLargest2
      0.08 (   619)  MLargest4
      0.08 (   693)  MLargest3
      0.08 (   374)  MLargest6
      0.08 (   205)  NLargest2
      0.07 (   490)  MLargest5
      0.06 (   172)  NLargest3
      0    (     0)  CisPro
      0    (     0)  SSGeom


Time taken to build model: 3.4 seconds

Time taken to test model on training data: 0.16 seconds

=== Error on training data ===

Correctly Classified Instances         905               99.2325 %
Incorrectly Classified Instances         7                0.7675 %
Kappa statistic                          0.9846
Mean absolute error                      0.1519
Root mean squared error                  0.171 
Relative absolute error                 30.383  %
Root relative squared error             34.2025 %
Total Number of Instances              912     


=== Detailed Accuracy By Class ===

                 TP Rate  FP Rate  Precision  Recall   F-Measure  MCC      ROC Area  PRC Area  Class
                 0.985    0.000    1.000      0.985    0.992      0.985    1.000     1.000     PD
                 1.000    0.015    0.985      1.000    0.992      0.985    1.000     1.000     SNP
Weighted Avg.    0.992    0.008    0.992      0.992    0.992      0.985    1.000     1.000     


=== Confusion Matrix ===

   a   b   <-- classified as
 449   7 |   a = PD
   0 456 |   b = SNP

Time taken to perform cross-validation: 12.4 seconds


=== Stratified cross-validation ===

Correctly Classified Instances         667               73.136  %
Incorrectly Classified Instances       245               26.864  %
Kappa statistic                          0.4627
Mean absolute error                      0.4101
Root mean squared error                  0.4355
Relative absolute error                 82.01   %
Root relative squared error             87.1007 %
Total Number of Instances              912     


=== Detailed Accuracy By Class ===

                 TP Rate  FP Rate  Precision  Recall   F-Measure  MCC      ROC Area  PRC Area  Class
                 0.645    0.182    0.780      0.645    0.706      0.470    0.814     0.803     PD
                 0.818    0.355    0.697      0.818    0.753      0.470    0.814     0.791     SNP
Weighted Avg.    0.731    0.269    0.739      0.731    0.729      0.470    0.814     0.797     


=== Confusion Matrix ===

   a   b   <-- classified as
 294 162 |   a = PD
  83 373 |   b = SNP

