
Options: -I 50 -attribute-importance 

=== Classifier model (full training set) ===

RandomForest

Bagging with 50 iterations and base learner

weka.classifiers.trees.RandomTree -K 0 -M 1.0 -V 0.001 -S 1 -do-not-check-capabilities

Attribute importance based on average impurity decrease (and number of nodes using that attribute)

      0.81 (   333)  Relaccess
      0.76 (   186)  SPhobic
      0.72 (   163)  CPhim
      0.65 (    95)  BCharge
      0.44 (   165)  Proline
      0.44 (    87)  Interface
      0.32 (   952)  Clash
      0.22 (    42)  Glycine
      0.22 (    25)  Voids
      0.21 (    57)  Binding
      0.2  (   278)  HBonds
      0.2  (   763)  Impact
      0.15 (    94)  NLargest4
      0.14 (    63)  NLargest5
      0.11 (    47)  NLargest6
      0.11 (   295)  MLargest6
      0.11 (   339)  MLargest5
      0.1  (   261)  MLargest9
      0.1  (   102)  NLargest3
      0.1  (   156)  NLargest10
      0.1  (   882)  MLargest10
      0.1  (   474)  MLargest4
      0.09 (    69)  NLargest9
      0.09 (   186)  NLargest1
      0.09 (   664)  MLargest2
      0.08 (   529)  MLargest3
      0.08 (   124)  NLargest2
      0.08 (   321)  MLargest8
      0.08 (   370)  MLargest7
      0.07 (   929)  MLargest1
      0    (     0)  CisPro
      0    (     0)  SSGeom


Time taken to build model: 3.28 seconds

Time taken to test model on training data: 0.1 seconds

=== Error on training data ===

Correctly Classified Instances         907               99.4518 %
Incorrectly Classified Instances         5                0.5482 %
Kappa statistic                          0.989 
Mean absolute error                      0.155 
Root mean squared error                  0.1709
Relative absolute error                 30.9961 %
Root relative squared error             34.1833 %
Total Number of Instances              912     


=== Detailed Accuracy By Class ===

                 TP Rate  FP Rate  Precision  Recall   F-Measure  MCC      ROC Area  PRC Area  Class
                 0.996    0.007    0.993      0.996    0.995      0.989    1.000     1.000     PD
                 0.993    0.004    0.996      0.993    0.995      0.989    1.000     1.000     SNP
Weighted Avg.    0.995    0.005    0.995      0.995    0.995      0.989    1.000     1.000     


=== Confusion Matrix ===

   a   b   <-- classified as
 454   2 |   a = PD
   3 453 |   b = SNP

Time taken to perform cross-validation: 11.05 seconds


=== Stratified cross-validation ===

Correctly Classified Instances         691               75.7675 %
Incorrectly Classified Instances       221               24.2325 %
Kappa statistic                          0.5154
Mean absolute error                      0.4025
Root mean squared error                  0.4272
Relative absolute error                 80.4908 %
Root relative squared error             85.4343 %
Total Number of Instances              912     


=== Detailed Accuracy By Class ===

                 TP Rate  FP Rate  Precision  Recall   F-Measure  MCC      ROC Area  PRC Area  Class
                 0.654    0.138    0.825      0.654    0.729      0.527    0.837     0.850     PD
                 0.862    0.346    0.713      0.862    0.781      0.527    0.837     0.800     SNP
Weighted Avg.    0.758    0.242    0.769      0.758    0.755      0.527    0.837     0.825     


=== Confusion Matrix ===

   a   b   <-- classified as
 298 158 |   a = PD
  63 393 |   b = SNP

