
Options: -I 500 -attribute-importance 

=== Classifier model (full training set) ===

RandomForest

Bagging with 500 iterations and base learner

weka.classifiers.trees.RandomTree -K 0 -M 1.0 -V 0.001 -S 1 -do-not-check-capabilities

Attribute importance based on average impurity decrease (and number of nodes using that attribute)

      0.77 (  1588)  SPhobic
      0.76 (  3759)  Relaccess
      0.73 (  1364)  CPhim
      0.64 (   867)  BCharge
      0.34 (  1120)  Interface
      0.14 (  1088)  Delta9
      0.12 (   806)  Delta7
      0.12 (   825)  Delta5
      0.12 (  1633)  Delta10
      0.11 (   985)  Delta6
      0.11 (  1065)  Delta8
      0.1  (  1177)  Voids
      0.1  (  1565)  Delta1
      0.1  (   990)  Delta3
      0.1  (  1220)  Glycine
      0.1  (  1229)  Delta4
      0.09 ( 50930)  Clash
      0.09 (  1459)  Delta2
      0.06 ( 35185)  Impact
      0.06 ( 18078)  Proline
      0.04 (  2644)  Binding
      0.04 ( 26656)  HBonds


Time taken to build model: 18.95 seconds

Time taken to test model on training data: 1.2 seconds

=== Error on training data ===

Correctly Classified Instances         906               99.3421 %
Incorrectly Classified Instances         6                0.6579 %
Kappa statistic                          0.9868
Mean absolute error                      0.1496
Root mean squared error                  0.1628
Relative absolute error                 29.9265 %
Root relative squared error             32.5511 %
Total Number of Instances              912     


=== Detailed Accuracy By Class ===

                 TP Rate  FP Rate  Precision  Recall   F-Measure  MCC      ROC Area  PRC Area  Class
                 0.996    0.009    0.991      0.996    0.993      0.987    1.000     1.000     PD
                 0.991    0.004    0.996      0.991    0.993      0.987    1.000     1.000     SNP
Weighted Avg.    0.993    0.007    0.993      0.993    0.993      0.987    1.000     1.000     


=== Confusion Matrix ===

   a   b   <-- classified as
 454   2 |   a = PD
   4 452 |   b = SNP

Time taken to perform cross-validation: 90.5 seconds


=== Stratified cross-validation ===

Correctly Classified Instances         751               82.3465 %
Incorrectly Classified Instances       161               17.6535 %
Kappa statistic                          0.6469
Mean absolute error                      0.3884
Root mean squared error                  0.4101
Relative absolute error                 77.6891 %
Root relative squared error             82.0252 %
Total Number of Instances              912     


=== Detailed Accuracy By Class ===

                 TP Rate  FP Rate  Precision  Recall   F-Measure  MCC      ROC Area  PRC Area  Class
                 0.761    0.114    0.870      0.761    0.812      0.652    0.893     0.880     PD
                 0.886    0.239    0.788      0.886    0.834      0.652    0.893     0.875     SNP
Weighted Avg.    0.823    0.177    0.829      0.823    0.823      0.652    0.893     0.878     


=== Confusion Matrix ===

   a   b   <-- classified as
 347 109 |   a = PD
  52 404 |   b = SNP

