
Options: -I 50 -attribute-importance 

=== Classifier model (full training set) ===

RandomForest

Bagging with 50 iterations and base learner

weka.classifiers.trees.RandomTree -K 0 -M 1.0 -V 0.001 -S 1 -do-not-check-capabilities

Attribute importance based on average impurity decrease (and number of nodes using that attribute)

      0.77 (   174)  SPhobic
      0.76 (   417)  Relaccess
      0.66 (   119)  CPhim
      0.57 (    73)  BCharge
      0.37 (   146)  Interface
      0.19 (   116)  Delta9
      0.14 (    96)  Delta7
      0.12 (   104)  Delta3
      0.12 (   123)  Delta4
      0.11 (    82)  Delta5
      0.11 (   180)  Delta10
      0.1  (   116)  Delta6
      0.1  (   109)  Delta8
      0.1  (  5097)  Clash
      0.09 (   123)  Glycine
      0.09 (   127)  Voids
      0.09 (   180)  Delta1
      0.07 (   146)  Delta2
      0.07 (  3701)  Impact
      0.05 (  1905)  Proline
      0.05 (   279)  Binding
      0.04 (  2713)  HBonds


Time taken to build model: 3.63 seconds

Time taken to test model on training data: 0.13 seconds

=== Error on training data ===

Correctly Classified Instances         905               99.2325 %
Incorrectly Classified Instances         7                0.7675 %
Kappa statistic                          0.9846
Mean absolute error                      0.1441
Root mean squared error                  0.1621
Relative absolute error                 28.819  %
Root relative squared error             32.4162 %
Total Number of Instances              912     


=== Detailed Accuracy By Class ===

                 TP Rate  FP Rate  Precision  Recall   F-Measure  MCC      ROC Area  PRC Area  Class
                 0.987    0.002    0.998      0.987    0.992      0.985    1.000     1.000     PD
                 0.998    0.013    0.987      0.998    0.992      0.985    1.000     1.000     SNP
Weighted Avg.    0.992    0.008    0.992      0.992    0.992      0.985    1.000     1.000     


=== Confusion Matrix ===

   a   b   <-- classified as
 450   6 |   a = PD
   1 455 |   b = SNP

Time taken to perform cross-validation: 14.38 seconds


=== Stratified cross-validation ===

Correctly Classified Instances         747               81.9079 %
Incorrectly Classified Instances       165               18.0921 %
Kappa statistic                          0.6382
Mean absolute error                      0.3874
Root mean squared error                  0.4109
Relative absolute error                 77.4787 %
Root relative squared error             82.185  %
Total Number of Instances              912     


=== Detailed Accuracy By Class ===

                 TP Rate  FP Rate  Precision  Recall   F-Measure  MCC      ROC Area  PRC Area  Class
                 0.768    0.129    0.856      0.768    0.809      0.642    0.887     0.872     PD
                 0.871    0.232    0.789      0.871    0.828      0.642    0.887     0.865     SNP
Weighted Avg.    0.819    0.181    0.823      0.819    0.819      0.642    0.887     0.869     


=== Confusion Matrix ===

   a   b   <-- classified as
 350 106 |   a = PD
  59 397 |   b = SNP

