
Options: -I 500 -attribute-importance 

=== Classifier model (full training set) ===

RandomForest

Bagging with 500 iterations and base learner

weka.classifiers.trees.RandomTree -K 0 -M 1.0 -V 0.001 -S 1 -do-not-check-capabilities

Attribute importance based on average impurity decrease (and number of nodes using that attribute)

      0.79 (  2373)  SPhobic
      0.76 (  4007)  Relaccess
      0.7  (  1434)  CPhim
      0.55 (   664)  BCharge
      0.37 (  1241)  Interface
      0.13 (  1192)  Delta8
      0.12 (  1227)  Delta9
      0.11 (  1672)  Delta10
      0.11 (  1656)  Delta2
      0.11 (  1274)  Delta4
      0.11 (  1009)  Delta5
      0.1  (  1050)  Delta3
      0.1  ( 49790)  Clash
      0.09 (   984)  Glycine
      0.09 (   988)  Voids
      0.09 (  1003)  Delta6
      0.08 (  1397)  Delta1
      0.08 (   893)  Delta7
      0.07 ( 35065)  Impact
      0.06 (  2497)  Binding
      0.06 ( 18356)  Proline
      0.04 ( 26369)  HBonds


Time taken to build model: 20.84 seconds

Time taken to test model on training data: 0.81 seconds

=== Error on training data ===

Correctly Classified Instances         906               99.3421 %
Incorrectly Classified Instances         6                0.6579 %
Kappa statistic                          0.9868
Mean absolute error                      0.1524
Root mean squared error                  0.1649
Relative absolute error                 30.4736 %
Root relative squared error             32.9845 %
Total Number of Instances              912     


=== Detailed Accuracy By Class ===

                 TP Rate  FP Rate  Precision  Recall   F-Measure  MCC      ROC Area  PRC Area  Class
                 0.991    0.004    0.996      0.991    0.993      0.987    1.000     1.000     PD
                 0.996    0.009    0.991      0.996    0.993      0.987    1.000     1.000     SNP
Weighted Avg.    0.993    0.007    0.993      0.993    0.993      0.987    1.000     1.000     


=== Confusion Matrix ===

   a   b   <-- classified as
 452   4 |   a = PD
   2 454 |   b = SNP

Time taken to perform cross-validation: 91.96 seconds


=== Stratified cross-validation ===

Correctly Classified Instances         704               77.193  %
Incorrectly Classified Instances       208               22.807  %
Kappa statistic                          0.5439
Mean absolute error                      0.4051
Root mean squared error                  0.4265
Relative absolute error                 81.0288 %
Root relative squared error             85.302  %
Total Number of Instances              912     


=== Detailed Accuracy By Class ===

                 TP Rate  FP Rate  Precision  Recall   F-Measure  MCC      ROC Area  PRC Area  Class
                 0.678    0.134    0.835      0.678    0.748      0.554    0.860     0.844     PD
                 0.866    0.322    0.729      0.866    0.792      0.554    0.860     0.842     SNP
Weighted Avg.    0.772    0.228    0.782      0.772    0.770      0.554    0.860     0.843     


=== Confusion Matrix ===

   a   b   <-- classified as
 309 147 |   a = PD
  61 395 |   b = SNP

