
Options: -I 50 -attribute-importance 

=== Classifier model (full training set) ===

RandomForest

Bagging with 50 iterations and base learner

weka.classifiers.trees.RandomTree -K 0 -M 1.0 -V 0.001 -S 1 -do-not-check-capabilities

Attribute importance based on average impurity decrease (and number of nodes using that attribute)

      0.78 (   475)  Relaccess
      0.78 (   142)  SPhobic
      0.68 (   123)  CPhim
      0.6  (    65)  BCharge
      0.35 (   114)  Interface
      0.16 (   163)  Delta4
      0.13 (   120)  Glycine
      0.13 (    89)  Delta5
      0.13 (   140)  Delta9
      0.11 (   107)  Voids
      0.11 (  4531)  Clash
      0.1  (    81)  Delta6
      0.09 (   109)  Delta8
      0.09 (   161)  Delta1
      0.09 (    89)  Delta3
      0.08 (   186)  Delta10
      0.08 (  3198)  Impact
      0.07 (   154)  Delta2
      0.07 (    75)  Delta7
      0.07 (   223)  Binding
      0.05 (  1779)  Proline
      0.04 (  2382)  HBonds


Time taken to build model: 4.78 seconds

Time taken to test model on training data: 0.12 seconds

=== Error on training data ===

Correctly Classified Instances         908               99.5614 %
Incorrectly Classified Instances         4                0.4386 %
Kappa statistic                          0.9912
Mean absolute error                      0.1463
Root mean squared error                  0.1609
Relative absolute error                 29.2561 %
Root relative squared error             32.19   %
Total Number of Instances              912     


=== Detailed Accuracy By Class ===

                 TP Rate  FP Rate  Precision  Recall   F-Measure  MCC      ROC Area  PRC Area  Class
                 0.996    0.004    0.996      0.996    0.996      0.991    1.000     1.000     PD
                 0.996    0.004    0.996      0.996    0.996      0.991    1.000     1.000     SNP
Weighted Avg.    0.996    0.004    0.996      0.996    0.996      0.991    1.000     1.000     


=== Confusion Matrix ===

   a   b   <-- classified as
 454   2 |   a = PD
   2 454 |   b = SNP

Time taken to perform cross-validation: 13.17 seconds


=== Stratified cross-validation ===

Correctly Classified Instances         725               79.4956 %
Incorrectly Classified Instances       187               20.5044 %
Kappa statistic                          0.5899
Mean absolute error                      0.3969
Root mean squared error                  0.4193
Relative absolute error                 79.3709 %
Root relative squared error             83.8649 %
Total Number of Instances              912     


=== Detailed Accuracy By Class ===

                 TP Rate  FP Rate  Precision  Recall   F-Measure  MCC      ROC Area  PRC Area  Class
                 0.726    0.136    0.842      0.726    0.780      0.596    0.871     0.855     PD
                 0.864    0.274    0.759      0.864    0.808      0.596    0.871     0.860     SNP
Weighted Avg.    0.795    0.205    0.801      0.795    0.794      0.596    0.871     0.858     


=== Confusion Matrix ===

   a   b   <-- classified as
 331 125 |   a = PD
  62 394 |   b = SNP

