
Options: -I 100 -attribute-importance 

=== Classifier model (full training set) ===

RandomForest

Bagging with 100 iterations and base learner

weka.classifiers.trees.RandomTree -K 0 -M 1.0 -V 0.001 -S 1 -do-not-check-capabilities

Attribute importance based on average impurity decrease (and number of nodes using that attribute)

      0.78 (   727)  Relaccess
      0.75 (   264)  SPhobic
      0.74 (   271)  CPhim
      0.71 (   190)  BCharge
      0.38 (   231)  Interface
      0.14 (   142)  Delta8
      0.13 (   206)  Delta9
      0.12 (   174)  Voids
      0.11 (   251)  Delta3
      0.1  (   255)  Delta4
      0.09 (  8386)  Clash
      0.09 (   250)  Delta1
      0.08 (   146)  Delta7
      0.08 (   300)  Delta2
      0.08 (   215)  Glycine
      0.07 (   333)  Delta10
      0.07 (   135)  Delta5
      0.07 (  5811)  Impact
      0.06 (   166)  Delta6
      0.06 (   494)  Binding
      0.05 (  3337)  Proline
      0.04 (  4721)  HBonds


Time taken to build model: 5.75 seconds

Time taken to test model on training data: 0.21 seconds

=== Error on training data ===

Correctly Classified Instances         911               99.8904 %
Incorrectly Classified Instances         1                0.1096 %
Kappa statistic                          0.9978
Mean absolute error                      0.1464
Root mean squared error                  0.1577
Relative absolute error                 29.2859 %
Root relative squared error             31.5325 %
Total Number of Instances              912     


=== Detailed Accuracy By Class ===

                 TP Rate  FP Rate  Precision  Recall   F-Measure  MCC      ROC Area  PRC Area  Class
                 0.998    0.000    1.000      0.998    0.999      0.998    1.000     1.000     PD
                 1.000    0.002    0.998      1.000    0.999      0.998    1.000     1.000     SNP
Weighted Avg.    0.999    0.001    0.999      0.999    0.999      0.998    1.000     1.000     


=== Confusion Matrix ===

   a   b   <-- classified as
 455   1 |   a = PD
   0 456 |   b = SNP

Time taken to perform cross-validation: 25.43 seconds


=== Stratified cross-validation ===

Correctly Classified Instances         721               79.057  %
Incorrectly Classified Instances       191               20.943  %
Kappa statistic                          0.5811
Mean absolute error                      0.3898
Root mean squared error                  0.4123
Relative absolute error                 77.9627 %
Root relative squared error             82.455  %
Total Number of Instances              912     


=== Detailed Accuracy By Class ===

                 TP Rate  FP Rate  Precision  Recall   F-Measure  MCC      ROC Area  PRC Area  Class
                 0.689    0.107    0.865      0.689    0.767      0.594    0.890     0.895     PD
                 0.893    0.311    0.741      0.893    0.810      0.594    0.890     0.871     SNP
Weighted Avg.    0.791    0.209    0.803      0.791    0.788      0.594    0.890     0.883     


=== Confusion Matrix ===

   a   b   <-- classified as
 314 142 |   a = PD
  49 407 |   b = SNP

