
Options: -I 500 -attribute-importance 

=== Classifier model (full training set) ===

RandomForest

Bagging with 500 iterations and base learner

weka.classifiers.trees.RandomTree -K 0 -M 1.0 -V 0.001 -S 1 -do-not-check-capabilities

Attribute importance based on average impurity decrease (and number of nodes using that attribute)

      0.78 (  4060)  Relaccess
      0.76 (  1627)  SPhobic
      0.68 (  1285)  CPhim
      0.61 (   668)  BCharge
      0.36 (  1232)  Interface
      0.18 (  1021)  Delta4
      0.16 (  1439)  Delta10
      0.15 (   861)  Delta9
      0.15 (  1405)  Delta2
      0.14 ( 26817)  Clash
      0.13 (   614)  Delta5
      0.12 (  1189)  Glycine
      0.12 (   842)  Delta8
      0.1  ( 19122)  Impact
      0.1  (   716)  Delta7
      0.09 (   895)  Delta3
      0.09 (   593)  Voids
      0.08 (   793)  Delta6
      0.08 (  1110)  Delta1
      0.07 ( 10930)  Proline
      0.07 (  1532)  Binding
      0.05 ( 15382)  HBonds


Time taken to build model: 15.78 seconds

Time taken to test model on training data: 0.56 seconds

=== Error on training data ===

Correctly Classified Instances         905               99.2325 %
Incorrectly Classified Instances         7                0.7675 %
Kappa statistic                          0.9846
Mean absolute error                      0.1495
Root mean squared error                  0.1639
Relative absolute error                 29.9028 %
Root relative squared error             32.775  %
Total Number of Instances              912     


=== Detailed Accuracy By Class ===

                 TP Rate  FP Rate  Precision  Recall   F-Measure  MCC      ROC Area  PRC Area  Class
                 0.993    0.009    0.991      0.993    0.992      0.985    1.000     1.000     PD
                 0.991    0.007    0.993      0.991    0.992      0.985    1.000     1.000     SNP
Weighted Avg.    0.992    0.008    0.992      0.992    0.992      0.985    1.000     1.000     


=== Confusion Matrix ===

   a   b   <-- classified as
 453   3 |   a = PD
   4 452 |   b = SNP

Time taken to perform cross-validation: 66.08 seconds


=== Stratified cross-validation ===

Correctly Classified Instances         724               79.386  %
Incorrectly Classified Instances       188               20.614  %
Kappa statistic                          0.5877
Mean absolute error                      0.394 
Root mean squared error                  0.4198
Relative absolute error                 78.793  %
Root relative squared error             83.9514 %
Total Number of Instances              912     


=== Detailed Accuracy By Class ===

                 TP Rate  FP Rate  Precision  Recall   F-Measure  MCC      ROC Area  PRC Area  Class
                 0.684    0.096    0.876      0.684    0.768      0.602    0.868     0.852     PD
                 0.904    0.316    0.741      0.904    0.814      0.602    0.868     0.838     SNP
Weighted Avg.    0.794    0.206    0.809      0.794    0.791      0.602    0.868     0.845     


=== Confusion Matrix ===

   a   b   <-- classified as
 312 144 |   a = PD
  44 412 |   b = SNP

