
Options: -I 100 -attribute-importance 

=== Classifier model (full training set) ===

RandomForest

Bagging with 100 iterations and base learner

weka.classifiers.trees.RandomTree -K 0 -M 1.0 -V 0.001 -S 1 -do-not-check-capabilities

Attribute importance based on average impurity decrease (and number of nodes using that attribute)

      0.78 (   313)  SPhobic
      0.77 (   955)  Relaccess
      0.71 (   250)  CPhim
      0.58 (   121)  BCharge
      0.36 (   251)  Interface
      0.15 (   177)  Delta8
      0.12 (   284)  Delta3
      0.11 (   176)  Delta7
      0.11 (   382)  Delta10
      0.1  (   230)  Delta4
      0.1  (   243)  Delta9
      0.09 (   185)  Delta6
      0.09 (   381)  Delta2
      0.09 ( 10101)  Clash
      0.09 (   238)  Glycine
      0.09 (   144)  Delta5
      0.08 (   311)  Delta1
      0.07 (   228)  Voids
      0.07 (  7007)  Impact
      0.05 (   399)  Binding
      0.05 (  3435)  Proline
      0.04 (  5502)  HBonds


Time taken to build model: 6.84 seconds

Time taken to test model on training data: 0.25 seconds

=== Error on training data ===

Correctly Classified Instances         907               99.4518 %
Incorrectly Classified Instances         5                0.5482 %
Kappa statistic                          0.989 
Mean absolute error                      0.1461
Root mean squared error                  0.1597
Relative absolute error                 29.2108 %
Root relative squared error             31.9415 %
Total Number of Instances              912     


=== Detailed Accuracy By Class ===

                 TP Rate  FP Rate  Precision  Recall   F-Measure  MCC      ROC Area  PRC Area  Class
                 0.991    0.002    0.998      0.991    0.994      0.989    1.000     1.000     PD
                 0.998    0.009    0.991      0.998    0.995      0.989    1.000     1.000     SNP
Weighted Avg.    0.995    0.005    0.995      0.995    0.995      0.989    1.000     1.000     


=== Confusion Matrix ===

   a   b   <-- classified as
 452   4 |   a = PD
   1 455 |   b = SNP

Time taken to perform cross-validation: 29.07 seconds


=== Stratified cross-validation ===

Correctly Classified Instances         742               81.3596 %
Incorrectly Classified Instances       170               18.6404 %
Kappa statistic                          0.6272
Mean absolute error                      0.3872
Root mean squared error                  0.4108
Relative absolute error                 77.4484 %
Root relative squared error             82.1528 %
Total Number of Instances              912     


=== Detailed Accuracy By Class ===

                 TP Rate  FP Rate  Precision  Recall   F-Measure  MCC      ROC Area  PRC Area  Class
                 0.735    0.107    0.872      0.735    0.798      0.635    0.887     0.881     PD
                 0.893    0.265    0.771      0.893    0.827      0.635    0.887     0.870     SNP
Weighted Avg.    0.814    0.186    0.822      0.814    0.812      0.635    0.887     0.875     


=== Confusion Matrix ===

   a   b   <-- classified as
 335 121 |   a = PD
  49 407 |   b = SNP

