
Options: -I 500 -attribute-importance 

=== Classifier model (full training set) ===

RandomForest

Bagging with 500 iterations and base learner

weka.classifiers.trees.RandomTree -K 0 -M 1.0 -V 0.001 -S 1 -do-not-check-capabilities

Attribute importance based on average impurity decrease (and number of nodes using that attribute)

      0.77 (  4085)  Relaccess
      0.76 (  1427)  SPhobic
      0.69 (  1390)  CPhim
      0.62 (   696)  BCharge
      0.34 (  1126)  Interface
      0.14 (  1218)  Delta9
      0.12 (  1212)  Glycine
      0.12 (   957)  Delta8
      0.11 (   855)  Delta5
      0.11 (  1664)  Delta10
      0.1  (   817)  Delta3
      0.1  ( 45424)  Clash
      0.1  (  1155)  Voids
      0.1  (   810)  Delta7
      0.1  (  1445)  Delta4
      0.09 (  1588)  Delta1
      0.09 (   723)  Delta6
      0.09 (  1464)  Delta2
      0.07 ( 31878)  Impact
      0.06 (  2263)  Binding
      0.05 ( 17499)  Proline
      0.04 ( 23393)  HBonds


Time taken to build model: 18.89 seconds

Time taken to test model on training data: 0.86 seconds

=== Error on training data ===

Correctly Classified Instances         908               99.5614 %
Incorrectly Classified Instances         4                0.4386 %
Kappa statistic                          0.9912
Mean absolute error                      0.15  
Root mean squared error                  0.1607
Relative absolute error                 30.0007 %
Root relative squared error             32.1332 %
Total Number of Instances              912     


=== Detailed Accuracy By Class ===

                 TP Rate  FP Rate  Precision  Recall   F-Measure  MCC      ROC Area  PRC Area  Class
                 0.996    0.004    0.996      0.996    0.996      0.991    1.000     1.000     PD
                 0.996    0.004    0.996      0.996    0.996      0.991    1.000     1.000     SNP
Weighted Avg.    0.996    0.004    0.996      0.996    0.996      0.991    1.000     1.000     


=== Confusion Matrix ===

   a   b   <-- classified as
 454   2 |   a = PD
   2 454 |   b = SNP

Time taken to perform cross-validation: 83.33 seconds


=== Stratified cross-validation ===

Correctly Classified Instances         727               79.7149 %
Incorrectly Classified Instances       185               20.2851 %
Kappa statistic                          0.5943
Mean absolute error                      0.397 
Root mean squared error                  0.4172
Relative absolute error                 79.392  %
Root relative squared error             83.4355 %
Total Number of Instances              912     


=== Detailed Accuracy By Class ===

                 TP Rate  FP Rate  Precision  Recall   F-Measure  MCC      ROC Area  PRC Area  Class
                 0.732    0.138    0.841      0.732    0.783      0.599    0.884     0.867     PD
                 0.862    0.268    0.763      0.862    0.809      0.599    0.884     0.875     SNP
Weighted Avg.    0.797    0.203    0.802      0.797    0.796      0.599    0.884     0.871     


=== Confusion Matrix ===

   a   b   <-- classified as
 334 122 |   a = PD
  63 393 |   b = SNP

