
Options: -I 100 -attribute-importance 

=== Classifier model (full training set) ===

RandomForest

Bagging with 100 iterations and base learner

weka.classifiers.trees.RandomTree -K 0 -M 1.0 -V 0.001 -S 1 -do-not-check-capabilities

Attribute importance based on average impurity decrease (and number of nodes using that attribute)

      0.81 (   324)  SPhobic
      0.77 (   794)  Relaccess
      0.69 (   261)  CPhim
      0.61 (   126)  BCharge
      0.38 (   227)  Interface
      0.19 (   207)  Delta4
      0.17 (   285)  Delta10
      0.17 (   295)  Delta2
      0.14 (  5385)  Clash
      0.13 (   182)  Delta9
      0.13 (   219)  Glycine
      0.11 (   149)  Delta5
      0.11 (   185)  Delta3
      0.1  (   220)  Delta1
      0.1  (  3798)  Impact
      0.09 (   151)  Delta7
      0.09 (   118)  Voids
      0.09 (   180)  Delta8
      0.08 (  2146)  Proline
      0.07 (   140)  Delta6
      0.06 (   298)  Binding
      0.05 (  3088)  HBonds


Time taken to build model: 4.54 seconds

Time taken to test model on training data: 0.2 seconds

=== Error on training data ===

Correctly Classified Instances         905               99.2325 %
Incorrectly Classified Instances         7                0.7675 %
Kappa statistic                          0.9846
Mean absolute error                      0.1529
Root mean squared error                  0.1681
Relative absolute error                 30.5773 %
Root relative squared error             33.6219 %
Total Number of Instances              912     


=== Detailed Accuracy By Class ===

                 TP Rate  FP Rate  Precision  Recall   F-Measure  MCC      ROC Area  PRC Area  Class
                 0.991    0.007    0.993      0.991    0.992      0.985    1.000     1.000     PD
                 0.993    0.009    0.991      0.993    0.992      0.985    1.000     1.000     SNP
Weighted Avg.    0.992    0.008    0.992      0.992    0.992      0.985    1.000     1.000     


=== Confusion Matrix ===

   a   b   <-- classified as
 452   4 |   a = PD
   3 453 |   b = SNP

Time taken to perform cross-validation: 23.73 seconds


=== Stratified cross-validation ===

Correctly Classified Instances         720               78.9474 %
Incorrectly Classified Instances       192               21.0526 %
Kappa statistic                          0.5789
Mean absolute error                      0.3924
Root mean squared error                  0.4197
Relative absolute error                 78.4806 %
Root relative squared error             83.9418 %
Total Number of Instances              912     


=== Detailed Accuracy By Class ===

                 TP Rate  FP Rate  Precision  Recall   F-Measure  MCC      ROC Area  PRC Area  Class
                 0.680    0.101    0.871      0.680    0.764      0.593    0.864     0.850     PD
                 0.899    0.320    0.737      0.899    0.810      0.593    0.864     0.833     SNP
Weighted Avg.    0.789    0.211    0.804      0.789    0.787      0.593    0.864     0.842     


=== Confusion Matrix ===

   a   b   <-- classified as
 310 146 |   a = PD
  46 410 |   b = SNP

