
Options: -I 50 -attribute-importance 

=== Classifier model (full training set) ===

RandomForest

Bagging with 50 iterations and base learner

weka.classifiers.trees.RandomTree -K 0 -M 1.0 -V 0.001 -S 1 -do-not-check-capabilities

Attribute importance based on average impurity decrease (and number of nodes using that attribute)

      0.81 (   183)  SPhobic
      0.76 (   385)  Relaccess
      0.71 (   133)  CPhim
      0.69 (    94)  BCharge
      0.4  (   116)  Interface
      0.19 (    78)  Delta8
      0.17 (   116)  Delta3
      0.13 (    81)  Delta5
      0.12 (  4272)  Clash
      0.12 (   148)  Delta2
      0.11 (    75)  Delta7
      0.11 (   169)  Delta10
      0.1  (   123)  Voids
      0.1  (    89)  Delta6
      0.09 (    92)  Delta9
      0.08 (   124)  Delta4
      0.08 (  3003)  Impact
      0.07 (   180)  Delta1
      0.06 (  1625)  Proline
      0.05 (   133)  Glycine
      0.04 (   202)  Binding
      0.04 (  2317)  HBonds


Time taken to build model: 4.95 seconds

Time taken to test model on training data: 0.13 seconds

=== Error on training data ===

Correctly Classified Instances         906               99.3421 %
Incorrectly Classified Instances         6                0.6579 %
Kappa statistic                          0.9868
Mean absolute error                      0.1464
Root mean squared error                  0.1645
Relative absolute error                 29.2896 %
Root relative squared error             32.892  %
Total Number of Instances              912     


=== Detailed Accuracy By Class ===

                 TP Rate  FP Rate  Precision  Recall   F-Measure  MCC      ROC Area  PRC Area  Class
                 0.991    0.004    0.996      0.991    0.993      0.987    1.000     1.000     PD
                 0.996    0.009    0.991      0.996    0.993      0.987    1.000     1.000     SNP
Weighted Avg.    0.993    0.007    0.993      0.993    0.993      0.987    1.000     1.000     


=== Confusion Matrix ===

   a   b   <-- classified as
 452   4 |   a = PD
   2 454 |   b = SNP

Time taken to perform cross-validation: 13.1 seconds


=== Stratified cross-validation ===

Correctly Classified Instances         704               77.193  %
Incorrectly Classified Instances       208               22.807  %
Kappa statistic                          0.5439
Mean absolute error                      0.3983
Root mean squared error                  0.4235
Relative absolute error                 79.6611 %
Root relative squared error             84.6978 %
Total Number of Instances              912     


=== Detailed Accuracy By Class ===

                 TP Rate  FP Rate  Precision  Recall   F-Measure  MCC      ROC Area  PRC Area  Class
                 0.675    0.132    0.837      0.675    0.748      0.554    0.857     0.827     PD
                 0.868    0.325    0.728      0.868    0.792      0.554    0.857     0.847     SNP
Weighted Avg.    0.772    0.228    0.782      0.772    0.770      0.554    0.857     0.837     


=== Confusion Matrix ===

   a   b   <-- classified as
 308 148 |   a = PD
  60 396 |   b = SNP

