
Options: -I 500 -attribute-importance 

=== Classifier model (full training set) ===

RandomForest

Bagging with 500 iterations and base learner

weka.classifiers.trees.RandomTree -K 0 -M 1.0 -V 0.001 -S 1 -do-not-check-capabilities

Attribute importance based on average impurity decrease (and number of nodes using that attribute)

      0.78 (  1746)  SPhobic
      0.77 (  4232)  Relaccess
      0.7  (  1271)  CPhim
      0.56 (   609)  BCharge
      0.35 (  1189)  Interface
      0.13 (  1324)  Delta3
      0.12 (   889)  Delta8
      0.11 (  1110)  Delta9
      0.11 (   906)  Delta7
      0.1  (  1720)  Delta10
      0.1  (  1817)  Delta2
      0.1  (  1128)  Delta4
      0.09 (   848)  Delta6
      0.09 ( 50011)  Clash
      0.09 (   718)  Delta5
      0.09 (  1196)  Glycine
      0.09 (  1517)  Delta1
      0.09 (  1032)  Voids
      0.07 ( 34567)  Impact
      0.06 (  2040)  Binding
      0.05 ( 17573)  Proline
      0.04 ( 26753)  HBonds


Time taken to build model: 18.89 seconds

Time taken to test model on training data: 0.75 seconds

=== Error on training data ===

Correctly Classified Instances         907               99.4518 %
Incorrectly Classified Instances         5                0.5482 %
Kappa statistic                          0.989 
Mean absolute error                      0.1487
Root mean squared error                  0.161 
Relative absolute error                 29.7378 %
Root relative squared error             32.196  %
Total Number of Instances              912     


=== Detailed Accuracy By Class ===

                 TP Rate  FP Rate  Precision  Recall   F-Measure  MCC      ROC Area  PRC Area  Class
                 0.989    0.000    1.000      0.989    0.994      0.989    1.000     1.000     PD
                 1.000    0.011    0.989      1.000    0.995      0.989    1.000     1.000     SNP
Weighted Avg.    0.995    0.005    0.995      0.995    0.995      0.989    1.000     1.000     


=== Confusion Matrix ===

   a   b   <-- classified as
 451   5 |   a = PD
   0 456 |   b = SNP

Time taken to perform cross-validation: 93.07 seconds


=== Stratified cross-validation ===

Correctly Classified Instances         738               80.9211 %
Incorrectly Classified Instances       174               19.0789 %
Kappa statistic                          0.6184
Mean absolute error                      0.3897
Root mean squared error                  0.4119
Relative absolute error                 77.9475 %
Root relative squared error             82.3771 %
Total Number of Instances              912     


=== Detailed Accuracy By Class ===

                 TP Rate  FP Rate  Precision  Recall   F-Measure  MCC      ROC Area  PRC Area  Class
                 0.737    0.118    0.862      0.737    0.794      0.625    0.887     0.882     PD
                 0.882    0.263    0.770      0.882    0.822      0.625    0.887     0.873     SNP
Weighted Avg.    0.809    0.191    0.816      0.809    0.808      0.625    0.887     0.877     


=== Confusion Matrix ===

   a   b   <-- classified as
 336 120 |   a = PD
  54 402 |   b = SNP

