
Options: -I 100 -attribute-importance 

=== Classifier model (full training set) ===

RandomForest

Bagging with 100 iterations and base learner

weka.classifiers.trees.RandomTree -K 0 -M 1.0 -V 0.001 -S 1 -do-not-check-capabilities

Attribute importance based on average impurity decrease (and number of nodes using that attribute)

      0.79 (   359)  SPhobic
      0.77 (   759)  Relaccess
      0.69 (   248)  CPhim
      0.56 (   183)  BCharge
      0.37 (   216)  Interface
      0.2  (   225)  Delta4
      0.17 (   138)  Delta9
      0.17 (   148)  Delta5
      0.16 (   130)  Delta8
      0.16 (   150)  Delta6
      0.14 (   272)  Delta10
      0.13 (  5630)  Clash
      0.13 (   158)  Delta7
      0.12 (   278)  Delta2
      0.12 (   137)  Voids
      0.11 (   299)  Delta1
      0.1  (   285)  Glycine
      0.1  (  3897)  Impact
      0.09 (   188)  Delta3
      0.08 (  2330)  Proline
      0.07 (   315)  Binding
      0.06 (  3175)  HBonds


Time taken to build model: 4.72 seconds

Time taken to test model on training data: 0.23 seconds

=== Error on training data ===

Correctly Classified Instances         901               98.7939 %
Incorrectly Classified Instances        11                1.2061 %
Kappa statistic                          0.9759
Mean absolute error                      0.1562
Root mean squared error                  0.1736
Relative absolute error                 31.2458 %
Root relative squared error             34.7217 %
Total Number of Instances              912     


=== Detailed Accuracy By Class ===

                 TP Rate  FP Rate  Precision  Recall   F-Measure  MCC      ROC Area  PRC Area  Class
                 0.991    0.015    0.985      0.991    0.988      0.976    1.000     1.000     PD
                 0.985    0.009    0.991      0.985    0.988      0.976    1.000     1.000     SNP
Weighted Avg.    0.988    0.012    0.988      0.988    0.988      0.976    1.000     1.000     


=== Confusion Matrix ===

   a   b   <-- classified as
 452   4 |   a = PD
   7 449 |   b = SNP

Time taken to perform cross-validation: 23.96 seconds


=== Stratified cross-validation ===

Correctly Classified Instances         712               78.0702 %
Incorrectly Classified Instances       200               21.9298 %
Kappa statistic                          0.5614
Mean absolute error                      0.3931
Root mean squared error                  0.4211
Relative absolute error                 78.6274 %
Root relative squared error             84.2095 %
Total Number of Instances              912     


=== Detailed Accuracy By Class ===

                 TP Rate  FP Rate  Precision  Recall   F-Measure  MCC      ROC Area  PRC Area  Class
                 0.673    0.112    0.858      0.673    0.754      0.575    0.858     0.834     PD
                 0.888    0.327    0.731      0.888    0.802      0.575    0.858     0.834     SNP
Weighted Avg.    0.781    0.219    0.794      0.781    0.778      0.575    0.858     0.834     


=== Confusion Matrix ===

   a   b   <-- classified as
 307 149 |   a = PD
  51 405 |   b = SNP

