
Options: -I 50 -attribute-importance 

=== Classifier model (full training set) ===

RandomForest

Bagging with 50 iterations and base learner

weka.classifiers.trees.RandomTree -K 0 -M 1.0 -V 0.001 -S 1 -do-not-check-capabilities

Attribute importance based on average impurity decrease (and number of nodes using that attribute)

      0.77 (   359)  Relaccess
      0.77 (   132)  SPhobic
      0.74 (   133)  CPhim
      0.73 (   100)  BCharge
      0.38 (   121)  Interface
      0.17 (    75)  Delta8
      0.12 (   106)  Delta9
      0.12 (   125)  Delta1
      0.12 (   125)  Delta3
      0.11 (   143)  Delta4
      0.1  (    66)  Delta7
      0.09 (   149)  Delta2
      0.09 (  4221)  Clash
      0.08 (    82)  Voids
      0.08 (   158)  Delta10
      0.08 (   108)  Glycine
      0.07 (  3010)  Impact
      0.07 (    66)  Delta5
      0.06 (    83)  Delta6
      0.05 (   243)  Binding
      0.05 (  1692)  Proline
      0.04 (  2468)  HBonds


Time taken to build model: 3.95 seconds

Time taken to test model on training data: 0.13 seconds

=== Error on training data ===

Correctly Classified Instances         911               99.8904 %
Incorrectly Classified Instances         1                0.1096 %
Kappa statistic                          0.9978
Mean absolute error                      0.1453
Root mean squared error                  0.1588
Relative absolute error                 29.0627 %
Root relative squared error             31.764  %
Total Number of Instances              912     


=== Detailed Accuracy By Class ===

                 TP Rate  FP Rate  Precision  Recall   F-Measure  MCC      ROC Area  PRC Area  Class
                 0.998    0.000    1.000      0.998    0.999      0.998    1.000     1.000     PD
                 1.000    0.002    0.998      1.000    0.999      0.998    1.000     1.000     SNP
Weighted Avg.    0.999    0.001    0.999      0.999    0.999      0.998    1.000     1.000     


=== Confusion Matrix ===

   a   b   <-- classified as
 455   1 |   a = PD
   0 456 |   b = SNP

Time taken to perform cross-validation: 14.41 seconds


=== Stratified cross-validation ===

Correctly Classified Instances         719               78.8377 %
Incorrectly Classified Instances       193               21.1623 %
Kappa statistic                          0.5768
Mean absolute error                      0.3918
Root mean squared error                  0.4149
Relative absolute error                 78.3667 %
Root relative squared error             82.9717 %
Total Number of Instances              912     


=== Detailed Accuracy By Class ===

                 TP Rate  FP Rate  Precision  Recall   F-Measure  MCC      ROC Area  PRC Area  Class
                 0.691    0.114    0.858      0.691    0.765      0.588    0.880     0.883     PD
                 0.886    0.309    0.741      0.886    0.807      0.588    0.880     0.864     SNP
Weighted Avg.    0.788    0.212    0.800      0.788    0.786      0.588    0.880     0.874     


=== Confusion Matrix ===

   a   b   <-- classified as
 315 141 |   a = PD
  52 404 |   b = SNP

