
Options: -I 50 -attribute-importance 

=== Classifier model (full training set) ===

RandomForest

Bagging with 50 iterations and base learner

weka.classifiers.trees.RandomTree -K 0 -M 1.0 -V 0.001 -S 1 -do-not-check-capabilities

Attribute importance based on average impurity decrease (and number of nodes using that attribute)

      0.79 (   172)  SPhobic
      0.78 (   414)  Relaccess
      0.65 (   114)  CPhim
      0.54 (    91)  BCharge
      0.38 (   123)  Interface
      0.19 (   111)  Delta4
      0.18 (    86)  Delta5
      0.17 (    76)  Delta7
      0.16 (    72)  Delta6
      0.14 (   143)  Delta10
      0.14 (    67)  Delta9
      0.14 (  2956)  Clash
      0.11 (    63)  Delta8
      0.1  (   156)  Delta2
      0.1  (  2016)  Impact
      0.1  (    70)  Voids
      0.09 (   143)  Glycine
      0.08 (   153)  Delta1
      0.08 (   105)  Delta3
      0.08 (  1233)  Proline
      0.07 (   162)  Binding
      0.05 (  1644)  HBonds


Time taken to build model: 4.53 seconds

Time taken to test model on training data: 0.13 seconds

=== Error on training data ===

Correctly Classified Instances         901               98.7939 %
Incorrectly Classified Instances        11                1.2061 %
Kappa statistic                          0.9759
Mean absolute error                      0.1534
Root mean squared error                  0.1733
Relative absolute error                 30.6784 %
Root relative squared error             34.668  %
Total Number of Instances              912     


=== Detailed Accuracy By Class ===

                 TP Rate  FP Rate  Precision  Recall   F-Measure  MCC      ROC Area  PRC Area  Class
                 0.991    0.015    0.985      0.991    0.988      0.976    1.000     1.000     PD
                 0.985    0.009    0.991      0.985    0.988      0.976    1.000     1.000     SNP
Weighted Avg.    0.988    0.012    0.988      0.988    0.988      0.976    1.000     1.000     


=== Confusion Matrix ===

   a   b   <-- classified as
 452   4 |   a = PD
   7 449 |   b = SNP

Time taken to perform cross-validation: 13.14 seconds


=== Stratified cross-validation ===

Correctly Classified Instances         701               76.864  %
Incorrectly Classified Instances       211               23.136  %
Kappa statistic                          0.5373
Mean absolute error                      0.3944
Root mean squared error                  0.4235
Relative absolute error                 78.8748 %
Root relative squared error             84.7022 %
Total Number of Instances              912     


=== Detailed Accuracy By Class ===

                 TP Rate  FP Rate  Precision  Recall   F-Measure  MCC      ROC Area  PRC Area  Class
                 0.667    0.129    0.837      0.667    0.742      0.549    0.849     0.825     PD
                 0.871    0.333    0.723      0.871    0.790      0.549    0.849     0.822     SNP
Weighted Avg.    0.769    0.231    0.780      0.769    0.766      0.549    0.849     0.823     


=== Confusion Matrix ===

   a   b   <-- classified as
 304 152 |   a = PD
  59 397 |   b = SNP

