
Options: -I 100 -attribute-importance 

=== Classifier model (full training set) ===

RandomForest

Bagging with 100 iterations and base learner

weka.classifiers.trees.RandomTree -K 0 -M 1.0 -V 0.001 -S 1 -do-not-check-capabilities

Attribute importance based on average impurity decrease (and number of nodes using that attribute)

      0.81 (   387)  SPhobic
      0.76 (   676)  Relaccess
      0.74 (   303)  CPhim
      0.67 (   187)  BCharge
      0.39 (   212)  Interface
      0.17 (   166)  Delta8
      0.16 (   222)  Delta3
      0.14 (   140)  Delta7
      0.13 (   151)  Delta5
      0.11 (  8314)  Clash
      0.11 (   321)  Delta10
      0.1  (   242)  Delta4
      0.1  (   176)  Delta6
      0.1  (   197)  Delta9
      0.09 (   306)  Delta2
      0.09 (   237)  Voids
      0.08 (  5714)  Impact
      0.07 (   336)  Delta1
      0.06 (   259)  Glycine
      0.06 (  2988)  Proline
      0.04 (   403)  Binding
      0.04 (  4478)  HBonds


Time taken to build model: 5.43 seconds

Time taken to test model on training data: 0.19 seconds

=== Error on training data ===

Correctly Classified Instances         906               99.3421 %
Incorrectly Classified Instances         6                0.6579 %
Kappa statistic                          0.9868
Mean absolute error                      0.1503
Root mean squared error                  0.1655
Relative absolute error                 30.0629 %
Root relative squared error             33.0954 %
Total Number of Instances              912     


=== Detailed Accuracy By Class ===

                 TP Rate  FP Rate  Precision  Recall   F-Measure  MCC      ROC Area  PRC Area  Class
                 0.991    0.004    0.996      0.991    0.993      0.987    1.000     1.000     PD
                 0.996    0.009    0.991      0.996    0.993      0.987    1.000     1.000     SNP
Weighted Avg.    0.993    0.007    0.993      0.993    0.993      0.987    1.000     1.000     


=== Confusion Matrix ===

   a   b   <-- classified as
 452   4 |   a = PD
   2 454 |   b = SNP

Time taken to perform cross-validation: 24 seconds


=== Stratified cross-validation ===

Correctly Classified Instances         720               78.9474 %
Incorrectly Classified Instances       192               21.0526 %
Kappa statistic                          0.5789
Mean absolute error                      0.3937
Root mean squared error                  0.4182
Relative absolute error                 78.7319 %
Root relative squared error             83.6469 %
Total Number of Instances              912     


=== Detailed Accuracy By Class ===

                 TP Rate  FP Rate  Precision  Recall   F-Measure  MCC      ROC Area  PRC Area  Class
                 0.702    0.123    0.851      0.702    0.769      0.588    0.870     0.848     PD
                 0.877    0.298    0.746      0.877    0.806      0.588    0.870     0.857     SNP
Weighted Avg.    0.789    0.211    0.799      0.789    0.788      0.588    0.870     0.852     


=== Confusion Matrix ===

   a   b   <-- classified as
 320 136 |   a = PD
  56 400 |   b = SNP

