
Options: -I 100 -attribute-importance 

=== Classifier model (full training set) ===

RandomForest

Bagging with 100 iterations and base learner

weka.classifiers.trees.RandomTree -K 0 -M 1.0 -V 0.001 -S 1 -do-not-check-capabilities

Attribute importance based on average impurity decrease (and number of nodes using that attribute)

      0.77 (   331)  SPhobic
      0.76 (   743)  Relaccess
      0.72 (   271)  CPhim
      0.62 (   173)  BCharge
      0.35 (   239)  Interface
      0.17 (   211)  Delta9
      0.13 (   174)  Delta7
      0.12 (   241)  Delta4
      0.11 (   329)  Delta10
      0.1  (   167)  Delta5
      0.1  (   192)  Delta3
      0.1  (   332)  Delta1
      0.09 (   203)  Delta6
      0.09 (   214)  Delta8
      0.09 (   248)  Glycine
      0.09 ( 10243)  Clash
      0.09 (   228)  Voids
      0.08 (   287)  Delta2
      0.06 (  7106)  Impact
      0.06 (  3720)  Proline
      0.05 (   546)  Binding
      0.04 (  5472)  HBonds


Time taken to build model: 4.82 seconds

Time taken to test model on training data: 0.23 seconds

=== Error on training data ===

Correctly Classified Instances         905               99.2325 %
Incorrectly Classified Instances         7                0.7675 %
Kappa statistic                          0.9846
Mean absolute error                      0.1503
Root mean squared error                  0.1652
Relative absolute error                 30.0691 %
Root relative squared error             33.0401 %
Total Number of Instances              912     


=== Detailed Accuracy By Class ===

                 TP Rate  FP Rate  Precision  Recall   F-Measure  MCC      ROC Area  PRC Area  Class
                 0.991    0.007    0.993      0.991    0.992      0.985    1.000     1.000     PD
                 0.993    0.009    0.991      0.993    0.992      0.985    1.000     1.000     SNP
Weighted Avg.    0.992    0.008    0.992      0.992    0.992      0.985    1.000     1.000     


=== Confusion Matrix ===

   a   b   <-- classified as
 452   4 |   a = PD
   3 453 |   b = SNP

Time taken to perform cross-validation: 29.08 seconds


=== Stratified cross-validation ===

Correctly Classified Instances         746               81.7982 %
Incorrectly Classified Instances       166               18.2018 %
Kappa statistic                          0.636 
Mean absolute error                      0.3862
Root mean squared error                  0.4089
Relative absolute error                 77.231  %
Root relative squared error             81.7732 %
Total Number of Instances              912     


=== Detailed Accuracy By Class ===

                 TP Rate  FP Rate  Precision  Recall   F-Measure  MCC      ROC Area  PRC Area  Class
                 0.752    0.116    0.866      0.752    0.805      0.642    0.892     0.881     PD
                 0.884    0.248    0.781      0.884    0.829      0.642    0.892     0.870     SNP
Weighted Avg.    0.818    0.182    0.824      0.818    0.817      0.642    0.892     0.875     


=== Confusion Matrix ===

   a   b   <-- classified as
 343 113 |   a = PD
  53 403 |   b = SNP

