
Options: -I 500 -attribute-importance 

=== Classifier model (full training set) ===

RandomForest

Bagging with 500 iterations and base learner

weka.classifiers.trees.RandomTree -K 0 -M 1.0 -V 0.001 -S 1 -do-not-check-capabilities

Attribute importance based on average impurity decrease (and number of nodes using that attribute)

      0.8  (  1601)  SPhobic
      0.77 (  3512)  Relaccess
      0.74 (  1472)  CPhim
      0.69 (   713)  BCharge
      0.35 (   858)  Interface
      0.16 ( 25503)  Clash
      0.13 (  1047)  Glycine
      0.11 (   886)  Voids
      0.11 ( 18479)  Impact
      0.09 (  7960)  Proline
      0.08 (  1185)  Binding
      0.06 ( 21387)  MLargest1
      0.06 ( 16178)  NLargest1
      0.06 ( 11048)  HBonds


Time taken to build model: 6.11 seconds

Time taken to test model on training data: 0.36 seconds

=== Error on training data ===

Correctly Classified Instances         904               99.1228 %
Incorrectly Classified Instances         8                0.8772 %
Kappa statistic                          0.9825
Mean absolute error                      0.1528
Root mean squared error                  0.1669
Relative absolute error                 30.5519 %
Root relative squared error             33.3858 %
Total Number of Instances              912     


=== Detailed Accuracy By Class ===

                 TP Rate  FP Rate  Precision  Recall   F-Measure  MCC      ROC Area  PRC Area  Class
                 0.991    0.009    0.991      0.991    0.991      0.982    1.000     1.000     PD
                 0.991    0.009    0.991      0.991    0.991      0.982    1.000     1.000     SNP
Weighted Avg.    0.991    0.009    0.991      0.991    0.991      0.982    1.000     1.000     


=== Confusion Matrix ===

   a   b   <-- classified as
 452   4 |   a = PD
   4 452 |   b = SNP

Time taken to perform cross-validation: 49.32 seconds


=== Stratified cross-validation ===

Correctly Classified Instances         712               78.0702 %
Incorrectly Classified Instances       200               21.9298 %
Kappa statistic                          0.5614
Mean absolute error                      0.4034
Root mean squared error                  0.4269
Relative absolute error                 80.6713 %
Root relative squared error             85.3799 %
Total Number of Instances              912     


=== Detailed Accuracy By Class ===

                 TP Rate  FP Rate  Precision  Recall   F-Measure  MCC      ROC Area  PRC Area  Class
                 0.691    0.129    0.842      0.691    0.759      0.571    0.853     0.847     PD
                 0.871    0.309    0.738      0.871    0.799      0.571    0.853     0.820     SNP
Weighted Avg.    0.781    0.219    0.790      0.781    0.779      0.571    0.853     0.833     


=== Confusion Matrix ===

   a   b   <-- classified as
 315 141 |   a = PD
  59 397 |   b = SNP

