
Options: -I 50 -attribute-importance 

=== Classifier model (full training set) ===

RandomForest

Bagging with 50 iterations and base learner

weka.classifiers.trees.RandomTree -K 0 -M 1.0 -V 0.001 -S 1 -do-not-check-capabilities

Attribute importance based on average impurity decrease (and number of nodes using that attribute)

      0.8  (   190)  SPhobic
      0.76 (   417)  Relaccess
      0.69 (   130)  CPhim
      0.46 (    57)  BCharge
      0.39 (    87)  Interface
      0.14 (  2999)  Clash
      0.13 (   132)  Glycine
      0.11 (   117)  Voids
      0.11 (  2192)  Impact
      0.09 (   972)  Proline
      0.07 (  1435)  HBonds
      0.06 (   143)  Binding
      0.06 (  2662)  MLargest1
      0.06 (  1998)  NLargest1


Time taken to build model: 0.96 seconds

Time taken to test model on training data: 0.11 seconds

=== Error on training data ===

Correctly Classified Instances         907               99.4518 %
Incorrectly Classified Instances         5                0.5482 %
Kappa statistic                          0.989 
Mean absolute error                      0.1482
Root mean squared error                  0.1657
Relative absolute error                 29.6358 %
Root relative squared error             33.1381 %
Total Number of Instances              912     


=== Detailed Accuracy By Class ===

                 TP Rate  FP Rate  Precision  Recall   F-Measure  MCC      ROC Area  PRC Area  Class
                 0.993    0.004    0.996      0.993    0.995      0.989    1.000     1.000     PD
                 0.996    0.007    0.993      0.996    0.995      0.989    1.000     1.000     SNP
Weighted Avg.    0.995    0.005    0.995      0.995    0.995      0.989    1.000     1.000     


=== Confusion Matrix ===

   a   b   <-- classified as
 453   3 |   a = PD
   2 454 |   b = SNP

Time taken to perform cross-validation: 5.23 seconds


=== Stratified cross-validation ===

Correctly Classified Instances         705               77.3026 %
Incorrectly Classified Instances       207               22.6974 %
Kappa statistic                          0.5461
Mean absolute error                      0.4111
Root mean squared error                  0.4332
Relative absolute error                 82.215  %
Root relative squared error             86.6392 %
Total Number of Instances              912     


=== Detailed Accuracy By Class ===

                 TP Rate  FP Rate  Precision  Recall   F-Measure  MCC      ROC Area  PRC Area  Class
                 0.697    0.151    0.822      0.697    0.754      0.552    0.841     0.830     PD
                 0.849    0.303    0.737      0.849    0.789      0.552    0.841     0.819     SNP
Weighted Avg.    0.773    0.227    0.779      0.773    0.772      0.552    0.841     0.825     


=== Confusion Matrix ===

   a   b   <-- classified as
 318 138 |   a = PD
  69 387 |   b = SNP

