
Options: -I 500 -attribute-importance 

=== Classifier model (full training set) ===

RandomForest

Bagging with 500 iterations and base learner

weka.classifiers.trees.RandomTree -K 0 -M 1.0 -V 0.001 -S 1 -do-not-check-capabilities

Attribute importance based on average impurity decrease (and number of nodes using that attribute)

      0.81 (  1945)  SPhobic
      0.79 (  3618)  Relaccess
      0.77 (  1433)  CPhim
      0.59 (   760)  BCharge
      0.37 (  1041)  Interface
      0.15 ( 26304)  Clash
      0.13 (   814)  Voids
      0.1  (  8000)  Proline
      0.1  ( 19239)  Impact
      0.09 (   861)  Glycine
      0.08 (  1193)  Binding
      0.06 ( 11710)  HBonds
      0.06 ( 22538)  MLargest1
      0.06 ( 17239)  NLargest1


Time taken to build model: 8.67 seconds

Time taken to test model on training data: 0.52 seconds

=== Error on training data ===

Correctly Classified Instances         907               99.4518 %
Incorrectly Classified Instances         5                0.5482 %
Kappa statistic                          0.989 
Mean absolute error                      0.1557
Root mean squared error                  0.1668
Relative absolute error                 31.1481 %
Root relative squared error             33.3552 %
Total Number of Instances              912     


=== Detailed Accuracy By Class ===

                 TP Rate  FP Rate  Precision  Recall   F-Measure  MCC      ROC Area  PRC Area  Class
                 0.996    0.007    0.993      0.996    0.995      0.989    1.000     1.000     PD
                 0.993    0.004    0.996      0.993    0.995      0.989    1.000     1.000     SNP
Weighted Avg.    0.995    0.005    0.995      0.995    0.995      0.989    1.000     1.000     


=== Confusion Matrix ===

   a   b   <-- classified as
 454   2 |   a = PD
   3 453 |   b = SNP

Time taken to perform cross-validation: 59.34 seconds


=== Stratified cross-validation ===

Correctly Classified Instances         708               77.6316 %
Incorrectly Classified Instances       204               22.3684 %
Kappa statistic                          0.5526
Mean absolute error                      0.4114
Root mean squared error                  0.4325
Relative absolute error                 82.2823 %
Root relative squared error             86.5058 %
Total Number of Instances              912     


=== Detailed Accuracy By Class ===

                 TP Rate  FP Rate  Precision  Recall   F-Measure  MCC      ROC Area  PRC Area  Class
                 0.671    0.118    0.850      0.671    0.750      0.565    0.841     0.836     PD
                 0.882    0.329    0.728      0.882    0.798      0.565    0.841     0.814     SNP
Weighted Avg.    0.776    0.224    0.789      0.776    0.774      0.565    0.841     0.825     


=== Confusion Matrix ===

   a   b   <-- classified as
 306 150 |   a = PD
  54 402 |   b = SNP

