
Options: -I 50 -attribute-importance 

=== Classifier model (full training set) ===

RandomForest

Bagging with 50 iterations and base learner

weka.classifiers.trees.RandomTree -K 0 -M 1.0 -V 0.001 -S 1 -do-not-check-capabilities

Attribute importance based on average impurity decrease (and number of nodes using that attribute)

      0.79 (   165)  SPhobic
      0.78 (   422)  Relaccess
      0.74 (   156)  CPhim
      0.58 (    62)  BCharge
      0.42 (    94)  Interface
      0.22 (    86)  Voids
      0.21 (  1911)  Clash
      0.15 (   500)  Proline
      0.14 (  1270)  Impact
      0.1  (   136)  Glycine
      0.1  (   134)  Binding
      0.09 (  1483)  MLargest1
      0.09 (  1190)  NLargest1
      0.08 (   820)  HBonds


Time taken to build model: 1.53 seconds

Time taken to test model on training data: 0.12 seconds

=== Error on training data ===

Correctly Classified Instances         908               99.5614 %
Incorrectly Classified Instances         4                0.4386 %
Kappa statistic                          0.9912
Mean absolute error                      0.1472
Root mean squared error                  0.1635
Relative absolute error                 29.4339 %
Root relative squared error             32.6972 %
Total Number of Instances              912     


=== Detailed Accuracy By Class ===

                 TP Rate  FP Rate  Precision  Recall   F-Measure  MCC      ROC Area  PRC Area  Class
                 0.993    0.002    0.998      0.993    0.996      0.991    1.000     1.000     PD
                 0.998    0.007    0.993      0.998    0.996      0.991    1.000     1.000     SNP
Weighted Avg.    0.996    0.004    0.996      0.996    0.996      0.991    1.000     1.000     


=== Confusion Matrix ===

   a   b   <-- classified as
 453   3 |   a = PD
   1 455 |   b = SNP

Time taken to perform cross-validation: 5.58 seconds


=== Stratified cross-validation ===

Correctly Classified Instances         700               76.7544 %
Incorrectly Classified Instances       212               23.2456 %
Kappa statistic                          0.5351
Mean absolute error                      0.4035
Root mean squared error                  0.4287
Relative absolute error                 80.6939 %
Root relative squared error             85.7466 %
Total Number of Instances              912     


=== Detailed Accuracy By Class ===

                 TP Rate  FP Rate  Precision  Recall   F-Measure  MCC      ROC Area  PRC Area  Class
                 0.658    0.123    0.843      0.658    0.739      0.548    0.844     0.844     PD
                 0.877    0.342    0.719      0.877    0.791      0.548    0.844     0.812     SNP
Weighted Avg.    0.768    0.232    0.781      0.768    0.765      0.548    0.844     0.828     


=== Confusion Matrix ===

   a   b   <-- classified as
 300 156 |   a = PD
  56 400 |   b = SNP

