
Options: -I 50 -attribute-importance 

=== Classifier model (full training set) ===

RandomForest

Bagging with 50 iterations and base learner

weka.classifiers.trees.RandomTree -K 0 -M 1.0 -V 0.001 -S 1 -do-not-check-capabilities

Attribute importance based on average impurity decrease (and number of nodes using that attribute)

      0.78 (   146)  SPhobic
      0.73 (   443)  Relaccess
      0.65 (   122)  CPhim
      0.53 (    57)  BCharge
      0.38 (   121)  Interface
      0.13 (  2780)  Clash
      0.11 (    61)  Glycine
      0.11 (   122)  Binding
      0.1  (  2051)  Impact
      0.1  (   118)  Voids
      0.08 (   782)  Proline
      0.07 (  1871)  NLargest1
      0.07 (  2470)  MLargest1
      0.05 (  1303)  HBonds


Time taken to build model: 0.95 seconds

Time taken to test model on training data: 0.09 seconds

=== Error on training data ===

Correctly Classified Instances         906               99.3421 %
Incorrectly Classified Instances         6                0.6579 %
Kappa statistic                          0.9868
Mean absolute error                      0.1367
Root mean squared error                  0.1567
Relative absolute error                 27.3443 %
Root relative squared error             31.3469 %
Total Number of Instances              912     


=== Detailed Accuracy By Class ===

                 TP Rate  FP Rate  Precision  Recall   F-Measure  MCC      ROC Area  PRC Area  Class
                 0.991    0.004    0.996      0.991    0.993      0.987    1.000     1.000     PD
                 0.996    0.009    0.991      0.996    0.993      0.987    1.000     1.000     SNP
Weighted Avg.    0.993    0.007    0.993      0.993    0.993      0.987    1.000     1.000     


=== Confusion Matrix ===

   a   b   <-- classified as
 452   4 |   a = PD
   2 454 |   b = SNP

Time taken to perform cross-validation: 4.81 seconds


=== Stratified cross-validation ===

Correctly Classified Instances         721               79.057  %
Incorrectly Classified Instances       191               20.943  %
Kappa statistic                          0.5811
Mean absolute error                      0.3912
Root mean squared error                  0.4143
Relative absolute error                 78.236  %
Root relative squared error             82.8636 %
Total Number of Instances              912     


=== Detailed Accuracy By Class ===

                 TP Rate  FP Rate  Precision  Recall   F-Measure  MCC      ROC Area  PRC Area  Class
                 0.728    0.147    0.832      0.728    0.777      0.586    0.876     0.881     PD
                 0.853    0.272    0.758      0.853    0.803      0.586    0.876     0.856     SNP
Weighted Avg.    0.791    0.209    0.795      0.791    0.790      0.586    0.876     0.869     


=== Confusion Matrix ===

   a   b   <-- classified as
 332 124 |   a = PD
  67 389 |   b = SNP

