
Options: -I 100 -attribute-importance 

=== Classifier model (full training set) ===

RandomForest

Bagging with 100 iterations and base learner

weka.classifiers.trees.RandomTree -K 0 -M 1.0 -V 0.001 -S 1 -do-not-check-capabilities

Attribute importance based on average impurity decrease (and number of nodes using that attribute)

      0.78 (   279)  SPhobic
      0.75 (   708)  Relaccess
      0.74 (   284)  CPhim
      0.67 (   128)  BCharge
      0.35 (   176)  Interface
      0.16 (  4972)  Clash
      0.13 (   202)  Glycine
      0.11 (  3713)  Impact
      0.11 (   147)  Voids
      0.09 (  1543)  Proline
      0.07 (   227)  Binding
      0.06 (  4330)  MLargest1
      0.06 (  3060)  NLargest1
      0.06 (  2202)  HBonds


Time taken to build model: 1.36 seconds

Time taken to test model on training data: 0.17 seconds

=== Error on training data ===

Correctly Classified Instances         904               99.1228 %
Incorrectly Classified Instances         8                0.8772 %
Kappa statistic                          0.9825
Mean absolute error                      0.1509
Root mean squared error                  0.1668
Relative absolute error                 30.1851 %
Root relative squared error             33.3631 %
Total Number of Instances              912     


=== Detailed Accuracy By Class ===

                 TP Rate  FP Rate  Precision  Recall   F-Measure  MCC      ROC Area  PRC Area  Class
                 0.993    0.011    0.989      0.993    0.991      0.982    1.000     1.000     PD
                 0.989    0.007    0.993      0.989    0.991      0.982    1.000     1.000     SNP
Weighted Avg.    0.991    0.009    0.991      0.991    0.991      0.982    1.000     1.000     


=== Confusion Matrix ===

   a   b   <-- classified as
 453   3 |   a = PD
   5 451 |   b = SNP

Time taken to perform cross-validation: 8.86 seconds


=== Stratified cross-validation ===

Correctly Classified Instances         696               76.3158 %
Incorrectly Classified Instances       216               23.6842 %
Kappa statistic                          0.5263
Mean absolute error                      0.4106
Root mean squared error                  0.4343
Relative absolute error                 82.1287 %
Root relative squared error             86.8544 %
Total Number of Instances              912     


=== Detailed Accuracy By Class ===

                 TP Rate  FP Rate  Precision  Recall   F-Measure  MCC      ROC Area  PRC Area  Class
                 0.678    0.151    0.817      0.678    0.741      0.534    0.833     0.825     PD
                 0.849    0.322    0.725      0.849    0.782      0.534    0.833     0.804     SNP
Weighted Avg.    0.763    0.237    0.771      0.763    0.761      0.534    0.833     0.815     


=== Confusion Matrix ===

   a   b   <-- classified as
 309 147 |   a = PD
  69 387 |   b = SNP

