
Options: -I 50 -attribute-importance 

=== Classifier model (full training set) ===

RandomForest

Bagging with 50 iterations and base learner

weka.classifiers.trees.RandomTree -K 0 -M 1.0 -V 0.001 -S 1 -do-not-check-capabilities

Attribute importance based on average impurity decrease (and number of nodes using that attribute)

      0.76 (   345)  Relaccess
      0.75 (   115)  SPhobic
      0.73 (   102)  CPhim
      0.68 (    72)  BCharge
      0.42 (   110)  Interface
      0.12 (  2691)  Clash
      0.11 (   100)  Glycine
      0.1  (    93)  Voids
      0.09 (  1896)  Impact
      0.09 (   702)  Proline
      0.07 (  2245)  MLargest1
      0.06 (  1679)  NLargest1
      0.05 (   143)  Binding
      0.05 (  1264)  HBonds


Time taken to build model: 0.87 seconds

Time taken to test model on training data: 0.13 seconds

=== Error on training data ===

Correctly Classified Instances         906               99.3421 %
Incorrectly Classified Instances         6                0.6579 %
Kappa statistic                          0.9868
Mean absolute error                      0.145 
Root mean squared error                  0.1617
Relative absolute error                 29.0068 %
Root relative squared error             32.3386 %
Total Number of Instances              912     


=== Detailed Accuracy By Class ===

                 TP Rate  FP Rate  Precision  Recall   F-Measure  MCC      ROC Area  PRC Area  Class
                 0.987    0.000    1.000      0.987    0.993      0.987    1.000     1.000     PD
                 1.000    0.013    0.987      1.000    0.993      0.987    1.000     1.000     SNP
Weighted Avg.    0.993    0.007    0.994      0.993    0.993      0.987    1.000     1.000     


=== Confusion Matrix ===

   a   b   <-- classified as
 450   6 |   a = PD
   0 456 |   b = SNP

Time taken to perform cross-validation: 3.99 seconds


=== Stratified cross-validation ===

Correctly Classified Instances         727               79.7149 %
Incorrectly Classified Instances       185               20.2851 %
Kappa statistic                          0.5943
Mean absolute error                      0.4015
Root mean squared error                  0.4249
Relative absolute error                 80.3018 %
Root relative squared error             84.9872 %
Total Number of Instances              912     


=== Detailed Accuracy By Class ===

                 TP Rate  FP Rate  Precision  Recall   F-Measure  MCC      ROC Area  PRC Area  Class
                 0.711    0.116    0.859      0.711    0.778      0.603    0.862     0.847     PD
                 0.884    0.289    0.753      0.884    0.813      0.603    0.862     0.837     SNP
Weighted Avg.    0.797    0.203    0.806      0.797    0.796      0.603    0.862     0.842     


=== Confusion Matrix ===

   a   b   <-- classified as
 324 132 |   a = PD
  53 403 |   b = SNP

