
Options: -I 500 -attribute-importance 

=== Classifier model (full training set) ===

RandomForest

Bagging with 500 iterations and base learner

weka.classifiers.trees.RandomTree -K 0 -M 1.0 -V 0.001 -S 1 -do-not-check-capabilities

Attribute importance based on average impurity decrease (and number of nodes using that attribute)

      0.79 (  1869)  SPhobic
      0.78 (  3735)  Relaccess
      0.73 (  1311)  CPhim
      0.68 (   833)  BCharge
      0.38 (   881)  Interface
      0.17 ( 26550)  Clash
      0.13 (   928)  Glycine
      0.12 (  1014)  Voids
      0.11 ( 18818)  Impact
      0.11 (  8420)  Proline
      0.09 (  1227)  Binding
      0.08 ( 11603)  HBonds
      0.07 ( 21992)  MLargest1
      0.06 ( 17119)  NLargest1


Time taken to build model: 6.9 seconds

Time taken to test model on training data: 0.37 seconds

=== Error on training data ===

Correctly Classified Instances         908               99.5614 %
Incorrectly Classified Instances         4                0.4386 %
Kappa statistic                          0.9912
Mean absolute error                      0.1502
Root mean squared error                  0.1616
Relative absolute error                 30.0462 %
Root relative squared error             32.3249 %
Total Number of Instances              912     


=== Detailed Accuracy By Class ===

                 TP Rate  FP Rate  Precision  Recall   F-Measure  MCC      ROC Area  PRC Area  Class
                 0.998    0.007    0.993      0.998    0.996      0.991    1.000     1.000     PD
                 0.993    0.002    0.998      0.993    0.996      0.991    1.000     1.000     SNP
Weighted Avg.    0.996    0.004    0.996      0.996    0.996      0.991    1.000     1.000     


=== Confusion Matrix ===

   a   b   <-- classified as
 455   1 |   a = PD
   3 453 |   b = SNP

Time taken to perform cross-validation: 51.29 seconds


=== Stratified cross-validation ===

Correctly Classified Instances         700               76.7544 %
Incorrectly Classified Instances       212               23.2456 %
Kappa statistic                          0.5351
Mean absolute error                      0.4059
Root mean squared error                  0.4282
Relative absolute error                 81.1801 %
Root relative squared error             85.6298 %
Total Number of Instances              912     


=== Detailed Accuracy By Class ===

                 TP Rate  FP Rate  Precision  Recall   F-Measure  MCC      ROC Area  PRC Area  Class
                 0.660    0.125    0.841      0.660    0.740      0.548    0.852     0.854     PD
                 0.875    0.340    0.720      0.875    0.790      0.548    0.852     0.828     SNP
Weighted Avg.    0.768    0.232    0.780      0.768    0.765      0.548    0.852     0.841     


=== Confusion Matrix ===

   a   b   <-- classified as
 301 155 |   a = PD
  57 399 |   b = SNP

