
Options: -I 100 -attribute-importance 

=== Classifier model (full training set) ===

RandomForest

Bagging with 100 iterations and base learner

weka.classifiers.trees.RandomTree -K 0 -M 1.0 -V 0.001 -S 1 -do-not-check-capabilities

Attribute importance based on average impurity decrease (and number of nodes using that attribute)

      0.8  (   340)  SPhobic
      0.74 (   791)  Relaccess
      0.69 (   234)  CPhim
      0.61 (   148)  BCharge
      0.37 (   202)  Interface
      0.13 (  5594)  Clash
      0.12 (   257)  Voids
      0.1  (   142)  Glycine
      0.1  (  4259)  Impact
      0.09 (   234)  Binding
      0.08 (  1736)  Proline
      0.07 (  5003)  MLargest1
      0.06 (  3825)  NLargest1
      0.05 (  2574)  HBonds


Time taken to build model: 1.57 seconds

Time taken to test model on training data: 0.2 seconds

=== Error on training data ===

Correctly Classified Instances         906               99.3421 %
Incorrectly Classified Instances         6                0.6579 %
Kappa statistic                          0.9868
Mean absolute error                      0.1409
Root mean squared error                  0.1574
Relative absolute error                 28.1874 %
Root relative squared error             31.4798 %
Total Number of Instances              912     


=== Detailed Accuracy By Class ===

                 TP Rate  FP Rate  Precision  Recall   F-Measure  MCC      ROC Area  PRC Area  Class
                 0.991    0.004    0.996      0.991    0.993      0.987    1.000     1.000     PD
                 0.996    0.009    0.991      0.996    0.993      0.987    1.000     1.000     SNP
Weighted Avg.    0.993    0.007    0.993      0.993    0.993      0.987    1.000     1.000     


=== Confusion Matrix ===

   a   b   <-- classified as
 452   4 |   a = PD
   2 454 |   b = SNP

Time taken to perform cross-validation: 9.36 seconds


=== Stratified cross-validation ===

Correctly Classified Instances         732               80.2632 %
Incorrectly Classified Instances       180               19.7368 %
Kappa statistic                          0.6053
Mean absolute error                      0.3918
Root mean squared error                  0.414 
Relative absolute error                 78.3656 %
Root relative squared error             82.7902 %
Total Number of Instances              912     


=== Detailed Accuracy By Class ===

                 TP Rate  FP Rate  Precision  Recall   F-Measure  MCC      ROC Area  PRC Area  Class
                 0.732    0.127    0.852      0.732    0.788      0.611    0.881     0.884     PD
                 0.873    0.268    0.765      0.873    0.816      0.611    0.881     0.861     SNP
Weighted Avg.    0.803    0.197    0.809      0.803    0.802      0.611    0.881     0.872     


=== Confusion Matrix ===

   a   b   <-- classified as
 334 122 |   a = PD
  58 398 |   b = SNP

