
Options: -I 50 -K 20 

=== Classifier model (full training set) ===

RandomForest

Bagging with 50 iterations and base learner

weka.classifiers.trees.RandomTree -K 20 -M 1.0 -V 0.001 -S 1 -do-not-check-capabilities

Time taken to build model: 3.13 seconds

Time taken to test model on training data: 0.1 seconds

=== Error on training data ===

Correctly Classified Instances         905               99.2325 %
Incorrectly Classified Instances         7                0.7675 %
Kappa statistic                          0.9846
Mean absolute error                      0.1727
Root mean squared error                  0.1881
Relative absolute error                 34.5496 %
Root relative squared error             37.6276 %
Total Number of Instances              912     


=== Detailed Accuracy By Class ===

                 TP Rate  FP Rate  Precision  Recall   F-Measure  MCC      ROC Area  PRC Area  Class
                 0.991    0.007    0.993      0.991    0.992      0.985    1.000     1.000     PD
                 0.993    0.009    0.991      0.993    0.992      0.985    1.000     1.000     SNP
Weighted Avg.    0.992    0.008    0.992      0.992    0.992      0.985    1.000     1.000     


=== Confusion Matrix ===

   a   b   <-- classified as
 452   4 |   a = PD
   3 453 |   b = SNP

Time taken to perform cross-validation: 26.74 seconds


=== Stratified cross-validation ===

Correctly Classified Instances         667               73.136  %
Incorrectly Classified Instances       245               26.864  %
Kappa statistic                          0.4627
Mean absolute error                      0.4431
Root mean squared error                  0.4652
Relative absolute error                 88.6236 %
Root relative squared error             93.0462 %
Total Number of Instances              912     


=== Detailed Accuracy By Class ===

                 TP Rate  FP Rate  Precision  Recall   F-Measure  MCC      ROC Area  PRC Area  Class
                 0.625    0.162    0.794      0.625    0.699      0.474    0.767     0.734     PD
                 0.838    0.375    0.691      0.838    0.757      0.474    0.767     0.737     SNP
Weighted Avg.    0.731    0.269    0.742      0.731    0.728      0.474    0.767     0.735     


=== Confusion Matrix ===

   a   b   <-- classified as
 285 171 |   a = PD
  74 382 |   b = SNP

