
Options: -I 500 -K 20 

=== Classifier model (full training set) ===

RandomForest

Bagging with 500 iterations and base learner

weka.classifiers.trees.RandomTree -K 20 -M 1.0 -V 0.001 -S 1 -do-not-check-capabilities

Time taken to build model: 39.59 seconds

Time taken to test model on training data: 0.6 seconds

=== Error on training data ===

Correctly Classified Instances         904               99.1228 %
Incorrectly Classified Instances         8                0.8772 %
Kappa statistic                          0.9825
Mean absolute error                      0.1724
Root mean squared error                  0.1857
Relative absolute error                 34.4794 %
Root relative squared error             37.1406 %
Total Number of Instances              912     


=== Detailed Accuracy By Class ===

                 TP Rate  FP Rate  Precision  Recall   F-Measure  MCC      ROC Area  PRC Area  Class
                 0.993    0.011    0.989      0.993    0.991      0.982    1.000     1.000     PD
                 0.989    0.007    0.993      0.989    0.991      0.982    1.000     1.000     SNP
Weighted Avg.    0.991    0.009    0.991      0.991    0.991      0.982    1.000     1.000     


=== Confusion Matrix ===

   a   b   <-- classified as
 453   3 |   a = PD
   5 451 |   b = SNP

Time taken to perform cross-validation: 168.81 seconds


=== Stratified cross-validation ===

Correctly Classified Instances         641               70.2851 %
Incorrectly Classified Instances       271               29.7149 %
Kappa statistic                          0.4057
Mean absolute error                      0.4514
Root mean squared error                  0.474 
Relative absolute error                 90.2744 %
Root relative squared error             94.7997 %
Total Number of Instances              912     


=== Detailed Accuracy By Class ===

                 TP Rate  FP Rate  Precision  Recall   F-Measure  MCC      ROC Area  PRC Area  Class
                 0.579    0.173    0.770      0.579    0.661      0.419    0.727     0.693     PD
                 0.827    0.421    0.663      0.827    0.736      0.419    0.727     0.711     SNP
Weighted Avg.    0.703    0.297    0.716      0.703    0.698      0.419    0.727     0.702     


=== Confusion Matrix ===

   a   b   <-- classified as
 264 192 |   a = PD
  79 377 |   b = SNP

