
Options: -I 100 -K 20 

=== Classifier model (full training set) ===

RandomForest

Bagging with 100 iterations and base learner

weka.classifiers.trees.RandomTree -K 20 -M 1.0 -V 0.001 -S 1 -do-not-check-capabilities

Time taken to build model: 5.59 seconds

Time taken to test model on training data: 0.22 seconds

=== Error on training data ===

Correctly Classified Instances         911               99.8904 %
Incorrectly Classified Instances         1                0.1096 %
Kappa statistic                          0.9978
Mean absolute error                      0.1691
Root mean squared error                  0.1807
Relative absolute error                 33.8167 %
Root relative squared error             36.1442 %
Total Number of Instances              912     


=== Detailed Accuracy By Class ===

                 TP Rate  FP Rate  Precision  Recall   F-Measure  MCC      ROC Area  PRC Area  Class
                 1.000    0.002    0.998      1.000    0.999      0.998    1.000     1.000     PD
                 0.998    0.000    1.000      0.998    0.999      0.998    1.000     1.000     SNP
Weighted Avg.    0.999    0.001    0.999      0.999    0.999      0.998    1.000     1.000     


=== Confusion Matrix ===

   a   b   <-- classified as
 456   0 |   a = PD
   1 455 |   b = SNP

Time taken to perform cross-validation: 48.73 seconds


=== Stratified cross-validation ===

Correctly Classified Instances         682               74.7807 %
Incorrectly Classified Instances       230               25.2193 %
Kappa statistic                          0.4956
Mean absolute error                      0.4329
Root mean squared error                  0.4545
Relative absolute error                 86.5826 %
Root relative squared error             90.9039 %
Total Number of Instances              912     


=== Detailed Accuracy By Class ===

                 TP Rate  FP Rate  Precision  Recall   F-Measure  MCC      ROC Area  PRC Area  Class
                 0.640    0.145    0.816      0.640    0.717      0.507    0.794     0.776     PD
                 0.855    0.360    0.704      0.855    0.772      0.507    0.794     0.775     SNP
Weighted Avg.    0.748    0.252    0.760      0.748    0.745      0.507    0.794     0.776     


=== Confusion Matrix ===

   a   b   <-- classified as
 292 164 |   a = PD
  66 390 |   b = SNP

