
Options: -I 1000 -K 20 

=== Classifier model (full training set) ===

RandomForest

Bagging with 1000 iterations and base learner

weka.classifiers.trees.RandomTree -K 20 -M 1.0 -V 0.001 -S 1 -do-not-check-capabilities

Time taken to build model: 71.22 seconds

Time taken to test model on training data: 1.17 seconds

=== Error on training data ===

Correctly Classified Instances         903               99.0132 %
Incorrectly Classified Instances         9                0.9868 %
Kappa statistic                          0.9803
Mean absolute error                      0.1673
Root mean squared error                  0.1813
Relative absolute error                 33.4627 %
Root relative squared error             36.2546 %
Total Number of Instances              912     


=== Detailed Accuracy By Class ===

                 TP Rate  FP Rate  Precision  Recall   F-Measure  MCC      ROC Area  PRC Area  Class
                 0.993    0.013    0.987      0.993    0.990      0.980    1.000     1.000     PD
                 0.987    0.007    0.993      0.987    0.990      0.980    1.000     1.000     SNP
Weighted Avg.    0.990    0.010    0.990      0.990    0.990      0.980    1.000     1.000     


=== Confusion Matrix ===

   a   b   <-- classified as
 453   3 |   a = PD
   6 450 |   b = SNP

Time taken to perform cross-validation: 324.38 seconds


=== Stratified cross-validation ===

Correctly Classified Instances         689               75.5482 %
Incorrectly Classified Instances       223               24.4518 %
Kappa statistic                          0.511 
Mean absolute error                      0.4381
Root mean squared error                  0.4613
Relative absolute error                 87.6247 %
Root relative squared error             92.2526 %
Total Number of Instances              912     


=== Detailed Accuracy By Class ===

                 TP Rate  FP Rate  Precision  Recall   F-Measure  MCC      ROC Area  PRC Area  Class
                 0.669    0.158    0.809      0.669    0.732      0.519    0.776     0.744     PD
                 0.842    0.331    0.718      0.842    0.775      0.519    0.776     0.759     SNP
Weighted Avg.    0.755    0.245    0.763      0.755    0.754      0.519    0.776     0.752     


=== Confusion Matrix ===

   a   b   <-- classified as
 305 151 |   a = PD
  72 384 |   b = SNP

