
Options: -I 100 -K 20 

=== Classifier model (full training set) ===

RandomForest

Bagging with 100 iterations and base learner

weka.classifiers.trees.RandomTree -K 20 -M 1.0 -V 0.001 -S 1 -do-not-check-capabilities

Time taken to build model: 8.12 seconds

Time taken to test model on training data: 0.2 seconds

=== Error on training data ===

Correctly Classified Instances         904               99.1228 %
Incorrectly Classified Instances         8                0.8772 %
Kappa statistic                          0.9825
Mean absolute error                      0.1726
Root mean squared error                  0.1875
Relative absolute error                 34.5185 %
Root relative squared error             37.5044 %
Total Number of Instances              912     


=== Detailed Accuracy By Class ===

                 TP Rate  FP Rate  Precision  Recall   F-Measure  MCC      ROC Area  PRC Area  Class
                 0.989    0.007    0.993      0.989    0.991      0.982    1.000     1.000     PD
                 0.993    0.011    0.989      0.993    0.991      0.982    1.000     1.000     SNP
Weighted Avg.    0.991    0.009    0.991      0.991    0.991      0.982    1.000     1.000     


=== Confusion Matrix ===

   a   b   <-- classified as
 451   5 |   a = PD
   3 453 |   b = SNP

Time taken to perform cross-validation: 55.88 seconds


=== Stratified cross-validation ===

Correctly Classified Instances         646               70.8333 %
Incorrectly Classified Instances       266               29.1667 %
Kappa statistic                          0.4167
Mean absolute error                      0.4522
Root mean squared error                  0.4751
Relative absolute error                 90.4339 %
Root relative squared error             95.0259 %
Total Number of Instances              912     


=== Detailed Accuracy By Class ===

                 TP Rate  FP Rate  Precision  Recall   F-Measure  MCC      ROC Area  PRC Area  Class
                 0.583    0.167    0.778      0.583    0.667      0.430    0.722     0.692     PD
                 0.833    0.417    0.667      0.833    0.741      0.430    0.722     0.701     SNP
Weighted Avg.    0.708    0.292    0.722      0.708    0.704      0.430    0.722     0.697     


=== Confusion Matrix ===

   a   b   <-- classified as
 266 190 |   a = PD
  76 380 |   b = SNP

