
Options: -I 500 -K 20 

=== Classifier model (full training set) ===

RandomForest

Bagging with 500 iterations and base learner

weka.classifiers.trees.RandomTree -K 20 -M 1.0 -V 0.001 -S 1 -do-not-check-capabilities

Time taken to build model: 19.35 seconds

Time taken to test model on training data: 0.45 seconds

=== Error on training data ===

Correctly Classified Instances         908               99.5614 %
Incorrectly Classified Instances         4                0.4386 %
Kappa statistic                          0.9912
Mean absolute error                      0.1674
Root mean squared error                  0.1778
Relative absolute error                 33.474  %
Root relative squared error             35.5611 %
Total Number of Instances              912     


=== Detailed Accuracy By Class ===

                 TP Rate  FP Rate  Precision  Recall   F-Measure  MCC      ROC Area  PRC Area  Class
                 0.998    0.007    0.993      0.998    0.996      0.991    1.000     1.000     PD
                 0.993    0.002    0.998      0.993    0.996      0.991    1.000     1.000     SNP
Weighted Avg.    0.996    0.004    0.996      0.996    0.996      0.991    1.000     1.000     


=== Confusion Matrix ===

   a   b   <-- classified as
 455   1 |   a = PD
   3 453 |   b = SNP

Time taken to perform cross-validation: 102.92 seconds


=== Stratified cross-validation ===

Correctly Classified Instances         686               75.2193 %
Incorrectly Classified Instances       226               24.7807 %
Kappa statistic                          0.5044
Mean absolute error                      0.4404
Root mean squared error                  0.4618
Relative absolute error                 88.0704 %
Root relative squared error             92.3544 %
Total Number of Instances              912     


=== Detailed Accuracy By Class ===

                 TP Rate  FP Rate  Precision  Recall   F-Measure  MCC      ROC Area  PRC Area  Class
                 0.645    0.140    0.821      0.645    0.722      0.516    0.774     0.755     PD
                 0.860    0.355    0.708      0.860    0.776      0.516    0.774     0.732     SNP
Weighted Avg.    0.752    0.248    0.764      0.752    0.749      0.516    0.774     0.743     


=== Confusion Matrix ===

   a   b   <-- classified as
 294 162 |   a = PD
  64 392 |   b = SNP

