
Options: -I 50 -K 20 

=== Classifier model (full training set) ===

RandomForest

Bagging with 50 iterations and base learner

weka.classifiers.trees.RandomTree -K 20 -M 1.0 -V 0.001 -S 1 -do-not-check-capabilities

Time taken to build model: 2.81 seconds

Time taken to test model on training data: 0.14 seconds

=== Error on training data ===

Correctly Classified Instances         911               99.8904 %
Incorrectly Classified Instances         1                0.1096 %
Kappa statistic                          0.9978
Mean absolute error                      0.1667
Root mean squared error                  0.1803
Relative absolute error                 33.3404 %
Root relative squared error             36.0533 %
Total Number of Instances              912     


=== Detailed Accuracy By Class ===

                 TP Rate  FP Rate  Precision  Recall   F-Measure  MCC      ROC Area  PRC Area  Class
                 0.998    0.000    1.000      0.998    0.999      0.998    1.000     1.000     PD
                 1.000    0.002    0.998      1.000    0.999      0.998    1.000     1.000     SNP
Weighted Avg.    0.999    0.001    0.999      0.999    0.999      0.998    1.000     1.000     


=== Confusion Matrix ===

   a   b   <-- classified as
 455   1 |   a = PD
   0 456 |   b = SNP

Time taken to perform cross-validation: 29.88 seconds


=== Stratified cross-validation ===

Correctly Classified Instances         680               74.5614 %
Incorrectly Classified Instances       232               25.4386 %
Kappa statistic                          0.4912
Mean absolute error                      0.4323
Root mean squared error                  0.4544
Relative absolute error                 86.4686 %
Root relative squared error             90.8749 %
Total Number of Instances              912     


=== Detailed Accuracy By Class ===

                 TP Rate  FP Rate  Precision  Recall   F-Measure  MCC      ROC Area  PRC Area  Class
                 0.649    0.158    0.804      0.649    0.718      0.501    0.793     0.774     PD
                 0.842    0.351    0.706      0.842    0.768      0.501    0.793     0.774     SNP
Weighted Avg.    0.746    0.254    0.755      0.746    0.743      0.501    0.793     0.774     


=== Confusion Matrix ===

   a   b   <-- classified as
 296 160 |   a = PD
  72 384 |   b = SNP

