
Options: -I 50 -K 20 

=== Classifier model (full training set) ===

RandomForest

Bagging with 50 iterations and base learner

weka.classifiers.trees.RandomTree -K 20 -M 1.0 -V 0.001 -S 1 -do-not-check-capabilities

Time taken to build model: 2.35 seconds

Time taken to test model on training data: 0.1 seconds

=== Error on training data ===

Correctly Classified Instances         908               99.5614 %
Incorrectly Classified Instances         4                0.4386 %
Kappa statistic                          0.9912
Mean absolute error                      0.1689
Root mean squared error                  0.1832
Relative absolute error                 33.7733 %
Root relative squared error             36.6329 %
Total Number of Instances              912     


=== Detailed Accuracy By Class ===

                 TP Rate  FP Rate  Precision  Recall   F-Measure  MCC      ROC Area  PRC Area  Class
                 0.996    0.004    0.996      0.996    0.996      0.991    1.000     1.000     PD
                 0.996    0.004    0.996      0.996    0.996      0.991    1.000     1.000     SNP
Weighted Avg.    0.996    0.004    0.996      0.996    0.996      0.991    1.000     1.000     


=== Confusion Matrix ===

   a   b   <-- classified as
 454   2 |   a = PD
   2 454 |   b = SNP

Time taken to perform cross-validation: 15.42 seconds


=== Stratified cross-validation ===

Correctly Classified Instances         679               74.4518 %
Incorrectly Classified Instances       233               25.5482 %
Kappa statistic                          0.489 
Mean absolute error                      0.4393
Root mean squared error                  0.4609
Relative absolute error                 87.8632 %
Root relative squared error             92.1855 %
Total Number of Instances              912     


=== Detailed Accuracy By Class ===

                 TP Rate  FP Rate  Precision  Recall   F-Measure  MCC      ROC Area  PRC Area  Class
                 0.647    0.158    0.804      0.647    0.717      0.499    0.774     0.752     PD
                 0.842    0.353    0.705      0.842    0.767      0.499    0.774     0.730     SNP
Weighted Avg.    0.745    0.255    0.754      0.745    0.742      0.499    0.774     0.741     


=== Confusion Matrix ===

   a   b   <-- classified as
 295 161 |   a = PD
  72 384 |   b = SNP

