
Options: -I 100 -K 20 

=== Classifier model (full training set) ===

RandomForest

Bagging with 100 iterations and base learner

weka.classifiers.trees.RandomTree -K 20 -M 1.0 -V 0.001 -S 1 -do-not-check-capabilities

Time taken to build model: 4.86 seconds

Time taken to test model on training data: 0.22 seconds

=== Error on training data ===

Correctly Classified Instances         908               99.5614 %
Incorrectly Classified Instances         4                0.4386 %
Kappa statistic                          0.9912
Mean absolute error                      0.1665
Root mean squared error                  0.1785
Relative absolute error                 33.298  %
Root relative squared error             35.7028 %
Total Number of Instances              912     


=== Detailed Accuracy By Class ===

                 TP Rate  FP Rate  Precision  Recall   F-Measure  MCC      ROC Area  PRC Area  Class
                 0.996    0.004    0.996      0.996    0.996      0.991    1.000     1.000     PD
                 0.996    0.004    0.996      0.996    0.996      0.991    1.000     1.000     SNP
Weighted Avg.    0.996    0.004    0.996      0.996    0.996      0.991    1.000     1.000     


=== Confusion Matrix ===

   a   b   <-- classified as
 454   2 |   a = PD
   2 454 |   b = SNP

Time taken to perform cross-validation: 31.3 seconds


=== Stratified cross-validation ===

Correctly Classified Instances         686               75.2193 %
Incorrectly Classified Instances       226               24.7807 %
Kappa statistic                          0.5044
Mean absolute error                      0.4412
Root mean squared error                  0.4626
Relative absolute error                 88.2365 %
Root relative squared error             92.5191 %
Total Number of Instances              912     


=== Detailed Accuracy By Class ===

                 TP Rate  FP Rate  Precision  Recall   F-Measure  MCC      ROC Area  PRC Area  Class
                 0.651    0.147    0.816      0.651    0.724      0.515    0.770     0.749     PD
                 0.853    0.349    0.710      0.853    0.775      0.515    0.770     0.728     SNP
Weighted Avg.    0.752    0.248    0.763      0.752    0.750      0.515    0.770     0.738     


=== Confusion Matrix ===

   a   b   <-- classified as
 297 159 |   a = PD
  67 389 |   b = SNP

