
Options: -I 1000 -K 20 

=== Classifier model (full training set) ===

RandomForest

Bagging with 1000 iterations and base learner

weka.classifiers.trees.RandomTree -K 20 -M 1.0 -V 0.001 -S 1 -do-not-check-capabilities

Time taken to build model: 71.34 seconds

Time taken to test model on training data: 1.03 seconds

=== Error on training data ===

Correctly Classified Instances         904               99.1228 %
Incorrectly Classified Instances         8                0.8772 %
Kappa statistic                          0.9825
Mean absolute error                      0.1729
Root mean squared error                  0.186 
Relative absolute error                 34.5843 %
Root relative squared error             37.1906 %
Total Number of Instances              912     


=== Detailed Accuracy By Class ===

                 TP Rate  FP Rate  Precision  Recall   F-Measure  MCC      ROC Area  PRC Area  Class
                 0.991    0.009    0.991      0.991    0.991      0.982    1.000     1.000     PD
                 0.991    0.009    0.991      0.991    0.991      0.982    1.000     1.000     SNP
Weighted Avg.    0.991    0.009    0.991      0.991    0.991      0.982    1.000     1.000     


=== Confusion Matrix ===

   a   b   <-- classified as
 452   4 |   a = PD
   4 452 |   b = SNP

Time taken to perform cross-validation: 294.86 seconds


=== Stratified cross-validation ===

Correctly Classified Instances         638               69.9561 %
Incorrectly Classified Instances       274               30.0439 %
Kappa statistic                          0.3991
Mean absolute error                      0.4518
Root mean squared error                  0.4744
Relative absolute error                 90.3583 %
Root relative squared error             94.8758 %
Total Number of Instances              912     


=== Detailed Accuracy By Class ===

                 TP Rate  FP Rate  Precision  Recall   F-Measure  MCC      ROC Area  PRC Area  Class
                 0.570    0.171    0.769      0.570    0.655      0.413    0.727     0.692     PD
                 0.829    0.430    0.659      0.829    0.734      0.413    0.727     0.711     SNP
Weighted Avg.    0.700    0.300    0.714      0.700    0.694      0.413    0.727     0.702     


=== Confusion Matrix ===

   a   b   <-- classified as
 260 196 |   a = PD
  78 378 |   b = SNP

