
Options: -I 500 -K 20 

=== Classifier model (full training set) ===

RandomForest

Bagging with 500 iterations and base learner

weka.classifiers.trees.RandomTree -K 20 -M 1.0 -V 0.001 -S 1 -do-not-check-capabilities

Time taken to build model: 39.22 seconds

Time taken to test model on training data: 0.68 seconds

=== Error on training data ===

Correctly Classified Instances         905               99.2325 %
Incorrectly Classified Instances         7                0.7675 %
Kappa statistic                          0.9846
Mean absolute error                      0.1671
Root mean squared error                  0.1796
Relative absolute error                 33.4238 %
Root relative squared error             35.9106 %
Total Number of Instances              912     


=== Detailed Accuracy By Class ===

                 TP Rate  FP Rate  Precision  Recall   F-Measure  MCC      ROC Area  PRC Area  Class
                 0.989    0.004    0.996      0.989    0.992      0.985    1.000     1.000     PD
                 0.996    0.011    0.989      0.996    0.992      0.985    1.000     1.000     SNP
Weighted Avg.    0.992    0.008    0.992      0.992    0.992      0.985    1.000     1.000     


=== Confusion Matrix ===

   a   b   <-- classified as
 451   5 |   a = PD
   2 454 |   b = SNP

Time taken to perform cross-validation: 193.41 seconds


=== Stratified cross-validation ===

Correctly Classified Instances         678               74.3421 %
Incorrectly Classified Instances       234               25.6579 %
Kappa statistic                          0.4868
Mean absolute error                      0.4315
Root mean squared error                  0.4546
Relative absolute error                 86.3031 %
Root relative squared error             90.9252 %
Total Number of Instances              912     


=== Detailed Accuracy By Class ===

                 TP Rate  FP Rate  Precision  Recall   F-Measure  MCC      ROC Area  PRC Area  Class
                 0.634    0.147    0.812      0.634    0.712      0.499    0.791     0.769     PD
                 0.853    0.366    0.700      0.853    0.769      0.499    0.791     0.775     SNP
Weighted Avg.    0.743    0.257    0.756      0.743    0.740      0.499    0.791     0.772     


=== Confusion Matrix ===

   a   b   <-- classified as
 289 167 |   a = PD
  67 389 |   b = SNP

