
Options: -I 50 -K 20 

=== Classifier model (full training set) ===

RandomForest

Bagging with 50 iterations and base learner

weka.classifiers.trees.RandomTree -K 20 -M 1.0 -V 0.001 -S 1 -do-not-check-capabilities

Time taken to build model: 3.58 seconds

Time taken to test model on training data: 0.13 seconds

=== Error on training data ===

Correctly Classified Instances         905               99.2325 %
Incorrectly Classified Instances         7                0.7675 %
Kappa statistic                          0.9846
Mean absolute error                      0.165 
Root mean squared error                  0.1819
Relative absolute error                 33.0093 %
Root relative squared error             36.3879 %
Total Number of Instances              912     


=== Detailed Accuracy By Class ===

                 TP Rate  FP Rate  Precision  Recall   F-Measure  MCC      ROC Area  PRC Area  Class
                 0.987    0.002    0.998      0.987    0.992      0.985    1.000     1.000     PD
                 0.998    0.013    0.987      0.998    0.992      0.985    1.000     1.000     SNP
Weighted Avg.    0.992    0.008    0.992      0.992    0.992      0.985    1.000     1.000     


=== Confusion Matrix ===

   a   b   <-- classified as
 450   6 |   a = PD
   1 455 |   b = SNP

Time taken to perform cross-validation: 33.13 seconds


=== Stratified cross-validation ===

Correctly Classified Instances         654               71.7105 %
Incorrectly Classified Instances       258               28.2895 %
Kappa statistic                          0.4342
Mean absolute error                      0.4388
Root mean squared error                  0.4624
Relative absolute error                 87.7633 %
Root relative squared error             92.4817 %
Total Number of Instances              912     


=== Detailed Accuracy By Class ===

                 TP Rate  FP Rate  Precision  Recall   F-Measure  MCC      ROC Area  PRC Area  Class
                 0.634    0.200    0.761      0.634    0.691      0.440    0.765     0.730     PD
                 0.800    0.366    0.686      0.800    0.739      0.440    0.765     0.755     SNP
Weighted Avg.    0.717    0.283    0.723      0.717    0.715      0.440    0.765     0.743     


=== Confusion Matrix ===

   a   b   <-- classified as
 289 167 |   a = PD
  91 365 |   b = SNP

