
Options: -I 1000 -K 20 

=== Classifier model (full training set) ===

RandomForest

Bagging with 1000 iterations and base learner

weka.classifiers.trees.RandomTree -K 20 -M 1.0 -V 0.001 -S 1 -do-not-check-capabilities

Time taken to build model: 76.29 seconds

Time taken to test model on training data: 1.34 seconds

=== Error on training data ===

Correctly Classified Instances         905               99.2325 %
Incorrectly Classified Instances         7                0.7675 %
Kappa statistic                          0.9846
Mean absolute error                      0.1673
Root mean squared error                  0.1796
Relative absolute error                 33.468  %
Root relative squared error             35.9117 %
Total Number of Instances              912     


=== Detailed Accuracy By Class ===

                 TP Rate  FP Rate  Precision  Recall   F-Measure  MCC      ROC Area  PRC Area  Class
                 0.989    0.004    0.996      0.989    0.992      0.985    1.000     1.000     PD
                 0.996    0.011    0.989      0.996    0.992      0.985    1.000     1.000     SNP
Weighted Avg.    0.992    0.008    0.992      0.992    0.992      0.985    1.000     1.000     


=== Confusion Matrix ===

   a   b   <-- classified as
 451   5 |   a = PD
   2 454 |   b = SNP

Time taken to perform cross-validation: 348.49 seconds


=== Stratified cross-validation ===

Correctly Classified Instances         688               75.4386 %
Incorrectly Classified Instances       224               24.5614 %
Kappa statistic                          0.5088
Mean absolute error                      0.431 
Root mean squared error                  0.4542
Relative absolute error                 86.1996 %
Root relative squared error             90.8415 %
Total Number of Instances              912     


=== Detailed Accuracy By Class ===

                 TP Rate  FP Rate  Precision  Recall   F-Measure  MCC      ROC Area  PRC Area  Class
                 0.649    0.140    0.822      0.649    0.725      0.520    0.792     0.772     PD
                 0.860    0.351    0.710      0.860    0.778      0.520    0.792     0.775     SNP
Weighted Avg.    0.754    0.246    0.766      0.754    0.752      0.520    0.792     0.774     


=== Confusion Matrix ===

   a   b   <-- classified as
 296 160 |   a = PD
  64 392 |   b = SNP

