
Options: -I 100 -K 20 

=== Classifier model (full training set) ===

RandomForest

Bagging with 100 iterations and base learner

weka.classifiers.trees.RandomTree -K 20 -M 1.0 -V 0.001 -S 1 -do-not-check-capabilities

Time taken to build model: 8.11 seconds

Time taken to test model on training data: 0.2 seconds

=== Error on training data ===

Correctly Classified Instances         905               99.2325 %
Incorrectly Classified Instances         7                0.7675 %
Kappa statistic                          0.9846
Mean absolute error                      0.1717
Root mean squared error                  0.1851
Relative absolute error                 34.3349 %
Root relative squared error             37.0226 %
Total Number of Instances              912     


=== Detailed Accuracy By Class ===

                 TP Rate  FP Rate  Precision  Recall   F-Measure  MCC      ROC Area  PRC Area  Class
                 0.991    0.007    0.993      0.991    0.992      0.985    1.000     1.000     PD
                 0.993    0.009    0.991      0.993    0.992      0.985    1.000     1.000     SNP
Weighted Avg.    0.992    0.008    0.992      0.992    0.992      0.985    1.000     1.000     


=== Confusion Matrix ===

   a   b   <-- classified as
 452   4 |   a = PD
   3 453 |   b = SNP

Time taken to perform cross-validation: 51.54 seconds


=== Stratified cross-validation ===

Correctly Classified Instances         673               73.7939 %
Incorrectly Classified Instances       239               26.2061 %
Kappa statistic                          0.4759
Mean absolute error                      0.4402
Root mean squared error                  0.462 
Relative absolute error                 88.0479 %
Root relative squared error             92.4037 %
Total Number of Instances              912     


=== Detailed Accuracy By Class ===

                 TP Rate  FP Rate  Precision  Recall   F-Measure  MCC      ROC Area  PRC Area  Class
                 0.634    0.158    0.801      0.634    0.707      0.487    0.775     0.748     PD
                 0.842    0.366    0.697      0.842    0.763      0.487    0.775     0.742     SNP
Weighted Avg.    0.738    0.262    0.749      0.738    0.735      0.487    0.775     0.745     


=== Confusion Matrix ===

   a   b   <-- classified as
 289 167 |   a = PD
  72 384 |   b = SNP

