
Options: -I 100 -K 20 

=== Classifier model (full training set) ===

RandomForest

Bagging with 100 iterations and base learner

weka.classifiers.trees.RandomTree -K 20 -M 1.0 -V 0.001 -S 1 -do-not-check-capabilities

Time taken to build model: 8.83 seconds

Time taken to test model on training data: 0.22 seconds

=== Error on training data ===

Correctly Classified Instances         907               99.4518 %
Incorrectly Classified Instances         5                0.5482 %
Kappa statistic                          0.989 
Mean absolute error                      0.1662
Root mean squared error                  0.1804
Relative absolute error                 33.2365 %
Root relative squared error             36.0774 %
Total Number of Instances              912     


=== Detailed Accuracy By Class ===

                 TP Rate  FP Rate  Precision  Recall   F-Measure  MCC      ROC Area  PRC Area  Class
                 0.991    0.002    0.998      0.991    0.994      0.989    1.000     1.000     PD
                 0.998    0.009    0.991      0.998    0.995      0.989    1.000     1.000     SNP
Weighted Avg.    0.995    0.005    0.995      0.995    0.995      0.989    1.000     1.000     


=== Confusion Matrix ===

   a   b   <-- classified as
 452   4 |   a = PD
   1 455 |   b = SNP

Time taken to perform cross-validation: 54.42 seconds


=== Stratified cross-validation ===

Correctly Classified Instances         669               73.3553 %
Incorrectly Classified Instances       243               26.6447 %
Kappa statistic                          0.4671
Mean absolute error                      0.4397
Root mean squared error                  0.4616
Relative absolute error                 87.9345 %
Root relative squared error             92.3252 %
Total Number of Instances              912     


=== Detailed Accuracy By Class ===

                 TP Rate  FP Rate  Precision  Recall   F-Measure  MCC      ROC Area  PRC Area  Class
                 0.623    0.156    0.800      0.623    0.700      0.479    0.780     0.747     PD
                 0.844    0.377    0.691      0.844    0.760      0.479    0.780     0.766     SNP
Weighted Avg.    0.734    0.266    0.746      0.734    0.730      0.479    0.780     0.757     


=== Confusion Matrix ===

   a   b   <-- classified as
 284 172 |   a = PD
  71 385 |   b = SNP

