
Options: -I 400 

=== Classifier model (full training set) ===

RandomForest

Bagging with 400 iterations and base learner

weka.classifiers.trees.RandomTree -K 0 -M 1.0 -V 0.001 -S 1 -do-not-check-capabilities

Time taken to build model: 6.22 seconds

Time taken to test model on training data: 0.43 seconds

=== Error on training data ===

Correctly Classified Instances         597               99.5    %
Incorrectly Classified Instances         3                0.5    %
Kappa statistic                          0.99  
Mean absolute error                      0.1568
Root mean squared error                  0.1678
Relative absolute error                 31.3554 %
Root relative squared error             33.5666 %
Total Number of Instances              600     


=== Detailed Accuracy By Class ===

                 TP Rate  FP Rate  Precision  Recall   F-Measure  MCC      ROC Area  PRC Area  Class
                 0.990    0.000    1.000      0.990    0.995      0.990    1.000     1.000     PD
                 1.000    0.010    0.990      1.000    0.995      0.990    1.000     1.000     SNP
Weighted Avg.    0.995    0.005    0.995      0.995    0.995      0.990    1.000     1.000     


=== Confusion Matrix ===

   a   b   <-- classified as
 297   3 |   a = PD
   0 300 |   b = SNP

Time taken to perform cross-validation: 46.62 seconds


=== Stratified cross-validation ===

Correctly Classified Instances         440               73.3333 %
Incorrectly Classified Instances       160               26.6667 %
Kappa statistic                          0.4667
Mean absolute error                      0.4153
Root mean squared error                  0.4347
Relative absolute error                 83.0606 %
Root relative squared error             86.9481 %
Total Number of Instances              600     


=== Detailed Accuracy By Class ===

                 TP Rate  FP Rate  Precision  Recall   F-Measure  MCC      ROC Area  PRC Area  Class
                 0.617    0.150    0.804      0.617    0.698      0.480    0.829     0.834     PD
                 0.850    0.383    0.689      0.850    0.761      0.480    0.829     0.803     SNP
Weighted Avg.    0.733    0.267    0.747      0.733    0.730      0.480    0.829     0.818     


=== Confusion Matrix ===

   a   b   <-- classified as
 185 115 |   a = PD
  45 255 |   b = SNP

