
Options: -I 20 

=== Classifier model (full training set) ===

RandomForest

Bagging with 20 iterations and base learner

weka.classifiers.trees.RandomTree -K 0 -M 1.0 -V 0.001 -S 1 -do-not-check-capabilities

Time taken to build model: 0.51 seconds

Time taken to test model on training data: 0.04 seconds

=== Error on training data ===

Correctly Classified Instances         598               99.6667 %
Incorrectly Classified Instances         2                0.3333 %
Kappa statistic                          0.9933
Mean absolute error                      0.1488
Root mean squared error                  0.1742
Relative absolute error                 29.7525 %
Root relative squared error             34.8357 %
Total Number of Instances              600     


=== Detailed Accuracy By Class ===

                 TP Rate  FP Rate  Precision  Recall   F-Measure  MCC      ROC Area  PRC Area  Class
                 1.000    0.007    0.993      1.000    0.997      0.993    1.000     1.000     PD
                 0.993    0.000    1.000      0.993    0.997      0.993    1.000     1.000     SNP
Weighted Avg.    0.997    0.003    0.997      0.997    0.997      0.993    1.000     1.000     


=== Confusion Matrix ===

   a   b   <-- classified as
 300   0 |   a = PD
   2 298 |   b = SNP

Time taken to perform cross-validation: 2.07 seconds


=== Stratified cross-validation ===

Correctly Classified Instances         448               74.6667 %
Incorrectly Classified Instances       152               25.3333 %
Kappa statistic                          0.4933
Mean absolute error                      0.4006
Root mean squared error                  0.4278
Relative absolute error                 80.1281 %
Root relative squared error             85.5692 %
Total Number of Instances              600     


=== Detailed Accuracy By Class ===

                 TP Rate  FP Rate  Precision  Recall   F-Measure  MCC      ROC Area  PRC Area  Class
                 0.690    0.197    0.778      0.690    0.731      0.497    0.827     0.821     PD
                 0.803    0.310    0.722      0.803    0.760      0.497    0.827     0.826     SNP
Weighted Avg.    0.747    0.253    0.750      0.747    0.746      0.497    0.827     0.824     


=== Confusion Matrix ===

   a   b   <-- classified as
 207  93 |   a = PD
  59 241 |   b = SNP

