
Options: -I 200 

=== Classifier model (full training set) ===

RandomForest

Bagging with 200 iterations and base learner

weka.classifiers.trees.RandomTree -K 0 -M 1.0 -V 0.001 -S 1 -do-not-check-capabilities

Time taken to build model: 2.28 seconds

Time taken to test model on training data: 0.27 seconds

=== Error on training data ===

Correctly Classified Instances         597               99.5    %
Incorrectly Classified Instances         3                0.5    %
Kappa statistic                          0.99  
Mean absolute error                      0.1561
Root mean squared error                  0.1678
Relative absolute error                 31.2214 %
Root relative squared error             33.5621 %
Total Number of Instances              600     


=== Detailed Accuracy By Class ===

                 TP Rate  FP Rate  Precision  Recall   F-Measure  MCC      ROC Area  PRC Area  Class
                 0.993    0.003    0.997      0.993    0.995      0.990    1.000     1.000     PD
                 0.997    0.007    0.993      0.997    0.995      0.990    1.000     1.000     SNP
Weighted Avg.    0.995    0.005    0.995      0.995    0.995      0.990    1.000     1.000     


=== Confusion Matrix ===

   a   b   <-- classified as
 298   2 |   a = PD
   1 299 |   b = SNP

Time taken to perform cross-validation: 25.16 seconds


=== Stratified cross-validation ===

Correctly Classified Instances         438               73      %
Incorrectly Classified Instances       162               27      %
Kappa statistic                          0.46  
Mean absolute error                      0.4133
Root mean squared error                  0.4337
Relative absolute error                 82.6665 %
Root relative squared error             86.7327 %
Total Number of Instances              600     


=== Detailed Accuracy By Class ===

                 TP Rate  FP Rate  Precision  Recall   F-Measure  MCC      ROC Area  PRC Area  Class
                 0.620    0.160    0.795      0.620    0.697      0.472    0.830     0.833     PD
                 0.840    0.380    0.689      0.840    0.757      0.472    0.830     0.804     SNP
Weighted Avg.    0.730    0.270    0.742      0.730    0.727      0.472    0.830     0.818     


=== Confusion Matrix ===

   a   b   <-- classified as
 186 114 |   a = PD
  48 252 |   b = SNP

