
Options: -I 300 

=== Classifier model (full training set) ===

RandomForest

Bagging with 300 iterations and base learner

weka.classifiers.trees.RandomTree -K 0 -M 1.0 -V 0.001 -S 1 -do-not-check-capabilities

Time taken to build model: 4.27 seconds

Time taken to test model on training data: 0.27 seconds

=== Error on training data ===

Correctly Classified Instances         597               99.5    %
Incorrectly Classified Instances         3                0.5    %
Kappa statistic                          0.99  
Mean absolute error                      0.1586
Root mean squared error                  0.1698
Relative absolute error                 31.7229 %
Root relative squared error             33.9556 %
Total Number of Instances              600     


=== Detailed Accuracy By Class ===

                 TP Rate  FP Rate  Precision  Recall   F-Measure  MCC      ROC Area  PRC Area  Class
                 0.993    0.003    0.997      0.993    0.995      0.990    1.000     1.000     PD
                 0.997    0.007    0.993      0.997    0.995      0.990    1.000     1.000     SNP
Weighted Avg.    0.995    0.005    0.995      0.995    0.995      0.990    1.000     1.000     


=== Confusion Matrix ===

   a   b   <-- classified as
 298   2 |   a = PD
   1 299 |   b = SNP

Time taken to perform cross-validation: 28.65 seconds


=== Stratified cross-validation ===

Correctly Classified Instances         440               73.3333 %
Incorrectly Classified Instances       160               26.6667 %
Kappa statistic                          0.4667
Mean absolute error                      0.4141
Root mean squared error                  0.4369
Relative absolute error                 82.8127 %
Root relative squared error             87.3706 %
Total Number of Instances              600     


=== Detailed Accuracy By Class ===

                 TP Rate  FP Rate  Precision  Recall   F-Measure  MCC      ROC Area  PRC Area  Class
                 0.697    0.230    0.752      0.697    0.723      0.468    0.812     0.810     PD
                 0.770    0.303    0.717      0.770    0.743      0.468    0.812     0.785     SNP
Weighted Avg.    0.733    0.267    0.735      0.733    0.733      0.468    0.812     0.798     


=== Confusion Matrix ===

   a   b   <-- classified as
 209  91 |   a = PD
  69 231 |   b = SNP

