
Options: -I 200 

=== Classifier model (full training set) ===

RandomForest

Bagging with 200 iterations and base learner

weka.classifiers.trees.RandomTree -K 0 -M 1.0 -V 0.001 -S 1 -do-not-check-capabilities

Time taken to build model: 2.2 seconds

Time taken to test model on training data: 0.16 seconds

=== Error on training data ===

Correctly Classified Instances         595               99.1667 %
Incorrectly Classified Instances         5                0.8333 %
Kappa statistic                          0.9833
Mean absolute error                      0.1582
Root mean squared error                  0.1729
Relative absolute error                 31.6362 %
Root relative squared error             34.5809 %
Total Number of Instances              600     


=== Detailed Accuracy By Class ===

                 TP Rate  FP Rate  Precision  Recall   F-Measure  MCC      ROC Area  PRC Area  Class
                 0.983    0.000    1.000      0.983    0.992      0.983    1.000     1.000     PD
                 1.000    0.017    0.984      1.000    0.992      0.983    1.000     1.000     SNP
Weighted Avg.    0.992    0.008    0.992      0.992    0.992      0.983    1.000     1.000     


=== Confusion Matrix ===

   a   b   <-- classified as
 295   5 |   a = PD
   0 300 |   b = SNP

Time taken to perform cross-validation: 23.49 seconds


=== Stratified cross-validation ===

Correctly Classified Instances         424               70.6667 %
Incorrectly Classified Instances       176               29.3333 %
Kappa statistic                          0.4133
Mean absolute error                      0.4209
Root mean squared error                  0.4451
Relative absolute error                 84.1824 %
Root relative squared error             89.0257 %
Total Number of Instances              600     


=== Detailed Accuracy By Class ===

                 TP Rate  FP Rate  Precision  Recall   F-Measure  MCC      ROC Area  PRC Area  Class
                 0.617    0.203    0.752      0.617    0.678      0.420    0.787     0.783     PD
                 0.797    0.383    0.675      0.797    0.731      0.420    0.787     0.767     SNP
Weighted Avg.    0.707    0.293    0.714      0.707    0.704      0.420    0.787     0.775     


=== Confusion Matrix ===

   a   b   <-- classified as
 185 115 |   a = PD
  61 239 |   b = SNP

