
Options: -I 100 

=== Classifier model (full training set) ===

RandomForest

Bagging with 100 iterations and base learner

weka.classifiers.trees.RandomTree -K 0 -M 1.0 -V 0.001 -S 1 -do-not-check-capabilities

Time taken to build model: 2.76 seconds

Time taken to test model on training data: 0.12 seconds

=== Error on training data ===

Correctly Classified Instances         597               99.5    %
Incorrectly Classified Instances         3                0.5    %
Kappa statistic                          0.99  
Mean absolute error                      0.1594
Root mean squared error                  0.1719
Relative absolute error                 31.8886 %
Root relative squared error             34.3844 %
Total Number of Instances              600     


=== Detailed Accuracy By Class ===

                 TP Rate  FP Rate  Precision  Recall   F-Measure  MCC      ROC Area  PRC Area  Class
                 0.997    0.007    0.993      0.997    0.995      0.990    1.000     1.000     PD
                 0.993    0.003    0.997      0.993    0.995      0.990    1.000     1.000     SNP
Weighted Avg.    0.995    0.005    0.995      0.995    0.995      0.990    1.000     1.000     


=== Confusion Matrix ===

   a   b   <-- classified as
 299   1 |   a = PD
   2 298 |   b = SNP

Time taken to perform cross-validation: 12.13 seconds


=== Stratified cross-validation ===

Correctly Classified Instances         439               73.1667 %
Incorrectly Classified Instances       161               26.8333 %
Kappa statistic                          0.4633
Mean absolute error                      0.4096
Root mean squared error                  0.4348
Relative absolute error                 81.914  %
Root relative squared error             86.9516 %
Total Number of Instances              600     


=== Detailed Accuracy By Class ===

                 TP Rate  FP Rate  Precision  Recall   F-Measure  MCC      ROC Area  PRC Area  Class
                 0.687    0.223    0.755      0.687    0.719      0.465    0.811     0.812     PD
                 0.777    0.313    0.713      0.777    0.743      0.465    0.811     0.788     SNP
Weighted Avg.    0.732    0.268    0.734      0.732    0.731      0.465    0.811     0.800     


=== Confusion Matrix ===

   a   b   <-- classified as
 206  94 |   a = PD
  67 233 |   b = SNP

