
Options: -I 100 

=== Classifier model (full training set) ===

RandomForest

Bagging with 100 iterations and base learner

weka.classifiers.trees.RandomTree -K 0 -M 1.0 -V 0.001 -S 1 -do-not-check-capabilities

Time taken to build model: 2.06 seconds

Time taken to test model on training data: 0.09 seconds

=== Error on training data ===

Correctly Classified Instances         596               99.3333 %
Incorrectly Classified Instances         4                0.6667 %
Kappa statistic                          0.9867
Mean absolute error                      0.1587
Root mean squared error                  0.1727
Relative absolute error                 31.7485 %
Root relative squared error             34.5312 %
Total Number of Instances              600     


=== Detailed Accuracy By Class ===

                 TP Rate  FP Rate  Precision  Recall   F-Measure  MCC      ROC Area  PRC Area  Class
                 0.997    0.010    0.990      0.997    0.993      0.987    1.000     1.000     PD
                 0.990    0.003    0.997      0.990    0.993      0.987    1.000     1.000     SNP
Weighted Avg.    0.993    0.007    0.993      0.993    0.993      0.987    1.000     1.000     


=== Confusion Matrix ===

   a   b   <-- classified as
 299   1 |   a = PD
   3 297 |   b = SNP

Time taken to perform cross-validation: 10.59 seconds


=== Stratified cross-validation ===

Correctly Classified Instances         434               72.3333 %
Incorrectly Classified Instances       166               27.6667 %
Kappa statistic                          0.4467
Mean absolute error                      0.4275
Root mean squared error                  0.4486
Relative absolute error                 85.4968 %
Root relative squared error             89.7219 %
Total Number of Instances              600     


=== Detailed Accuracy By Class ===

                 TP Rate  FP Rate  Precision  Recall   F-Measure  MCC      ROC Area  PRC Area  Class
                 0.623    0.177    0.779      0.623    0.693      0.456    0.790     0.780     PD
                 0.823    0.377    0.686      0.823    0.748      0.456    0.790     0.749     SNP
Weighted Avg.    0.723    0.277    0.733      0.723    0.721      0.456    0.790     0.764     


=== Confusion Matrix ===

   a   b   <-- classified as
 187 113 |   a = PD
  53 247 |   b = SNP

