
Options: -I 100 

=== Classifier model (full training set) ===

RandomForest

Bagging with 100 iterations and base learner

weka.classifiers.trees.RandomTree -K 0 -M 1.0 -V 0.001 -S 1 -do-not-check-capabilities

Time taken to build model: 1.85 seconds

Time taken to test model on training data: 0.08 seconds

=== Error on training data ===

Correctly Classified Instances         596               99.3333 %
Incorrectly Classified Instances         4                0.6667 %
Kappa statistic                          0.9867
Mean absolute error                      0.1557
Root mean squared error                  0.171 
Relative absolute error                 31.1439 %
Root relative squared error             34.1983 %
Total Number of Instances              600     


=== Detailed Accuracy By Class ===

                 TP Rate  FP Rate  Precision  Recall   F-Measure  MCC      ROC Area  PRC Area  Class
                 0.997    0.010    0.990      0.997    0.993      0.987    1.000     1.000     PD
                 0.990    0.003    0.997      0.990    0.993      0.987    1.000     1.000     SNP
Weighted Avg.    0.993    0.007    0.993      0.993    0.993      0.987    1.000     1.000     


=== Confusion Matrix ===

   a   b   <-- classified as
 299   1 |   a = PD
   3 297 |   b = SNP

Time taken to perform cross-validation: 10.64 seconds


=== Stratified cross-validation ===

Correctly Classified Instances         436               72.6667 %
Incorrectly Classified Instances       164               27.3333 %
Kappa statistic                          0.4533
Mean absolute error                      0.425 
Root mean squared error                  0.4474
Relative absolute error                 85.0072 %
Root relative squared error             89.4872 %
Total Number of Instances              600     


=== Detailed Accuracy By Class ===

                 TP Rate  FP Rate  Precision  Recall   F-Measure  MCC      ROC Area  PRC Area  Class
                 0.643    0.190    0.772      0.643    0.702      0.460    0.789     0.773     PD
                 0.810    0.357    0.694      0.810    0.748      0.460    0.789     0.760     SNP
Weighted Avg.    0.727    0.273    0.733      0.727    0.725      0.460    0.789     0.767     


=== Confusion Matrix ===

   a   b   <-- classified as
 193 107 |   a = PD
  57 243 |   b = SNP

