
Options: -I 300 

=== Classifier model (full training set) ===

RandomForest

Bagging with 300 iterations and base learner

weka.classifiers.trees.RandomTree -K 0 -M 1.0 -V 0.001 -S 1 -do-not-check-capabilities

Time taken to build model: 3.86 seconds

Time taken to test model on training data: 0.24 seconds

=== Error on training data ===

Correctly Classified Instances         595               99.1667 %
Incorrectly Classified Instances         5                0.8333 %
Kappa statistic                          0.9833
Mean absolute error                      0.1582
Root mean squared error                  0.1726
Relative absolute error                 31.6403 %
Root relative squared error             34.5269 %
Total Number of Instances              600     


=== Detailed Accuracy By Class ===

                 TP Rate  FP Rate  Precision  Recall   F-Measure  MCC      ROC Area  PRC Area  Class
                 0.987    0.003    0.997      0.987    0.992      0.983    1.000     1.000     PD
                 0.997    0.013    0.987      0.997    0.992      0.983    1.000     1.000     SNP
Weighted Avg.    0.992    0.008    0.992      0.992    0.992      0.983    1.000     1.000     


=== Confusion Matrix ===

   a   b   <-- classified as
 296   4 |   a = PD
   1 299 |   b = SNP

Time taken to perform cross-validation: 24.37 seconds


=== Stratified cross-validation ===

Correctly Classified Instances         415               69.1667 %
Incorrectly Classified Instances       185               30.8333 %
Kappa statistic                          0.3833
Mean absolute error                      0.4221
Root mean squared error                  0.446 
Relative absolute error                 84.4126 %
Root relative squared error             89.2075 %
Total Number of Instances              600     


=== Detailed Accuracy By Class ===

                 TP Rate  FP Rate  Precision  Recall   F-Measure  MCC      ROC Area  PRC Area  Class
                 0.610    0.227    0.729      0.610    0.664      0.389    0.784     0.779     PD
                 0.773    0.390    0.665      0.773    0.715      0.389    0.784     0.769     SNP
Weighted Avg.    0.692    0.308    0.697      0.692    0.690      0.389    0.784     0.774     


=== Confusion Matrix ===

   a   b   <-- classified as
 183 117 |   a = PD
  68 232 |   b = SNP

