
Options: -I 200 

=== Classifier model (full training set) ===

RandomForest

Bagging with 200 iterations and base learner

weka.classifiers.trees.RandomTree -K 0 -M 1.0 -V 0.001 -S 1 -do-not-check-capabilities

Time taken to build model: 3.83 seconds

Time taken to test model on training data: 0.15 seconds

=== Error on training data ===

Correctly Classified Instances         596               99.3333 %
Incorrectly Classified Instances         4                0.6667 %
Kappa statistic                          0.9867
Mean absolute error                      0.1591
Root mean squared error                  0.1714
Relative absolute error                 31.814  %
Root relative squared error             34.289  %
Total Number of Instances              600     


=== Detailed Accuracy By Class ===

                 TP Rate  FP Rate  Precision  Recall   F-Measure  MCC      ROC Area  PRC Area  Class
                 0.997    0.010    0.990      0.997    0.993      0.987    1.000     1.000     PD
                 0.990    0.003    0.997      0.990    0.993      0.987    1.000     1.000     SNP
Weighted Avg.    0.993    0.007    0.993      0.993    0.993      0.987    1.000     1.000     


=== Confusion Matrix ===

   a   b   <-- classified as
 299   1 |   a = PD
   3 297 |   b = SNP

Time taken to perform cross-validation: 23.7 seconds


=== Stratified cross-validation ===

Correctly Classified Instances         441               73.5    %
Incorrectly Classified Instances       159               26.5    %
Kappa statistic                          0.47  
Mean absolute error                      0.4234
Root mean squared error                  0.444 
Relative absolute error                 84.6708 %
Root relative squared error             88.7904 %
Total Number of Instances              600     


=== Detailed Accuracy By Class ===

                 TP Rate  FP Rate  Precision  Recall   F-Measure  MCC      ROC Area  PRC Area  Class
                 0.633    0.163    0.795      0.633    0.705      0.480    0.805     0.798     PD
                 0.837    0.367    0.695      0.837    0.759      0.480    0.805     0.766     SNP
Weighted Avg.    0.735    0.265    0.745      0.735    0.732      0.480    0.805     0.782     


=== Confusion Matrix ===

   a   b   <-- classified as
 190 110 |   a = PD
  49 251 |   b = SNP

