
Options: -I 300 

=== Classifier model (full training set) ===

RandomForest

Bagging with 300 iterations and base learner

weka.classifiers.trees.RandomTree -K 0 -M 1.0 -V 0.001 -S 1 -do-not-check-capabilities

Time taken to build model: 4.04 seconds

Time taken to test model on training data: 0.29 seconds

=== Error on training data ===

Correctly Classified Instances         599               99.8333 %
Incorrectly Classified Instances         1                0.1667 %
Kappa statistic                          0.9967
Mean absolute error                      0.154 
Root mean squared error                  0.1632
Relative absolute error                 30.802  %
Root relative squared error             32.6477 %
Total Number of Instances              600     


=== Detailed Accuracy By Class ===

                 TP Rate  FP Rate  Precision  Recall   F-Measure  MCC      ROC Area  PRC Area  Class
                 0.997    0.000    1.000      0.997    0.998      0.997    1.000     1.000     PD
                 1.000    0.003    0.997      1.000    0.998      0.997    1.000     1.000     SNP
Weighted Avg.    0.998    0.002    0.998      0.998    0.998      0.997    1.000     1.000     


=== Confusion Matrix ===

   a   b   <-- classified as
 299   1 |   a = PD
   0 300 |   b = SNP

Time taken to perform cross-validation: 24.28 seconds


=== Stratified cross-validation ===

Correctly Classified Instances         443               73.8333 %
Incorrectly Classified Instances       157               26.1667 %
Kappa statistic                          0.4767
Mean absolute error                      0.413 
Root mean squared error                  0.4329
Relative absolute error                 82.6005 %
Root relative squared error             86.5798 %
Total Number of Instances              600     


=== Detailed Accuracy By Class ===

                 TP Rate  FP Rate  Precision  Recall   F-Measure  MCC      ROC Area  PRC Area  Class
                 0.627    0.150    0.807      0.627    0.705      0.489    0.836     0.830     PD
                 0.850    0.373    0.695      0.850    0.765      0.489    0.836     0.829     SNP
Weighted Avg.    0.738    0.262    0.751      0.738    0.735      0.489    0.836     0.830     


=== Confusion Matrix ===

   a   b   <-- classified as
 188 112 |   a = PD
  45 255 |   b = SNP

