
Options: -I 200 

=== Classifier model (full training set) ===

RandomForest

Bagging with 200 iterations and base learner

weka.classifiers.trees.RandomTree -K 0 -M 1.0 -V 0.001 -S 1 -do-not-check-capabilities

Time taken to build model: 3.59 seconds

Time taken to test model on training data: 0.15 seconds

=== Error on training data ===

Correctly Classified Instances         596               99.3333 %
Incorrectly Classified Instances         4                0.6667 %
Kappa statistic                          0.9867
Mean absolute error                      0.1581
Root mean squared error                  0.171 
Relative absolute error                 31.6134 %
Root relative squared error             34.1964 %
Total Number of Instances              600     


=== Detailed Accuracy By Class ===

                 TP Rate  FP Rate  Precision  Recall   F-Measure  MCC      ROC Area  PRC Area  Class
                 0.997    0.010    0.990      0.997    0.993      0.987    1.000     1.000     PD
                 0.990    0.003    0.997      0.990    0.993      0.987    1.000     1.000     SNP
Weighted Avg.    0.993    0.007    0.993      0.993    0.993      0.987    1.000     1.000     


=== Confusion Matrix ===

   a   b   <-- classified as
 299   1 |   a = PD
   3 297 |   b = SNP

Time taken to perform cross-validation: 22.29 seconds


=== Stratified cross-validation ===

Correctly Classified Instances         434               72.3333 %
Incorrectly Classified Instances       166               27.6667 %
Kappa statistic                          0.4467
Mean absolute error                      0.4248
Root mean squared error                  0.4471
Relative absolute error                 84.9511 %
Root relative squared error             89.4191 %
Total Number of Instances              600     


=== Detailed Accuracy By Class ===

                 TP Rate  FP Rate  Precision  Recall   F-Measure  MCC      ROC Area  PRC Area  Class
                 0.633    0.187    0.772      0.633    0.696      0.454    0.789     0.774     PD
                 0.813    0.367    0.689      0.813    0.746      0.454    0.789     0.756     SNP
Weighted Avg.    0.723    0.277    0.731      0.723    0.721      0.454    0.789     0.765     


=== Confusion Matrix ===

   a   b   <-- classified as
 190 110 |   a = PD
  56 244 |   b = SNP

