
Options: -I 400 

=== Classifier model (full training set) ===

RandomForest

Bagging with 400 iterations and base learner

weka.classifiers.trees.RandomTree -K 0 -M 1.0 -V 0.001 -S 1 -do-not-check-capabilities

Time taken to build model: 7.21 seconds

Time taken to test model on training data: 0.35 seconds

=== Error on training data ===

Correctly Classified Instances         599               99.8333 %
Incorrectly Classified Instances         1                0.1667 %
Kappa statistic                          0.9967
Mean absolute error                      0.1536
Root mean squared error                  0.1628
Relative absolute error                 30.7273 %
Root relative squared error             32.569  %
Total Number of Instances              600     


=== Detailed Accuracy By Class ===

                 TP Rate  FP Rate  Precision  Recall   F-Measure  MCC      ROC Area  PRC Area  Class
                 0.997    0.000    1.000      0.997    0.998      0.997    1.000     1.000     PD
                 1.000    0.003    0.997      1.000    0.998      0.997    1.000     1.000     SNP
Weighted Avg.    0.998    0.002    0.998      0.998    0.998      0.997    1.000     1.000     


=== Confusion Matrix ===

   a   b   <-- classified as
 299   1 |   a = PD
   0 300 |   b = SNP

Time taken to perform cross-validation: 43.48 seconds


=== Stratified cross-validation ===

Correctly Classified Instances         445               74.1667 %
Incorrectly Classified Instances       155               25.8333 %
Kappa statistic                          0.4833
Mean absolute error                      0.4135
Root mean squared error                  0.433 
Relative absolute error                 82.6926 %
Root relative squared error             86.5989 %
Total Number of Instances              600     


=== Detailed Accuracy By Class ===

                 TP Rate  FP Rate  Precision  Recall   F-Measure  MCC      ROC Area  PRC Area  Class
                 0.630    0.147    0.811      0.630    0.709      0.496    0.837     0.834     PD
                 0.853    0.370    0.698      0.853    0.768      0.496    0.837     0.828     SNP
Weighted Avg.    0.742    0.258    0.754      0.742    0.738      0.496    0.837     0.831     


=== Confusion Matrix ===

   a   b   <-- classified as
 189 111 |   a = PD
  44 256 |   b = SNP

