
Options: -I 100 

=== Classifier model (full training set) ===

RandomForest

Bagging with 100 iterations and base learner

weka.classifiers.trees.RandomTree -K 0 -M 1.0 -V 0.001 -S 1 -do-not-check-capabilities

Time taken to build model: 1.14 seconds

Time taken to test model on training data: 0.15 seconds

=== Error on training data ===

Correctly Classified Instances         597               99.5    %
Incorrectly Classified Instances         3                0.5    %
Kappa statistic                          0.99  
Mean absolute error                      0.1582
Root mean squared error                  0.171 
Relative absolute error                 31.6416 %
Root relative squared error             34.2014 %
Total Number of Instances              600     


=== Detailed Accuracy By Class ===

                 TP Rate  FP Rate  Precision  Recall   F-Measure  MCC      ROC Area  PRC Area  Class
                 0.997    0.007    0.993      0.997    0.995      0.990    1.000     1.000     PD
                 0.993    0.003    0.997      0.993    0.995      0.990    1.000     1.000     SNP
Weighted Avg.    0.995    0.005    0.995      0.995    0.995      0.990    1.000     1.000     


=== Confusion Matrix ===

   a   b   <-- classified as
 299   1 |   a = PD
   2 298 |   b = SNP

Time taken to perform cross-validation: 13.59 seconds


=== Stratified cross-validation ===

Correctly Classified Instances         441               73.5    %
Incorrectly Classified Instances       159               26.5    %
Kappa statistic                          0.47  
Mean absolute error                      0.4136
Root mean squared error                  0.4347
Relative absolute error                 82.7114 %
Root relative squared error             86.9358 %
Total Number of Instances              600     


=== Detailed Accuracy By Class ===

                 TP Rate  FP Rate  Precision  Recall   F-Measure  MCC      ROC Area  PRC Area  Class
                 0.623    0.153    0.803      0.623    0.702      0.482    0.826     0.832     PD
                 0.847    0.377    0.692      0.847    0.762      0.482    0.826     0.794     SNP
Weighted Avg.    0.735    0.265    0.747      0.735    0.732      0.482    0.826     0.813     


=== Confusion Matrix ===

   a   b   <-- classified as
 187 113 |   a = PD
  46 254 |   b = SNP

