
Options: -I 10 

=== Classifier model (full training set) ===

RandomForest

Bagging with 10 iterations and base learner

weka.classifiers.trees.RandomTree -K 0 -M 1.0 -V 0.001 -S 1 -do-not-check-capabilities

Time taken to build model: 0.49 seconds

Time taken to test model on training data: 0.03 seconds

=== Error on training data ===

Correctly Classified Instances         597               99.5    %
Incorrectly Classified Instances         3                0.5    %
Kappa statistic                          0.99  
Mean absolute error                      0.1453
Root mean squared error                  0.1818
Relative absolute error                 29.0624 %
Root relative squared error             36.3629 %
Total Number of Instances              600     


=== Detailed Accuracy By Class ===

                 TP Rate  FP Rate  Precision  Recall   F-Measure  MCC      ROC Area  PRC Area  Class
                 0.993    0.003    0.997      0.993    0.995      0.990    1.000     1.000     PD
                 0.997    0.007    0.993      0.997    0.995      0.990    1.000     1.000     SNP
Weighted Avg.    0.995    0.005    0.995      0.995    0.995      0.990    1.000     1.000     


=== Confusion Matrix ===

   a   b   <-- classified as
 298   2 |   a = PD
   1 299 |   b = SNP

Time taken to perform cross-validation: 1.3 seconds


=== Stratified cross-validation ===

Correctly Classified Instances         435               72.5    %
Incorrectly Classified Instances       165               27.5    %
Kappa statistic                          0.45  
Mean absolute error                      0.4275
Root mean squared error                  0.4543
Relative absolute error                 85.4938 %
Root relative squared error             90.8557 %
Total Number of Instances              600     


=== Detailed Accuracy By Class ===

                 TP Rate  FP Rate  Precision  Recall   F-Measure  MCC      ROC Area  PRC Area  Class
                 0.717    0.267    0.729      0.717    0.723      0.450    0.764     0.737     PD
                 0.733    0.283    0.721      0.733    0.727      0.450    0.764     0.722     SNP
Weighted Avg.    0.725    0.275    0.725      0.725    0.725      0.450    0.764     0.730     


=== Confusion Matrix ===

   a   b   <-- classified as
 215  85 |   a = PD
  80 220 |   b = SNP

