
Options: -I 200 

=== Classifier model (full training set) ===

RandomForest

Bagging with 200 iterations and base learner

weka.classifiers.trees.RandomTree -K 0 -M 1.0 -V 0.001 -S 1 -do-not-check-capabilities

Time taken to build model: 3.27 seconds

Time taken to test model on training data: 0.26 seconds

=== Error on training data ===

Correctly Classified Instances         597               99.5    %
Incorrectly Classified Instances         3                0.5    %
Kappa statistic                          0.99  
Mean absolute error                      0.1578
Root mean squared error                  0.1698
Relative absolute error                 31.5632 %
Root relative squared error             33.9619 %
Total Number of Instances              600     


=== Detailed Accuracy By Class ===

                 TP Rate  FP Rate  Precision  Recall   F-Measure  MCC      ROC Area  PRC Area  Class
                 0.993    0.003    0.997      0.993    0.995      0.990    1.000     1.000     PD
                 0.997    0.007    0.993      0.997    0.995      0.990    1.000     1.000     SNP
Weighted Avg.    0.995    0.005    0.995      0.995    0.995      0.990    1.000     1.000     


=== Confusion Matrix ===

   a   b   <-- classified as
 298   2 |   a = PD
   1 299 |   b = SNP

Time taken to perform cross-validation: 24.13 seconds


=== Stratified cross-validation ===

Correctly Classified Instances         444               74      %
Incorrectly Classified Instances       156               26      %
Kappa statistic                          0.48  
Mean absolute error                      0.4207
Root mean squared error                  0.4409
Relative absolute error                 84.1309 %
Root relative squared error             88.1877 %
Total Number of Instances              600     


=== Detailed Accuracy By Class ===

                 TP Rate  FP Rate  Precision  Recall   F-Measure  MCC      ROC Area  PRC Area  Class
                 0.667    0.187    0.781      0.667    0.719      0.485    0.814     0.803     PD
                 0.813    0.333    0.709      0.813    0.758      0.485    0.814     0.773     SNP
Weighted Avg.    0.740    0.260    0.745      0.740    0.739      0.485    0.814     0.788     


=== Confusion Matrix ===

   a   b   <-- classified as
 200 100 |   a = PD
  56 244 |   b = SNP

