
Options: -I 400 

=== Classifier model (full training set) ===

RandomForest

Bagging with 400 iterations and base learner

weka.classifiers.trees.RandomTree -K 0 -M 1.0 -V 0.001 -S 1 -do-not-check-capabilities

Time taken to build model: 6.89 seconds

Time taken to test model on training data: 0.24 seconds

=== Error on training data ===

Correctly Classified Instances         596               99.3333 %
Incorrectly Classified Instances         4                0.6667 %
Kappa statistic                          0.9867
Mean absolute error                      0.1578
Root mean squared error                  0.1704
Relative absolute error                 31.5589 %
Root relative squared error             34.0877 %
Total Number of Instances              600     


=== Detailed Accuracy By Class ===

                 TP Rate  FP Rate  Precision  Recall   F-Measure  MCC      ROC Area  PRC Area  Class
                 0.990    0.003    0.997      0.990    0.993      0.987    1.000     1.000     PD
                 0.997    0.010    0.990      0.997    0.993      0.987    1.000     1.000     SNP
Weighted Avg.    0.993    0.007    0.993      0.993    0.993      0.987    1.000     1.000     


=== Confusion Matrix ===

   a   b   <-- classified as
 297   3 |   a = PD
   1 299 |   b = SNP

Time taken to perform cross-validation: 43.67 seconds


=== Stratified cross-validation ===

Correctly Classified Instances         429               71.5    %
Incorrectly Classified Instances       171               28.5    %
Kappa statistic                          0.43  
Mean absolute error                      0.423 
Root mean squared error                  0.4457
Relative absolute error                 84.6072 %
Root relative squared error             89.1436 %
Total Number of Instances              600     


=== Detailed Accuracy By Class ===

                 TP Rate  FP Rate  Precision  Recall   F-Measure  MCC      ROC Area  PRC Area  Class
                 0.627    0.197    0.761      0.627    0.687      0.437    0.791     0.782     PD
                 0.803    0.373    0.683      0.803    0.738      0.437    0.791     0.758     SNP
Weighted Avg.    0.715    0.285    0.722      0.715    0.713      0.437    0.791     0.770     


=== Confusion Matrix ===

   a   b   <-- classified as
 188 112 |   a = PD
  59 241 |   b = SNP

