
Options: -I 10 

=== Classifier model (full training set) ===

RandomForest

Bagging with 10 iterations and base learner

weka.classifiers.trees.RandomTree -K 0 -M 1.0 -V 0.001 -S 1 -do-not-check-capabilities

Time taken to build model: 0.41 seconds

Time taken to test model on training data: 0.03 seconds

=== Error on training data ===

Correctly Classified Instances         596               99.3333 %
Incorrectly Classified Instances         4                0.6667 %
Kappa statistic                          0.9867
Mean absolute error                      0.1463
Root mean squared error                  0.18  
Relative absolute error                 29.2678 %
Root relative squared error             36.0083 %
Total Number of Instances              600     


=== Detailed Accuracy By Class ===

                 TP Rate  FP Rate  Precision  Recall   F-Measure  MCC      ROC Area  PRC Area  Class
                 0.987    0.000    1.000      0.987    0.993      0.987    1.000     1.000     PD
                 1.000    0.013    0.987      1.000    0.993      0.987    1.000     1.000     SNP
Weighted Avg.    0.993    0.007    0.993      0.993    0.993      0.987    1.000     1.000     


=== Confusion Matrix ===

   a   b   <-- classified as
 296   4 |   a = PD
   0 300 |   b = SNP

Time taken to perform cross-validation: 3.76 seconds


=== Stratified cross-validation ===

Correctly Classified Instances         421               70.1667 %
Incorrectly Classified Instances       179               29.8333 %
Kappa statistic                          0.4033
Mean absolute error                      0.4201
Root mean squared error                  0.4473
Relative absolute error                 84.0138 %
Root relative squared error             89.4533 %
Total Number of Instances              600     


=== Detailed Accuracy By Class ===

                 TP Rate  FP Rate  Precision  Recall   F-Measure  MCC      ROC Area  PRC Area  Class
                 0.620    0.217    0.741      0.620    0.675      0.409    0.770     0.779     PD
                 0.783    0.380    0.673      0.783    0.724      0.409    0.770     0.754     SNP
Weighted Avg.    0.702    0.298    0.707      0.702    0.700      0.409    0.770     0.766     


=== Confusion Matrix ===

   a   b   <-- classified as
 186 114 |   a = PD
  65 235 |   b = SNP

