
Options: -I 20 

=== Classifier model (full training set) ===

RandomForest

Bagging with 20 iterations and base learner

weka.classifiers.trees.RandomTree -K 0 -M 1.0 -V 0.001 -S 1 -do-not-check-capabilities

Time taken to build model: 0.5 seconds

Time taken to test model on training data: 0.04 seconds

=== Error on training data ===

Correctly Classified Instances         599               99.8333 %
Incorrectly Classified Instances         1                0.1667 %
Kappa statistic                          0.9967
Mean absolute error                      0.1583
Root mean squared error                  0.1772
Relative absolute error                 31.6595 %
Root relative squared error             35.4463 %
Total Number of Instances              600     


=== Detailed Accuracy By Class ===

                 TP Rate  FP Rate  Precision  Recall   F-Measure  MCC      ROC Area  PRC Area  Class
                 1.000    0.003    0.997      1.000    0.998      0.997    1.000     1.000     PD
                 0.997    0.000    1.000      0.997    0.998      0.997    1.000     1.000     SNP
Weighted Avg.    0.998    0.002    0.998      0.998    0.998      0.997    1.000     1.000     


=== Confusion Matrix ===

   a   b   <-- classified as
 300   0 |   a = PD
   1 299 |   b = SNP

Time taken to perform cross-validation: 1.45 seconds


=== Stratified cross-validation ===

Correctly Classified Instances         438               73      %
Incorrectly Classified Instances       162               27      %
Kappa statistic                          0.46  
Mean absolute error                      0.4141
Root mean squared error                  0.4377
Relative absolute error                 82.8172 %
Root relative squared error             87.5468 %
Total Number of Instances              600     


=== Detailed Accuracy By Class ===

                 TP Rate  FP Rate  Precision  Recall   F-Measure  MCC      ROC Area  PRC Area  Class
                 0.640    0.180    0.780      0.640    0.703      0.468    0.808     0.796     PD
                 0.820    0.360    0.695      0.820    0.752      0.468    0.808     0.799     SNP
Weighted Avg.    0.730    0.270    0.738      0.730    0.728      0.468    0.808     0.797     


=== Confusion Matrix ===

   a   b   <-- classified as
 192 108 |   a = PD
  54 246 |   b = SNP

