
Options: -I 20 

=== Classifier model (full training set) ===

RandomForest

Bagging with 20 iterations and base learner

weka.classifiers.trees.RandomTree -K 0 -M 1.0 -V 0.001 -S 1 -do-not-check-capabilities

Time taken to build model: 0.6 seconds

Time taken to test model on training data: 0.05 seconds

=== Error on training data ===

Correctly Classified Instances         597               99.5    %
Incorrectly Classified Instances         3                0.5    %
Kappa statistic                          0.99  
Mean absolute error                      0.152 
Root mean squared error                  0.1759
Relative absolute error                 30.4041 %
Root relative squared error             35.186  %
Total Number of Instances              600     


=== Detailed Accuracy By Class ===

                 TP Rate  FP Rate  Precision  Recall   F-Measure  MCC      ROC Area  PRC Area  Class
                 0.993    0.003    0.997      0.993    0.995      0.990    1.000     1.000     PD
                 0.997    0.007    0.993      0.997    0.995      0.990    1.000     1.000     SNP
Weighted Avg.    0.995    0.005    0.995      0.995    0.995      0.990    1.000     1.000     


=== Confusion Matrix ===

   a   b   <-- classified as
 298   2 |   a = PD
   1 299 |   b = SNP

Time taken to perform cross-validation: 2.77 seconds


=== Stratified cross-validation ===

Correctly Classified Instances         440               73.3333 %
Incorrectly Classified Instances       160               26.6667 %
Kappa statistic                          0.4667
Mean absolute error                      0.419 
Root mean squared error                  0.4438
Relative absolute error                 83.7994 %
Root relative squared error             88.7631 %
Total Number of Instances              600     


=== Detailed Accuracy By Class ===

                 TP Rate  FP Rate  Precision  Recall   F-Measure  MCC      ROC Area  PRC Area  Class
                 0.670    0.203    0.767      0.670    0.715      0.470    0.795     0.779     PD
                 0.797    0.330    0.707      0.797    0.749      0.470    0.795     0.753     SNP
Weighted Avg.    0.733    0.267    0.737      0.733    0.732      0.470    0.795     0.766     


=== Confusion Matrix ===

   a   b   <-- classified as
 201  99 |   a = PD
  61 239 |   b = SNP

