
Options: -I 20 

=== Classifier model (full training set) ===

RandomForest

Bagging with 20 iterations and base learner

weka.classifiers.trees.RandomTree -K 0 -M 1.0 -V 0.001 -S 1 -do-not-check-capabilities

Time taken to build model: 0.5 seconds

Time taken to test model on training data: 0.04 seconds

=== Error on training data ===

Correctly Classified Instances         596               99.3333 %
Incorrectly Classified Instances         4                0.6667 %
Kappa statistic                          0.9867
Mean absolute error                      0.1599
Root mean squared error                  0.1824
Relative absolute error                 31.9832 %
Root relative squared error             36.4771 %
Total Number of Instances              600     


=== Detailed Accuracy By Class ===

                 TP Rate  FP Rate  Precision  Recall   F-Measure  MCC      ROC Area  PRC Area  Class
                 0.993    0.007    0.993      0.993    0.993      0.987    1.000     1.000     PD
                 0.993    0.007    0.993      0.993    0.993      0.987    1.000     1.000     SNP
Weighted Avg.    0.993    0.007    0.993      0.993    0.993      0.987    1.000     1.000     


=== Confusion Matrix ===

   a   b   <-- classified as
 298   2 |   a = PD
   2 298 |   b = SNP

Time taken to perform cross-validation: 2.37 seconds


=== Stratified cross-validation ===

Correctly Classified Instances         426               71      %
Incorrectly Classified Instances       174               29      %
Kappa statistic                          0.42  
Mean absolute error                      0.4323
Root mean squared error                  0.4557
Relative absolute error                 86.4686 %
Root relative squared error             91.1346 %
Total Number of Instances              600     


=== Detailed Accuracy By Class ===

                 TP Rate  FP Rate  Precision  Recall   F-Measure  MCC      ROC Area  PRC Area  Class
                 0.633    0.213    0.748      0.633    0.686      0.425    0.763     0.746     PD
                 0.787    0.367    0.682      0.787    0.731      0.425    0.763     0.726     SNP
Weighted Avg.    0.710    0.290    0.715      0.710    0.708      0.425    0.763     0.736     


=== Confusion Matrix ===

   a   b   <-- classified as
 190 110 |   a = PD
  64 236 |   b = SNP

