
Options: -I 50 

=== Classifier model (full training set) ===

RandomForest

Bagging with 50 iterations and base learner

weka.classifiers.trees.RandomTree -K 0 -M 1.0 -V 0.001 -S 1 -do-not-check-capabilities

Time taken to build model: 0.67 seconds

Time taken to test model on training data: 0.06 seconds

=== Error on training data ===

Correctly Classified Instances         596               99.3333 %
Incorrectly Classified Instances         4                0.6667 %
Kappa statistic                          0.9867
Mean absolute error                      0.1542
Root mean squared error                  0.1717
Relative absolute error                 30.836  %
Root relative squared error             34.3479 %
Total Number of Instances              600     


=== Detailed Accuracy By Class ===

                 TP Rate  FP Rate  Precision  Recall   F-Measure  MCC      ROC Area  PRC Area  Class
                 0.997    0.010    0.990      0.997    0.993      0.987    1.000     1.000     PD
                 0.990    0.003    0.997      0.990    0.993      0.987    1.000     1.000     SNP
Weighted Avg.    0.993    0.007    0.993      0.993    0.993      0.987    1.000     1.000     


=== Confusion Matrix ===

   a   b   <-- classified as
 299   1 |   a = PD
   3 297 |   b = SNP

Time taken to perform cross-validation: 6.22 seconds


=== Stratified cross-validation ===

Correctly Classified Instances         438               73      %
Incorrectly Classified Instances       162               27      %
Kappa statistic                          0.46  
Mean absolute error                      0.4234
Root mean squared error                  0.446 
Relative absolute error                 84.675  %
Root relative squared error             89.2045 %
Total Number of Instances              600     


=== Detailed Accuracy By Class ===

                 TP Rate  FP Rate  Precision  Recall   F-Measure  MCC      ROC Area  PRC Area  Class
                 0.643    0.183    0.778      0.643    0.704      0.467    0.791     0.778     PD
                 0.817    0.357    0.696      0.817    0.752      0.467    0.791     0.767     SNP
Weighted Avg.    0.730    0.270    0.737      0.730    0.728      0.467    0.791     0.772     


=== Confusion Matrix ===

   a   b   <-- classified as
 193 107 |   a = PD
  55 245 |   b = SNP

