
Options: -I 100 

=== Classifier model (full training set) ===

RandomForest

Bagging with 100 iterations and base learner

weka.classifiers.trees.RandomTree -K 0 -M 1.0 -V 0.001 -S 1 -do-not-check-capabilities

Time taken to build model: 1.29 seconds

Time taken to test model on training data: 0.09 seconds

=== Error on training data ===

Correctly Classified Instances         599               99.8333 %
Incorrectly Classified Instances         1                0.1667 %
Kappa statistic                          0.9967
Mean absolute error                      0.1532
Root mean squared error                  0.1641
Relative absolute error                 30.6366 %
Root relative squared error             32.817  %
Total Number of Instances              600     


=== Detailed Accuracy By Class ===

                 TP Rate  FP Rate  Precision  Recall   F-Measure  MCC      ROC Area  PRC Area  Class
                 0.997    0.000    1.000      0.997    0.998      0.997    1.000     1.000     PD
                 1.000    0.003    0.997      1.000    0.998      0.997    1.000     1.000     SNP
Weighted Avg.    0.998    0.002    0.998      0.998    0.998      0.997    1.000     1.000     


=== Confusion Matrix ===

   a   b   <-- classified as
 299   1 |   a = PD
   0 300 |   b = SNP

Time taken to perform cross-validation: 10.3 seconds


=== Stratified cross-validation ===

Correctly Classified Instances         442               73.6667 %
Incorrectly Classified Instances       158               26.3333 %
Kappa statistic                          0.4733
Mean absolute error                      0.419 
Root mean squared error                  0.4394
Relative absolute error                 83.8069 %
Root relative squared error             87.8721 %
Total Number of Instances              600     


=== Detailed Accuracy By Class ===

                 TP Rate  FP Rate  Precision  Recall   F-Measure  MCC      ROC Area  PRC Area  Class
                 0.670    0.197    0.773      0.670    0.718      0.478    0.806     0.824     PD
                 0.803    0.330    0.709      0.803    0.753      0.478    0.806     0.781     SNP
Weighted Avg.    0.737    0.263    0.741      0.737    0.735      0.478    0.806     0.802     


=== Confusion Matrix ===

   a   b   <-- classified as
 201  99 |   a = PD
  59 241 |   b = SNP

