
Options: -I 100 

=== Classifier model (full training set) ===

RandomForest

Bagging with 100 iterations and base learner

weka.classifiers.trees.RandomTree -K 0 -M 1.0 -V 0.001 -S 1 -do-not-check-capabilities

Time taken to build model: 1.68 seconds

Time taken to test model on training data: 0.15 seconds

=== Error on training data ===

Correctly Classified Instances         597               99.5    %
Incorrectly Classified Instances         3                0.5    %
Kappa statistic                          0.99  
Mean absolute error                      0.1571
Root mean squared error                  0.17  
Relative absolute error                 31.4143 %
Root relative squared error             33.9957 %
Total Number of Instances              600     


=== Detailed Accuracy By Class ===

                 TP Rate  FP Rate  Precision  Recall   F-Measure  MCC      ROC Area  PRC Area  Class
                 0.993    0.003    0.997      0.993    0.995      0.990    1.000     1.000     PD
                 0.997    0.007    0.993      0.997    0.995      0.990    1.000     1.000     SNP
Weighted Avg.    0.995    0.005    0.995      0.995    0.995      0.990    1.000     1.000     


=== Confusion Matrix ===

   a   b   <-- classified as
 298   2 |   a = PD
   1 299 |   b = SNP

Time taken to perform cross-validation: 11.59 seconds


=== Stratified cross-validation ===

Correctly Classified Instances         440               73.3333 %
Incorrectly Classified Instances       160               26.6667 %
Kappa statistic                          0.4667
Mean absolute error                      0.4214
Root mean squared error                  0.4419
Relative absolute error                 84.2814 %
Root relative squared error             88.3828 %
Total Number of Instances              600     


=== Detailed Accuracy By Class ===

                 TP Rate  FP Rate  Precision  Recall   F-Measure  MCC      ROC Area  PRC Area  Class
                 0.663    0.197    0.771      0.663    0.713      0.471    0.810     0.798     PD
                 0.803    0.337    0.705      0.803    0.751      0.471    0.810     0.769     SNP
Weighted Avg.    0.733    0.267    0.738      0.733    0.732      0.471    0.810     0.784     


=== Confusion Matrix ===

   a   b   <-- classified as
 199 101 |   a = PD
  59 241 |   b = SNP

