
Options: -I 200 

=== Classifier model (full training set) ===

RandomForest

Bagging with 200 iterations and base learner

weka.classifiers.trees.RandomTree -K 0 -M 1.0 -V 0.001 -S 1 -do-not-check-capabilities

Time taken to build model: 2.58 seconds

Time taken to test model on training data: 0.23 seconds

=== Error on training data ===

Correctly Classified Instances         596               99.3333 %
Incorrectly Classified Instances         4                0.6667 %
Kappa statistic                          0.9867
Mean absolute error                      0.1616
Root mean squared error                  0.1742
Relative absolute error                 32.3252 %
Root relative squared error             34.8382 %
Total Number of Instances              600     


=== Detailed Accuracy By Class ===

                 TP Rate  FP Rate  Precision  Recall   F-Measure  MCC      ROC Area  PRC Area  Class
                 1.000    0.013    0.987      1.000    0.993      0.987    1.000     1.000     PD
                 0.987    0.000    1.000      0.987    0.993      0.987    1.000     1.000     SNP
Weighted Avg.    0.993    0.007    0.993      0.993    0.993      0.987    1.000     1.000     


=== Confusion Matrix ===

   a   b   <-- classified as
 300   0 |   a = PD
   4 296 |   b = SNP

Time taken to perform cross-validation: 29.39 seconds


=== Stratified cross-validation ===

Correctly Classified Instances         443               73.8333 %
Incorrectly Classified Instances       157               26.1667 %
Kappa statistic                          0.4767
Mean absolute error                      0.4222
Root mean squared error                  0.4418
Relative absolute error                 84.4387 %
Root relative squared error             88.3512 %
Total Number of Instances              600     


=== Detailed Accuracy By Class ===

                 TP Rate  FP Rate  Precision  Recall   F-Measure  MCC      ROC Area  PRC Area  Class
                 0.670    0.193    0.776      0.670    0.719      0.481    0.805     0.799     PD
                 0.807    0.330    0.710      0.807    0.755      0.481    0.805     0.778     SNP
Weighted Avg.    0.738    0.262    0.743      0.738    0.737      0.481    0.805     0.789     


=== Confusion Matrix ===

   a   b   <-- classified as
 201  99 |   a = PD
  58 242 |   b = SNP

