
Options: -I 50 

=== Classifier model (full training set) ===

RandomForest

Bagging with 50 iterations and base learner

weka.classifiers.trees.RandomTree -K 0 -M 1.0 -V 0.001 -S 1 -do-not-check-capabilities

Time taken to build model: 1.64 seconds

Time taken to test model on training data: 0.07 seconds

=== Error on training data ===

Correctly Classified Instances         596               99.3333 %
Incorrectly Classified Instances         4                0.6667 %
Kappa statistic                          0.9867
Mean absolute error                      0.1607
Root mean squared error                  0.1764
Relative absolute error                 32.1352 %
Root relative squared error             35.2888 %
Total Number of Instances              600     


=== Detailed Accuracy By Class ===

                 TP Rate  FP Rate  Precision  Recall   F-Measure  MCC      ROC Area  PRC Area  Class
                 0.990    0.003    0.997      0.990    0.993      0.987    1.000     1.000     PD
                 0.997    0.010    0.990      0.997    0.993      0.987    1.000     1.000     SNP
Weighted Avg.    0.993    0.007    0.993      0.993    0.993      0.987    1.000     1.000     


=== Confusion Matrix ===

   a   b   <-- classified as
 297   3 |   a = PD
   1 299 |   b = SNP

Time taken to perform cross-validation: 6.72 seconds


=== Stratified cross-validation ===

Correctly Classified Instances         441               73.5    %
Incorrectly Classified Instances       159               26.5    %
Kappa statistic                          0.47  
Mean absolute error                      0.4212
Root mean squared error                  0.4422
Relative absolute error                 84.2389 %
Root relative squared error             88.448  %
Total Number of Instances              600     


=== Detailed Accuracy By Class ===

                 TP Rate  FP Rate  Precision  Recall   F-Measure  MCC      ROC Area  PRC Area  Class
                 0.663    0.193    0.774      0.663    0.715      0.475    0.799     0.799     PD
                 0.807    0.337    0.706      0.807    0.753      0.475    0.799     0.762     SNP
Weighted Avg.    0.735    0.265    0.740      0.735    0.734      0.475    0.799     0.781     


=== Confusion Matrix ===

   a   b   <-- classified as
 199 101 |   a = PD
  58 242 |   b = SNP

