
Options: -I 20 

=== Classifier model (full training set) ===

RandomForest

Bagging with 20 iterations and base learner

weka.classifiers.trees.RandomTree -K 0 -M 1.0 -V 0.001 -S 1 -do-not-check-capabilities

Time taken to build model: 0.6 seconds

Time taken to test model on training data: 0.04 seconds

=== Error on training data ===

Correctly Classified Instances         594               99      %
Incorrectly Classified Instances         6                1      %
Kappa statistic                          0.98  
Mean absolute error                      0.1618
Root mean squared error                  0.1845
Relative absolute error                 32.3501 %
Root relative squared error             36.8901 %
Total Number of Instances              600     


=== Detailed Accuracy By Class ===

                 TP Rate  FP Rate  Precision  Recall   F-Measure  MCC      ROC Area  PRC Area  Class
                 0.990    0.010    0.990      0.990    0.990      0.980    1.000     1.000     PD
                 0.990    0.010    0.990      0.990    0.990      0.980    1.000     1.000     SNP
Weighted Avg.    0.990    0.010    0.990      0.990    0.990      0.980    1.000     1.000     


=== Confusion Matrix ===

   a   b   <-- classified as
 297   3 |   a = PD
   3 297 |   b = SNP

Time taken to perform cross-validation: 4.68 seconds


=== Stratified cross-validation ===

Correctly Classified Instances         433               72.1667 %
Incorrectly Classified Instances       167               27.8333 %
Kappa statistic                          0.4433
Mean absolute error                      0.4281
Root mean squared error                  0.4489
Relative absolute error                 85.6296 %
Root relative squared error             89.7849 %
Total Number of Instances              600     


=== Detailed Accuracy By Class ===

                 TP Rate  FP Rate  Precision  Recall   F-Measure  MCC      ROC Area  PRC Area  Class
                 0.640    0.197    0.765      0.640    0.697      0.449    0.784     0.774     PD
                 0.803    0.360    0.691      0.803    0.743      0.449    0.784     0.753     SNP
Weighted Avg.    0.722    0.278    0.728      0.722    0.720      0.449    0.784     0.763     


=== Confusion Matrix ===

   a   b   <-- classified as
 192 108 |   a = PD
  59 241 |   b = SNP

