
Options: -I 300 

=== Classifier model (full training set) ===

RandomForest

Bagging with 300 iterations and base learner

weka.classifiers.trees.RandomTree -K 0 -M 1.0 -V 0.001 -S 1 -do-not-check-capabilities

Time taken to build model: 4.42 seconds

Time taken to test model on training data: 0.3 seconds

=== Error on training data ===

Correctly Classified Instances         596               99.3333 %
Incorrectly Classified Instances         4                0.6667 %
Kappa statistic                          0.9867
Mean absolute error                      0.159 
Root mean squared error                  0.1713
Relative absolute error                 31.7909 %
Root relative squared error             34.2567 %
Total Number of Instances              600     


=== Detailed Accuracy By Class ===

                 TP Rate  FP Rate  Precision  Recall   F-Measure  MCC      ROC Area  PRC Area  Class
                 0.993    0.007    0.993      0.993    0.993      0.987    1.000     1.000     PD
                 0.993    0.007    0.993      0.993    0.993      0.987    1.000     1.000     SNP
Weighted Avg.    0.993    0.007    0.993      0.993    0.993      0.987    1.000     1.000     


=== Confusion Matrix ===

   a   b   <-- classified as
 298   2 |   a = PD
   2 298 |   b = SNP

Time taken to perform cross-validation: 24.28 seconds


=== Stratified cross-validation ===

Correctly Classified Instances         447               74.5    %
Incorrectly Classified Instances       153               25.5    %
Kappa statistic                          0.49  
Mean absolute error                      0.4249
Root mean squared error                  0.4449
Relative absolute error                 84.9867 %
Root relative squared error             88.9707 %
Total Number of Instances              600     


=== Detailed Accuracy By Class ===

                 TP Rate  FP Rate  Precision  Recall   F-Measure  MCC      ROC Area  PRC Area  Class
                 0.647    0.157    0.805      0.647    0.717      0.500    0.804     0.796     PD
                 0.843    0.353    0.705      0.843    0.768      0.500    0.804     0.765     SNP
Weighted Avg.    0.745    0.255    0.755      0.745    0.743      0.500    0.804     0.780     


=== Confusion Matrix ===

   a   b   <-- classified as
 194 106 |   a = PD
  47 253 |   b = SNP

