
Options: -I 50 

=== Classifier model (full training set) ===

RandomForest

Bagging with 50 iterations and base learner

weka.classifiers.trees.RandomTree -K 0 -M 1.0 -V 0.001 -S 1 -do-not-check-capabilities

Time taken to build model: 0.73 seconds

Time taken to test model on training data: 0.07 seconds

=== Error on training data ===

Correctly Classified Instances         597               99.5    %
Incorrectly Classified Instances         3                0.5    %
Kappa statistic                          0.99  
Mean absolute error                      0.1563
Root mean squared error                  0.1711
Relative absolute error                 31.2659 %
Root relative squared error             34.2296 %
Total Number of Instances              600     


=== Detailed Accuracy By Class ===

                 TP Rate  FP Rate  Precision  Recall   F-Measure  MCC      ROC Area  PRC Area  Class
                 0.997    0.007    0.993      0.997    0.995      0.990    1.000     1.000     PD
                 0.993    0.003    0.997      0.993    0.995      0.990    1.000     1.000     SNP
Weighted Avg.    0.995    0.005    0.995      0.995    0.995      0.990    1.000     1.000     


=== Confusion Matrix ===

   a   b   <-- classified as
 299   1 |   a = PD
   2 298 |   b = SNP

Time taken to perform cross-validation: 5.78 seconds


=== Stratified cross-validation ===

Correctly Classified Instances         445               74.1667 %
Incorrectly Classified Instances       155               25.8333 %
Kappa statistic                          0.4833
Mean absolute error                      0.4054
Root mean squared error                  0.4321
Relative absolute error                 81.0829 %
Root relative squared error             86.4158 %
Total Number of Instances              600     


=== Detailed Accuracy By Class ===

                 TP Rate  FP Rate  Precision  Recall   F-Measure  MCC      ROC Area  PRC Area  Class
                 0.690    0.207    0.770      0.690    0.728      0.486    0.815     0.819     PD
                 0.793    0.310    0.719      0.793    0.754      0.486    0.815     0.791     SNP
Weighted Avg.    0.742    0.258    0.744      0.742    0.741      0.486    0.815     0.805     


=== Confusion Matrix ===

   a   b   <-- classified as
 207  93 |   a = PD
  62 238 |   b = SNP

