
Options: -I 50 

=== Classifier model (full training set) ===

RandomForest

Bagging with 50 iterations and base learner

weka.classifiers.trees.RandomTree -K 0 -M 1.0 -V 0.001 -S 1 -do-not-check-capabilities

Time taken to build model: 0.71 seconds

Time taken to test model on training data: 0.08 seconds

=== Error on training data ===

Correctly Classified Instances         599               99.8333 %
Incorrectly Classified Instances         1                0.1667 %
Kappa statistic                          0.9967
Mean absolute error                      0.1587
Root mean squared error                  0.1708
Relative absolute error                 31.7324 %
Root relative squared error             34.1664 %
Total Number of Instances              600     


=== Detailed Accuracy By Class ===

                 TP Rate  FP Rate  Precision  Recall   F-Measure  MCC      ROC Area  PRC Area  Class
                 1.000    0.003    0.997      1.000    0.998      0.997    1.000     1.000     PD
                 0.997    0.000    1.000      0.997    0.998      0.997    1.000     1.000     SNP
Weighted Avg.    0.998    0.002    0.998      0.998    0.998      0.997    1.000     1.000     


=== Confusion Matrix ===

   a   b   <-- classified as
 300   0 |   a = PD
   1 299 |   b = SNP

Time taken to perform cross-validation: 5.67 seconds


=== Stratified cross-validation ===

Correctly Classified Instances         449               74.8333 %
Incorrectly Classified Instances       151               25.1667 %
Kappa statistic                          0.4967
Mean absolute error                      0.4097
Root mean squared error                  0.4316
Relative absolute error                 81.9382 %
Root relative squared error             86.3243 %
Total Number of Instances              600     


=== Detailed Accuracy By Class ===

                 TP Rate  FP Rate  Precision  Recall   F-Measure  MCC      ROC Area  PRC Area  Class
                 0.663    0.167    0.799      0.663    0.725      0.504    0.831     0.829     PD
                 0.833    0.337    0.712      0.833    0.768      0.504    0.831     0.816     SNP
Weighted Avg.    0.748    0.252    0.756      0.748    0.747      0.504    0.831     0.822     


=== Confusion Matrix ===

   a   b   <-- classified as
 199 101 |   a = PD
  50 250 |   b = SNP

