
Options: -I 400 

=== Classifier model (full training set) ===

RandomForest

Bagging with 400 iterations and base learner

weka.classifiers.trees.RandomTree -K 0 -M 1.0 -V 0.001 -S 1 -do-not-check-capabilities

Time taken to build model: 6.31 seconds

Time taken to test model on training data: 0.29 seconds

=== Error on training data ===

Correctly Classified Instances         597               99.5    %
Incorrectly Classified Instances         3                0.5    %
Kappa statistic                          0.99  
Mean absolute error                      0.1589
Root mean squared error                  0.1698
Relative absolute error                 31.7759 %
Root relative squared error             33.9611 %
Total Number of Instances              600     


=== Detailed Accuracy By Class ===

                 TP Rate  FP Rate  Precision  Recall   F-Measure  MCC      ROC Area  PRC Area  Class
                 0.997    0.007    0.993      0.997    0.995      0.990    1.000     1.000     PD
                 0.993    0.003    0.997      0.993    0.995      0.990    1.000     1.000     SNP
Weighted Avg.    0.995    0.005    0.995      0.995    0.995      0.990    1.000     1.000     


=== Confusion Matrix ===

   a   b   <-- classified as
 299   1 |   a = PD
   2 298 |   b = SNP

Time taken to perform cross-validation: 51.23 seconds


=== Stratified cross-validation ===

Correctly Classified Instances         441               73.5    %
Incorrectly Classified Instances       159               26.5    %
Kappa statistic                          0.47  
Mean absolute error                      0.4142
Root mean squared error                  0.4368
Relative absolute error                 82.8475 %
Root relative squared error             87.363  %
Total Number of Instances              600     


=== Detailed Accuracy By Class ===

                 TP Rate  FP Rate  Precision  Recall   F-Measure  MCC      ROC Area  PRC Area  Class
                 0.700    0.230    0.753      0.700    0.725      0.471    0.814     0.810     PD
                 0.770    0.300    0.720      0.770    0.744      0.471    0.814     0.786     SNP
Weighted Avg.    0.735    0.265    0.736      0.735    0.735      0.471    0.814     0.798     


=== Confusion Matrix ===

   a   b   <-- classified as
 210  90 |   a = PD
  69 231 |   b = SNP

