
Options: -I 400 

=== Classifier model (full training set) ===

RandomForest

Bagging with 400 iterations and base learner

weka.classifiers.trees.RandomTree -K 0 -M 1.0 -V 0.001 -S 1 -do-not-check-capabilities

Time taken to build model: 5.87 seconds

Time taken to test model on training data: 0.27 seconds

=== Error on training data ===

Correctly Classified Instances         596               99.3333 %
Incorrectly Classified Instances         4                0.6667 %
Kappa statistic                          0.9867
Mean absolute error                      0.1594
Root mean squared error                  0.1715
Relative absolute error                 31.8738 %
Root relative squared error             34.2953 %
Total Number of Instances              600     


=== Detailed Accuracy By Class ===

                 TP Rate  FP Rate  Precision  Recall   F-Measure  MCC      ROC Area  PRC Area  Class
                 0.990    0.003    0.997      0.990    0.993      0.987    1.000     1.000     PD
                 0.997    0.010    0.990      0.997    0.993      0.987    1.000     1.000     SNP
Weighted Avg.    0.993    0.007    0.993      0.993    0.993      0.987    1.000     1.000     


=== Confusion Matrix ===

   a   b   <-- classified as
 297   3 |   a = PD
   1 299 |   b = SNP

Time taken to perform cross-validation: 40.17 seconds


=== Stratified cross-validation ===

Correctly Classified Instances         446               74.3333 %
Incorrectly Classified Instances       154               25.6667 %
Kappa statistic                          0.4867
Mean absolute error                      0.4265
Root mean squared error                  0.4459
Relative absolute error                 85.2956 %
Root relative squared error             89.1876 %
Total Number of Instances              600     


=== Detailed Accuracy By Class ===

                 TP Rate  FP Rate  Precision  Recall   F-Measure  MCC      ROC Area  PRC Area  Class
                 0.647    0.160    0.802      0.647    0.716      0.496    0.803     0.794     PD
                 0.840    0.353    0.704      0.840    0.766      0.496    0.803     0.763     SNP
Weighted Avg.    0.743    0.257    0.753      0.743    0.741      0.496    0.803     0.778     


=== Confusion Matrix ===

   a   b   <-- classified as
 194 106 |   a = PD
  48 252 |   b = SNP

