
Options: -I 20 

=== Classifier model (full training set) ===

RandomForest

Bagging with 20 iterations and base learner

weka.classifiers.trees.RandomTree -K 0 -M 1.0 -V 0.001 -S 1 -do-not-check-capabilities

Time taken to build model: 0.52 seconds

Time taken to test model on training data: 0.04 seconds

=== Error on training data ===

Correctly Classified Instances         597               99.5    %
Incorrectly Classified Instances         3                0.5    %
Kappa statistic                          0.99  
Mean absolute error                      0.1568
Root mean squared error                  0.1789
Relative absolute error                 31.3641 %
Root relative squared error             35.7865 %
Total Number of Instances              600     


=== Detailed Accuracy By Class ===

                 TP Rate  FP Rate  Precision  Recall   F-Measure  MCC      ROC Area  PRC Area  Class
                 0.993    0.003    0.997      0.993    0.995      0.990    1.000     1.000     PD
                 0.997    0.007    0.993      0.997    0.995      0.990    1.000     1.000     SNP
Weighted Avg.    0.995    0.005    0.995      0.995    0.995      0.990    1.000     1.000     


=== Confusion Matrix ===

   a   b   <-- classified as
 298   2 |   a = PD
   1 299 |   b = SNP

Time taken to perform cross-validation: 2.93 seconds


=== Stratified cross-validation ===

Correctly Classified Instances         434               72.3333 %
Incorrectly Classified Instances       166               27.6667 %
Kappa statistic                          0.4467
Mean absolute error                      0.4089
Root mean squared error                  0.4356
Relative absolute error                 81.7795 %
Root relative squared error             87.1164 %
Total Number of Instances              600     


=== Detailed Accuracy By Class ===

                 TP Rate  FP Rate  Precision  Recall   F-Measure  MCC      ROC Area  PRC Area  Class
                 0.613    0.167    0.786      0.613    0.689      0.458    0.811     0.828     PD
                 0.833    0.387    0.683      0.833    0.751      0.458    0.811     0.760     SNP
Weighted Avg.    0.723    0.277    0.735      0.723    0.720      0.458    0.811     0.794     


=== Confusion Matrix ===

   a   b   <-- classified as
 184 116 |   a = PD
  50 250 |   b = SNP

