
Options: -I 200 

=== Classifier model (full training set) ===

RandomForest

Bagging with 200 iterations and base learner

weka.classifiers.trees.RandomTree -K 0 -M 1.0 -V 0.001 -S 1 -do-not-check-capabilities

Time taken to build model: 3.88 seconds

Time taken to test model on training data: 0.21 seconds

=== Error on training data ===

Correctly Classified Instances         597               99.5    %
Incorrectly Classified Instances         3                0.5    %
Kappa statistic                          0.99  
Mean absolute error                      0.1583
Root mean squared error                  0.17  
Relative absolute error                 31.6664 %
Root relative squared error             33.9965 %
Total Number of Instances              600     


=== Detailed Accuracy By Class ===

                 TP Rate  FP Rate  Precision  Recall   F-Measure  MCC      ROC Area  PRC Area  Class
                 0.993    0.003    0.997      0.993    0.995      0.990    1.000     1.000     PD
                 0.997    0.007    0.993      0.997    0.995      0.990    1.000     1.000     SNP
Weighted Avg.    0.995    0.005    0.995      0.995    0.995      0.990    1.000     1.000     


=== Confusion Matrix ===

   a   b   <-- classified as
 298   2 |   a = PD
   1 299 |   b = SNP

Time taken to perform cross-validation: 25.17 seconds


=== Stratified cross-validation ===

Correctly Classified Instances         434               72.3333 %
Incorrectly Classified Instances       166               27.6667 %
Kappa statistic                          0.4467
Mean absolute error                      0.413 
Root mean squared error                  0.4365
Relative absolute error                 82.6082 %
Root relative squared error             87.2937 %
Total Number of Instances              600     


=== Detailed Accuracy By Class ===

                 TP Rate  FP Rate  Precision  Recall   F-Measure  MCC      ROC Area  PRC Area  Class
                 0.683    0.237    0.743      0.683    0.712      0.448    0.812     0.811     PD
                 0.763    0.317    0.707      0.763    0.734      0.448    0.812     0.782     SNP
Weighted Avg.    0.723    0.277    0.725      0.723    0.723      0.448    0.812     0.796     


=== Confusion Matrix ===

   a   b   <-- classified as
 205  95 |   a = PD
  71 229 |   b = SNP

