
Options: -I 10 

=== Classifier model (full training set) ===

RandomForest

Bagging with 10 iterations and base learner

weka.classifiers.trees.RandomTree -K 0 -M 1.0 -V 0.001 -S 1 -do-not-check-capabilities

Time taken to build model: 0.39 seconds

Time taken to test model on training data: 0.03 seconds

=== Error on training data ===

Correctly Classified Instances         594               99      %
Incorrectly Classified Instances         6                1      %
Kappa statistic                          0.98  
Mean absolute error                      0.1569
Root mean squared error                  0.1906
Relative absolute error                 31.3736 %
Root relative squared error             38.1173 %
Total Number of Instances              600     


=== Detailed Accuracy By Class ===

                 TP Rate  FP Rate  Precision  Recall   F-Measure  MCC      ROC Area  PRC Area  Class
                 0.990    0.010    0.990      0.990    0.990      0.980    0.999     0.999     PD
                 0.990    0.010    0.990      0.990    0.990      0.980    0.999     0.999     SNP
Weighted Avg.    0.990    0.010    0.990      0.990    0.990      0.980    0.999     0.999     


=== Confusion Matrix ===

   a   b   <-- classified as
 297   3 |   a = PD
   3 297 |   b = SNP

Time taken to perform cross-validation: 1.85 seconds


=== Stratified cross-validation ===

Correctly Classified Instances         411               68.5    %
Incorrectly Classified Instances       189               31.5    %
Kappa statistic                          0.37  
Mean absolute error                      0.4314
Root mean squared error                  0.4613
Relative absolute error                 86.2865 %
Root relative squared error             92.2693 %
Total Number of Instances              600     


=== Detailed Accuracy By Class ===

                 TP Rate  FP Rate  Precision  Recall   F-Measure  MCC      ROC Area  PRC Area  Class
                 0.607    0.237    0.719      0.607    0.658      0.375    0.737     0.734     PD
                 0.763    0.393    0.660      0.763    0.708      0.375    0.737     0.694     SNP
Weighted Avg.    0.685    0.315    0.690      0.685    0.683      0.375    0.737     0.714     


=== Confusion Matrix ===

   a   b   <-- classified as
 182 118 |   a = PD
  71 229 |   b = SNP

