
Options: -I 50 

=== Classifier model (full training set) ===

RandomForest

Bagging with 50 iterations and base learner

weka.classifiers.trees.RandomTree -K 0 -M 1.0 -V 0.001 -S 1 -do-not-check-capabilities

Time taken to build model: 0.73 seconds

Time taken to test model on training data: 0.05 seconds

=== Error on training data ===

Correctly Classified Instances         595               99.1667 %
Incorrectly Classified Instances         5                0.8333 %
Kappa statistic                          0.9833
Mean absolute error                      0.1601
Root mean squared error                  0.1772
Relative absolute error                 32.0223 %
Root relative squared error             35.4342 %
Total Number of Instances              600     


=== Detailed Accuracy By Class ===

                 TP Rate  FP Rate  Precision  Recall   F-Measure  MCC      ROC Area  PRC Area  Class
                 0.993    0.010    0.990      0.993    0.992      0.983    1.000     1.000     PD
                 0.990    0.007    0.993      0.990    0.992      0.983    1.000     1.000     SNP
Weighted Avg.    0.992    0.008    0.992      0.992    0.992      0.983    1.000     1.000     


=== Confusion Matrix ===

   a   b   <-- classified as
 298   2 |   a = PD
   3 297 |   b = SNP

Time taken to perform cross-validation: 5.23 seconds


=== Stratified cross-validation ===

Correctly Classified Instances         432               72      %
Incorrectly Classified Instances       168               28      %
Kappa statistic                          0.44  
Mean absolute error                      0.4215
Root mean squared error                  0.4465
Relative absolute error                 84.2918 %
Root relative squared error             89.2928 %
Total Number of Instances              600     


=== Detailed Accuracy By Class ===

                 TP Rate  FP Rate  Precision  Recall   F-Measure  MCC      ROC Area  PRC Area  Class
                 0.637    0.197    0.764      0.637    0.695      0.446    0.787     0.777     PD
                 0.803    0.363    0.689      0.803    0.742      0.446    0.787     0.754     SNP
Weighted Avg.    0.720    0.280    0.726      0.720    0.718      0.446    0.787     0.766     


=== Confusion Matrix ===

   a   b   <-- classified as
 191 109 |   a = PD
  59 241 |   b = SNP

