
Options: -I 20 

=== Classifier model (full training set) ===

RandomForest

Bagging with 20 iterations and base learner

weka.classifiers.trees.RandomTree -K 0 -M 1.0 -V 0.001 -S 1 -do-not-check-capabilities

Time taken to build model: 0.46 seconds

Time taken to test model on training data: 0.03 seconds

=== Error on training data ===

Correctly Classified Instances         594               99      %
Incorrectly Classified Instances         6                1      %
Kappa statistic                          0.98  
Mean absolute error                      0.1586
Root mean squared error                  0.1809
Relative absolute error                 31.7272 %
Root relative squared error             36.1829 %
Total Number of Instances              600     


=== Detailed Accuracy By Class ===

                 TP Rate  FP Rate  Precision  Recall   F-Measure  MCC      ROC Area  PRC Area  Class
                 0.990    0.010    0.990      0.990    0.990      0.980    1.000     1.000     PD
                 0.990    0.010    0.990      0.990    0.990      0.980    1.000     1.000     SNP
Weighted Avg.    0.990    0.010    0.990      0.990    0.990      0.980    1.000     1.000     


=== Confusion Matrix ===

   a   b   <-- classified as
 297   3 |   a = PD
   3 297 |   b = SNP

Time taken to perform cross-validation: 2.31 seconds


=== Stratified cross-validation ===

Correctly Classified Instances         422               70.3333 %
Incorrectly Classified Instances       178               29.6667 %
Kappa statistic                          0.4067
Mean absolute error                      0.415 
Root mean squared error                  0.4441
Relative absolute error                 82.9936 %
Root relative squared error             88.8245 %
Total Number of Instances              600     


=== Detailed Accuracy By Class ===

                 TP Rate  FP Rate  Precision  Recall   F-Measure  MCC      ROC Area  PRC Area  Class
                 0.623    0.217    0.742      0.623    0.678      0.412    0.787     0.788     PD
                 0.783    0.377    0.675      0.783    0.725      0.412    0.787     0.759     SNP
Weighted Avg.    0.703    0.297    0.709      0.703    0.701      0.412    0.787     0.773     


=== Confusion Matrix ===

   a   b   <-- classified as
 187 113 |   a = PD
  65 235 |   b = SNP

