
Options: -I 100 

=== Classifier model (full training set) ===

RandomForest

Bagging with 100 iterations and base learner

weka.classifiers.trees.RandomTree -K 0 -M 1.0 -V 0.001 -S 1 -do-not-check-capabilities

Time taken to build model: 2.16 seconds

Time taken to test model on training data: 0.12 seconds

=== Error on training data ===

Correctly Classified Instances         596               99.3333 %
Incorrectly Classified Instances         4                0.6667 %
Kappa statistic                          0.9867
Mean absolute error                      0.1612
Root mean squared error                  0.1752
Relative absolute error                 32.25   %
Root relative squared error             35.0489 %
Total Number of Instances              600     


=== Detailed Accuracy By Class ===

                 TP Rate  FP Rate  Precision  Recall   F-Measure  MCC      ROC Area  PRC Area  Class
                 0.993    0.007    0.993      0.993    0.993      0.987    1.000     1.000     PD
                 0.993    0.007    0.993      0.993    0.993      0.987    1.000     1.000     SNP
Weighted Avg.    0.993    0.007    0.993      0.993    0.993      0.987    1.000     1.000     


=== Confusion Matrix ===

   a   b   <-- classified as
 298   2 |   a = PD
   2 298 |   b = SNP

Time taken to perform cross-validation: 11.71 seconds


=== Stratified cross-validation ===

Correctly Classified Instances         442               73.6667 %
Incorrectly Classified Instances       158               26.3333 %
Kappa statistic                          0.4733
Mean absolute error                      0.4226
Root mean squared error                  0.4426
Relative absolute error                 84.5183 %
Root relative squared error             88.517  %
Total Number of Instances              600     


=== Detailed Accuracy By Class ===

                 TP Rate  FP Rate  Precision  Recall   F-Measure  MCC      ROC Area  PRC Area  Class
                 0.670    0.197    0.773      0.670    0.718      0.478    0.802     0.797     PD
                 0.803    0.330    0.709      0.803    0.753      0.478    0.802     0.769     SNP
Weighted Avg.    0.737    0.263    0.741      0.737    0.735      0.478    0.802     0.783     


=== Confusion Matrix ===

   a   b   <-- classified as
 201  99 |   a = PD
  59 241 |   b = SNP

