
Options: -I 200 

=== Classifier model (full training set) ===

RandomForest

Bagging with 200 iterations and base learner

weka.classifiers.trees.RandomTree -K 0 -M 1.0 -V 0.001 -S 1 -do-not-check-capabilities

Time taken to build model: 2.3 seconds

Time taken to test model on training data: 0.25 seconds

=== Error on training data ===

Correctly Classified Instances         906               99.3421 %
Incorrectly Classified Instances         6                0.6579 %
Kappa statistic                          0.9868
Mean absolute error                      0.1586
Root mean squared error                  0.174 
Relative absolute error                 31.7271 %
Root relative squared error             34.7942 %
Total Number of Instances              912     


=== Detailed Accuracy By Class ===

                 TP Rate  FP Rate  Precision  Recall   F-Measure  MCC      ROC Area  PRC Area  Class
                 0.991    0.004    0.996      0.991    0.993      0.987    1.000     1.000     PD
                 0.996    0.009    0.991      0.996    0.993      0.987    1.000     1.000     SNP
Weighted Avg.    0.993    0.007    0.993      0.993    0.993      0.987    1.000     1.000     


=== Confusion Matrix ===

   a   b   <-- classified as
 452   4 |   a = PD
   2 454 |   b = SNP

Time taken to perform cross-validation: 16.03 seconds


=== Stratified cross-validation ===

Correctly Classified Instances         694               76.0965 %
Incorrectly Classified Instances       218               23.9035 %
Kappa statistic                          0.5219
Mean absolute error                      0.4084
Root mean squared error                  0.4316
Relative absolute error                 81.673  %
Root relative squared error             86.3273 %
Total Number of Instances              912     


=== Detailed Accuracy By Class ===

                 TP Rate  FP Rate  Precision  Recall   F-Measure  MCC      ROC Area  PRC Area  Class
                 0.671    0.149    0.818      0.671    0.737      0.531    0.829     0.835     PD
                 0.851    0.329    0.721      0.851    0.781      0.531    0.829     0.782     SNP
Weighted Avg.    0.761    0.239    0.770      0.761    0.759      0.531    0.829     0.808     


=== Confusion Matrix ===

   a   b   <-- classified as
 306 150 |   a = PD
  68 388 |   b = SNP

