
Options: -I 200 

=== Classifier model (full training set) ===

RandomForest

Bagging with 200 iterations and base learner

weka.classifiers.trees.RandomTree -K 0 -M 1.0 -V 0.001 -S 1 -do-not-check-capabilities

Time taken to build model: 2.3 seconds

Time taken to test model on training data: 0.2 seconds

=== Error on training data ===

Correctly Classified Instances         905               99.2325 %
Incorrectly Classified Instances         7                0.7675 %
Kappa statistic                          0.9846
Mean absolute error                      0.1588
Root mean squared error                  0.1721
Relative absolute error                 31.7629 %
Root relative squared error             34.4294 %
Total Number of Instances              912     


=== Detailed Accuracy By Class ===

                 TP Rate  FP Rate  Precision  Recall   F-Measure  MCC      ROC Area  PRC Area  Class
                 0.987    0.002    0.998      0.987    0.992      0.985    1.000     1.000     PD
                 0.998    0.013    0.987      0.998    0.992      0.985    1.000     1.000     SNP
Weighted Avg.    0.992    0.008    0.992      0.992    0.992      0.985    1.000     1.000     


=== Confusion Matrix ===

   a   b   <-- classified as
 450   6 |   a = PD
   1 455 |   b = SNP

Time taken to perform cross-validation: 14.67 seconds


=== Stratified cross-validation ===

Correctly Classified Instances         678               74.3421 %
Incorrectly Classified Instances       234               25.6579 %
Kappa statistic                          0.4868
Mean absolute error                      0.4164
Root mean squared error                  0.4392
Relative absolute error                 83.2861 %
Root relative squared error             87.8303 %
Total Number of Instances              912     


=== Detailed Accuracy By Class ===

                 TP Rate  FP Rate  Precision  Recall   F-Measure  MCC      ROC Area  PRC Area  Class
                 0.664    0.178    0.789      0.664    0.721      0.493    0.805     0.814     PD
                 0.822    0.336    0.710      0.822    0.762      0.493    0.805     0.773     SNP
Weighted Avg.    0.743    0.257    0.750      0.743    0.742      0.493    0.805     0.794     


=== Confusion Matrix ===

   a   b   <-- classified as
 303 153 |   a = PD
  81 375 |   b = SNP

