
Options: -I 10 

=== Classifier model (full training set) ===

RandomForest

Bagging with 10 iterations and base learner

weka.classifiers.trees.RandomTree -K 0 -M 1.0 -V 0.001 -S 1 -do-not-check-capabilities

Time taken to build model: 0.42 seconds

Time taken to test model on training data: 0.03 seconds

=== Error on training data ===

Correctly Classified Instances         904               99.1228 %
Incorrectly Classified Instances         8                0.8772 %
Kappa statistic                          0.9825
Mean absolute error                      0.1598
Root mean squared error                  0.1895
Relative absolute error                 31.9543 %
Root relative squared error             37.8981 %
Total Number of Instances              912     


=== Detailed Accuracy By Class ===

                 TP Rate  FP Rate  Precision  Recall   F-Measure  MCC      ROC Area  PRC Area  Class
                 0.991    0.009    0.991      0.991    0.991      0.982    1.000     1.000     PD
                 0.991    0.009    0.991      0.991    0.991      0.982    1.000     1.000     SNP
Weighted Avg.    0.991    0.009    0.991      0.991    0.991      0.982    1.000     1.000     


=== Confusion Matrix ===

   a   b   <-- classified as
 452   4 |   a = PD
   4 452 |   b = SNP

Time taken to perform cross-validation: 0.83 seconds


=== Stratified cross-validation ===

Correctly Classified Instances         661               72.4781 %
Incorrectly Classified Instances       251               27.5219 %
Kappa statistic                          0.4496
Mean absolute error                      0.4146
Root mean squared error                  0.4458
Relative absolute error                 82.9274 %
Root relative squared error             89.1644 %
Total Number of Instances              912     


=== Detailed Accuracy By Class ===

                 TP Rate  FP Rate  Precision  Recall   F-Measure  MCC      ROC Area  PRC Area  Class
                 0.686    0.237    0.743      0.686    0.714      0.451    0.783     0.749     PD
                 0.763    0.314    0.709      0.763    0.735      0.451    0.783     0.763     SNP
Weighted Avg.    0.725    0.275    0.726      0.725    0.724      0.451    0.783     0.756     


=== Confusion Matrix ===

   a   b   <-- classified as
 313 143 |   a = PD
 108 348 |   b = SNP

