
Options: -I 10 

=== Classifier model (full training set) ===

RandomForest

Bagging with 10 iterations and base learner

weka.classifiers.trees.RandomTree -K 0 -M 1.0 -V 0.001 -S 1 -do-not-check-capabilities

Time taken to build model: 0.38 seconds

Time taken to test model on training data: 0.03 seconds

=== Error on training data ===

Correctly Classified Instances         903               99.0132 %
Incorrectly Classified Instances         9                0.9868 %
Kappa statistic                          0.9803
Mean absolute error                      0.1549
Root mean squared error                  0.1873
Relative absolute error                 30.9817 %
Root relative squared error             37.4562 %
Total Number of Instances              912     


=== Detailed Accuracy By Class ===

                 TP Rate  FP Rate  Precision  Recall   F-Measure  MCC      ROC Area  PRC Area  Class
                 0.989    0.009    0.991      0.989    0.990      0.980    0.999     0.999     PD
                 0.991    0.011    0.989      0.991    0.990      0.980    0.999     0.999     SNP
Weighted Avg.    0.990    0.010    0.990      0.990    0.990      0.980    0.999     0.999     


=== Confusion Matrix ===

   a   b   <-- classified as
 451   5 |   a = PD
   4 452 |   b = SNP

Time taken to perform cross-validation: 0.66 seconds


=== Stratified cross-validation ===

Correctly Classified Instances         660               72.3684 %
Incorrectly Classified Instances       252               27.6316 %
Kappa statistic                          0.4474
Mean absolute error                      0.4123
Root mean squared error                  0.4436
Relative absolute error                 82.4589 %
Root relative squared error             88.7289 %
Total Number of Instances              912     


=== Detailed Accuracy By Class ===

                 TP Rate  FP Rate  Precision  Recall   F-Measure  MCC      ROC Area  PRC Area  Class
                 0.623    0.175    0.780      0.623    0.693      0.457    0.788     0.784     PD
                 0.825    0.377    0.686      0.825    0.749      0.457    0.788     0.753     SNP
Weighted Avg.    0.724    0.276    0.733      0.724    0.721      0.457    0.788     0.768     


=== Confusion Matrix ===

   a   b   <-- classified as
 284 172 |   a = PD
  80 376 |   b = SNP

