
Options: -I 200 

=== Classifier model (full training set) ===

RandomForest

Bagging with 200 iterations and base learner

weka.classifiers.trees.RandomTree -K 0 -M 1.0 -V 0.001 -S 1 -do-not-check-capabilities

Time taken to build model: 1.8 seconds

Time taken to test model on training data: 0.17 seconds

=== Error on training data ===

Correctly Classified Instances         907               99.4518 %
Incorrectly Classified Instances         5                0.5482 %
Kappa statistic                          0.989 
Mean absolute error                      0.1554
Root mean squared error                  0.1682
Relative absolute error                 31.089  %
Root relative squared error             33.6339 %
Total Number of Instances              912     


=== Detailed Accuracy By Class ===

                 TP Rate  FP Rate  Precision  Recall   F-Measure  MCC      ROC Area  PRC Area  Class
                 0.996    0.007    0.993      0.996    0.995      0.989    1.000     1.000     PD
                 0.993    0.004    0.996      0.993    0.995      0.989    1.000     1.000     SNP
Weighted Avg.    0.995    0.005    0.995      0.995    0.995      0.989    1.000     1.000     


=== Confusion Matrix ===

   a   b   <-- classified as
 454   2 |   a = PD
   3 453 |   b = SNP

Time taken to perform cross-validation: 11.02 seconds


=== Stratified cross-validation ===

Correctly Classified Instances         668               73.2456 %
Incorrectly Classified Instances       244               26.7544 %
Kappa statistic                          0.4649
Mean absolute error                      0.4144
Root mean squared error                  0.4386
Relative absolute error                 82.8711 %
Root relative squared error             87.7131 %
Total Number of Instances              912     


=== Detailed Accuracy By Class ===

                 TP Rate  FP Rate  Precision  Recall   F-Measure  MCC      ROC Area  PRC Area  Class
                 0.632    0.167    0.791      0.632    0.702      0.475    0.811     0.810     PD
                 0.833    0.368    0.693      0.833    0.757      0.475    0.811     0.780     SNP
Weighted Avg.    0.732    0.268    0.742      0.732    0.730      0.475    0.811     0.795     


=== Confusion Matrix ===

   a   b   <-- classified as
 288 168 |   a = PD
  76 380 |   b = SNP

