
Options: -I 50 

=== Classifier model (full training set) ===

RandomForest

Bagging with 50 iterations and base learner

weka.classifiers.trees.RandomTree -K 0 -M 1.0 -V 0.001 -S 1 -do-not-check-capabilities

Time taken to build model: 0.81 seconds

Time taken to test model on training data: 0.07 seconds

=== Error on training data ===

Correctly Classified Instances         906               99.3421 %
Incorrectly Classified Instances         6                0.6579 %
Kappa statistic                          0.9868
Mean absolute error                      0.1485
Root mean squared error                  0.1675
Relative absolute error                 29.6974 %
Root relative squared error             33.4907 %
Total Number of Instances              912     


=== Detailed Accuracy By Class ===

                 TP Rate  FP Rate  Precision  Recall   F-Measure  MCC      ROC Area  PRC Area  Class
                 0.989    0.002    0.998      0.989    0.993      0.987    1.000     1.000     PD
                 0.998    0.011    0.989      0.998    0.993      0.987    1.000     1.000     SNP
Weighted Avg.    0.993    0.007    0.993      0.993    0.993      0.987    1.000     1.000     


=== Confusion Matrix ===

   a   b   <-- classified as
 451   5 |   a = PD
   1 455 |   b = SNP

Time taken to perform cross-validation: 3.42 seconds


=== Stratified cross-validation ===

Correctly Classified Instances         698               76.5351 %
Incorrectly Classified Instances       214               23.4649 %
Kappa statistic                          0.5307
Mean absolute error                      0.4059
Root mean squared error                  0.4312
Relative absolute error                 81.1772 %
Root relative squared error             86.2484 %
Total Number of Instances              912     


=== Detailed Accuracy By Class ===

                 TP Rate  FP Rate  Precision  Recall   F-Measure  MCC      ROC Area  PRC Area  Class
                 0.702    0.171    0.804      0.702    0.749      0.535    0.825     0.811     PD
                 0.829    0.298    0.735      0.829    0.779      0.535    0.825     0.801     SNP
Weighted Avg.    0.765    0.235    0.770      0.765    0.764      0.535    0.825     0.806     


=== Confusion Matrix ===

   a   b   <-- classified as
 320 136 |   a = PD
  78 378 |   b = SNP

