
Options: -I 200 

=== Classifier model (full training set) ===

RandomForest

Bagging with 200 iterations and base learner

weka.classifiers.trees.RandomTree -K 0 -M 1.0 -V 0.001 -S 1 -do-not-check-capabilities

Time taken to build model: 2.13 seconds

Time taken to test model on training data: 0.19 seconds

=== Error on training data ===

Correctly Classified Instances         904               99.1228 %
Incorrectly Classified Instances         8                0.8772 %
Kappa statistic                          0.9825
Mean absolute error                      0.1536
Root mean squared error                  0.1693
Relative absolute error                 30.722  %
Root relative squared error             33.8568 %
Total Number of Instances              912     


=== Detailed Accuracy By Class ===

                 TP Rate  FP Rate  Precision  Recall   F-Measure  MCC      ROC Area  PRC Area  Class
                 0.987    0.004    0.996      0.987    0.991      0.982    1.000     1.000     PD
                 0.996    0.013    0.987      0.996    0.991      0.982    1.000     1.000     SNP
Weighted Avg.    0.991    0.009    0.991      0.991    0.991      0.982    1.000     1.000     


=== Confusion Matrix ===

   a   b   <-- classified as
 450   6 |   a = PD
   2 454 |   b = SNP

Time taken to perform cross-validation: 13.6 seconds


=== Stratified cross-validation ===

Correctly Classified Instances         681               74.6711 %
Incorrectly Classified Instances       231               25.3289 %
Kappa statistic                          0.4934
Mean absolute error                      0.4053
Root mean squared error                  0.4308
Relative absolute error                 81.0608 %
Root relative squared error             86.1686 %
Total Number of Instances              912     


=== Detailed Accuracy By Class ===

                 TP Rate  FP Rate  Precision  Recall   F-Measure  MCC      ROC Area  PRC Area  Class
                 0.658    0.164    0.800      0.658    0.722      0.501    0.826     0.821     PD
                 0.836    0.342    0.709      0.836    0.767      0.501    0.826     0.794     SNP
Weighted Avg.    0.747    0.253    0.755      0.747    0.745      0.501    0.826     0.808     


=== Confusion Matrix ===

   a   b   <-- classified as
 300 156 |   a = PD
  75 381 |   b = SNP

