
Options: -I 10 

=== Classifier model (full training set) ===

RandomForest

Bagging with 10 iterations and base learner

weka.classifiers.trees.RandomTree -K 0 -M 1.0 -V 0.001 -S 1 -do-not-check-capabilities

Time taken to build model: 0.35 seconds

Time taken to test model on training data: 0.03 seconds

=== Error on training data ===

Correctly Classified Instances         901               98.7939 %
Incorrectly Classified Instances        11                1.2061 %
Kappa statistic                          0.9759
Mean absolute error                      0.1652
Root mean squared error                  0.1971
Relative absolute error                 33.0423 %
Root relative squared error             39.4244 %
Total Number of Instances              912     


=== Detailed Accuracy By Class ===

                 TP Rate  FP Rate  Precision  Recall   F-Measure  MCC      ROC Area  PRC Area  Class
                 0.987    0.011    0.989      0.987    0.988      0.976    0.999     0.998     PD
                 0.989    0.013    0.987      0.989    0.988      0.976    0.999     0.999     SNP
Weighted Avg.    0.988    0.012    0.988      0.988    0.988      0.976    0.999     0.999     


=== Confusion Matrix ===

   a   b   <-- classified as
 450   6 |   a = PD
   5 451 |   b = SNP

Time taken to perform cross-validation: 0.58 seconds


=== Stratified cross-validation ===

Correctly Classified Instances         702               76.9737 %
Incorrectly Classified Instances       210               23.0263 %
Kappa statistic                          0.5395
Mean absolute error                      0.3828
Root mean squared error                  0.4195
Relative absolute error                 76.5523 %
Root relative squared error             83.9033 %
Total Number of Instances              912     


=== Detailed Accuracy By Class ===

                 TP Rate  FP Rate  Precision  Recall   F-Measure  MCC      ROC Area  PRC Area  Class
                 0.684    0.145    0.825      0.684    0.748      0.548    0.835     0.839     PD
                 0.855    0.316    0.730      0.855    0.788      0.548    0.835     0.804     SNP
Weighted Avg.    0.770    0.230    0.778      0.770    0.768      0.548    0.835     0.822     


=== Confusion Matrix ===

   a   b   <-- classified as
 312 144 |   a = PD
  66 390 |   b = SNP

