
Options: -I 400 

=== Classifier model (full training set) ===

RandomForest

Bagging with 400 iterations and base learner

weka.classifiers.trees.RandomTree -K 0 -M 1.0 -V 0.001 -S 1 -do-not-check-capabilities

Time taken to build model: 3.74 seconds

Time taken to test model on training data: 0.24 seconds

=== Error on training data ===

Correctly Classified Instances         907               99.4518 %
Incorrectly Classified Instances         5                0.5482 %
Kappa statistic                          0.989 
Mean absolute error                      0.1568
Root mean squared error                  0.1688
Relative absolute error                 31.3525 %
Root relative squared error             33.7549 %
Total Number of Instances              912     


=== Detailed Accuracy By Class ===

                 TP Rate  FP Rate  Precision  Recall   F-Measure  MCC      ROC Area  PRC Area  Class
                 0.993    0.004    0.996      0.993    0.995      0.989    1.000     1.000     PD
                 0.996    0.007    0.993      0.996    0.995      0.989    1.000     1.000     SNP
Weighted Avg.    0.995    0.005    0.995      0.995    0.995      0.989    1.000     1.000     


=== Confusion Matrix ===

   a   b   <-- classified as
 453   3 |   a = PD
   2 454 |   b = SNP

Time taken to perform cross-validation: 24.34 seconds


=== Stratified cross-validation ===

Correctly Classified Instances         665               72.9167 %
Incorrectly Classified Instances       247               27.0833 %
Kappa statistic                          0.4583
Mean absolute error                      0.4138
Root mean squared error                  0.4379
Relative absolute error                 82.7559 %
Root relative squared error             87.5739 %
Total Number of Instances              912     


=== Detailed Accuracy By Class ===

                 TP Rate  FP Rate  Precision  Recall   F-Measure  MCC      ROC Area  PRC Area  Class
                 0.614    0.156    0.798      0.614    0.694      0.471    0.813     0.812     PD
                 0.844    0.386    0.686      0.844    0.757      0.471    0.813     0.783     SNP
Weighted Avg.    0.729    0.271    0.742      0.729    0.726      0.471    0.813     0.797     


=== Confusion Matrix ===

   a   b   <-- classified as
 280 176 |   a = PD
  71 385 |   b = SNP

