
Options: -I 50 

=== Classifier model (full training set) ===

RandomForest

Bagging with 50 iterations and base learner

weka.classifiers.trees.RandomTree -K 0 -M 1.0 -V 0.001 -S 1 -do-not-check-capabilities

Time taken to build model: 0.71 seconds

Time taken to test model on training data: 0.06 seconds

=== Error on training data ===

Correctly Classified Instances         904               99.1228 %
Incorrectly Classified Instances         8                0.8772 %
Kappa statistic                          0.9825
Mean absolute error                      0.1478
Root mean squared error                  0.167 
Relative absolute error                 29.5573 %
Root relative squared error             33.3924 %
Total Number of Instances              912     


=== Detailed Accuracy By Class ===

                 TP Rate  FP Rate  Precision  Recall   F-Measure  MCC      ROC Area  PRC Area  Class
                 0.982    0.000    1.000      0.982    0.991      0.983    1.000     1.000     PD
                 1.000    0.018    0.983      1.000    0.991      0.983    1.000     1.000     SNP
Weighted Avg.    0.991    0.009    0.991      0.991    0.991      0.983    1.000     1.000     


=== Confusion Matrix ===

   a   b   <-- classified as
 448   8 |   a = PD
   0 456 |   b = SNP

Time taken to perform cross-validation: 3.11 seconds


=== Stratified cross-validation ===

Correctly Classified Instances         692               75.8772 %
Incorrectly Classified Instances       220               24.1228 %
Kappa statistic                          0.5175
Mean absolute error                      0.4039
Root mean squared error                  0.4311
Relative absolute error                 80.7838 %
Root relative squared error             86.2202 %
Total Number of Instances              912     


=== Detailed Accuracy By Class ===

                 TP Rate  FP Rate  Precision  Recall   F-Measure  MCC      ROC Area  PRC Area  Class
                 0.660    0.143    0.822      0.660    0.732      0.528    0.822     0.817     PD
                 0.857    0.340    0.716      0.857    0.780      0.528    0.822     0.791     SNP
Weighted Avg.    0.759    0.241    0.769      0.759    0.756      0.528    0.822     0.804     


=== Confusion Matrix ===

   a   b   <-- classified as
 301 155 |   a = PD
  65 391 |   b = SNP

