
Options: -I 20 

=== Classifier model (full training set) ===

RandomForest

Bagging with 20 iterations and base learner

weka.classifiers.trees.RandomTree -K 0 -M 1.0 -V 0.001 -S 1 -do-not-check-capabilities

Time taken to build model: 0.45 seconds

Time taken to test model on training data: 0.05 seconds

=== Error on training data ===

Correctly Classified Instances         906               99.3421 %
Incorrectly Classified Instances         6                0.6579 %
Kappa statistic                          0.9868
Mean absolute error                      0.1585
Root mean squared error                  0.1825
Relative absolute error                 31.706  %
Root relative squared error             36.4905 %
Total Number of Instances              912     


=== Detailed Accuracy By Class ===

                 TP Rate  FP Rate  Precision  Recall   F-Measure  MCC      ROC Area  PRC Area  Class
                 0.991    0.004    0.996      0.991    0.993      0.987    1.000     1.000     PD
                 0.996    0.009    0.991      0.996    0.993      0.987    1.000     1.000     SNP
Weighted Avg.    0.993    0.007    0.993      0.993    0.993      0.987    1.000     1.000     


=== Confusion Matrix ===

   a   b   <-- classified as
 452   4 |   a = PD
   2 454 |   b = SNP

Time taken to perform cross-validation: 1.14 seconds


=== Stratified cross-validation ===

Correctly Classified Instances         670               73.4649 %
Incorrectly Classified Instances       242               26.5351 %
Kappa statistic                          0.4693
Mean absolute error                      0.4142
Root mean squared error                  0.4418
Relative absolute error                 82.8442 %
Root relative squared error             88.3569 %
Total Number of Instances              912     


=== Detailed Accuracy By Class ===

                 TP Rate  FP Rate  Precision  Recall   F-Measure  MCC      ROC Area  PRC Area  Class
                 0.664    0.195    0.773      0.664    0.715      0.474    0.799     0.783     PD
                 0.805    0.336    0.706      0.805    0.752      0.474    0.799     0.772     SNP
Weighted Avg.    0.735    0.265    0.739      0.735    0.733      0.474    0.799     0.778     


=== Confusion Matrix ===

   a   b   <-- classified as
 303 153 |   a = PD
  89 367 |   b = SNP

