
Options: -I 20 

=== Classifier model (full training set) ===

RandomForest

Bagging with 20 iterations and base learner

weka.classifiers.trees.RandomTree -K 0 -M 1.0 -V 0.001 -S 1 -do-not-check-capabilities

Time taken to build model: 0.57 seconds

Time taken to test model on training data: 0.06 seconds

=== Error on training data ===

Correctly Classified Instances         906               99.3421 %
Incorrectly Classified Instances         6                0.6579 %
Kappa statistic                          0.9868
Mean absolute error                      0.1574
Root mean squared error                  0.1816
Relative absolute error                 31.4789 %
Root relative squared error             36.3262 %
Total Number of Instances              912     


=== Detailed Accuracy By Class ===

                 TP Rate  FP Rate  Precision  Recall   F-Measure  MCC      ROC Area  PRC Area  Class
                 0.993    0.007    0.993      0.993    0.993      0.987    1.000     1.000     PD
                 0.993    0.007    0.993      0.993    0.993      0.987    1.000     1.000     SNP
Weighted Avg.    0.993    0.007    0.993      0.993    0.993      0.987    1.000     1.000     


=== Confusion Matrix ===

   a   b   <-- classified as
 453   3 |   a = PD
   3 453 |   b = SNP

Time taken to perform cross-validation: 1.5 seconds


=== Stratified cross-validation ===

Correctly Classified Instances         679               74.4518 %
Incorrectly Classified Instances       233               25.5482 %
Kappa statistic                          0.489 
Mean absolute error                      0.4068
Root mean squared error                  0.4365
Relative absolute error                 81.3545 %
Root relative squared error             87.2953 %
Total Number of Instances              912     


=== Detailed Accuracy By Class ===

                 TP Rate  FP Rate  Precision  Recall   F-Measure  MCC      ROC Area  PRC Area  Class
                 0.660    0.171    0.794      0.660    0.721      0.496    0.800     0.801     PD
                 0.829    0.340    0.709      0.829    0.764      0.496    0.800     0.766     SNP
Weighted Avg.    0.745    0.255    0.752      0.745    0.743      0.496    0.800     0.783     


=== Confusion Matrix ===

   a   b   <-- classified as
 301 155 |   a = PD
  78 378 |   b = SNP

