
Options: -I 300 

=== Classifier model (full training set) ===

RandomForest

Bagging with 300 iterations and base learner

weka.classifiers.trees.RandomTree -K 0 -M 1.0 -V 0.001 -S 1 -do-not-check-capabilities

Time taken to build model: 3.3 seconds

Time taken to test model on training data: 0.27 seconds

=== Error on training data ===

Correctly Classified Instances         906               99.3421 %
Incorrectly Classified Instances         6                0.6579 %
Kappa statistic                          0.9868
Mean absolute error                      0.154 
Root mean squared error                  0.1682
Relative absolute error                 30.8057 %
Root relative squared error             33.6355 %
Total Number of Instances              912     


=== Detailed Accuracy By Class ===

                 TP Rate  FP Rate  Precision  Recall   F-Measure  MCC      ROC Area  PRC Area  Class
                 0.996    0.009    0.991      0.996    0.993      0.987    1.000     1.000     PD
                 0.991    0.004    0.996      0.991    0.993      0.987    1.000     1.000     SNP
Weighted Avg.    0.993    0.007    0.993      0.993    0.993      0.987    1.000     1.000     


=== Confusion Matrix ===

   a   b   <-- classified as
 454   2 |   a = PD
   4 452 |   b = SNP

Time taken to perform cross-validation: 23.04 seconds


=== Stratified cross-validation ===

Correctly Classified Instances         701               76.864  %
Incorrectly Classified Instances       211               23.136  %
Kappa statistic                          0.5373
Mean absolute error                      0.4037
Root mean squared error                  0.428 
Relative absolute error                 80.737  %
Root relative squared error             85.6043 %
Total Number of Instances              912     


=== Detailed Accuracy By Class ===

                 TP Rate  FP Rate  Precision  Recall   F-Measure  MCC      ROC Area  PRC Area  Class
                 0.695    0.158    0.815      0.695    0.750      0.543    0.834     0.832     PD
                 0.842    0.305    0.734      0.842    0.784      0.543    0.834     0.805     SNP
Weighted Avg.    0.769    0.231    0.775      0.769    0.767      0.543    0.834     0.819     


=== Confusion Matrix ===

   a   b   <-- classified as
 317 139 |   a = PD
  72 384 |   b = SNP

