
Options: -I 10 

=== Classifier model (full training set) ===

RandomForest

Bagging with 10 iterations and base learner

weka.classifiers.trees.RandomTree -K 0 -M 1.0 -V 0.001 -S 1 -do-not-check-capabilities

Time taken to build model: 0.37 seconds

Time taken to test model on training data: 0.03 seconds

=== Error on training data ===

Correctly Classified Instances         903               99.0132 %
Incorrectly Classified Instances         9                0.9868 %
Kappa statistic                          0.9803
Mean absolute error                      0.1565
Root mean squared error                  0.1894
Relative absolute error                 31.308  %
Root relative squared error             37.878  %
Total Number of Instances              912     


=== Detailed Accuracy By Class ===

                 TP Rate  FP Rate  Precision  Recall   F-Measure  MCC      ROC Area  PRC Area  Class
                 0.989    0.009    0.991      0.989    0.990      0.980    1.000     1.000     PD
                 0.991    0.011    0.989      0.991    0.990      0.980    1.000     1.000     SNP
Weighted Avg.    0.990    0.010    0.990      0.990    0.990      0.980    1.000     1.000     


=== Confusion Matrix ===

   a   b   <-- classified as
 451   5 |   a = PD
   4 452 |   b = SNP

Time taken to perform cross-validation: 0.72 seconds


=== Stratified cross-validation ===

Correctly Classified Instances         666               73.0263 %
Incorrectly Classified Instances       246               26.9737 %
Kappa statistic                          0.4605
Mean absolute error                      0.411 
Root mean squared error                  0.44  
Relative absolute error                 82.1956 %
Root relative squared error             88.0088 %
Total Number of Instances              912     


=== Detailed Accuracy By Class ===

                 TP Rate  FP Rate  Precision  Recall   F-Measure  MCC      ROC Area  PRC Area  Class
                 0.693    0.232    0.749      0.693    0.720      0.462    0.797     0.791     PD
                 0.768    0.307    0.714      0.768    0.740      0.462    0.797     0.773     SNP
Weighted Avg.    0.730    0.270    0.732      0.730    0.730      0.462    0.797     0.782     


=== Confusion Matrix ===

   a   b   <-- classified as
 316 140 |   a = PD
 106 350 |   b = SNP

