
Options: -I 100 

=== Classifier model (full training set) ===

RandomForest

Bagging with 100 iterations and base learner

weka.classifiers.trees.RandomTree -K 0 -M 1.0 -V 0.001 -S 1 -do-not-check-capabilities

Time taken to build model: 1.43 seconds

Time taken to test model on training data: 0.12 seconds

=== Error on training data ===

Correctly Classified Instances         905               99.2325 %
Incorrectly Classified Instances         7                0.7675 %
Kappa statistic                          0.9846
Mean absolute error                      0.1508
Root mean squared error                  0.1669
Relative absolute error                 30.17   %
Root relative squared error             33.3895 %
Total Number of Instances              912     


=== Detailed Accuracy By Class ===

                 TP Rate  FP Rate  Precision  Recall   F-Measure  MCC      ROC Area  PRC Area  Class
                 0.991    0.007    0.993      0.991    0.992      0.985    1.000     1.000     PD
                 0.993    0.009    0.991      0.993    0.992      0.985    1.000     1.000     SNP
Weighted Avg.    0.992    0.008    0.992      0.992    0.992      0.985    1.000     1.000     


=== Confusion Matrix ===

   a   b   <-- classified as
 452   4 |   a = PD
   3 453 |   b = SNP

Time taken to perform cross-validation: 6.84 seconds


=== Stratified cross-validation ===

Correctly Classified Instances         681               74.6711 %
Incorrectly Classified Instances       231               25.3289 %
Kappa statistic                          0.4934
Mean absolute error                      0.4113
Root mean squared error                  0.4338
Relative absolute error                 82.2682 %
Root relative squared error             86.7596 %
Total Number of Instances              912     


=== Detailed Accuracy By Class ===

                 TP Rate  FP Rate  Precision  Recall   F-Measure  MCC      ROC Area  PRC Area  Class
                 0.649    0.156    0.807      0.649    0.719      0.503    0.823     0.828     PD
                 0.844    0.351    0.706      0.844    0.769      0.503    0.823     0.797     SNP
Weighted Avg.    0.747    0.253    0.756      0.747    0.744      0.503    0.823     0.812     


=== Confusion Matrix ===

   a   b   <-- classified as
 296 160 |   a = PD
  71 385 |   b = SNP

