
Options: -I 10 

=== Classifier model (full training set) ===

RandomForest

Bagging with 10 iterations and base learner

weka.classifiers.trees.RandomTree -K 0 -M 1.0 -V 0.001 -S 1 -do-not-check-capabilities

Time taken to build model: 0.36 seconds

Time taken to test model on training data: 0.03 seconds

=== Error on training data ===

Correctly Classified Instances         900               98.6842 %
Incorrectly Classified Instances        12                1.3158 %
Kappa statistic                          0.9737
Mean absolute error                      0.1576
Root mean squared error                  0.1911
Relative absolute error                 31.5229 %
Root relative squared error             38.2272 %
Total Number of Instances              912     


=== Detailed Accuracy By Class ===

                 TP Rate  FP Rate  Precision  Recall   F-Measure  MCC      ROC Area  PRC Area  Class
                 0.980    0.007    0.993      0.980    0.987      0.974    1.000     1.000     PD
                 0.993    0.020    0.981      0.993    0.987      0.974    1.000     1.000     SNP
Weighted Avg.    0.987    0.013    0.987      0.987    0.987      0.974    1.000     1.000     


=== Confusion Matrix ===

   a   b   <-- classified as
 447   9 |   a = PD
   3 453 |   b = SNP

Time taken to perform cross-validation: 0.58 seconds


=== Stratified cross-validation ===

Correctly Classified Instances         654               71.7105 %
Incorrectly Classified Instances       258               28.2895 %
Kappa statistic                          0.4342
Mean absolute error                      0.4221
Root mean squared error                  0.4527
Relative absolute error                 84.4096 %
Root relative squared error             90.5411 %
Total Number of Instances              912     


=== Detailed Accuracy By Class ===

                 TP Rate  FP Rate  Precision  Recall   F-Measure  MCC      ROC Area  PRC Area  Class
                 0.673    0.239    0.738      0.673    0.704      0.436    0.767     0.738     PD
                 0.761    0.327    0.700      0.761    0.729      0.436    0.767     0.742     SNP
Weighted Avg.    0.717    0.283    0.719      0.717    0.717      0.436    0.767     0.740     


=== Confusion Matrix ===

   a   b   <-- classified as
 307 149 |   a = PD
 109 347 |   b = SNP

