
Options: -I 400 

=== Classifier model (full training set) ===

RandomForest

Bagging with 400 iterations and base learner

weka.classifiers.trees.RandomTree -K 0 -M 1.0 -V 0.001 -S 1 -do-not-check-capabilities

Time taken to build model: 3.27 seconds

Time taken to test model on training data: 0.24 seconds

=== Error on training data ===

Correctly Classified Instances         907               99.4518 %
Incorrectly Classified Instances         5                0.5482 %
Kappa statistic                          0.989 
Mean absolute error                      0.1494
Root mean squared error                  0.1621
Relative absolute error                 29.8731 %
Root relative squared error             32.4137 %
Total Number of Instances              912     


=== Detailed Accuracy By Class ===

                 TP Rate  FP Rate  Precision  Recall   F-Measure  MCC      ROC Area  PRC Area  Class
                 0.989    0.000    1.000      0.989    0.994      0.989    1.000     1.000     PD
                 1.000    0.011    0.989      1.000    0.995      0.989    1.000     1.000     SNP
Weighted Avg.    0.995    0.005    0.995      0.995    0.995      0.989    1.000     1.000     


=== Confusion Matrix ===

   a   b   <-- classified as
 451   5 |   a = PD
   0 456 |   b = SNP

Time taken to perform cross-validation: 22.06 seconds


=== Stratified cross-validation ===

Correctly Classified Instances         717               78.6184 %
Incorrectly Classified Instances       195               21.3816 %
Kappa statistic                          0.5724
Mean absolute error                      0.394 
Root mean squared error                  0.4178
Relative absolute error                 78.7915 %
Root relative squared error             83.5645 %
Total Number of Instances              912     


=== Detailed Accuracy By Class ===

                 TP Rate  FP Rate  Precision  Recall   F-Measure  MCC      ROC Area  PRC Area  Class
                 0.695    0.123    0.850      0.695    0.765      0.582    0.865     0.876     PD
                 0.877    0.305    0.742      0.877    0.804      0.582    0.865     0.837     SNP
Weighted Avg.    0.786    0.214    0.796      0.786    0.784      0.582    0.865     0.856     


=== Confusion Matrix ===

   a   b   <-- classified as
 317 139 |   a = PD
  56 400 |   b = SNP

