
Options: -I 300 

=== Classifier model (full training set) ===

RandomForest

Bagging with 300 iterations and base learner

weka.classifiers.trees.RandomTree -K 0 -M 1.0 -V 0.001 -S 1 -do-not-check-capabilities

Time taken to build model: 3.3 seconds

Time taken to test model on training data: 0.23 seconds

=== Error on training data ===

Correctly Classified Instances         904               99.1228 %
Incorrectly Classified Instances         8                0.8772 %
Kappa statistic                          0.9825
Mean absolute error                      0.1557
Root mean squared error                  0.1705
Relative absolute error                 31.1337 %
Root relative squared error             34.1033 %
Total Number of Instances              912     


=== Detailed Accuracy By Class ===

                 TP Rate  FP Rate  Precision  Recall   F-Measure  MCC      ROC Area  PRC Area  Class
                 0.987    0.004    0.996      0.987    0.991      0.982    1.000     1.000     PD
                 0.996    0.013    0.987      0.996    0.991      0.982    1.000     1.000     SNP
Weighted Avg.    0.991    0.009    0.991      0.991    0.991      0.982    1.000     1.000     


=== Confusion Matrix ===

   a   b   <-- classified as
 450   6 |   a = PD
   2 454 |   b = SNP

Time taken to perform cross-validation: 20.91 seconds


=== Stratified cross-validation ===

Correctly Classified Instances         682               74.7807 %
Incorrectly Classified Instances       230               25.2193 %
Kappa statistic                          0.4956
Mean absolute error                      0.4071
Root mean squared error                  0.4322
Relative absolute error                 81.4145 %
Root relative squared error             86.4444 %
Total Number of Instances              912     


=== Detailed Accuracy By Class ===

                 TP Rate  FP Rate  Precision  Recall   F-Measure  MCC      ROC Area  PRC Area  Class
                 0.660    0.164    0.801      0.660    0.724      0.503    0.824     0.818     PD
                 0.836    0.340    0.711      0.836    0.768      0.503    0.824     0.792     SNP
Weighted Avg.    0.748    0.252    0.756      0.748    0.746      0.503    0.824     0.805     


=== Confusion Matrix ===

   a   b   <-- classified as
 301 155 |   a = PD
  75 381 |   b = SNP

