
Options: -I 100 

=== Classifier model (full training set) ===

RandomForest

Bagging with 100 iterations and base learner

weka.classifiers.trees.RandomTree -K 0 -M 1.0 -V 0.001 -S 1 -do-not-check-capabilities

Time taken to build model: 1.09 seconds

Time taken to test model on training data: 0.11 seconds

=== Error on training data ===

Correctly Classified Instances         905               99.2325 %
Incorrectly Classified Instances         7                0.7675 %
Kappa statistic                          0.9846
Mean absolute error                      0.1511
Root mean squared error                  0.1674
Relative absolute error                 30.21   %
Root relative squared error             33.4763 %
Total Number of Instances              912     


=== Detailed Accuracy By Class ===

                 TP Rate  FP Rate  Precision  Recall   F-Measure  MCC      ROC Area  PRC Area  Class
                 0.991    0.007    0.993      0.991    0.992      0.985    1.000     1.000     PD
                 0.993    0.009    0.991      0.993    0.992      0.985    1.000     1.000     SNP
Weighted Avg.    0.992    0.008    0.992      0.992    0.992      0.985    1.000     1.000     


=== Confusion Matrix ===

   a   b   <-- classified as
 452   4 |   a = PD
   3 453 |   b = SNP

Time taken to perform cross-validation: 6.34 seconds


=== Stratified cross-validation ===

Correctly Classified Instances         683               74.8904 %
Incorrectly Classified Instances       229               25.1096 %
Kappa statistic                          0.4978
Mean absolute error                      0.4099
Root mean squared error                  0.4337
Relative absolute error                 81.9804 %
Root relative squared error             86.7459 %
Total Number of Instances              912     


=== Detailed Accuracy By Class ===

                 TP Rate  FP Rate  Precision  Recall   F-Measure  MCC      ROC Area  PRC Area  Class
                 0.647    0.149    0.813      0.647    0.720      0.508    0.828     0.822     PD
                 0.851    0.353    0.707      0.851    0.772      0.508    0.828     0.792     SNP
Weighted Avg.    0.749    0.251    0.760      0.749    0.746      0.508    0.828     0.807     


=== Confusion Matrix ===

   a   b   <-- classified as
 295 161 |   a = PD
  68 388 |   b = SNP

