
Options: -I 200 

=== Classifier model (full training set) ===

RandomForest

Bagging with 200 iterations and base learner

weka.classifiers.trees.RandomTree -K 0 -M 1.0 -V 0.001 -S 1 -do-not-check-capabilities

Time taken to build model: 2.22 seconds

Time taken to test model on training data: 0.2 seconds

=== Error on training data ===

Correctly Classified Instances         905               99.2325 %
Incorrectly Classified Instances         7                0.7675 %
Kappa statistic                          0.9846
Mean absolute error                      0.1546
Root mean squared error                  0.1685
Relative absolute error                 30.9189 %
Root relative squared error             33.7033 %
Total Number of Instances              912     


=== Detailed Accuracy By Class ===

                 TP Rate  FP Rate  Precision  Recall   F-Measure  MCC      ROC Area  PRC Area  Class
                 0.989    0.004    0.996      0.989    0.992      0.985    1.000     1.000     PD
                 0.996    0.011    0.989      0.996    0.992      0.985    1.000     1.000     SNP
Weighted Avg.    0.992    0.008    0.992      0.992    0.992      0.985    1.000     1.000     


=== Confusion Matrix ===

   a   b   <-- classified as
 451   5 |   a = PD
   2 454 |   b = SNP

Time taken to perform cross-validation: 13.89 seconds


=== Stratified cross-validation ===

Correctly Classified Instances         690               75.6579 %
Incorrectly Classified Instances       222               24.3421 %
Kappa statistic                          0.5132
Mean absolute error                      0.4112
Root mean squared error                  0.4341
Relative absolute error                 82.2404 %
Root relative squared error             86.8096 %
Total Number of Instances              912     


=== Detailed Accuracy By Class ===

                 TP Rate  FP Rate  Precision  Recall   F-Measure  MCC      ROC Area  PRC Area  Class
                 0.660    0.147    0.818      0.660    0.731      0.523    0.823     0.828     PD
                 0.853    0.340    0.715      0.853    0.778      0.523    0.823     0.793     SNP
Weighted Avg.    0.757    0.243    0.767      0.757    0.754      0.523    0.823     0.810     


=== Confusion Matrix ===

   a   b   <-- classified as
 301 155 |   a = PD
  67 389 |   b = SNP

