
Options: -I 300 

=== Classifier model (full training set) ===

RandomForest

Bagging with 300 iterations and base learner

weka.classifiers.trees.RandomTree -K 0 -M 1.0 -V 0.001 -S 1 -do-not-check-capabilities

Time taken to build model: 2.65 seconds

Time taken to test model on training data: 0.21 seconds

=== Error on training data ===

Correctly Classified Instances         907               99.4518 %
Incorrectly Classified Instances         5                0.5482 %
Kappa statistic                          0.989 
Mean absolute error                      0.1498
Root mean squared error                  0.1624
Relative absolute error                 29.9517 %
Root relative squared error             32.483  %
Total Number of Instances              912     


=== Detailed Accuracy By Class ===

                 TP Rate  FP Rate  Precision  Recall   F-Measure  MCC      ROC Area  PRC Area  Class
                 0.989    0.000    1.000      0.989    0.994      0.989    1.000     1.000     PD
                 1.000    0.011    0.989      1.000    0.995      0.989    1.000     1.000     SNP
Weighted Avg.    0.995    0.005    0.995      0.995    0.995      0.989    1.000     1.000     


=== Confusion Matrix ===

   a   b   <-- classified as
 451   5 |   a = PD
   0 456 |   b = SNP

Time taken to perform cross-validation: 17.33 seconds


=== Stratified cross-validation ===

Correctly Classified Instances         718               78.7281 %
Incorrectly Classified Instances       194               21.2719 %
Kappa statistic                          0.5746
Mean absolute error                      0.3941
Root mean squared error                  0.418 
Relative absolute error                 78.8195 %
Root relative squared error             83.5907 %
Total Number of Instances              912     


=== Detailed Accuracy By Class ===

                 TP Rate  FP Rate  Precision  Recall   F-Measure  MCC      ROC Area  PRC Area  Class
                 0.695    0.121    0.852      0.695    0.766      0.585    0.865     0.876     PD
                 0.879    0.305    0.743      0.879    0.805      0.585    0.865     0.837     SNP
Weighted Avg.    0.787    0.213    0.797      0.787    0.785      0.585    0.865     0.857     


=== Confusion Matrix ===

   a   b   <-- classified as
 317 139 |   a = PD
  55 401 |   b = SNP

