
Options: -I 300 

=== Classifier model (full training set) ===

RandomForest

Bagging with 300 iterations and base learner

weka.classifiers.trees.RandomTree -K 0 -M 1.0 -V 0.001 -S 1 -do-not-check-capabilities

Time taken to build model: 3.43 seconds

Time taken to test model on training data: 0.28 seconds

=== Error on training data ===

Correctly Classified Instances         905               99.2325 %
Incorrectly Classified Instances         7                0.7675 %
Kappa statistic                          0.9846
Mean absolute error                      0.1598
Root mean squared error                  0.1726
Relative absolute error                 31.9573 %
Root relative squared error             34.512  %
Total Number of Instances              912     


=== Detailed Accuracy By Class ===

                 TP Rate  FP Rate  Precision  Recall   F-Measure  MCC      ROC Area  PRC Area  Class
                 0.987    0.002    0.998      0.987    0.992      0.985    1.000     1.000     PD
                 0.998    0.013    0.987      0.998    0.992      0.985    1.000     1.000     SNP
Weighted Avg.    0.992    0.008    0.992      0.992    0.992      0.985    1.000     1.000     


=== Confusion Matrix ===

   a   b   <-- classified as
 450   6 |   a = PD
   1 455 |   b = SNP

Time taken to perform cross-validation: 22.43 seconds


=== Stratified cross-validation ===

Correctly Classified Instances         676               74.1228 %
Incorrectly Classified Instances       236               25.8772 %
Kappa statistic                          0.4825
Mean absolute error                      0.4147
Root mean squared error                  0.4376
Relative absolute error                 82.9388 %
Root relative squared error             87.5276 %
Total Number of Instances              912     


=== Detailed Accuracy By Class ===

                 TP Rate  FP Rate  Precision  Recall   F-Measure  MCC      ROC Area  PRC Area  Class
                 0.662    0.180    0.786      0.662    0.719      0.489    0.808     0.816     PD
                 0.820    0.338    0.708      0.820    0.760      0.489    0.808     0.775     SNP
Weighted Avg.    0.741    0.259    0.747      0.741    0.740      0.489    0.808     0.796     


=== Confusion Matrix ===

   a   b   <-- classified as
 302 154 |   a = PD
  82 374 |   b = SNP

