
Options: -I 10 

=== Classifier model (full training set) ===

RandomForest

Bagging with 10 iterations and base learner

weka.classifiers.trees.RandomTree -K 0 -M 1.0 -V 0.001 -S 1 -do-not-check-capabilities

Time taken to build model: 0.42 seconds

Time taken to test model on training data: 0.03 seconds

=== Error on training data ===

Correctly Classified Instances         901               98.7939 %
Incorrectly Classified Instances        11                1.2061 %
Kappa statistic                          0.9759
Mean absolute error                      0.1716
Root mean squared error                  0.2018
Relative absolute error                 34.3186 %
Root relative squared error             40.3617 %
Total Number of Instances              912     


=== Detailed Accuracy By Class ===

                 TP Rate  FP Rate  Precision  Recall   F-Measure  MCC      ROC Area  PRC Area  Class
                 0.980    0.004    0.996      0.980    0.988      0.976    1.000     1.000     PD
                 0.996    0.020    0.981      0.996    0.988      0.976    1.000     1.000     SNP
Weighted Avg.    0.988    0.012    0.988      0.988    0.988      0.976    1.000     1.000     


=== Confusion Matrix ===

   a   b   <-- classified as
 447   9 |   a = PD
   2 454 |   b = SNP

Time taken to perform cross-validation: 0.85 seconds


=== Stratified cross-validation ===

Correctly Classified Instances         614               67.3246 %
Incorrectly Classified Instances       298               32.6754 %
Kappa statistic                          0.3465
Mean absolute error                      0.4318
Root mean squared error                  0.4605
Relative absolute error                 86.3581 %
Root relative squared error             92.1035 %
Total Number of Instances              912     


=== Detailed Accuracy By Class ===

                 TP Rate  FP Rate  Precision  Recall   F-Measure  MCC      ROC Area  PRC Area  Class
                 0.654    0.307    0.680      0.654    0.667      0.347    0.736     0.727     PD
                 0.693    0.346    0.667      0.693    0.680      0.347    0.736     0.702     SNP
Weighted Avg.    0.673    0.327    0.674      0.673    0.673      0.347    0.736     0.715     


=== Confusion Matrix ===

   a   b   <-- classified as
 298 158 |   a = PD
 140 316 |   b = SNP

