
Options: -I 100 

=== Classifier model (full training set) ===

RandomForest

Bagging with 100 iterations and base learner

weka.classifiers.trees.RandomTree -K 0 -M 1.0 -V 0.001 -S 1 -do-not-check-capabilities

Time taken to build model: 1.25 seconds

Time taken to test model on training data: 0.11 seconds

=== Error on training data ===

Correctly Classified Instances         905               99.2325 %
Incorrectly Classified Instances         7                0.7675 %
Kappa statistic                          0.9846
Mean absolute error                      0.1565
Root mean squared error                  0.1714
Relative absolute error                 31.2989 %
Root relative squared error             34.2736 %
Total Number of Instances              912     


=== Detailed Accuracy By Class ===

                 TP Rate  FP Rate  Precision  Recall   F-Measure  MCC      ROC Area  PRC Area  Class
                 0.991    0.007    0.993      0.991    0.992      0.985    1.000     1.000     PD
                 0.993    0.009    0.991      0.993    0.992      0.985    1.000     1.000     SNP
Weighted Avg.    0.992    0.008    0.992      0.992    0.992      0.985    1.000     1.000     


=== Confusion Matrix ===

   a   b   <-- classified as
 452   4 |   a = PD
   3 453 |   b = SNP

Time taken to perform cross-validation: 7.27 seconds


=== Stratified cross-validation ===

Correctly Classified Instances         674               73.9035 %
Incorrectly Classified Instances       238               26.0965 %
Kappa statistic                          0.4781
Mean absolute error                      0.4176
Root mean squared error                  0.4405
Relative absolute error                 83.5214 %
Root relative squared error             88.0923 %
Total Number of Instances              912     


=== Detailed Accuracy By Class ===

                 TP Rate  FP Rate  Precision  Recall   F-Measure  MCC      ROC Area  PRC Area  Class
                 0.667    0.189    0.779      0.667    0.719      0.483    0.800     0.811     PD
                 0.811    0.333    0.709      0.811    0.757      0.483    0.800     0.768     SNP
Weighted Avg.    0.739    0.261    0.744      0.739    0.738      0.483    0.800     0.789     


=== Confusion Matrix ===

   a   b   <-- classified as
 304 152 |   a = PD
  86 370 |   b = SNP

