
Options: -I 20 

=== Classifier model (full training set) ===

RandomForest

Bagging with 20 iterations and base learner

weka.classifiers.trees.RandomTree -K 0 -M 1.0 -V 0.001 -S 1 -do-not-check-capabilities

Time taken to build model: 0.51 seconds

Time taken to test model on training data: 0.04 seconds

=== Error on training data ===

Correctly Classified Instances         904               99.1228 %
Incorrectly Classified Instances         8                0.8772 %
Kappa statistic                          0.9825
Mean absolute error                      0.1537
Root mean squared error                  0.1777
Relative absolute error                 30.7414 %
Root relative squared error             35.5331 %
Total Number of Instances              912     


=== Detailed Accuracy By Class ===

                 TP Rate  FP Rate  Precision  Recall   F-Measure  MCC      ROC Area  PRC Area  Class
                 0.993    0.011    0.989      0.993    0.991      0.982    1.000     1.000     PD
                 0.989    0.007    0.993      0.989    0.991      0.982    1.000     1.000     SNP
Weighted Avg.    0.991    0.009    0.991      0.991    0.991      0.982    1.000     1.000     


=== Confusion Matrix ===

   a   b   <-- classified as
 453   3 |   a = PD
   5 451 |   b = SNP

Time taken to perform cross-validation: 1.38 seconds


=== Stratified cross-validation ===

Correctly Classified Instances         670               73.4649 %
Incorrectly Classified Instances       242               26.5351 %
Kappa statistic                          0.4693
Mean absolute error                      0.4068
Root mean squared error                  0.4322
Relative absolute error                 81.3634 %
Root relative squared error             86.4375 %
Total Number of Instances              912     


=== Detailed Accuracy By Class ===

                 TP Rate  FP Rate  Precision  Recall   F-Measure  MCC      ROC Area  PRC Area  Class
                 0.649    0.180    0.783      0.649    0.710      0.476    0.822     0.827     PD
                 0.820    0.351    0.700      0.820    0.756      0.476    0.822     0.793     SNP
Weighted Avg.    0.735    0.265    0.742      0.735    0.733      0.476    0.822     0.810     


=== Confusion Matrix ===

   a   b   <-- classified as
 296 160 |   a = PD
  82 374 |   b = SNP

