
Options: -I 20 

=== Classifier model (full training set) ===

RandomForest

Bagging with 20 iterations and base learner

weka.classifiers.trees.RandomTree -K 0 -M 1.0 -V 0.001 -S 1 -do-not-check-capabilities

Time taken to build model: 0.47 seconds

Time taken to test model on training data: 0.04 seconds

=== Error on training data ===

Correctly Classified Instances         905               99.2325 %
Incorrectly Classified Instances         7                0.7675 %
Kappa statistic                          0.9846
Mean absolute error                      0.1501
Root mean squared error                  0.1758
Relative absolute error                 30.0243 %
Root relative squared error             35.1628 %
Total Number of Instances              912     


=== Detailed Accuracy By Class ===

                 TP Rate  FP Rate  Precision  Recall   F-Measure  MCC      ROC Area  PRC Area  Class
                 0.993    0.009    0.991      0.993    0.992      0.985    1.000     1.000     PD
                 0.991    0.007    0.993      0.991    0.992      0.985    1.000     1.000     SNP
Weighted Avg.    0.992    0.008    0.992      0.992    0.992      0.985    1.000     1.000     


=== Confusion Matrix ===

   a   b   <-- classified as
 453   3 |   a = PD
   4 452 |   b = SNP

Time taken to perform cross-validation: 1.33 seconds


=== Stratified cross-validation ===

Correctly Classified Instances         686               75.2193 %
Incorrectly Classified Instances       226               24.7807 %
Kappa statistic                          0.5044
Mean absolute error                      0.4042
Root mean squared error                  0.4322
Relative absolute error                 80.8472 %
Root relative squared error             86.432  %
Total Number of Instances              912     


=== Detailed Accuracy By Class ===

                 TP Rate  FP Rate  Precision  Recall   F-Measure  MCC      ROC Area  PRC Area  Class
                 0.678    0.173    0.796      0.678    0.732      0.510    0.820     0.814     PD
                 0.827    0.322    0.719      0.827    0.769      0.510    0.820     0.791     SNP
Weighted Avg.    0.752    0.248    0.758      0.752    0.751      0.510    0.820     0.802     


=== Confusion Matrix ===

   a   b   <-- classified as
 309 147 |   a = PD
  79 377 |   b = SNP

