
Options: -I 10 

=== Classifier model (full training set) ===

RandomForest

Bagging with 10 iterations and base learner

weka.classifiers.trees.RandomTree -K 0 -M 1.0 -V 0.001 -S 1 -do-not-check-capabilities

Time taken to build model: 0.41 seconds

Time taken to test model on training data: 0.03 seconds

=== Error on training data ===

Correctly Classified Instances         906               99.3421 %
Incorrectly Classified Instances         6                0.6579 %
Kappa statistic                          0.9868
Mean absolute error                      0.1664
Root mean squared error                  0.1971
Relative absolute error                 33.2772 %
Root relative squared error             39.4139 %
Total Number of Instances              912     


=== Detailed Accuracy By Class ===

                 TP Rate  FP Rate  Precision  Recall   F-Measure  MCC      ROC Area  PRC Area  Class
                 0.998    0.011    0.989      0.998    0.993      0.987    0.999     0.999     PD
                 0.989    0.002    0.998      0.989    0.993      0.987    0.999     0.999     SNP
Weighted Avg.    0.993    0.007    0.993      0.993    0.993      0.987    0.999     0.999     


=== Confusion Matrix ===

   a   b   <-- classified as
 455   1 |   a = PD
   5 451 |   b = SNP

Time taken to perform cross-validation: 0.88 seconds


=== Stratified cross-validation ===

Correctly Classified Instances         645               70.7237 %
Incorrectly Classified Instances       267               29.2763 %
Kappa statistic                          0.4145
Mean absolute error                      0.4112
Root mean squared error                  0.4454
Relative absolute error                 82.2316 %
Root relative squared error             89.0855 %
Total Number of Instances              912     


=== Detailed Accuracy By Class ===

                 TP Rate  FP Rate  Precision  Recall   F-Measure  MCC      ROC Area  PRC Area  Class
                 0.660    0.246    0.729      0.660    0.693      0.416    0.774     0.783     PD
                 0.754    0.340    0.689      0.754    0.720      0.416    0.774     0.734     SNP
Weighted Avg.    0.707    0.293    0.709      0.707    0.707      0.416    0.774     0.758     


=== Confusion Matrix ===

   a   b   <-- classified as
 301 155 |   a = PD
 112 344 |   b = SNP

