
Options: -I 50 

=== Classifier model (full training set) ===

RandomForest

Bagging with 50 iterations and base learner

weka.classifiers.trees.RandomTree -K 0 -M 1.0 -V 0.001 -S 1 -do-not-check-capabilities

Time taken to build model: 0.79 seconds

Time taken to test model on training data: 0.07 seconds

=== Error on training data ===

Correctly Classified Instances         905               99.2325 %
Incorrectly Classified Instances         7                0.7675 %
Kappa statistic                          0.9846
Mean absolute error                      0.1568
Root mean squared error                  0.1743
Relative absolute error                 31.3686 %
Root relative squared error             34.861  %
Total Number of Instances              912     


=== Detailed Accuracy By Class ===

                 TP Rate  FP Rate  Precision  Recall   F-Measure  MCC      ROC Area  PRC Area  Class
                 0.987    0.002    0.998      0.987    0.992      0.985    1.000     1.000     PD
                 0.998    0.013    0.987      0.998    0.992      0.985    1.000     1.000     SNP
Weighted Avg.    0.992    0.008    0.992      0.992    0.992      0.985    1.000     1.000     


=== Confusion Matrix ===

   a   b   <-- classified as
 450   6 |   a = PD
   1 455 |   b = SNP

Time taken to perform cross-validation: 3.38 seconds


=== Stratified cross-validation ===

Correctly Classified Instances         663               72.6974 %
Incorrectly Classified Instances       249               27.3026 %
Kappa statistic                          0.4539
Mean absolute error                      0.4211
Root mean squared error                  0.4441
Relative absolute error                 84.2241 %
Root relative squared error             88.81   %
Total Number of Instances              912     


=== Detailed Accuracy By Class ===

                 TP Rate  FP Rate  Precision  Recall   F-Measure  MCC      ROC Area  PRC Area  Class
                 0.669    0.215    0.757      0.669    0.710      0.457    0.792     0.792     PD
                 0.785    0.331    0.703      0.785    0.742      0.457    0.792     0.765     SNP
Weighted Avg.    0.727    0.273    0.730      0.727    0.726      0.457    0.792     0.778     


=== Confusion Matrix ===

   a   b   <-- classified as
 305 151 |   a = PD
  98 358 |   b = SNP

