./train_new: line 14: csv2arff: command not found
Error: Could not find or load main class weka.classifiers.trees.RandomForest
Error: Could not find or load main class weka.classifiers.trees.RandomForest
Error: Could not find or load main class weka.classifiers.trees.RandomForest
Error: Could not find or load main class weka.classifiers.trees.RandomForest
Error: Could not find or load main class weka.classifiers.trees.RandomForest
Error: Could not find or load main class weka.classifiers.trees.RandomForest
Error: Could not find or load main class weka.classifiers.trees.RandomForest
./train_new: line 14: csv2arff: command not found
Error: Could not find or load main class weka.classifiers.trees.RandomForest
Error: Could not find or load main class weka.classifiers.trees.RandomForest
Error: Could not find or load main class weka.classifiers.trees.RandomForest
Error: Could not find or load main class weka.classifiers.trees.RandomForest
Error: Could not find or load main class weka.classifiers.trees.RandomForest
Error: Could not find or load main class weka.classifiers.trees.RandomForest
Error: Could not find or load main class weka.classifiers.trees.RandomForest
./train_new: line 14: csv2arff: command not found
Error: Could not find or load main class weka.classifiers.trees.RandomForest
Error: Could not find or load main class weka.classifiers.trees.RandomForest
Error: Could not find or load main class weka.classifiers.trees.RandomForest
Error: Could not find or load main class weka.classifiers.trees.RandomForest
Error: Could not find or load main class weka.classifiers.trees.RandomForest
Error: Could not find or load main class weka.classifiers.trees.RandomForest
Error: Could not find or load main class weka.classifiers.trees.RandomForest
./train_new: line 14: csv2arff: command not found
Error: Could not find or load main class weka.classifiers.trees.RandomForest
Error: Could not find or load main class weka.classifiers.trees.RandomForest
Error: Could not find or load main class weka.classifiers.trees.RandomForest
Error: Could not find or load main class weka.classifiers.trees.RandomForest
Error: Could not find or load main class weka.classifiers.trees.RandomForest
Error: Could not find or load main class weka.classifiers.trees.RandomForest
Error: Could not find or load main class weka.classifiers.trees.RandomForest
./train_new: line 14: csv2arff: command not found
Error: Could not find or load main class weka.classifiers.trees.RandomForest
Error: Could not find or load main class weka.classifiers.trees.RandomForest
Error: Could not find or load main class weka.classifiers.trees.RandomForest
Error: Could not find or load main class weka.classifiers.trees.RandomForest
Error: Could not find or load main class weka.classifiers.trees.RandomForest
Error: Could not find or load main class weka.classifiers.trees.RandomForest
Error: Could not find or load main class weka.classifiers.trees.RandomForest
./train_new: line 14: csv2arff: command not found
Error: Could not find or load main class weka.classifiers.trees.RandomForest
Error: Could not find or load main class weka.classifiers.trees.RandomForest
Error: Could not find or load main class weka.classifiers.trees.RandomForest
Error: Could not find or load main class weka.classifiers.trees.RandomForest
Error: Could not find or load main class weka.classifiers.trees.RandomForest
Error: Could not find or load main class weka.classifiers.trees.RandomForest
Error: Could not find or load main class weka.classifiers.trees.RandomForest
./train_new: line 14: csv2arff: command not found
Error: Could not find or load main class weka.classifiers.trees.RandomForest
Error: Could not find or load main class weka.classifiers.trees.RandomForest
Error: Could not find or load main class weka.classifiers.trees.RandomForest
Error: Could not find or load main class weka.classifiers.trees.RandomForest
Error: Could not find or load main class weka.classifiers.trees.RandomForest
Error: Could not find or load main class weka.classifiers.trees.RandomForest
Error: Could not find or load main class weka.classifiers.trees.RandomForest
./train_new: line 14: csv2arff: command not found
Error: Could not find or load main class weka.classifiers.trees.RandomForest
Error: Could not find or load main class weka.classifiers.trees.RandomForest
Error: Could not find or load main class weka.classifiers.trees.RandomForest
Error: Could not find or load main class weka.classifiers.trees.RandomForest
Error: Could not find or load main class weka.classifiers.trees.RandomForest
Error: Could not find or load main class weka.classifiers.trees.RandomForest
Error: Could not find or load main class weka.classifiers.trees.RandomForest
./train_new: line 14: csv2arff: command not found
Error: Could not find or load main class weka.classifiers.trees.RandomForest
Error: Could not find or load main class weka.classifiers.trees.RandomForest
Error: Could not find or load main class weka.classifiers.trees.RandomForest
Error: Could not find or load main class weka.classifiers.trees.RandomForest
Error: Could not find or load main class weka.classifiers.trees.RandomForest
Error: Could not find or load main class weka.classifiers.trees.RandomForest
Error: Could not find or load main class weka.classifiers.trees.RandomForest
./train_new: line 14: csv2arff: command not found
Error: Could not find or load main class weka.classifiers.trees.RandomForest
Error: Could not find or load main class weka.classifiers.trees.RandomForest
Error: Could not find or load main class weka.classifiers.trees.RandomForest
Error: Could not find or load main class weka.classifiers.trees.RandomForest
Error: Could not find or load main class weka.classifiers.trees.RandomForest
Error: Could not find or load main class weka.classifiers.trees.RandomForest
Error: Could not find or load main class weka.classifiers.trees.RandomForest
Reading data...done
Normalizing data...done
Limiting dataset size...done
Writing ARFF file...done
Reading data...done
Normalizing data...done
Limiting dataset size...done
Writing ARFF file...done
Reading data...done
Normalizing data...done
Limiting dataset size...done
Writing ARFF file...done
Reading data...done
Normalizing data...done
Limiting dataset size...done
Writing ARFF file...done
Reading data...done
Normalizing data...done
Limiting dataset size...done
Writing ARFF file...done
Reading data...done
Normalizing data...done
Limiting dataset size...done
Writing ARFF file...done
Reading data...done
Normalizing data...done
Limiting dataset size...done
Writing ARFF file...done
Reading data...done
Normalizing data...done
Limiting dataset size...done
Writing ARFF file...done
Reading data...done
Normalizing data...done
Limiting dataset size...done
Writing ARFF file...done
Reading data...done
Normalizing data...done
Limiting dataset size...done
Writing ARFF file...done
