
Options: -I 100 

=== Classifier model (full training set) ===

RandomForest

Bagging with 100 iterations and base learner

weka.classifiers.trees.RandomTree -K 0 -M 1.0 -V 0.001 -S 1 -do-not-check-capabilities

Time taken to build model: 1.88 seconds

Time taken to test model on training data: 0.14 seconds

=== Error on training data ===

Correctly Classified Instances         908               99.5614 %
Incorrectly Classified Instances         4                0.4386 %
Kappa statistic                          0.9912
Mean absolute error                      0.1472
Root mean squared error                  0.1614
Relative absolute error                 29.4493 %
Root relative squared error             32.286  %
Total Number of Instances              912     


=== Detailed Accuracy By Class ===

                 TP Rate  FP Rate  Precision  Recall   F-Measure  MCC      ROC Area  PRC Area  Class
                 0.993    0.002    0.998      0.993    0.996      0.991    1.000     1.000     PD
                 0.998    0.007    0.993      0.998    0.996      0.991    1.000     1.000     SNP
Weighted Avg.    0.996    0.004    0.996      0.996    0.996      0.991    1.000     1.000     


=== Confusion Matrix ===

   a   b   <-- classified as
 453   3 |   a = PD
   1 455 |   b = SNP

Time taken to perform cross-validation: 11.31 seconds


=== Stratified cross-validation ===

Correctly Classified Instances         714               78.2895 %
Incorrectly Classified Instances       198               21.7105 %
Kappa statistic                          0.5658
Mean absolute error                      0.3976
Root mean squared error                  0.424 
Relative absolute error                 79.5202 %
Root relative squared error             84.7905 %
Total Number of Instances              912     


=== Detailed Accuracy By Class ===

                 TP Rate  FP Rate  Precision  Recall   F-Measure  MCC      ROC Area  PRC Area  Class
                 0.713    0.147    0.829      0.713    0.767      0.571    0.840     0.854     PD
                 0.853    0.287    0.748      0.853    0.797      0.571    0.840     0.803     SNP
Weighted Avg.    0.783    0.217    0.789      0.783    0.782      0.571    0.840     0.828     


=== Confusion Matrix ===

   a   b   <-- classified as
 325 131 |   a = PD
  67 389 |   b = SNP

