
Options: -I 400 

=== Classifier model (full training set) ===

RandomForest

Bagging with 400 iterations and base learner

weka.classifiers.trees.RandomTree -K 0 -M 1.0 -V 0.001 -S 1 -do-not-check-capabilities

Time taken to build model: 6.97 seconds

Time taken to test model on training data: 0.31 seconds

=== Error on training data ===

Correctly Classified Instances         908               99.5614 %
Incorrectly Classified Instances         4                0.4386 %
Kappa statistic                          0.9912
Mean absolute error                      0.1479
Root mean squared error                  0.1603
Relative absolute error                 29.5718 %
Root relative squared error             32.0593 %
Total Number of Instances              912     


=== Detailed Accuracy By Class ===

                 TP Rate  FP Rate  Precision  Recall   F-Measure  MCC      ROC Area  PRC Area  Class
                 0.996    0.004    0.996      0.996    0.996      0.991    1.000     1.000     PD
                 0.996    0.004    0.996      0.996    0.996      0.991    1.000     1.000     SNP
Weighted Avg.    0.996    0.004    0.996      0.996    0.996      0.991    1.000     1.000     


=== Confusion Matrix ===

   a   b   <-- classified as
 454   2 |   a = PD
   2 454 |   b = SNP

Time taken to perform cross-validation: 50.52 seconds


=== Stratified cross-validation ===

Correctly Classified Instances         713               78.1798 %
Incorrectly Classified Instances       199               21.8202 %
Kappa statistic                          0.5636
Mean absolute error                      0.3958
Root mean squared error                  0.4214
Relative absolute error                 79.1496 %
Root relative squared error             84.2744 %
Total Number of Instances              912     


=== Detailed Accuracy By Class ===

                 TP Rate  FP Rate  Precision  Recall   F-Measure  MCC      ROC Area  PRC Area  Class
                 0.721    0.158    0.820      0.721    0.768      0.568    0.846     0.861     PD
                 0.842    0.279    0.751      0.842    0.794      0.568    0.846     0.814     SNP
Weighted Avg.    0.782    0.218    0.786      0.782    0.781      0.568    0.846     0.837     


=== Confusion Matrix ===

   a   b   <-- classified as
 329 127 |   a = PD
  72 384 |   b = SNP

