
Options: -I 400 

=== Classifier model (full training set) ===

RandomForest

Bagging with 400 iterations and base learner

weka.classifiers.trees.RandomTree -K 0 -M 1.0 -V 0.001 -S 1 -do-not-check-capabilities

Time taken to build model: 3.4 seconds

Time taken to test model on training data: 0.24 seconds

=== Error on training data ===

Correctly Classified Instances         907               99.4518 %
Incorrectly Classified Instances         5                0.5482 %
Kappa statistic                          0.989 
Mean absolute error                      0.1514
Root mean squared error                  0.1645
Relative absolute error                 30.2855 %
Root relative squared error             32.9059 %
Total Number of Instances              912     


=== Detailed Accuracy By Class ===

                 TP Rate  FP Rate  Precision  Recall   F-Measure  MCC      ROC Area  PRC Area  Class
                 0.993    0.004    0.996      0.993    0.995      0.989    1.000     1.000     PD
                 0.996    0.007    0.993      0.996    0.995      0.989    1.000     1.000     SNP
Weighted Avg.    0.995    0.005    0.995      0.995    0.995      0.989    1.000     1.000     


=== Confusion Matrix ===

   a   b   <-- classified as
 453   3 |   a = PD
   2 454 |   b = SNP

Time taken to perform cross-validation: 22.85 seconds


=== Stratified cross-validation ===

Correctly Classified Instances         689               75.5482 %
Incorrectly Classified Instances       223               24.4518 %
Kappa statistic                          0.511 
Mean absolute error                      0.3976
Root mean squared error                  0.4242
Relative absolute error                 79.5107 %
Root relative squared error             84.8319 %
Total Number of Instances              912     


=== Detailed Accuracy By Class ===

                 TP Rate  FP Rate  Precision  Recall   F-Measure  MCC      ROC Area  PRC Area  Class
                 0.678    0.167    0.803      0.678    0.735      0.517    0.840     0.843     PD
                 0.833    0.322    0.721      0.833    0.773      0.517    0.840     0.804     SNP
Weighted Avg.    0.755    0.245    0.762      0.755    0.754      0.517    0.840     0.823     


=== Confusion Matrix ===

   a   b   <-- classified as
 309 147 |   a = PD
  76 380 |   b = SNP

