
Options: -I 400 

=== Classifier model (full training set) ===

RandomForest

Bagging with 400 iterations and base learner

weka.classifiers.trees.RandomTree -K 0 -M 1.0 -V 0.001 -S 1 -do-not-check-capabilities

Time taken to build model: 4.65 seconds

Time taken to test model on training data: 0.3 seconds

=== Error on training data ===

Correctly Classified Instances         904               99.1228 %
Incorrectly Classified Instances         8                0.8772 %
Kappa statistic                          0.9825
Mean absolute error                      0.1521
Root mean squared error                  0.1673
Relative absolute error                 30.4144 %
Root relative squared error             33.4602 %
Total Number of Instances              912     


=== Detailed Accuracy By Class ===

                 TP Rate  FP Rate  Precision  Recall   F-Measure  MCC      ROC Area  PRC Area  Class
                 0.989    0.007    0.993      0.989    0.991      0.982    1.000     1.000     PD
                 0.993    0.011    0.989      0.993    0.991      0.982    1.000     1.000     SNP
Weighted Avg.    0.991    0.009    0.991      0.991    0.991      0.982    1.000     1.000     


=== Confusion Matrix ===

   a   b   <-- classified as
 451   5 |   a = PD
   3 453 |   b = SNP

Time taken to perform cross-validation: 31.59 seconds


=== Stratified cross-validation ===

Correctly Classified Instances         687               75.3289 %
Incorrectly Classified Instances       225               24.6711 %
Kappa statistic                          0.5066
Mean absolute error                      0.4033
Root mean squared error                  0.4285
Relative absolute error                 80.6605 %
Root relative squared error             85.7058 %
Total Number of Instances              912     


=== Detailed Accuracy By Class ===

                 TP Rate  FP Rate  Precision  Recall   F-Measure  MCC      ROC Area  PRC Area  Class
                 0.664    0.158    0.808      0.664    0.729      0.515    0.829     0.835     PD
                 0.842    0.336    0.715      0.842    0.773      0.515    0.829     0.798     SNP
Weighted Avg.    0.753    0.247    0.762      0.753    0.751      0.515    0.829     0.817     


=== Confusion Matrix ===

   a   b   <-- classified as
 303 153 |   a = PD
  72 384 |   b = SNP

