
Options: -I 20 

=== Classifier model (full training set) ===

RandomForest

Bagging with 20 iterations and base learner

weka.classifiers.trees.RandomTree -K 0 -M 1.0 -V 0.001 -S 1 -do-not-check-capabilities

Time taken to build model: 0.81 seconds

Time taken to test model on training data: 0.05 seconds

=== Error on training data ===

Correctly Classified Instances         903               99.0132 %
Incorrectly Classified Instances         9                0.9868 %
Kappa statistic                          0.9803
Mean absolute error                      0.1507
Root mean squared error                  0.1761
Relative absolute error                 30.1448 %
Root relative squared error             35.2256 %
Total Number of Instances              912     


=== Detailed Accuracy By Class ===

                 TP Rate  FP Rate  Precision  Recall   F-Measure  MCC      ROC Area  PRC Area  Class
                 0.993    0.013    0.987      0.993    0.990      0.980    1.000     1.000     PD
                 0.987    0.007    0.993      0.987    0.990      0.980    1.000     1.000     SNP
Weighted Avg.    0.990    0.010    0.990      0.990    0.990      0.980    1.000     1.000     


=== Confusion Matrix ===

   a   b   <-- classified as
 453   3 |   a = PD
   6 450 |   b = SNP

Time taken to perform cross-validation: 2.61 seconds


=== Stratified cross-validation ===

Correctly Classified Instances         656               71.9298 %
Incorrectly Classified Instances       256               28.0702 %
Kappa statistic                          0.4386
Mean absolute error                      0.4134
Root mean squared error                  0.4439
Relative absolute error                 82.6875 %
Root relative squared error             88.7719 %
Total Number of Instances              912     


=== Detailed Accuracy By Class ===

                 TP Rate  FP Rate  Precision  Recall   F-Measure  MCC      ROC Area  PRC Area  Class
                 0.651    0.213    0.754      0.651    0.699      0.443    0.785     0.781     PD
                 0.787    0.349    0.693      0.787    0.737      0.443    0.785     0.751     SNP
Weighted Avg.    0.719    0.281    0.723      0.719    0.718      0.443    0.785     0.766     


=== Confusion Matrix ===

   a   b   <-- classified as
 297 159 |   a = PD
  97 359 |   b = SNP

