
Options: -I 20 

=== Classifier model (full training set) ===

RandomForest

Bagging with 20 iterations and base learner

weka.classifiers.trees.RandomTree -K 0 -M 1.0 -V 0.001 -S 1 -do-not-check-capabilities

Time taken to build model: 0.49 seconds

Time taken to test model on training data: 0.05 seconds

=== Error on training data ===

Correctly Classified Instances         907               99.4518 %
Incorrectly Classified Instances         5                0.5482 %
Kappa statistic                          0.989 
Mean absolute error                      0.1495
Root mean squared error                  0.1742
Relative absolute error                 29.8906 %
Root relative squared error             34.8417 %
Total Number of Instances              912     


=== Detailed Accuracy By Class ===

                 TP Rate  FP Rate  Precision  Recall   F-Measure  MCC      ROC Area  PRC Area  Class
                 0.996    0.007    0.993      0.996    0.995      0.989    1.000     1.000     PD
                 0.993    0.004    0.996      0.993    0.995      0.989    1.000     1.000     SNP
Weighted Avg.    0.995    0.005    0.995      0.995    0.995      0.989    1.000     1.000     


=== Confusion Matrix ===

   a   b   <-- classified as
 454   2 |   a = PD
   3 453 |   b = SNP

Time taken to perform cross-validation: 1.55 seconds


=== Stratified cross-validation ===

Correctly Classified Instances         659               72.2588 %
Incorrectly Classified Instances       253               27.7412 %
Kappa statistic                          0.4452
Mean absolute error                      0.4133
Root mean squared error                  0.4419
Relative absolute error                 82.6597 %
Root relative squared error             88.3789 %
Total Number of Instances              912     


=== Detailed Accuracy By Class ===

                 TP Rate  FP Rate  Precision  Recall   F-Measure  MCC      ROC Area  PRC Area  Class
                 0.669    0.224    0.749      0.669    0.707      0.448    0.789     0.797     PD
                 0.776    0.331    0.701      0.776    0.737      0.448    0.789     0.756     SNP
Weighted Avg.    0.723    0.277    0.725      0.723    0.722      0.448    0.789     0.777     


=== Confusion Matrix ===

   a   b   <-- classified as
 305 151 |   a = PD
 102 354 |   b = SNP

