
Options: -I 100 

=== Classifier model (full training set) ===

RandomForest

Bagging with 100 iterations and base learner

weka.classifiers.trees.RandomTree -K 0 -M 1.0 -V 0.001 -S 1 -do-not-check-capabilities

Time taken to build model: 1.24 seconds

Time taken to test model on training data: 0.11 seconds

=== Error on training data ===

Correctly Classified Instances         907               99.4518 %
Incorrectly Classified Instances         5                0.5482 %
Kappa statistic                          0.989 
Mean absolute error                      0.1509
Root mean squared error                  0.1656
Relative absolute error                 30.1778 %
Root relative squared error             33.1249 %
Total Number of Instances              912     


=== Detailed Accuracy By Class ===

                 TP Rate  FP Rate  Precision  Recall   F-Measure  MCC      ROC Area  PRC Area  Class
                 0.991    0.002    0.998      0.991    0.994      0.989    1.000     1.000     PD
                 0.998    0.009    0.991      0.998    0.995      0.989    1.000     1.000     SNP
Weighted Avg.    0.995    0.005    0.995      0.995    0.995      0.989    1.000     1.000     


=== Confusion Matrix ===

   a   b   <-- classified as
 452   4 |   a = PD
   1 455 |   b = SNP

Time taken to perform cross-validation: 5.35 seconds


=== Stratified cross-validation ===

Correctly Classified Instances         700               76.7544 %
Incorrectly Classified Instances       212               23.2456 %
Kappa statistic                          0.5351
Mean absolute error                      0.4014
Root mean squared error                  0.427 
Relative absolute error                 80.2699 %
Root relative squared error             85.3981 %
Total Number of Instances              912     


=== Detailed Accuracy By Class ===

                 TP Rate  FP Rate  Precision  Recall   F-Measure  MCC      ROC Area  PRC Area  Class
                 0.684    0.149    0.821      0.684    0.746      0.543    0.837     0.834     PD
                 0.851    0.316    0.729      0.851    0.785      0.543    0.837     0.807     SNP
Weighted Avg.    0.768    0.232    0.775      0.768    0.766      0.543    0.837     0.821     


=== Confusion Matrix ===

   a   b   <-- classified as
 312 144 |   a = PD
  68 388 |   b = SNP

