
Options: -I 300 

=== Classifier model (full training set) ===

RandomForest

Bagging with 300 iterations and base learner

weka.classifiers.trees.RandomTree -K 0 -M 1.0 -V 0.001 -S 1 -do-not-check-capabilities

Time taken to build model: 5.17 seconds

Time taken to test model on training data: 0.24 seconds

=== Error on training data ===

Correctly Classified Instances         908               99.5614 %
Incorrectly Classified Instances         4                0.4386 %
Kappa statistic                          0.9912
Mean absolute error                      0.1463
Root mean squared error                  0.1595
Relative absolute error                 29.2664 %
Root relative squared error             31.8945 %
Total Number of Instances              912     


=== Detailed Accuracy By Class ===

                 TP Rate  FP Rate  Precision  Recall   F-Measure  MCC      ROC Area  PRC Area  Class
                 0.996    0.004    0.996      0.996    0.996      0.991    1.000     1.000     PD
                 0.996    0.004    0.996      0.996    0.996      0.991    1.000     1.000     SNP
Weighted Avg.    0.996    0.004    0.996      0.996    0.996      0.991    1.000     1.000     


=== Confusion Matrix ===

   a   b   <-- classified as
 454   2 |   a = PD
   2 454 |   b = SNP

Time taken to perform cross-validation: 36.88 seconds


=== Stratified cross-validation ===

Correctly Classified Instances         713               78.1798 %
Incorrectly Classified Instances       199               21.8202 %
Kappa statistic                          0.5636
Mean absolute error                      0.3956
Root mean squared error                  0.4215
Relative absolute error                 79.1274 %
Root relative squared error             84.2983 %
Total Number of Instances              912     


=== Detailed Accuracy By Class ===

                 TP Rate  FP Rate  Precision  Recall   F-Measure  MCC      ROC Area  PRC Area  Class
                 0.724    0.160    0.819      0.724    0.768      0.567    0.846     0.860     PD
                 0.840    0.276    0.752      0.840    0.794      0.567    0.846     0.812     SNP
Weighted Avg.    0.782    0.218    0.786      0.782    0.781      0.567    0.846     0.836     


=== Confusion Matrix ===

   a   b   <-- classified as
 330 126 |   a = PD
  73 383 |   b = SNP

