
Options: -I 400 

=== Classifier model (full training set) ===

RandomForest

Bagging with 400 iterations and base learner

weka.classifiers.trees.RandomTree -K 0 -M 1.0 -V 0.001 -S 1 -do-not-check-capabilities

Time taken to build model: 8.32 seconds

Time taken to test model on training data: 0.31 seconds

=== Error on training data ===

Correctly Classified Instances         904               99.1228 %
Incorrectly Classified Instances         8                0.8772 %
Kappa statistic                          0.9825
Mean absolute error                      0.1548
Root mean squared error                  0.1687
Relative absolute error                 30.9603 %
Root relative squared error             33.737  %
Total Number of Instances              912     


=== Detailed Accuracy By Class ===

                 TP Rate  FP Rate  Precision  Recall   F-Measure  MCC      ROC Area  PRC Area  Class
                 0.989    0.007    0.993      0.989    0.991      0.982    1.000     1.000     PD
                 0.993    0.011    0.989      0.993    0.991      0.982    1.000     1.000     SNP
Weighted Avg.    0.991    0.009    0.991      0.991    0.991      0.982    1.000     1.000     


=== Confusion Matrix ===

   a   b   <-- classified as
 451   5 |   a = PD
   3 453 |   b = SNP

Time taken to perform cross-validation: 63.2 seconds


=== Stratified cross-validation ===

Correctly Classified Instances         699               76.6447 %
Incorrectly Classified Instances       213               23.3553 %
Kappa statistic                          0.5329
Mean absolute error                      0.4022
Root mean squared error                  0.4274
Relative absolute error                 80.4408 %
Root relative squared error             85.4751 %
Total Number of Instances              912     


=== Detailed Accuracy By Class ===

                 TP Rate  FP Rate  Precision  Recall   F-Measure  MCC      ROC Area  PRC Area  Class
                 0.660    0.127    0.838      0.660    0.739      0.545    0.844     0.833     PD
                 0.873    0.340    0.720      0.873    0.789      0.545    0.844     0.823     SNP
Weighted Avg.    0.766    0.234    0.779      0.766    0.764      0.545    0.844     0.828     


=== Confusion Matrix ===

   a   b   <-- classified as
 301 155 |   a = PD
  58 398 |   b = SNP

