
Options: -I 100 

=== Classifier model (full training set) ===

RandomForest

Bagging with 100 iterations and base learner

weka.classifiers.trees.RandomTree -K 0 -M 1.0 -V 0.001 -S 1 -do-not-check-capabilities

Time taken to build model: 1.72 seconds

Time taken to test model on training data: 0.11 seconds

=== Error on training data ===

Correctly Classified Instances         911               99.8904 %
Incorrectly Classified Instances         1                0.1096 %
Kappa statistic                          0.9978
Mean absolute error                      0.14  
Root mean squared error                  0.1532
Relative absolute error                 27.9932 %
Root relative squared error             30.6474 %
Total Number of Instances              912     


=== Detailed Accuracy By Class ===

                 TP Rate  FP Rate  Precision  Recall   F-Measure  MCC      ROC Area  PRC Area  Class
                 0.998    0.000    1.000      0.998    0.999      0.998    1.000     1.000     PD
                 1.000    0.002    0.998      1.000    0.999      0.998    1.000     1.000     SNP
Weighted Avg.    0.999    0.001    0.999      0.999    0.999      0.998    1.000     1.000     


=== Confusion Matrix ===

   a   b   <-- classified as
 455   1 |   a = PD
   0 456 |   b = SNP

Time taken to perform cross-validation: 11.59 seconds


=== Stratified cross-validation ===

Correctly Classified Instances         714               78.2895 %
Incorrectly Classified Instances       198               21.7105 %
Kappa statistic                          0.5658
Mean absolute error                      0.3832
Root mean squared error                  0.4091
Relative absolute error                 76.6317 %
Root relative squared error             81.8236 %
Total Number of Instances              912     


=== Detailed Accuracy By Class ===

                 TP Rate  FP Rate  Precision  Recall   F-Measure  MCC      ROC Area  PRC Area  Class
                 0.697    0.132    0.841      0.697    0.763      0.574    0.872     0.893     PD
                 0.868    0.303    0.742      0.868    0.800      0.574    0.872     0.850     SNP
Weighted Avg.    0.783    0.217    0.791      0.783    0.781      0.574    0.872     0.872     


=== Confusion Matrix ===

   a   b   <-- classified as
 318 138 |   a = PD
  60 396 |   b = SNP

