
Options: -I 50 

=== Classifier model (full training set) ===

RandomForest

Bagging with 50 iterations and base learner

weka.classifiers.trees.RandomTree -K 0 -M 1.0 -V 0.001 -S 1 -do-not-check-capabilities

Time taken to build model: 1.13 seconds

Time taken to test model on training data: 0.07 seconds

=== Error on training data ===

Correctly Classified Instances         908               99.5614 %
Incorrectly Classified Instances         4                0.4386 %
Kappa statistic                          0.9912
Mean absolute error                      0.1411
Root mean squared error                  0.159 
Relative absolute error                 28.2247 %
Root relative squared error             31.8042 %
Total Number of Instances              912     


=== Detailed Accuracy By Class ===

                 TP Rate  FP Rate  Precision  Recall   F-Measure  MCC      ROC Area  PRC Area  Class
                 0.993    0.002    0.998      0.993    0.996      0.991    1.000     1.000     PD
                 0.998    0.007    0.993      0.998    0.996      0.991    1.000     1.000     SNP
Weighted Avg.    0.996    0.004    0.996      0.996    0.996      0.991    1.000     1.000     


=== Confusion Matrix ===

   a   b   <-- classified as
 453   3 |   a = PD
   1 455 |   b = SNP

Time taken to perform cross-validation: 5.77 seconds


=== Stratified cross-validation ===

Correctly Classified Instances         715               78.3991 %
Incorrectly Classified Instances       197               21.6009 %
Kappa statistic                          0.568 
Mean absolute error                      0.3975
Root mean squared error                  0.4251
Relative absolute error                 79.4896 %
Root relative squared error             85.0275 %
Total Number of Instances              912     


=== Detailed Accuracy By Class ===

                 TP Rate  FP Rate  Precision  Recall   F-Measure  MCC      ROC Area  PRC Area  Class
                 0.717    0.149    0.828      0.717    0.769      0.573    0.836     0.845     PD
                 0.851    0.283    0.750      0.851    0.798      0.573    0.836     0.801     SNP
Weighted Avg.    0.784    0.216    0.789      0.784    0.783      0.573    0.836     0.823     


=== Confusion Matrix ===

   a   b   <-- classified as
 327 129 |   a = PD
  68 388 |   b = SNP

