
Options: -I 400 

=== Classifier model (full training set) ===

RandomForest

Bagging with 400 iterations and base learner

weka.classifiers.trees.RandomTree -K 0 -M 1.0 -V 0.001 -S 1 -do-not-check-capabilities

Time taken to build model: 4.12 seconds

Time taken to test model on training data: 0.28 seconds

=== Error on training data ===

Correctly Classified Instances         908               99.5614 %
Incorrectly Classified Instances         4                0.4386 %
Kappa statistic                          0.9912
Mean absolute error                      0.1547
Root mean squared error                  0.167 
Relative absolute error                 30.9363 %
Root relative squared error             33.4058 %
Total Number of Instances              912     


=== Detailed Accuracy By Class ===

                 TP Rate  FP Rate  Precision  Recall   F-Measure  MCC      ROC Area  PRC Area  Class
                 0.991    0.000    1.000      0.991    0.996      0.991    1.000     1.000     PD
                 1.000    0.009    0.991      1.000    0.996      0.991    1.000     1.000     SNP
Weighted Avg.    0.996    0.004    0.996      0.996    0.996      0.991    1.000     1.000     


=== Confusion Matrix ===

   a   b   <-- classified as
 452   4 |   a = PD
   0 456 |   b = SNP

Time taken to perform cross-validation: 29.02 seconds


=== Stratified cross-validation ===

Correctly Classified Instances         670               73.4649 %
Incorrectly Classified Instances       242               26.5351 %
Kappa statistic                          0.4693
Mean absolute error                      0.4101
Root mean squared error                  0.4344
Relative absolute error                 82.0137 %
Root relative squared error             86.8791 %
Total Number of Instances              912     


=== Detailed Accuracy By Class ===

                 TP Rate  FP Rate  Precision  Recall   F-Measure  MCC      ROC Area  PRC Area  Class
                 0.662    0.193    0.774      0.662    0.714      0.474    0.815     0.831     PD
                 0.807    0.338    0.705      0.807    0.753      0.474    0.815     0.784     SNP
Weighted Avg.    0.735    0.265    0.740      0.735    0.733      0.474    0.815     0.808     


=== Confusion Matrix ===

   a   b   <-- classified as
 302 154 |   a = PD
  88 368 |   b = SNP

