
Options: -I 10 

=== Classifier model (full training set) ===

RandomForest

Bagging with 10 iterations and base learner

weka.classifiers.trees.RandomTree -K 0 -M 1.0 -V 0.001 -S 1 -do-not-check-capabilities

Time taken to build model: 0.42 seconds

Time taken to test model on training data: 0.05 seconds

=== Error on training data ===

Correctly Classified Instances         903               99.0132 %
Incorrectly Classified Instances         9                0.9868 %
Kappa statistic                          0.9803
Mean absolute error                      0.1577
Root mean squared error                  0.1902
Relative absolute error                 31.5435 %
Root relative squared error             38.0384 %
Total Number of Instances              912     


=== Detailed Accuracy By Class ===

                 TP Rate  FP Rate  Precision  Recall   F-Measure  MCC      ROC Area  PRC Area  Class
                 0.991    0.011    0.989      0.991    0.990      0.980    1.000     1.000     PD
                 0.989    0.009    0.991      0.989    0.990      0.980    1.000     1.000     SNP
Weighted Avg.    0.990    0.010    0.990      0.990    0.990      0.980    1.000     1.000     


=== Confusion Matrix ===

   a   b   <-- classified as
 452   4 |   a = PD
   5 451 |   b = SNP

Time taken to perform cross-validation: 0.86 seconds


=== Stratified cross-validation ===

Correctly Classified Instances         673               73.7939 %
Incorrectly Classified Instances       239               26.2061 %
Kappa statistic                          0.4759
Mean absolute error                      0.3965
Root mean squared error                  0.435 
Relative absolute error                 79.2962 %
Root relative squared error             86.9902 %
Total Number of Instances              912     


=== Detailed Accuracy By Class ===

                 TP Rate  FP Rate  Precision  Recall   F-Measure  MCC      ROC Area  PRC Area  Class
                 0.669    0.193    0.776      0.669    0.718      0.480    0.796     0.803     PD
                 0.807    0.331    0.709      0.807    0.755      0.480    0.796     0.756     SNP
Weighted Avg.    0.738    0.262    0.743      0.738    0.737      0.480    0.796     0.779     


=== Confusion Matrix ===

   a   b   <-- classified as
 305 151 |   a = PD
  88 368 |   b = SNP

