
Options: -I 300 

=== Classifier model (full training set) ===

RandomForest

Bagging with 300 iterations and base learner

weka.classifiers.trees.RandomTree -K 0 -M 1.0 -V 0.001 -S 1 -do-not-check-capabilities

Time taken to build model: 6.1 seconds

Time taken to test model on training data: 0.26 seconds

=== Error on training data ===

Correctly Classified Instances         904               99.1228 %
Incorrectly Classified Instances         8                0.8772 %
Kappa statistic                          0.9825
Mean absolute error                      0.1529
Root mean squared error                  0.1674
Relative absolute error                 30.5794 %
Root relative squared error             33.4711 %
Total Number of Instances              912     


=== Detailed Accuracy By Class ===

                 TP Rate  FP Rate  Precision  Recall   F-Measure  MCC      ROC Area  PRC Area  Class
                 0.989    0.007    0.993      0.989    0.991      0.982    1.000     1.000     PD
                 0.993    0.011    0.989      0.993    0.991      0.982    1.000     1.000     SNP
Weighted Avg.    0.991    0.009    0.991      0.991    0.991      0.982    1.000     1.000     


=== Confusion Matrix ===

   a   b   <-- classified as
 451   5 |   a = PD
   3 453 |   b = SNP

Time taken to perform cross-validation: 46.42 seconds


=== Stratified cross-validation ===

Correctly Classified Instances         699               76.6447 %
Incorrectly Classified Instances       213               23.3553 %
Kappa statistic                          0.5329
Mean absolute error                      0.402 
Root mean squared error                  0.4273
Relative absolute error                 80.4021 %
Root relative squared error             85.4647 %
Total Number of Instances              912     


=== Detailed Accuracy By Class ===

                 TP Rate  FP Rate  Precision  Recall   F-Measure  MCC      ROC Area  PRC Area  Class
                 0.662    0.129    0.837      0.662    0.739      0.545    0.844     0.833     PD
                 0.871    0.338    0.721      0.871    0.788      0.545    0.844     0.824     SNP
Weighted Avg.    0.766    0.234    0.779      0.766    0.764      0.545    0.844     0.828     


=== Confusion Matrix ===

   a   b   <-- classified as
 302 154 |   a = PD
  59 397 |   b = SNP

