
Options: -I 20 

=== Classifier model (full training set) ===

RandomForest

Bagging with 20 iterations and base learner

weka.classifiers.trees.RandomTree -K 0 -M 1.0 -V 0.001 -S 1 -do-not-check-capabilities

Time taken to build model: 0.75 seconds

Time taken to test model on training data: 0.04 seconds

=== Error on training data ===

Correctly Classified Instances         910               99.7807 %
Incorrectly Classified Instances         2                0.2193 %
Kappa statistic                          0.9956
Mean absolute error                      0.1388
Root mean squared error                  0.1614
Relative absolute error                 27.7581 %
Root relative squared error             32.2841 %
Total Number of Instances              912     


=== Detailed Accuracy By Class ===

                 TP Rate  FP Rate  Precision  Recall   F-Measure  MCC      ROC Area  PRC Area  Class
                 0.996    0.000    1.000      0.996    0.998      0.996    1.000     1.000     PD
                 1.000    0.004    0.996      1.000    0.998      0.996    1.000     1.000     SNP
Weighted Avg.    0.998    0.002    0.998      0.998    0.998      0.996    1.000     1.000     


=== Confusion Matrix ===

   a   b   <-- classified as
 454   2 |   a = PD
   0 456 |   b = SNP

Time taken to perform cross-validation: 2.33 seconds


=== Stratified cross-validation ===

Correctly Classified Instances         720               78.9474 %
Incorrectly Classified Instances       192               21.0526 %
Kappa statistic                          0.5789
Mean absolute error                      0.3806
Root mean squared error                  0.4096
Relative absolute error                 76.1171 %
Root relative squared error             81.9267 %
Total Number of Instances              912     


=== Detailed Accuracy By Class ===

                 TP Rate  FP Rate  Precision  Recall   F-Measure  MCC      ROC Area  PRC Area  Class
                 0.721    0.143    0.835      0.721    0.774      0.584    0.865     0.879     PD
                 0.857    0.279    0.755      0.857    0.803      0.584    0.865     0.845     SNP
Weighted Avg.    0.789    0.211    0.795      0.789    0.788      0.584    0.865     0.862     


=== Confusion Matrix ===

   a   b   <-- classified as
 329 127 |   a = PD
  65 391 |   b = SNP

