
Options: -I 100 

=== Classifier model (full training set) ===

RandomForest

Bagging with 100 iterations and base learner

weka.classifiers.trees.RandomTree -K 0 -M 1.0 -V 0.001 -S 1 -do-not-check-capabilities

Time taken to build model: 1.26 seconds

Time taken to test model on training data: 0.18 seconds

=== Error on training data ===

Correctly Classified Instances         908               99.5614 %
Incorrectly Classified Instances         4                0.4386 %
Kappa statistic                          0.9912
Mean absolute error                      0.1529
Root mean squared error                  0.1688
Relative absolute error                 30.5876 %
Root relative squared error             33.7535 %
Total Number of Instances              912     


=== Detailed Accuracy By Class ===

                 TP Rate  FP Rate  Precision  Recall   F-Measure  MCC      ROC Area  PRC Area  Class
                 0.998    0.007    0.993      0.998    0.996      0.991    1.000     1.000     PD
                 0.993    0.002    0.998      0.993    0.996      0.991    1.000     1.000     SNP
Weighted Avg.    0.996    0.004    0.996      0.996    0.996      0.991    1.000     1.000     


=== Confusion Matrix ===

   a   b   <-- classified as
 455   1 |   a = PD
   3 453 |   b = SNP

Time taken to perform cross-validation: 7.61 seconds


=== Stratified cross-validation ===

Correctly Classified Instances         697               76.4254 %
Incorrectly Classified Instances       215               23.5746 %
Kappa statistic                          0.5285
Mean absolute error                      0.4031
Root mean squared error                  0.4294
Relative absolute error                 80.6214 %
Root relative squared error             85.8778 %
Total Number of Instances              912     


=== Detailed Accuracy By Class ===

                 TP Rate  FP Rate  Precision  Recall   F-Measure  MCC      ROC Area  PRC Area  Class
                 0.700    0.171    0.804      0.700    0.748      0.533    0.827     0.838     PD
                 0.829    0.300    0.734      0.829    0.779      0.533    0.827     0.792     SNP
Weighted Avg.    0.764    0.236    0.769      0.764    0.763      0.533    0.827     0.815     


=== Confusion Matrix ===

   a   b   <-- classified as
 319 137 |   a = PD
  78 378 |   b = SNP

