
Options: -I 10 

=== Classifier model (full training set) ===

RandomForest

Bagging with 10 iterations and base learner

weka.classifiers.trees.RandomTree -K 0 -M 1.0 -V 0.001 -S 1 -do-not-check-capabilities

Time taken to build model: 0.39 seconds

Time taken to test model on training data: 0.03 seconds

=== Error on training data ===

Correctly Classified Instances         903               99.0132 %
Incorrectly Classified Instances         9                0.9868 %
Kappa statistic                          0.9803
Mean absolute error                      0.1642
Root mean squared error                  0.1953
Relative absolute error                 32.8313 %
Root relative squared error             39.067  %
Total Number of Instances              912     


=== Detailed Accuracy By Class ===

                 TP Rate  FP Rate  Precision  Recall   F-Measure  MCC      ROC Area  PRC Area  Class
                 0.993    0.013    0.987      0.993    0.990      0.980    1.000     1.000     PD
                 0.987    0.007    0.993      0.987    0.990      0.980    1.000     1.000     SNP
Weighted Avg.    0.990    0.010    0.990      0.990    0.990      0.980    1.000     1.000     


=== Confusion Matrix ===

   a   b   <-- classified as
 453   3 |   a = PD
   6 450 |   b = SNP

Time taken to perform cross-validation: 0.58 seconds


=== Stratified cross-validation ===

Correctly Classified Instances         701               76.864  %
Incorrectly Classified Instances       211               23.136  %
Kappa statistic                          0.5373
Mean absolute error                      0.3777
Root mean squared error                  0.4164
Relative absolute error                 75.5464 %
Root relative squared error             83.2874 %
Total Number of Instances              912     


=== Detailed Accuracy By Class ===

                 TP Rate  FP Rate  Precision  Recall   F-Measure  MCC      ROC Area  PRC Area  Class
                 0.704    0.167    0.809      0.704    0.753      0.542    0.836     0.848     PD
                 0.833    0.296    0.738      0.833    0.783      0.542    0.836     0.798     SNP
Weighted Avg.    0.769    0.231    0.773      0.769    0.768      0.542    0.836     0.823     


=== Confusion Matrix ===

   a   b   <-- classified as
 321 135 |   a = PD
  76 380 |   b = SNP

