
Options: -I 200 

=== Classifier model (full training set) ===

RandomForest

Bagging with 200 iterations and base learner

weka.classifiers.trees.RandomTree -K 0 -M 1.0 -V 0.001 -S 1 -do-not-check-capabilities

Time taken to build model: 1.79 seconds

Time taken to test model on training data: 0.17 seconds

=== Error on training data ===

Correctly Classified Instances         907               99.4518 %
Incorrectly Classified Instances         5                0.5482 %
Kappa statistic                          0.989 
Mean absolute error                      0.151 
Root mean squared error                  0.1647
Relative absolute error                 30.1946 %
Root relative squared error             32.9334 %
Total Number of Instances              912     


=== Detailed Accuracy By Class ===

                 TP Rate  FP Rate  Precision  Recall   F-Measure  MCC      ROC Area  PRC Area  Class
                 0.993    0.004    0.996      0.993    0.995      0.989    1.000     1.000     PD
                 0.996    0.007    0.993      0.996    0.995      0.989    1.000     1.000     SNP
Weighted Avg.    0.995    0.005    0.995      0.995    0.995      0.989    1.000     1.000     


=== Confusion Matrix ===

   a   b   <-- classified as
 453   3 |   a = PD
   2 454 |   b = SNP

Time taken to perform cross-validation: 11.1 seconds


=== Stratified cross-validation ===

Correctly Classified Instances         684               75      %
Incorrectly Classified Instances       228               25      %
Kappa statistic                          0.5   
Mean absolute error                      0.3959
Root mean squared error                  0.4232
Relative absolute error                 79.1705 %
Root relative squared error             84.637  %
Total Number of Instances              912     


=== Detailed Accuracy By Class ===

                 TP Rate  FP Rate  Precision  Recall   F-Measure  MCC      ROC Area  PRC Area  Class
                 0.671    0.171    0.797      0.671    0.729      0.506    0.839     0.842     PD
                 0.829    0.329    0.716      0.829    0.768      0.506    0.839     0.804     SNP
Weighted Avg.    0.750    0.250    0.756      0.750    0.748      0.506    0.839     0.823     


=== Confusion Matrix ===

   a   b   <-- classified as
 306 150 |   a = PD
  78 378 |   b = SNP

