
Options: -I 300 

=== Classifier model (full training set) ===

RandomForest

Bagging with 300 iterations and base learner

weka.classifiers.trees.RandomTree -K 0 -M 1.0 -V 0.001 -S 1 -do-not-check-capabilities

Time taken to build model: 3.16 seconds

Time taken to test model on training data: 0.24 seconds

=== Error on training data ===

Correctly Classified Instances         908               99.5614 %
Incorrectly Classified Instances         4                0.4386 %
Kappa statistic                          0.9912
Mean absolute error                      0.1541
Root mean squared error                  0.1667
Relative absolute error                 30.8207 %
Root relative squared error             33.3435 %
Total Number of Instances              912     


=== Detailed Accuracy By Class ===

                 TP Rate  FP Rate  Precision  Recall   F-Measure  MCC      ROC Area  PRC Area  Class
                 0.991    0.000    1.000      0.991    0.996      0.991    1.000     1.000     PD
                 1.000    0.009    0.991      1.000    0.996      0.991    1.000     1.000     SNP
Weighted Avg.    0.996    0.004    0.996      0.996    0.996      0.991    1.000     1.000     


=== Confusion Matrix ===

   a   b   <-- classified as
 452   4 |   a = PD
   0 456 |   b = SNP

Time taken to perform cross-validation: 21.69 seconds


=== Stratified cross-validation ===

Correctly Classified Instances         668               73.2456 %
Incorrectly Classified Instances       244               26.7544 %
Kappa statistic                          0.4649
Mean absolute error                      0.4097
Root mean squared error                  0.4342
Relative absolute error                 81.9478 %
Root relative squared error             86.8327 %
Total Number of Instances              912     


=== Detailed Accuracy By Class ===

                 TP Rate  FP Rate  Precision  Recall   F-Measure  MCC      ROC Area  PRC Area  Class
                 0.654    0.189    0.776      0.654    0.710      0.471    0.815     0.831     PD
                 0.811    0.346    0.701      0.811    0.752      0.471    0.815     0.784     SNP
Weighted Avg.    0.732    0.268    0.738      0.732    0.731      0.471    0.815     0.808     


=== Confusion Matrix ===

   a   b   <-- classified as
 298 158 |   a = PD
  86 370 |   b = SNP

