
Options: -I 300 

=== Classifier model (full training set) ===

RandomForest

Bagging with 300 iterations and base learner

weka.classifiers.trees.RandomTree -K 0 -M 1.0 -V 0.001 -S 1 -do-not-check-capabilities

Time taken to build model: 3.63 seconds

Time taken to test model on training data: 0.28 seconds

=== Error on training data ===

Correctly Classified Instances         908               99.5614 %
Incorrectly Classified Instances         4                0.4386 %
Kappa statistic                          0.9912
Mean absolute error                      0.1518
Root mean squared error                  0.1661
Relative absolute error                 30.3527 %
Root relative squared error             33.2262 %
Total Number of Instances              912     


=== Detailed Accuracy By Class ===

                 TP Rate  FP Rate  Precision  Recall   F-Measure  MCC      ROC Area  PRC Area  Class
                 0.996    0.004    0.996      0.996    0.996      0.991    1.000     1.000     PD
                 0.996    0.004    0.996      0.996    0.996      0.991    1.000     1.000     SNP
Weighted Avg.    0.996    0.004    0.996      0.996    0.996      0.991    1.000     1.000     


=== Confusion Matrix ===

   a   b   <-- classified as
 454   2 |   a = PD
   2 454 |   b = SNP

Time taken to perform cross-validation: 23.94 seconds


=== Stratified cross-validation ===

Correctly Classified Instances         697               76.4254 %
Incorrectly Classified Instances       215               23.5746 %
Kappa statistic                          0.5285
Mean absolute error                      0.3995
Root mean squared error                  0.4253
Relative absolute error                 79.8975 %
Root relative squared error             85.0548 %
Total Number of Instances              912     


=== Detailed Accuracy By Class ===

                 TP Rate  FP Rate  Precision  Recall   F-Measure  MCC      ROC Area  PRC Area  Class
                 0.702    0.173    0.802      0.702    0.749      0.533    0.839     0.847     PD
                 0.827    0.298    0.735      0.827    0.778      0.533    0.839     0.804     SNP
Weighted Avg.    0.764    0.236    0.768      0.764    0.763      0.533    0.839     0.826     


=== Confusion Matrix ===

   a   b   <-- classified as
 320 136 |   a = PD
  79 377 |   b = SNP

