
Options: -I 20 

=== Classifier model (full training set) ===

RandomForest

Bagging with 20 iterations and base learner

weka.classifiers.trees.RandomTree -K 0 -M 1.0 -V 0.001 -S 1 -do-not-check-capabilities

Time taken to build model: 0.53 seconds

Time taken to test model on training data: 0.05 seconds

=== Error on training data ===

Correctly Classified Instances         907               99.4518 %
Incorrectly Classified Instances         5                0.5482 %
Kappa statistic                          0.989 
Mean absolute error                      0.1564
Root mean squared error                  0.1793
Relative absolute error                 31.2737 %
Root relative squared error             35.8594 %
Total Number of Instances              912     


=== Detailed Accuracy By Class ===

                 TP Rate  FP Rate  Precision  Recall   F-Measure  MCC      ROC Area  PRC Area  Class
                 0.993    0.004    0.996      0.993    0.995      0.989    1.000     1.000     PD
                 0.996    0.007    0.993      0.996    0.995      0.989    1.000     1.000     SNP
Weighted Avg.    0.995    0.005    0.995      0.995    0.995      0.989    1.000     1.000     


=== Confusion Matrix ===

   a   b   <-- classified as
 453   3 |   a = PD
   2 454 |   b = SNP

Time taken to perform cross-validation: 1.27 seconds


=== Stratified cross-validation ===

Correctly Classified Instances         656               71.9298 %
Incorrectly Classified Instances       256               28.0702 %
Kappa statistic                          0.4386
Mean absolute error                      0.4169
Root mean squared error                  0.4439
Relative absolute error                 83.3763 %
Root relative squared error             88.7727 %
Total Number of Instances              912     


=== Detailed Accuracy By Class ===

                 TP Rate  FP Rate  Precision  Recall   F-Measure  MCC      ROC Area  PRC Area  Class
                 0.647    0.208    0.756      0.647    0.697      0.443    0.785     0.802     PD
                 0.792    0.353    0.692      0.792    0.738      0.443    0.785     0.742     SNP
Weighted Avg.    0.719    0.281    0.724      0.719    0.718      0.443    0.785     0.772     


=== Confusion Matrix ===

   a   b   <-- classified as
 295 161 |   a = PD
  95 361 |   b = SNP

