
Options: -I 50 

=== Classifier model (full training set) ===

RandomForest

Bagging with 50 iterations and base learner

weka.classifiers.trees.RandomTree -K 0 -M 1.0 -V 0.001 -S 1 -do-not-check-capabilities

Time taken to build model: 1.5 seconds

Time taken to test model on training data: 0.07 seconds

=== Error on training data ===

Correctly Classified Instances         906               99.3421 %
Incorrectly Classified Instances         6                0.6579 %
Kappa statistic                          0.9868
Mean absolute error                      0.1454
Root mean squared error                  0.1655
Relative absolute error                 29.0737 %
Root relative squared error             33.1045 %
Total Number of Instances              912     


=== Detailed Accuracy By Class ===

                 TP Rate  FP Rate  Precision  Recall   F-Measure  MCC      ROC Area  PRC Area  Class
                 0.991    0.004    0.996      0.991    0.993      0.987    1.000     1.000     PD
                 0.996    0.009    0.991      0.996    0.993      0.987    1.000     1.000     SNP
Weighted Avg.    0.993    0.007    0.993      0.993    0.993      0.987    1.000     1.000     


=== Confusion Matrix ===

   a   b   <-- classified as
 452   4 |   a = PD
   2 454 |   b = SNP

Time taken to perform cross-validation: 6.31 seconds


=== Stratified cross-validation ===

Correctly Classified Instances         688               75.4386 %
Incorrectly Classified Instances       224               24.5614 %
Kappa statistic                          0.5088
Mean absolute error                      0.3966
Root mean squared error                  0.4233
Relative absolute error                 79.3254 %
Root relative squared error             84.6584 %
Total Number of Instances              912     


=== Detailed Accuracy By Class ===

                 TP Rate  FP Rate  Precision  Recall   F-Measure  MCC      ROC Area  PRC Area  Class
                 0.693    0.184    0.790      0.693    0.738      0.513    0.840     0.850     PD
                 0.816    0.307    0.727      0.816    0.769      0.513    0.840     0.816     SNP
Weighted Avg.    0.754    0.246    0.758      0.754    0.753      0.513    0.840     0.833     


=== Confusion Matrix ===

   a   b   <-- classified as
 316 140 |   a = PD
  84 372 |   b = SNP

