
Options: -I 400 

=== Classifier model (full training set) ===

RandomForest

Bagging with 400 iterations and base learner

weka.classifiers.trees.RandomTree -K 0 -M 1.0 -V 0.001 -S 1 -do-not-check-capabilities

Time taken to build model: 3.62 seconds

Time taken to test model on training data: 0.24 seconds

=== Error on training data ===

Correctly Classified Instances         907               99.4518 %
Incorrectly Classified Instances         5                0.5482 %
Kappa statistic                          0.989 
Mean absolute error                      0.1529
Root mean squared error                  0.1653
Relative absolute error                 30.5817 %
Root relative squared error             33.0576 %
Total Number of Instances              912     


=== Detailed Accuracy By Class ===

                 TP Rate  FP Rate  Precision  Recall   F-Measure  MCC      ROC Area  PRC Area  Class
                 0.991    0.002    0.998      0.991    0.994      0.989    1.000     1.000     PD
                 0.998    0.009    0.991      0.998    0.995      0.989    1.000     1.000     SNP
Weighted Avg.    0.995    0.005    0.995      0.995    0.995      0.989    1.000     1.000     


=== Confusion Matrix ===

   a   b   <-- classified as
 452   4 |   a = PD
   1 455 |   b = SNP

Time taken to perform cross-validation: 24.27 seconds


=== Stratified cross-validation ===

Correctly Classified Instances         694               76.0965 %
Incorrectly Classified Instances       218               23.9035 %
Kappa statistic                          0.5219
Mean absolute error                      0.4014
Root mean squared error                  0.4263
Relative absolute error                 80.27   %
Root relative squared error             85.266  %
Total Number of Instances              912     


=== Detailed Accuracy By Class ===

                 TP Rate  FP Rate  Precision  Recall   F-Measure  MCC      ROC Area  PRC Area  Class
                 0.673    0.151    0.816      0.673    0.738      0.530    0.839     0.840     PD
                 0.849    0.327    0.722      0.849    0.780      0.530    0.839     0.811     SNP
Weighted Avg.    0.761    0.239    0.769      0.761    0.759      0.530    0.839     0.825     


=== Confusion Matrix ===

   a   b   <-- classified as
 307 149 |   a = PD
  69 387 |   b = SNP

