
Options: -I 300 

=== Classifier model (full training set) ===

RandomForest

Bagging with 300 iterations and base learner

weka.classifiers.trees.RandomTree -K 0 -M 1.0 -V 0.001 -S 1 -do-not-check-capabilities

Time taken to build model: 6.03 seconds

Time taken to test model on training data: 0.26 seconds

=== Error on training data ===

Correctly Classified Instances         906               99.3421 %
Incorrectly Classified Instances         6                0.6579 %
Kappa statistic                          0.9868
Mean absolute error                      0.147 
Root mean squared error                  0.1617
Relative absolute error                 29.3931 %
Root relative squared error             32.3382 %
Total Number of Instances              912     


=== Detailed Accuracy By Class ===

                 TP Rate  FP Rate  Precision  Recall   F-Measure  MCC      ROC Area  PRC Area  Class
                 0.989    0.002    0.998      0.989    0.993      0.987    1.000     1.000     PD
                 0.998    0.011    0.989      0.998    0.993      0.987    1.000     1.000     SNP
Weighted Avg.    0.993    0.007    0.993      0.993    0.993      0.987    1.000     1.000     


=== Confusion Matrix ===

   a   b   <-- classified as
 451   5 |   a = PD
   1 455 |   b = SNP

Time taken to perform cross-validation: 40.14 seconds


=== Stratified cross-validation ===

Correctly Classified Instances         691               75.7675 %
Incorrectly Classified Instances       221               24.2325 %
Kappa statistic                          0.5154
Mean absolute error                      0.3947
Root mean squared error                  0.4203
Relative absolute error                 78.9475 %
Root relative squared error             84.0673 %
Total Number of Instances              912     


=== Detailed Accuracy By Class ===

                 TP Rate  FP Rate  Precision  Recall   F-Measure  MCC      ROC Area  PRC Area  Class
                 0.693    0.178    0.796      0.693    0.741      0.520    0.848     0.861     PD
                 0.822    0.307    0.728      0.822    0.772      0.520    0.848     0.828     SNP
Weighted Avg.    0.758    0.242    0.762      0.758    0.757      0.520    0.848     0.845     


=== Confusion Matrix ===

   a   b   <-- classified as
 316 140 |   a = PD
  81 375 |   b = SNP

