
Options: -I 50 

=== Classifier model (full training set) ===

RandomForest

Bagging with 50 iterations and base learner

weka.classifiers.trees.RandomTree -K 0 -M 1.0 -V 0.001 -S 1 -do-not-check-capabilities

Time taken to build model: 1.04 seconds

Time taken to test model on training data: 0.07 seconds

=== Error on training data ===

Correctly Classified Instances         911               99.8904 %
Incorrectly Classified Instances         1                0.1096 %
Kappa statistic                          0.9978
Mean absolute error                      0.1403
Root mean squared error                  0.1565
Relative absolute error                 28.0628 %
Root relative squared error             31.2921 %
Total Number of Instances              912     


=== Detailed Accuracy By Class ===

                 TP Rate  FP Rate  Precision  Recall   F-Measure  MCC      ROC Area  PRC Area  Class
                 0.998    0.000    1.000      0.998    0.999      0.998    1.000     1.000     PD
                 1.000    0.002    0.998      1.000    0.999      0.998    1.000     1.000     SNP
Weighted Avg.    0.999    0.001    0.999      0.999    0.999      0.998    1.000     1.000     


=== Confusion Matrix ===

   a   b   <-- classified as
 455   1 |   a = PD
   0 456 |   b = SNP

Time taken to perform cross-validation: 5.59 seconds


=== Stratified cross-validation ===

Correctly Classified Instances         716               78.5088 %
Incorrectly Classified Instances       196               21.4912 %
Kappa statistic                          0.5702
Mean absolute error                      0.3838
Root mean squared error                  0.41  
Relative absolute error                 76.768  %
Root relative squared error             81.992  %
Total Number of Instances              912     


=== Detailed Accuracy By Class ===

                 TP Rate  FP Rate  Precision  Recall   F-Measure  MCC      ROC Area  PRC Area  Class
                 0.711    0.140    0.835      0.711    0.768      0.577    0.871     0.889     PD
                 0.860    0.289    0.748      0.860    0.800      0.577    0.871     0.851     SNP
Weighted Avg.    0.785    0.215    0.792      0.785    0.784      0.577    0.871     0.870     


=== Confusion Matrix ===

   a   b   <-- classified as
 324 132 |   a = PD
  64 392 |   b = SNP

