
Options: -I 10 

=== Classifier model (full training set) ===

RandomForest

Bagging with 10 iterations and base learner

weka.classifiers.trees.RandomTree -K 0 -M 1.0 -V 0.001 -S 1 -do-not-check-capabilities

Time taken to build model: 0.6 seconds

Time taken to test model on training data: 0.03 seconds

=== Error on training data ===

Correctly Classified Instances         900               98.6842 %
Incorrectly Classified Instances        12                1.3158 %
Kappa statistic                          0.9737
Mean absolute error                      0.1614
Root mean squared error                  0.1935
Relative absolute error                 32.2822 %
Root relative squared error             38.694  %
Total Number of Instances              912     


=== Detailed Accuracy By Class ===

                 TP Rate  FP Rate  Precision  Recall   F-Measure  MCC      ROC Area  PRC Area  Class
                 0.987    0.013    0.987      0.987    0.987      0.974    0.999     0.999     PD
                 0.987    0.013    0.987      0.987    0.987      0.974    0.999     0.999     SNP
Weighted Avg.    0.987    0.013    0.987      0.987    0.987      0.974    0.999     0.999     


=== Confusion Matrix ===

   a   b   <-- classified as
 450   6 |   a = PD
   6 450 |   b = SNP

Time taken to perform cross-validation: 1.44 seconds


=== Stratified cross-validation ===

Correctly Classified Instances         661               72.4781 %
Incorrectly Classified Instances       251               27.5219 %
Kappa statistic                          0.4496
Mean absolute error                      0.4014
Root mean squared error                  0.439 
Relative absolute error                 80.281  %
Root relative squared error             87.8017 %
Total Number of Instances              912     


=== Detailed Accuracy By Class ===

                 TP Rate  FP Rate  Precision  Recall   F-Measure  MCC      ROC Area  PRC Area  Class
                 0.662    0.213    0.757      0.662    0.706      0.453    0.785     0.796     PD
                 0.787    0.338    0.700      0.787    0.741      0.453    0.785     0.748     SNP
Weighted Avg.    0.725    0.275    0.728      0.725    0.724      0.453    0.785     0.772     


=== Confusion Matrix ===

   a   b   <-- classified as
 302 154 |   a = PD
  97 359 |   b = SNP

