
Options: -I 10 

=== Classifier model (full training set) ===

RandomForest

Bagging with 10 iterations and base learner

weka.classifiers.trees.RandomTree -K 0 -M 1.0 -V 0.001 -S 1 -do-not-check-capabilities

Time taken to build model: 0.42 seconds

Time taken to test model on training data: 0.04 seconds

=== Error on training data ===

Correctly Classified Instances         904               99.1228 %
Incorrectly Classified Instances         8                0.8772 %
Kappa statistic                          0.9825
Mean absolute error                      0.1557
Root mean squared error                  0.1896
Relative absolute error                 31.1476 %
Root relative squared error             37.9294 %
Total Number of Instances              912     


=== Detailed Accuracy By Class ===

                 TP Rate  FP Rate  Precision  Recall   F-Measure  MCC      ROC Area  PRC Area  Class
                 0.993    0.011    0.989      0.993    0.991      0.982    1.000     1.000     PD
                 0.989    0.007    0.993      0.989    0.991      0.982    1.000     1.000     SNP
Weighted Avg.    0.991    0.009    0.991      0.991    0.991      0.982    1.000     1.000     


=== Confusion Matrix ===

   a   b   <-- classified as
 453   3 |   a = PD
   5 451 |   b = SNP

Time taken to perform cross-validation: 0.8 seconds


=== Stratified cross-validation ===

Correctly Classified Instances         657               72.0395 %
Incorrectly Classified Instances       255               27.9605 %
Kappa statistic                          0.4408
Mean absolute error                      0.4087
Root mean squared error                  0.4422
Relative absolute error                 81.7346 %
Root relative squared error             88.4482 %
Total Number of Instances              912     


=== Detailed Accuracy By Class ===

                 TP Rate  FP Rate  Precision  Recall   F-Measure  MCC      ROC Area  PRC Area  Class
                 0.660    0.219    0.751      0.660    0.702      0.444    0.782     0.798     PD
                 0.781    0.340    0.697      0.781    0.736      0.444    0.782     0.738     SNP
Weighted Avg.    0.720    0.280    0.724      0.720    0.719      0.444    0.782     0.768     


=== Confusion Matrix ===

   a   b   <-- classified as
 301 155 |   a = PD
 100 356 |   b = SNP

