
Options: -I 500 -attribute-importance 

=== Classifier model (full training set) ===

RandomForest

Bagging with 500 iterations and base learner

weka.classifiers.trees.RandomTree -K 0 -M 1.0 -V 0.001 -S 1 -do-not-check-capabilities

Attribute importance based on average impurity decrease (and number of nodes using that attribute)

      0.36 ( 22997)  Clash
      0.34 ( 20347)  Relaccess
      0.3  ( 13416)  CPhim
      0.28 ( 14229)  Impact
      0.27 (  8507)  SPhobic
      0.26 (  2862)  Proline
      0.25 (  8403)  BCharge
      0.24 (  8711)  Interface
      0.22 (  5863)  HBonds
      0.19 (  2437)  Binding
      0.19 (  2702)  Delta2
      0.19 (  1814)  Delta3
      0.17 (  2214)  Voids
      0.16 (  2409)  Delta1
      0.15 (  1250)  Delta8
      0.15 (  1612)  Delta4
      0.14 (   906)  Delta7
      0.14 (  2301)  Delta10
      0.13 (  1277)  Delta5
      0.11 (  1535)  Delta9
      0.11 (  1171)  Glycine
      0.11 (  1130)  Delta6


Time taken to build model: 8.63 seconds

Time taken to test model on training data: 0.92 seconds

=== Error on training data ===

Correctly Classified Instances        1803               99.5583 %
Incorrectly Classified Instances         8                0.4417 %
Kappa statistic                          0.9912
Mean absolute error                      0.0584
Root mean squared error                  0.0945
Relative absolute error                 11.6807 %
Root relative squared error             18.9004 %
Total Number of Instances             1811     


=== Detailed Accuracy By Class ===

                 TP Rate  FP Rate  Precision  Recall   F-Measure  MCC      ROC Area  PRC Area  Class
                 0.991    0.000    1.000      0.991    0.996      0.991    1.000     1.000     PD
                 1.000    0.009    0.991      1.000    0.996      0.991    1.000     1.000     SNP
Weighted Avg.    0.996    0.004    0.996      0.996    0.996      0.991    1.000     1.000     


=== Confusion Matrix ===

   a   b   <-- classified as
 901   8 |   a = PD
   0 902 |   b = SNP

Time taken to perform cross-validation: 48.31 seconds


=== Stratified cross-validation ===

Correctly Classified Instances        1692               93.429  %
Incorrectly Classified Instances       119                6.571  %
Kappa statistic                          0.8686
Mean absolute error                      0.1672
Root mean squared error                  0.2433
Relative absolute error                 33.4499 %
Root relative squared error             48.6541 %
Total Number of Instances             1811     


=== Detailed Accuracy By Class ===

                 TP Rate  FP Rate  Precision  Recall   F-Measure  MCC      ROC Area  PRC Area  Class
                 0.895    0.027    0.971      0.895    0.932      0.871    0.984     0.986     PD
                 0.973    0.105    0.902      0.973    0.937      0.871    0.984     0.981     SNP
Weighted Avg.    0.934    0.065    0.937      0.934    0.934      0.871    0.984     0.984     


=== Confusion Matrix ===

   a   b   <-- classified as
 814  95 |   a = PD
  24 878 |   b = SNP

