
Options: -I 500 -attribute-importance 

=== Classifier model (full training set) ===

RandomForest

Bagging with 500 iterations and base learner

weka.classifiers.trees.RandomTree -K 0 -M 1.0 -V 0.001 -S 1 -do-not-check-capabilities

Attribute importance based on average impurity decrease (and number of nodes using that attribute)

      0.36 ( 22495)  Clash
      0.34 ( 20470)  Relaccess
      0.32 ( 14268)  CPhim
      0.29 ( 14142)  Impact
      0.28 (  2641)  Proline
      0.26 (  8732)  SPhobic
      0.25 (  8577)  BCharge
      0.25 (  8431)  Interface
      0.22 (  5981)  HBonds
      0.19 (  2279)  Binding
      0.18 (  2398)  Delta1
      0.16 (  1902)  Voids
      0.16 (  2475)  Delta2
      0.15 (  1532)  Delta3
      0.15 (  2067)  Delta10
      0.14 (  1239)  Delta4
      0.14 (  1185)  Delta7
      0.13 (  1535)  Delta8
      0.12 (  1415)  Delta9
      0.12 (  1143)  Delta5
      0.11 (  1244)  Glycine
      0.11 (  1041)  Delta6


Time taken to build model: 7.02 seconds

Time taken to test model on training data: 0.71 seconds

=== Error on training data ===

Correctly Classified Instances        1803               99.5583 %
Incorrectly Classified Instances         8                0.4417 %
Kappa statistic                          0.9912
Mean absolute error                      0.057 
Root mean squared error                  0.0926
Relative absolute error                 11.4002 %
Root relative squared error             18.5159 %
Total Number of Instances             1811     


=== Detailed Accuracy By Class ===

                 TP Rate  FP Rate  Precision  Recall   F-Measure  MCC      ROC Area  PRC Area  Class
                 0.991    0.000    1.000      0.991    0.996      0.991    1.000     1.000     PD
                 1.000    0.009    0.991      1.000    0.996      0.991    1.000     1.000     SNP
Weighted Avg.    0.996    0.004    0.996      0.996    0.996      0.991    1.000     1.000     


=== Confusion Matrix ===

   a   b   <-- classified as
 901   8 |   a = PD
   0 902 |   b = SNP

Time taken to perform cross-validation: 37.67 seconds


=== Stratified cross-validation ===

Correctly Classified Instances        1719               94.9199 %
Incorrectly Classified Instances        92                5.0801 %
Kappa statistic                          0.8984
Mean absolute error                      0.1628
Root mean squared error                  0.2357
Relative absolute error                 32.5692 %
Root relative squared error             47.1415 %
Total Number of Instances             1811     


=== Detailed Accuracy By Class ===

                 TP Rate  FP Rate  Precision  Recall   F-Measure  MCC      ROC Area  PRC Area  Class
                 0.921    0.022    0.977      0.921    0.948      0.900    0.984     0.987     PD
                 0.978    0.079    0.925      0.978    0.950      0.900    0.984     0.978     SNP
Weighted Avg.    0.949    0.051    0.951      0.949    0.949      0.900    0.984     0.983     


=== Confusion Matrix ===

   a   b   <-- classified as
 837  72 |   a = PD
  20 882 |   b = SNP

