
Options: -I 100 -attribute-importance 

=== Classifier model (full training set) ===

RandomForest

Bagging with 100 iterations and base learner

weka.classifiers.trees.RandomTree -K 0 -M 1.0 -V 0.001 -S 1 -do-not-check-capabilities

Attribute importance based on average impurity decrease (and number of nodes using that attribute)

      0.36 (  4649)  Clash
      0.34 (  4192)  Relaccess
      0.3  (  2671)  CPhim
      0.29 (  2854)  Impact
      0.27 (  1700)  SPhobic
      0.26 (   561)  Proline
      0.25 (  1773)  Interface
      0.23 (  1669)  BCharge
      0.22 (  1118)  HBonds
      0.2  (   533)  Binding
      0.2  (   346)  Delta3
      0.17 (   526)  Delta2
      0.17 (   438)  Voids
      0.16 (   505)  Delta1
      0.16 (   278)  Delta8
      0.15 (   257)  Delta7
      0.15 (   203)  Delta5
      0.14 (   329)  Delta9
      0.13 (   442)  Delta10
      0.13 (   318)  Delta4
      0.13 (   255)  Delta6
      0.09 (   226)  Glycine


Time taken to build model: 2.77 seconds

Time taken to test model on training data: 0.67 seconds

=== Error on training data ===

Correctly Classified Instances        1802               99.558  %
Incorrectly Classified Instances         8                0.442  %
Kappa statistic                          0.9912
Mean absolute error                      0.0583
Root mean squared error                  0.0953
Relative absolute error                 11.6617 %
Root relative squared error             19.0687 %
Total Number of Instances             1810     


=== Detailed Accuracy By Class ===

                 TP Rate  FP Rate  Precision  Recall   F-Measure  MCC      ROC Area  PRC Area  Class
                 0.991    0.000    1.000      0.991    0.996      0.991    1.000     1.000     PD
                 1.000    0.009    0.991      1.000    0.996      0.991    1.000     1.000     SNP
Weighted Avg.    0.996    0.004    0.996      0.996    0.996      0.991    1.000     1.000     


=== Confusion Matrix ===

   a   b   <-- classified as
 900   8 |   a = PD
   0 902 |   b = SNP

Time taken to perform cross-validation: 10.37 seconds


=== Stratified cross-validation ===

Correctly Classified Instances        1697               93.7569 %
Incorrectly Classified Instances       113                6.2431 %
Kappa statistic                          0.8752
Mean absolute error                      0.1689
Root mean squared error                  0.2442
Relative absolute error                 33.7711 %
Root relative squared error             48.8473 %
Total Number of Instances             1810     


=== Detailed Accuracy By Class ===

                 TP Rate  FP Rate  Precision  Recall   F-Measure  MCC      ROC Area  PRC Area  Class
                 0.899    0.023    0.975      0.899    0.935      0.878    0.984     0.985     PD
                 0.977    0.101    0.905      0.977    0.940      0.878    0.984     0.980     SNP
Weighted Avg.    0.938    0.062    0.940      0.938    0.937      0.878    0.984     0.982     


=== Confusion Matrix ===

   a   b   <-- classified as
 816  92 |   a = PD
  21 881 |   b = SNP

