
Options: -I 50 -attribute-importance 

=== Classifier model (full training set) ===

RandomForest

Bagging with 50 iterations and base learner

weka.classifiers.trees.RandomTree -K 0 -M 1.0 -V 0.001 -S 1 -do-not-check-capabilities

Attribute importance based on average impurity decrease (and number of nodes using that attribute)

      0.36 (  2334)  Clash
      0.34 (  2094)  Relaccess
      0.32 (  1403)  CPhim
      0.29 (  1488)  Impact
      0.27 (   852)  SPhobic
      0.25 (   914)  Interface
      0.24 (   812)  BCharge
      0.23 (   247)  Binding
      0.23 (   254)  Proline
      0.22 (   564)  HBonds
      0.19 (   207)  Delta2
      0.19 (   163)  Delta3
      0.18 (   132)  Delta8
      0.17 (   212)  Delta10
      0.15 (   146)  Delta9
      0.15 (   255)  Delta1
      0.13 (   148)  Delta4
      0.13 (   127)  Glycine
      0.13 (   214)  Voids
      0.12 (   116)  Delta7
      0.12 (   124)  Delta5
      0.11 (   117)  Delta6


Time taken to build model: 1.21 seconds

Time taken to test model on training data: 0.13 seconds

=== Error on training data ===

Correctly Classified Instances        1804               99.6135 %
Incorrectly Classified Instances         7                0.3865 %
Kappa statistic                          0.9923
Mean absolute error                      0.0564
Root mean squared error                  0.0944
Relative absolute error                 11.2898 %
Root relative squared error             18.8821 %
Total Number of Instances             1811     


=== Detailed Accuracy By Class ===

                 TP Rate  FP Rate  Precision  Recall   F-Measure  MCC      ROC Area  PRC Area  Class
                 0.992    0.000    1.000      0.992    0.996      0.992    1.000     1.000     PD
                 1.000    0.008    0.992      1.000    0.996      0.992    1.000     1.000     SNP
Weighted Avg.    0.996    0.004    0.996      0.996    0.996      0.992    1.000     1.000     


=== Confusion Matrix ===

   a   b   <-- classified as
 902   7 |   a = PD
   0 902 |   b = SNP

Time taken to perform cross-validation: 4.33 seconds


=== Stratified cross-validation ===

Correctly Classified Instances        1707               94.2573 %
Incorrectly Classified Instances       104                5.7427 %
Kappa statistic                          0.8852
Mean absolute error                      0.1634
Root mean squared error                  0.2366
Relative absolute error                 32.6837 %
Root relative squared error             47.32   %
Total Number of Instances             1811     


=== Detailed Accuracy By Class ===

                 TP Rate  FP Rate  Precision  Recall   F-Measure  MCC      ROC Area  PRC Area  Class
                 0.913    0.028    0.971      0.913    0.941      0.887    0.986     0.987     PD
                 0.972    0.087    0.917      0.972    0.944      0.887    0.986     0.982     SNP
Weighted Avg.    0.943    0.057    0.944      0.943    0.943      0.887    0.986     0.985     


=== Confusion Matrix ===

   a   b   <-- classified as
 830  79 |   a = PD
  25 877 |   b = SNP

