
Options: -I 100 -attribute-importance 

=== Classifier model (full training set) ===

RandomForest

Bagging with 100 iterations and base learner

weka.classifiers.trees.RandomTree -K 0 -M 1.0 -V 0.001 -S 1 -do-not-check-capabilities

Attribute importance based on average impurity decrease (and number of nodes using that attribute)

      0.36 (  4595)  Clash
      0.34 (  4009)  Relaccess
      0.31 (  2665)  CPhim
      0.28 (  2864)  Impact
      0.27 (  1681)  SPhobic
      0.26 (  1770)  BCharge
      0.26 (   608)  Proline
      0.24 (  1770)  Interface
      0.22 (  1189)  HBonds
      0.2  (   362)  Delta3
      0.2  (   516)  Binding
      0.19 (   520)  Delta2
      0.18 (   468)  Voids
      0.16 (   325)  Delta4
      0.15 (   519)  Delta1
      0.15 (   171)  Delta7
      0.14 (   447)  Delta10
      0.12 (   243)  Delta5
      0.12 (   244)  Delta8
      0.11 (   303)  Delta9
      0.11 (   238)  Delta6
      0.09 (   238)  Glycine


Time taken to build model: 2.23 seconds

Time taken to test model on training data: 0.2 seconds

=== Error on training data ===

Correctly Classified Instances        1803               99.5583 %
Incorrectly Classified Instances         8                0.4417 %
Kappa statistic                          0.9912
Mean absolute error                      0.0576
Root mean squared error                  0.0952
Relative absolute error                 11.516  %
Root relative squared error             19.0461 %
Total Number of Instances             1811     


=== Detailed Accuracy By Class ===

                 TP Rate  FP Rate  Precision  Recall   F-Measure  MCC      ROC Area  PRC Area  Class
                 0.991    0.000    1.000      0.991    0.996      0.991    1.000     1.000     PD
                 1.000    0.009    0.991      1.000    0.996      0.991    1.000     1.000     SNP
Weighted Avg.    0.996    0.004    0.996      0.996    0.996      0.991    1.000     1.000     


=== Confusion Matrix ===

   a   b   <-- classified as
 901   8 |   a = PD
   0 902 |   b = SNP

Time taken to perform cross-validation: 9.4 seconds


=== Stratified cross-validation ===

Correctly Classified Instances        1690               93.3186 %
Incorrectly Classified Instances       121                6.6814 %
Kappa statistic                          0.8664
Mean absolute error                      0.1665
Root mean squared error                  0.2437
Relative absolute error                 33.3066 %
Root relative squared error             48.7475 %
Total Number of Instances             1811     


=== Detailed Accuracy By Class ===

                 TP Rate  FP Rate  Precision  Recall   F-Measure  MCC      ROC Area  PRC Area  Class
                 0.900    0.033    0.965      0.900    0.931      0.868    0.983     0.985     PD
                 0.967    0.100    0.906      0.967    0.935      0.868    0.983     0.978     SNP
Weighted Avg.    0.933    0.067    0.935      0.933    0.933      0.868    0.983     0.982     


=== Confusion Matrix ===

   a   b   <-- classified as
 818  91 |   a = PD
  30 872 |   b = SNP

