
Options: -I 1000 -attribute-importance 

=== Classifier model (full training set) ===

RandomForest

Bagging with 1000 iterations and base learner

weka.classifiers.trees.RandomTree -K 0 -M 1.0 -V 0.001 -S 1 -do-not-check-capabilities

Attribute importance based on average impurity decrease (and number of nodes using that attribute)

      0.35 ( 46221)  Clash
      0.35 ( 42044)  Relaccess
      0.31 ( 27535)  CPhim
      0.28 ( 28469)  Impact
      0.27 ( 17845)  SPhobic
      0.26 (  5605)  Proline
      0.24 ( 17350)  Interface
      0.23 ( 16070)  BCharge
      0.23 ( 11798)  HBonds
      0.19 (  4393)  Binding
      0.16 (  5068)  Delta1
      0.16 (  4325)  Voids
      0.16 (  2635)  Delta8
      0.15 (  4672)  Delta2
      0.15 (  3241)  Delta3
      0.15 (  1704)  Delta7
      0.14 (  4288)  Delta10
      0.13 (  2912)  Delta4
      0.12 (  3213)  Delta9
      0.12 (  2417)  Glycine
      0.12 (  2294)  Delta5
      0.1  (  2137)  Delta6


Time taken to build model: 13.98 seconds

Time taken to test model on training data: 1.53 seconds

=== Error on training data ===

Correctly Classified Instances        1804               99.6135 %
Incorrectly Classified Instances         7                0.3865 %
Kappa statistic                          0.9923
Mean absolute error                      0.0572
Root mean squared error                  0.0916
Relative absolute error                 11.4466 %
Root relative squared error             18.3243 %
Total Number of Instances             1811     


=== Detailed Accuracy By Class ===

                 TP Rate  FP Rate  Precision  Recall   F-Measure  MCC      ROC Area  PRC Area  Class
                 0.992    0.000    1.000      0.992    0.996      0.992    1.000     1.000     PD
                 1.000    0.008    0.992      1.000    0.996      0.992    1.000     1.000     SNP
Weighted Avg.    0.996    0.004    0.996      0.996    0.996      0.992    1.000     1.000     


=== Confusion Matrix ===

   a   b   <-- classified as
 902   7 |   a = PD
   0 902 |   b = SNP

Time taken to perform cross-validation: 90.49 seconds


=== Stratified cross-validation ===

Correctly Classified Instances        1697               93.7051 %
Incorrectly Classified Instances       114                6.2949 %
Kappa statistic                          0.8741
Mean absolute error                      0.1658
Root mean squared error                  0.2384
Relative absolute error                 33.1565 %
Root relative squared error             47.6831 %
Total Number of Instances             1811     


=== Detailed Accuracy By Class ===

                 TP Rate  FP Rate  Precision  Recall   F-Measure  MCC      ROC Area  PRC Area  Class
                 0.908    0.033    0.965      0.908    0.935      0.876    0.985     0.988     PD
                 0.967    0.092    0.912      0.967    0.939      0.876    0.985     0.982     SNP
Weighted Avg.    0.937    0.063    0.939      0.937    0.937      0.876    0.985     0.985     


=== Confusion Matrix ===

   a   b   <-- classified as
 825  84 |   a = PD
  30 872 |   b = SNP

