
Options: -I 100 -attribute-importance 

=== Classifier model (full training set) ===

RandomForest

Bagging with 100 iterations and base learner

weka.classifiers.trees.RandomTree -K 0 -M 1.0 -V 0.001 -S 1 -do-not-check-capabilities

Attribute importance based on average impurity decrease (and number of nodes using that attribute)

      0.36 (  4637)  Clash
      0.33 (  4196)  Relaccess
      0.31 (  2697)  CPhim
      0.27 (  2816)  Impact
      0.27 (  1670)  SPhobic
      0.25 (  1756)  Interface
      0.24 (  1708)  BCharge
      0.23 (   533)  Proline
      0.21 (  1163)  HBonds
      0.2  (   505)  Binding
      0.19 (   491)  Delta2
      0.18 (   283)  Delta8
      0.16 (   457)  Voids
      0.15 (   332)  Delta3
      0.15 (   555)  Delta1
      0.15 (   228)  Delta7
      0.15 (   329)  Delta4
      0.15 (   564)  Delta10
      0.14 (   208)  Delta5
      0.13 (   221)  Delta6
      0.12 (   238)  Glycine
      0.11 (   287)  Delta9


Time taken to build model: 2.41 seconds

Time taken to test model on training data: 0.23 seconds

=== Error on training data ===

Correctly Classified Instances        1803               99.5033 %
Incorrectly Classified Instances         9                0.4967 %
Kappa statistic                          0.9901
Mean absolute error                      0.0587
Root mean squared error                  0.0988
Relative absolute error                 11.7311 %
Root relative squared error             19.751  %
Total Number of Instances             1812     


=== Detailed Accuracy By Class ===

                 TP Rate  FP Rate  Precision  Recall   F-Measure  MCC      ROC Area  PRC Area  Class
                 0.990    0.000    1.000      0.990    0.995      0.990    1.000     1.000     PD
                 1.000    0.010    0.990      1.000    0.995      0.990    1.000     1.000     SNP
Weighted Avg.    0.995    0.005    0.995      0.995    0.995      0.990    1.000     1.000     


=== Confusion Matrix ===

   a   b   <-- classified as
 901   9 |   a = PD
   0 902 |   b = SNP

Time taken to perform cross-validation: 11.49 seconds


=== Stratified cross-validation ===

Correctly Classified Instances        1702               93.9294 %
Incorrectly Classified Instances       110                6.0706 %
Kappa statistic                          0.8786
Mean absolute error                      0.1666
Root mean squared error                  0.2442
Relative absolute error                 33.3239 %
Root relative squared error             48.8449 %
Total Number of Instances             1812     


=== Detailed Accuracy By Class ===

                 TP Rate  FP Rate  Precision  Recall   F-Measure  MCC      ROC Area  PRC Area  Class
                 0.900    0.021    0.977      0.900    0.937      0.881    0.982     0.985     PD
                 0.979    0.100    0.907      0.979    0.941      0.881    0.982     0.978     SNP
Weighted Avg.    0.939    0.060    0.942      0.939    0.939      0.881    0.982     0.982     


=== Confusion Matrix ===

   a   b   <-- classified as
 819  91 |   a = PD
  19 883 |   b = SNP

