
Options: -I 500 -attribute-importance 

=== Classifier model (full training set) ===

RandomForest

Bagging with 500 iterations and base learner

weka.classifiers.trees.RandomTree -K 0 -M 1.0 -V 0.001 -S 1 -do-not-check-capabilities

Attribute importance based on average impurity decrease (and number of nodes using that attribute)

      0.36 ( 23501)  Clash
      0.34 ( 20892)  Relaccess
      0.31 ( 13499)  CPhim
      0.28 ( 14346)  Impact
      0.27 (  8537)  SPhobic
      0.25 (  2740)  Proline
      0.25 (  8848)  Interface
      0.24 (  8581)  BCharge
      0.22 (  5704)  HBonds
      0.19 (  2566)  Binding
      0.18 (  1685)  Delta3
      0.17 (  2036)  Voids
      0.16 (  2585)  Delta2
      0.16 (  2430)  Delta1
      0.15 (  1496)  Delta8
      0.15 (  1174)  Delta7
      0.15 (  2351)  Delta10
      0.14 (  1560)  Delta4
      0.14 (  1088)  Delta5
      0.12 (  1599)  Delta9
      0.11 (  1177)  Glycine
      0.11 (  1219)  Delta6


Time taken to build model: 7.24 seconds

Time taken to test model on training data: 1.16 seconds

=== Error on training data ===

Correctly Classified Instances        1802               99.558  %
Incorrectly Classified Instances         8                0.442  %
Kappa statistic                          0.9912
Mean absolute error                      0.0588
Root mean squared error                  0.0942
Relative absolute error                 11.753  %
Root relative squared error             18.8395 %
Total Number of Instances             1810     


=== Detailed Accuracy By Class ===

                 TP Rate  FP Rate  Precision  Recall   F-Measure  MCC      ROC Area  PRC Area  Class
                 0.991    0.000    1.000      0.991    0.996      0.991    1.000     1.000     PD
                 1.000    0.009    0.991      1.000    0.996      0.991    1.000     1.000     SNP
Weighted Avg.    0.996    0.004    0.996      0.996    0.996      0.991    1.000     1.000     


=== Confusion Matrix ===

   a   b   <-- classified as
 900   8 |   a = PD
   0 902 |   b = SNP

Time taken to perform cross-validation: 40.65 seconds


=== Stratified cross-validation ===

Correctly Classified Instances        1696               93.7017 %
Incorrectly Classified Instances       114                6.2983 %
Kappa statistic                          0.8741
Mean absolute error                      0.169 
Root mean squared error                  0.2424
Relative absolute error                 33.8014 %
Root relative squared error             48.4891 %
Total Number of Instances             1810     


=== Detailed Accuracy By Class ===

                 TP Rate  FP Rate  Precision  Recall   F-Measure  MCC      ROC Area  PRC Area  Class
                 0.900    0.025    0.973      0.900    0.935      0.877    0.984     0.986     PD
                 0.975    0.100    0.906      0.975    0.939      0.877    0.984     0.981     SNP
Weighted Avg.    0.937    0.063    0.940      0.937    0.937      0.877    0.984     0.983     


=== Confusion Matrix ===

   a   b   <-- classified as
 817  91 |   a = PD
  23 879 |   b = SNP

