
Options: -I 100 -attribute-importance 

=== Classifier model (full training set) ===

RandomForest

Bagging with 100 iterations and base learner

weka.classifiers.trees.RandomTree -K 0 -M 1.0 -V 0.001 -S 1 -do-not-check-capabilities

Attribute importance based on average impurity decrease (and number of nodes using that attribute)

      0.36 (  4591)  Clash
      0.34 (  4200)  Relaccess
      0.31 (  2740)  CPhim
      0.28 (  2768)  Impact
      0.27 (   543)  Proline
      0.27 (  1785)  SPhobic
      0.24 (  1667)  BCharge
      0.23 (  1718)  Interface
      0.23 (  1169)  HBonds
      0.19 (   434)  Binding
      0.18 (   259)  Delta8
      0.17 (   334)  Delta3
      0.16 (   413)  Voids
      0.15 (   290)  Delta4
      0.15 (   466)  Delta1
      0.14 (   437)  Delta2
      0.14 (   446)  Delta10
      0.13 (   222)  Delta5
      0.13 (   183)  Delta7
      0.13 (   330)  Delta9
      0.11 (   240)  Glycine
      0.1  (   232)  Delta6


Time taken to build model: 2.48 seconds

Time taken to test model on training data: 0.22 seconds

=== Error on training data ===

Correctly Classified Instances        1804               99.6135 %
Incorrectly Classified Instances         7                0.3865 %
Kappa statistic                          0.9923
Mean absolute error                      0.0565
Root mean squared error                  0.0932
Relative absolute error                 11.3058 %
Root relative squared error             18.6404 %
Total Number of Instances             1811     


=== Detailed Accuracy By Class ===

                 TP Rate  FP Rate  Precision  Recall   F-Measure  MCC      ROC Area  PRC Area  Class
                 0.992    0.000    1.000      0.992    0.996      0.992    1.000     1.000     PD
                 1.000    0.008    0.992      1.000    0.996      0.992    1.000     1.000     SNP
Weighted Avg.    0.996    0.004    0.996      0.996    0.996      0.992    1.000     1.000     


=== Confusion Matrix ===

   a   b   <-- classified as
 902   7 |   a = PD
   0 902 |   b = SNP

Time taken to perform cross-validation: 13.06 seconds


=== Stratified cross-validation ===

Correctly Classified Instances        1684               92.9873 %
Incorrectly Classified Instances       127                7.0127 %
Kappa statistic                          0.8598
Mean absolute error                      0.1681
Root mean squared error                  0.2435
Relative absolute error                 33.6274 %
Root relative squared error             48.7101 %
Total Number of Instances             1811     


=== Detailed Accuracy By Class ===

                 TP Rate  FP Rate  Precision  Recall   F-Measure  MCC      ROC Area  PRC Area  Class
                 0.895    0.035    0.962      0.895    0.928      0.862    0.983     0.986     PD
                 0.965    0.105    0.902      0.965    0.932      0.862    0.983     0.978     SNP
Weighted Avg.    0.930    0.070    0.932      0.930    0.930      0.862    0.983     0.982     


=== Confusion Matrix ===

   a   b   <-- classified as
 814  95 |   a = PD
  32 870 |   b = SNP

