
Options: -I 500 -attribute-importance 

=== Classifier model (full training set) ===

RandomForest

Bagging with 500 iterations and base learner

weka.classifiers.trees.RandomTree -K 0 -M 1.0 -V 0.001 -S 1 -do-not-check-capabilities

Attribute importance based on average impurity decrease (and number of nodes using that attribute)

      0.36 ( 22821)  Clash
      0.34 ( 20241)  Relaccess
      0.32 ( 14029)  CPhim
      0.28 (  8758)  SPhobic
      0.28 ( 13629)  Impact
      0.26 (  2855)  Proline
      0.25 (  8703)  BCharge
      0.24 (  8604)  Interface
      0.23 (  5908)  HBonds
      0.2  (  2284)  Binding
      0.16 (  1544)  Delta3
      0.16 (  2834)  Delta1
      0.16 (  1256)  Delta8
      0.15 (  2217)  Voids
      0.15 (  1421)  Delta4
      0.15 (  2213)  Delta10
      0.15 (  1167)  Delta7
      0.14 (  2245)  Delta2
      0.13 (  1500)  Delta9
      0.13 (  1097)  Delta5
      0.11 (  1013)  Delta6
      0.11 (  1237)  Glycine


Time taken to build model: 7.79 seconds

Time taken to test model on training data: 0.66 seconds

=== Error on training data ===

Correctly Classified Instances        1806               99.559  %
Incorrectly Classified Instances         8                0.441  %
Kappa statistic                          0.9912
Mean absolute error                      0.058 
Root mean squared error                  0.0928
Relative absolute error                 11.6069 %
Root relative squared error             18.5685 %
Total Number of Instances             1814     


=== Detailed Accuracy By Class ===

                 TP Rate  FP Rate  Precision  Recall   F-Measure  MCC      ROC Area  PRC Area  Class
                 0.991    0.000    1.000      0.991    0.996      0.991    1.000     1.000     PD
                 1.000    0.009    0.991      1.000    0.996      0.991    1.000     1.000     SNP
Weighted Avg.    0.996    0.004    0.996      0.996    0.996      0.991    1.000     1.000     


=== Confusion Matrix ===

   a   b   <-- classified as
 904   8 |   a = PD
   0 902 |   b = SNP

Time taken to perform cross-validation: 42.9 seconds


=== Stratified cross-validation ===

Correctly Classified Instances        1731               95.4245 %
Incorrectly Classified Instances        83                4.5755 %
Kappa statistic                          0.9085
Mean absolute error                      0.1614
Root mean squared error                  0.2303
Relative absolute error                 32.2805 %
Root relative squared error             46.0657 %
Total Number of Instances             1814     


=== Detailed Accuracy By Class ===

                 TP Rate  FP Rate  Precision  Recall   F-Measure  MCC      ROC Area  PRC Area  Class
                 0.925    0.017    0.983      0.925    0.953      0.910    0.987     0.987     PD
                 0.983    0.075    0.929      0.983    0.955      0.910    0.987     0.985     SNP
Weighted Avg.    0.954    0.045    0.956      0.954    0.954      0.910    0.987     0.986     


=== Confusion Matrix ===

   a   b   <-- classified as
 844  68 |   a = PD
  15 887 |   b = SNP

