
Options: -I 50 -attribute-importance 

=== Classifier model (full training set) ===

RandomForest

Bagging with 50 iterations and base learner

weka.classifiers.trees.RandomTree -K 0 -M 1.0 -V 0.001 -S 1 -do-not-check-capabilities

Attribute importance based on average impurity decrease (and number of nodes using that attribute)

      0.35 (  2271)  Clash
      0.33 (  1944)  Relaccess
      0.3  (  1316)  CPhim
      0.29 (  1468)  Impact
      0.28 (   232)  Proline
      0.27 (   808)  SPhobic
      0.26 (   847)  BCharge
      0.26 (   882)  Interface
      0.23 (   589)  HBonds
      0.19 (   206)  Binding
      0.17 (   223)  Voids
      0.16 (   252)  Delta2
      0.16 (   169)  Delta3
      0.15 (   278)  Delta1
      0.14 (   143)  Delta8
      0.14 (   222)  Delta10
      0.14 (    99)  Delta7
      0.13 (   142)  Delta9
      0.13 (   169)  Delta4
      0.13 (   102)  Delta5
      0.12 (   109)  Glycine
      0.11 (   120)  Delta6


Time taken to build model: 1.43 seconds

Time taken to test model on training data: 0.12 seconds

=== Error on training data ===

Correctly Classified Instances        1804               99.5585 %
Incorrectly Classified Instances         8                0.4415 %
Kappa statistic                          0.9912
Mean absolute error                      0.0564
Root mean squared error                  0.0944
Relative absolute error                 11.2861 %
Root relative squared error             18.8782 %
Total Number of Instances             1812     


=== Detailed Accuracy By Class ===

                 TP Rate  FP Rate  Precision  Recall   F-Measure  MCC      ROC Area  PRC Area  Class
                 0.991    0.000    1.000      0.991    0.996      0.991    1.000     1.000     PD
                 1.000    0.009    0.991      1.000    0.996      0.991    1.000     1.000     SNP
Weighted Avg.    0.996    0.004    0.996      0.996    0.996      0.991    1.000     1.000     


=== Confusion Matrix ===

   a   b   <-- classified as
 902   8 |   a = PD
   0 902 |   b = SNP

Time taken to perform cross-validation: 4.84 seconds


=== Stratified cross-validation ===

Correctly Classified Instances        1723               95.0883 %
Incorrectly Classified Instances        89                4.9117 %
Kappa statistic                          0.9018
Mean absolute error                      0.162 
Root mean squared error                  0.2329
Relative absolute error                 32.4038 %
Root relative squared error             46.5812 %
Total Number of Instances             1812     


=== Detailed Accuracy By Class ===

                 TP Rate  FP Rate  Precision  Recall   F-Measure  MCC      ROC Area  PRC Area  Class
                 0.921    0.019    0.980      0.921    0.950      0.903    0.987     0.990     PD
                 0.981    0.079    0.925      0.981    0.952      0.903    0.987     0.981     SNP
Weighted Avg.    0.951    0.049    0.953      0.951    0.951      0.903    0.987     0.985     


=== Confusion Matrix ===

   a   b   <-- classified as
 838  72 |   a = PD
  17 885 |   b = SNP

