
Options: -I 100 -attribute-importance 

=== Classifier model (full training set) ===

RandomForest

Bagging with 100 iterations and base learner

weka.classifiers.trees.RandomTree -K 0 -M 1.0 -V 0.001 -S 1 -do-not-check-capabilities

Attribute importance based on average impurity decrease (and number of nodes using that attribute)

      0.36 (  4595)  Clash
      0.34 (  4113)  Relaccess
      0.32 (  2883)  CPhim
      0.3  (  2984)  Impact
      0.27 (  1611)  SPhobic
      0.25 (  1773)  Interface
      0.25 (  1623)  BCharge
      0.25 (   550)  Proline
      0.24 (  1202)  HBonds
      0.18 (   468)  Binding
      0.18 (   552)  Delta2
      0.17 (   408)  Voids
      0.15 (   482)  Delta1
      0.15 (   169)  Delta5
      0.15 (   268)  Delta4
      0.15 (   341)  Delta3
      0.14 (   253)  Delta8
      0.14 (   227)  Delta7
      0.13 (   422)  Delta10
      0.12 (   266)  Glycine
      0.11 (   270)  Delta9
      0.11 (   212)  Delta6


Time taken to build model: 3.22 seconds

Time taken to test model on training data: 0.77 seconds

=== Error on training data ===

Correctly Classified Instances        1807               99.7791 %
Incorrectly Classified Instances         4                0.2209 %
Kappa statistic                          0.9956
Mean absolute error                      0.0541
Root mean squared error                  0.0864
Relative absolute error                 10.8146 %
Root relative squared error             17.29   %
Total Number of Instances             1811     


=== Detailed Accuracy By Class ===

                 TP Rate  FP Rate  Precision  Recall   F-Measure  MCC      ROC Area  PRC Area  Class
                 0.996    0.000    1.000      0.996    0.998      0.996    1.000     1.000     PD
                 1.000    0.004    0.996      1.000    0.998      0.996    1.000     1.000     SNP
Weighted Avg.    0.998    0.002    0.998      0.998    0.998      0.996    1.000     1.000     


=== Confusion Matrix ===

   a   b   <-- classified as
 905   4 |   a = PD
   0 902 |   b = SNP

Time taken to perform cross-validation: 11.03 seconds


=== Stratified cross-validation ===

Correctly Classified Instances        1689               93.2634 %
Incorrectly Classified Instances       122                6.7366 %
Kappa statistic                          0.8653
Mean absolute error                      0.1661
Root mean squared error                  0.2419
Relative absolute error                 33.2225 %
Root relative squared error             48.3872 %
Total Number of Instances             1811     


=== Detailed Accuracy By Class ===

                 TP Rate  FP Rate  Precision  Recall   F-Measure  MCC      ROC Area  PRC Area  Class
                 0.898    0.032    0.966      0.898    0.930      0.867    0.985     0.987     PD
                 0.968    0.102    0.904      0.968    0.935      0.867    0.985     0.982     SNP
Weighted Avg.    0.933    0.067    0.935      0.933    0.933      0.867    0.985     0.984     


=== Confusion Matrix ===

   a   b   <-- classified as
 816  93 |   a = PD
  29 873 |   b = SNP

