
Options: -I 50 -attribute-importance 

=== Classifier model (full training set) ===

RandomForest

Bagging with 50 iterations and base learner

weka.classifiers.trees.RandomTree -K 0 -M 1.0 -V 0.001 -S 1 -do-not-check-capabilities

Attribute importance based on average impurity decrease (and number of nodes using that attribute)

      0.37 (  2320)  Clash
      0.33 (  2127)  Relaccess
      0.31 (  1345)  CPhim
      0.27 (  1411)  Impact
      0.26 (   825)  SPhobic
      0.26 (   870)  Interface
      0.24 (   829)  BCharge
      0.24 (   260)  Proline
      0.21 (   575)  HBonds
      0.19 (   239)  Binding
      0.19 (   142)  Delta8
      0.18 (   213)  Voids
      0.18 (   261)  Delta2
      0.16 (   163)  Delta3
      0.16 (   283)  Delta1
      0.16 (   115)  Delta7
      0.14 (   173)  Delta4
      0.14 (   279)  Delta10
      0.14 (   102)  Delta5
      0.13 (   110)  Delta6
      0.12 (   146)  Delta9
      0.11 (   125)  Glycine


Time taken to build model: 1.44 seconds

Time taken to test model on training data: 0.13 seconds

=== Error on training data ===

Correctly Classified Instances        1803               99.5033 %
Incorrectly Classified Instances         9                0.4967 %
Kappa statistic                          0.9901
Mean absolute error                      0.0581
Root mean squared error                  0.1007
Relative absolute error                 11.6111 %
Root relative squared error             20.1414 %
Total Number of Instances             1812     


=== Detailed Accuracy By Class ===

                 TP Rate  FP Rate  Precision  Recall   F-Measure  MCC      ROC Area  PRC Area  Class
                 0.990    0.000    1.000      0.990    0.995      0.990    1.000     1.000     PD
                 1.000    0.010    0.990      1.000    0.995      0.990    1.000     1.000     SNP
Weighted Avg.    0.995    0.005    0.995      0.995    0.995      0.990    1.000     1.000     


=== Confusion Matrix ===

   a   b   <-- classified as
 901   9 |   a = PD
   0 902 |   b = SNP

Time taken to perform cross-validation: 5.54 seconds


=== Stratified cross-validation ===

Correctly Classified Instances        1694               93.4879 %
Incorrectly Classified Instances       118                6.5121 %
Kappa statistic                          0.8698
Mean absolute error                      0.1684
Root mean squared error                  0.2472
Relative absolute error                 33.6713 %
Root relative squared error             49.4377 %
Total Number of Instances             1812     


=== Detailed Accuracy By Class ===

                 TP Rate  FP Rate  Precision  Recall   F-Measure  MCC      ROC Area  PRC Area  Class
                 0.895    0.024    0.974      0.895    0.932      0.873    0.981     0.984     PD
                 0.976    0.105    0.902      0.976    0.937      0.873    0.981     0.976     SNP
Weighted Avg.    0.935    0.065    0.938      0.935    0.935      0.873    0.981     0.980     


=== Confusion Matrix ===

   a   b   <-- classified as
 814  96 |   a = PD
  22 880 |   b = SNP

