
Options: -I 100 -attribute-importance 

=== Classifier model (full training set) ===

RandomForest

Bagging with 100 iterations and base learner

weka.classifiers.trees.RandomTree -K 0 -M 1.0 -V 0.001 -S 1 -do-not-check-capabilities

Attribute importance based on average impurity decrease (and number of nodes using that attribute)

      0.36 (  4608)  Clash
      0.33 (  4223)  Relaccess
      0.32 (  2746)  CPhim
      0.3  (  2988)  Impact
      0.28 (  1656)  SPhobic
      0.25 (   509)  Proline
      0.25 (  1643)  BCharge
      0.24 (  1804)  Interface
      0.22 (  1117)  HBonds
      0.22 (   489)  Binding
      0.19 (   302)  Delta3
      0.17 (   442)  Delta2
      0.17 (   455)  Delta10
      0.16 (   265)  Delta8
      0.14 (   310)  Delta4
      0.14 (   438)  Voids
      0.13 (   506)  Delta1
      0.13 (   231)  Glycine
      0.12 (   322)  Delta9
      0.12 (   226)  Delta5
      0.11 (   217)  Delta7
      0.11 (   252)  Delta6


Time taken to build model: 3.39 seconds

Time taken to test model on training data: 0.22 seconds

=== Error on training data ===

Correctly Classified Instances        1804               99.6135 %
Incorrectly Classified Instances         7                0.3865 %
Kappa statistic                          0.9923
Mean absolute error                      0.0561
Root mean squared error                  0.0917
Relative absolute error                 11.2111 %
Root relative squared error             18.345  %
Total Number of Instances             1811     


=== Detailed Accuracy By Class ===

                 TP Rate  FP Rate  Precision  Recall   F-Measure  MCC      ROC Area  PRC Area  Class
                 0.992    0.000    1.000      0.992    0.996      0.992    1.000     1.000     PD
                 1.000    0.008    0.992      1.000    0.996      0.992    1.000     1.000     SNP
Weighted Avg.    0.996    0.004    0.996      0.996    0.996      0.992    1.000     1.000     


=== Confusion Matrix ===

   a   b   <-- classified as
 902   7 |   a = PD
   0 902 |   b = SNP

Time taken to perform cross-validation: 6.16 seconds


=== Stratified cross-validation ===

Correctly Classified Instances        1715               94.6991 %
Incorrectly Classified Instances        96                5.3009 %
Kappa statistic                          0.894 
Mean absolute error                      0.165 
Root mean squared error                  0.237 
Relative absolute error                 32.9976 %
Root relative squared error             47.3939 %
Total Number of Instances             1811     


=== Detailed Accuracy By Class ===

                 TP Rate  FP Rate  Precision  Recall   F-Measure  MCC      ROC Area  PRC Area  Class
                 0.920    0.025    0.973      0.920    0.946      0.895    0.985     0.987     PD
                 0.975    0.080    0.923      0.975    0.948      0.895    0.985     0.980     SNP
Weighted Avg.    0.947    0.053    0.948      0.947    0.947      0.895    0.985     0.984     


=== Confusion Matrix ===

   a   b   <-- classified as
 836  73 |   a = PD
  23 879 |   b = SNP

