
Options: -I 500 -attribute-importance 

=== Classifier model (full training set) ===

RandomForest

Bagging with 500 iterations and base learner

weka.classifiers.trees.RandomTree -K 0 -M 1.0 -V 0.001 -S 1 -do-not-check-capabilities

Attribute importance based on average impurity decrease (and number of nodes using that attribute)

      0.36 ( 23426)  Clash
      0.34 ( 20517)  Relaccess
      0.32 ( 14459)  CPhim
      0.3  ( 15052)  Impact
      0.27 (  8383)  SPhobic
      0.26 (  2735)  Proline
      0.26 (  8866)  Interface
      0.24 (  7824)  BCharge
      0.23 (  5932)  HBonds
      0.18 (  2321)  Binding
      0.17 (  2052)  Voids
      0.16 (  2670)  Delta2
      0.15 (  2455)  Delta1
      0.15 (  1699)  Delta3
      0.14 (  1069)  Delta7
      0.14 (  1418)  Delta4
      0.14 (  1257)  Delta8
      0.14 (   957)  Delta5
      0.13 (  2219)  Delta10
      0.12 (  1154)  Delta6
      0.12 (  1279)  Glycine
      0.11 (  1377)  Delta9


Time taken to build model: 5.34 seconds

Time taken to test model on training data: 1.03 seconds

=== Error on training data ===

Correctly Classified Instances        1807               99.7791 %
Incorrectly Classified Instances         4                0.2209 %
Kappa statistic                          0.9956
Mean absolute error                      0.0557
Root mean squared error                  0.0862
Relative absolute error                 11.1338 %
Root relative squared error             17.2415 %
Total Number of Instances             1811     


=== Detailed Accuracy By Class ===

                 TP Rate  FP Rate  Precision  Recall   F-Measure  MCC      ROC Area  PRC Area  Class
                 0.996    0.000    1.000      0.996    0.998      0.996    1.000     1.000     PD
                 1.000    0.004    0.996      1.000    0.998      0.996    1.000     1.000     SNP
Weighted Avg.    0.998    0.002    0.998      0.998    0.998      0.996    1.000     1.000     


=== Confusion Matrix ===

   a   b   <-- classified as
 905   4 |   a = PD
   0 902 |   b = SNP

Time taken to perform cross-validation: 40.75 seconds


=== Stratified cross-validation ===

Correctly Classified Instances        1704               94.0917 %
Incorrectly Classified Instances       107                5.9083 %
Kappa statistic                          0.8819
Mean absolute error                      0.1649
Root mean squared error                  0.2378
Relative absolute error                 32.9893 %
Root relative squared error             47.5536 %
Total Number of Instances             1811     


=== Detailed Accuracy By Class ===

                 TP Rate  FP Rate  Precision  Recall   F-Measure  MCC      ROC Area  PRC Area  Class
                 0.910    0.028    0.971      0.910    0.939      0.884    0.986     0.988     PD
                 0.972    0.090    0.914      0.972    0.943      0.884    0.986     0.984     SNP
Weighted Avg.    0.941    0.059    0.943      0.941    0.941      0.884    0.986     0.986     


=== Confusion Matrix ===

   a   b   <-- classified as
 827  82 |   a = PD
  25 877 |   b = SNP

