
Options: -I 100 -K 10 

=== Classifier model (full training set) ===

RandomForest

Bagging with 100 iterations and base learner

weka.classifiers.trees.RandomTree -K 10 -M 1.0 -V 0.001 -S 1 -do-not-check-capabilities

Time taken to build model: 1.21 seconds

Time taken to test model on training data: 0.2 seconds

=== Error on training data ===

Correctly Classified Instances         905               99.2325 %
Incorrectly Classified Instances         7                0.7675 %
Kappa statistic                          0.9846
Mean absolute error                      0.1565
Root mean squared error                  0.1715
Relative absolute error                 31.2951 %
Root relative squared error             34.3007 %
Total Number of Instances              912     


=== Detailed Accuracy By Class ===

                 TP Rate  FP Rate  Precision  Recall   F-Measure  MCC      ROC Area  PRC Area  Class
                 0.989    0.004    0.996      0.989    0.992      0.985    1.000     1.000     PD
                 0.996    0.011    0.989      0.996    0.992      0.985    1.000     1.000     SNP
Weighted Avg.    0.992    0.008    0.992      0.992    0.992      0.985    1.000     1.000     


=== Confusion Matrix ===

   a   b   <-- classified as
 451   5 |   a = PD
   2 454 |   b = SNP

Time taken to perform cross-validation: 7.36 seconds


=== Stratified cross-validation ===

Correctly Classified Instances         671               73.5746 %
Incorrectly Classified Instances       241               26.4254 %
Kappa statistic                          0.4715
Mean absolute error                      0.4225
Root mean squared error                  0.4456
Relative absolute error                 84.4993 %
Root relative squared error             89.1243 %
Total Number of Instances              912     


=== Detailed Accuracy By Class ===

                 TP Rate  FP Rate  Precision  Recall   F-Measure  MCC      ROC Area  PRC Area  Class
                 0.618    0.147    0.808      0.618    0.701      0.485    0.799     0.797     PD
                 0.853    0.382    0.691      0.853    0.763      0.485    0.799     0.757     SNP
Weighted Avg.    0.736    0.264    0.749      0.736    0.732      0.485    0.799     0.777     


=== Confusion Matrix ===

   a   b   <-- classified as
 282 174 |   a = PD
  67 389 |   b = SNP

