
Options: -I 500 -K 10 

=== Classifier model (full training set) ===

RandomForest

Bagging with 500 iterations and base learner

weka.classifiers.trees.RandomTree -K 10 -M 1.0 -V 0.001 -S 1 -do-not-check-capabilities

Time taken to build model: 6.85 seconds

Time taken to test model on training data: 0.43 seconds

=== Error on training data ===

Correctly Classified Instances         905               99.2325 %
Incorrectly Classified Instances         7                0.7675 %
Kappa statistic                          0.9846
Mean absolute error                      0.1579
Root mean squared error                  0.1712
Relative absolute error                 31.5815 %
Root relative squared error             34.2361 %
Total Number of Instances              912     


=== Detailed Accuracy By Class ===

                 TP Rate  FP Rate  Precision  Recall   F-Measure  MCC      ROC Area  PRC Area  Class
                 0.991    0.007    0.993      0.991    0.992      0.985    1.000     1.000     PD
                 0.993    0.009    0.991      0.993    0.992      0.985    1.000     1.000     SNP
Weighted Avg.    0.992    0.008    0.992      0.992    0.992      0.985    1.000     1.000     


=== Confusion Matrix ===

   a   b   <-- classified as
 452   4 |   a = PD
   3 453 |   b = SNP

Time taken to perform cross-validation: 45.29 seconds


=== Stratified cross-validation ===

Correctly Classified Instances         681               74.6711 %
Incorrectly Classified Instances       231               25.3289 %
Kappa statistic                          0.4934
Mean absolute error                      0.4192
Root mean squared error                  0.4422
Relative absolute error                 83.8426 %
Root relative squared error             88.4331 %
Total Number of Instances              912     


=== Detailed Accuracy By Class ===

                 TP Rate  FP Rate  Precision  Recall   F-Measure  MCC      ROC Area  PRC Area  Class
                 0.632    0.138    0.821      0.632    0.714      0.507    0.810     0.805     PD
                 0.862    0.368    0.701      0.862    0.773      0.507    0.810     0.771     SNP
Weighted Avg.    0.747    0.253    0.761      0.747    0.743      0.507    0.810     0.788     


=== Confusion Matrix ===

   a   b   <-- classified as
 288 168 |   a = PD
  63 393 |   b = SNP

