
Options: -I 500 -K 10 

=== Classifier model (full training set) ===

RandomForest

Bagging with 500 iterations and base learner

weka.classifiers.trees.RandomTree -K 10 -M 1.0 -V 0.001 -S 1 -do-not-check-capabilities

Time taken to build model: 7.08 seconds

Time taken to test model on training data: 0.38 seconds

=== Error on training data ===

Correctly Classified Instances         905               99.2325 %
Incorrectly Classified Instances         7                0.7675 %
Kappa statistic                          0.9846
Mean absolute error                      0.1555
Root mean squared error                  0.169 
Relative absolute error                 31.1064 %
Root relative squared error             33.7952 %
Total Number of Instances              912     


=== Detailed Accuracy By Class ===

                 TP Rate  FP Rate  Precision  Recall   F-Measure  MCC      ROC Area  PRC Area  Class
                 0.989    0.004    0.996      0.989    0.992      0.985    1.000     1.000     PD
                 0.996    0.011    0.989      0.996    0.992      0.985    1.000     1.000     SNP
Weighted Avg.    0.992    0.008    0.992      0.992    0.992      0.985    1.000     1.000     


=== Confusion Matrix ===

   a   b   <-- classified as
 451   5 |   a = PD
   2 454 |   b = SNP

Time taken to perform cross-validation: 51.87 seconds


=== Stratified cross-validation ===

Correctly Classified Instances         680               74.5614 %
Incorrectly Classified Instances       232               25.4386 %
Kappa statistic                          0.4912
Mean absolute error                      0.4156
Root mean squared error                  0.4379
Relative absolute error                 83.1271 %
Root relative squared error             87.5731 %
Total Number of Instances              912     


=== Detailed Accuracy By Class ===

                 TP Rate  FP Rate  Precision  Recall   F-Measure  MCC      ROC Area  PRC Area  Class
                 0.643    0.151    0.809      0.643    0.716      0.502    0.824     0.814     PD
                 0.849    0.357    0.704      0.849    0.769      0.502    0.824     0.795     SNP
Weighted Avg.    0.746    0.254    0.757      0.746    0.743      0.502    0.824     0.804     


=== Confusion Matrix ===

   a   b   <-- classified as
 293 163 |   a = PD
  69 387 |   b = SNP

