
Options: -I 500 -K 10 

=== Classifier model (full training set) ===

RandomForest

Bagging with 500 iterations and base learner

weka.classifiers.trees.RandomTree -K 10 -M 1.0 -V 0.001 -S 1 -do-not-check-capabilities

Time taken to build model: 6.59 seconds

Time taken to test model on training data: 0.36 seconds

=== Error on training data ===

Correctly Classified Instances         905               99.2325 %
Incorrectly Classified Instances         7                0.7675 %
Kappa statistic                          0.9846
Mean absolute error                      0.1563
Root mean squared error                  0.1692
Relative absolute error                 31.2623 %
Root relative squared error             33.8489 %
Total Number of Instances              912     


=== Detailed Accuracy By Class ===

                 TP Rate  FP Rate  Precision  Recall   F-Measure  MCC      ROC Area  PRC Area  Class
                 0.987    0.002    0.998      0.987    0.992      0.985    1.000     1.000     PD
                 0.998    0.013    0.987      0.998    0.992      0.985    1.000     1.000     SNP
Weighted Avg.    0.992    0.008    0.992      0.992    0.992      0.985    1.000     1.000     


=== Confusion Matrix ===

   a   b   <-- classified as
 450   6 |   a = PD
   1 455 |   b = SNP

Time taken to perform cross-validation: 49.4 seconds


=== Stratified cross-validation ===

Correctly Classified Instances         698               76.5351 %
Incorrectly Classified Instances       214               23.4649 %
Kappa statistic                          0.5307
Mean absolute error                      0.4074
Root mean squared error                  0.4295
Relative absolute error                 81.4782 %
Root relative squared error             85.8923 %
Total Number of Instances              912     


=== Detailed Accuracy By Class ===

                 TP Rate  FP Rate  Precision  Recall   F-Measure  MCC      ROC Area  PRC Area  Class
                 0.675    0.145    0.824      0.675    0.742      0.539    0.848     0.831     PD
                 0.855    0.325    0.725      0.855    0.785      0.539    0.848     0.818     SNP
Weighted Avg.    0.765    0.235    0.774      0.765    0.763      0.539    0.848     0.825     


=== Confusion Matrix ===

   a   b   <-- classified as
 308 148 |   a = PD
  66 390 |   b = SNP

