
Options: -I 500 -K 10 

=== Classifier model (full training set) ===

RandomForest

Bagging with 500 iterations and base learner

weka.classifiers.trees.RandomTree -K 10 -M 1.0 -V 0.001 -S 1 -do-not-check-capabilities

Time taken to build model: 6.61 seconds

Time taken to test model on training data: 0.43 seconds

=== Error on training data ===

Correctly Classified Instances         908               99.5614 %
Incorrectly Classified Instances         4                0.4386 %
Kappa statistic                          0.9912
Mean absolute error                      0.1551
Root mean squared error                  0.1667
Relative absolute error                 31.0277 %
Root relative squared error             33.337  %
Total Number of Instances              912     


=== Detailed Accuracy By Class ===

                 TP Rate  FP Rate  Precision  Recall   F-Measure  MCC      ROC Area  PRC Area  Class
                 0.991    0.000    1.000      0.991    0.996      0.991    1.000     1.000     PD
                 1.000    0.009    0.991      1.000    0.996      0.991    1.000     1.000     SNP
Weighted Avg.    0.996    0.004    0.996      0.996    0.996      0.991    1.000     1.000     


=== Confusion Matrix ===

   a   b   <-- classified as
 452   4 |   a = PD
   0 456 |   b = SNP

Time taken to perform cross-validation: 54 seconds


=== Stratified cross-validation ===

Correctly Classified Instances         686               75.2193 %
Incorrectly Classified Instances       226               24.7807 %
Kappa statistic                          0.5044
Mean absolute error                      0.4065
Root mean squared error                  0.4299
Relative absolute error                 81.3041 %
Root relative squared error             85.9703 %
Total Number of Instances              912     


=== Detailed Accuracy By Class ===

                 TP Rate  FP Rate  Precision  Recall   F-Measure  MCC      ROC Area  PRC Area  Class
                 0.632    0.127    0.832      0.632    0.718      0.520    0.838     0.845     PD
                 0.873    0.368    0.703      0.873    0.779      0.520    0.838     0.818     SNP
Weighted Avg.    0.752    0.248    0.768      0.752    0.749      0.520    0.838     0.832     


=== Confusion Matrix ===

   a   b   <-- classified as
 288 168 |   a = PD
  58 398 |   b = SNP

