
Options: -I 500 -K 10 

=== Classifier model (full training set) ===

RandomForest

Bagging with 500 iterations and base learner

weka.classifiers.trees.RandomTree -K 10 -M 1.0 -V 0.001 -S 1 -do-not-check-capabilities

Time taken to build model: 7.22 seconds

Time taken to test model on training data: 0.4 seconds

=== Error on training data ===

Correctly Classified Instances         905               99.2325 %
Incorrectly Classified Instances         7                0.7675 %
Kappa statistic                          0.9846
Mean absolute error                      0.1574
Root mean squared error                  0.1699
Relative absolute error                 31.4858 %
Root relative squared error             33.9787 %
Total Number of Instances              912     


=== Detailed Accuracy By Class ===

                 TP Rate  FP Rate  Precision  Recall   F-Measure  MCC      ROC Area  PRC Area  Class
                 0.993    0.009    0.991      0.993    0.992      0.985    1.000     1.000     PD
                 0.991    0.007    0.993      0.991    0.992      0.985    1.000     1.000     SNP
Weighted Avg.    0.992    0.008    0.992      0.992    0.992      0.985    1.000     1.000     


=== Confusion Matrix ===

   a   b   <-- classified as
 453   3 |   a = PD
   4 452 |   b = SNP

Time taken to perform cross-validation: 53.91 seconds


=== Stratified cross-validation ===

Correctly Classified Instances         693               75.9868 %
Incorrectly Classified Instances       219               24.0132 %
Kappa statistic                          0.5197
Mean absolute error                      0.4108
Root mean squared error                  0.4321
Relative absolute error                 82.1678 %
Root relative squared error             86.4121 %
Total Number of Instances              912     


=== Detailed Accuracy By Class ===

                 TP Rate  FP Rate  Precision  Recall   F-Measure  MCC      ROC Area  PRC Area  Class
                 0.654    0.134    0.830      0.654    0.731      0.532    0.844     0.830     PD
                 0.866    0.346    0.714      0.866    0.783      0.532    0.844     0.831     SNP
Weighted Avg.    0.760    0.240    0.772      0.760    0.757      0.532    0.844     0.831     


=== Confusion Matrix ===

   a   b   <-- classified as
 298 158 |   a = PD
  61 395 |   b = SNP

