
Options: -I 500 -K 10 

=== Classifier model (full training set) ===

RandomForest

Bagging with 500 iterations and base learner

weka.classifiers.trees.RandomTree -K 10 -M 1.0 -V 0.001 -S 1 -do-not-check-capabilities

Time taken to build model: 7.08 seconds

Time taken to test model on training data: 0.39 seconds

=== Error on training data ===

Correctly Classified Instances         906               99.3421 %
Incorrectly Classified Instances         6                0.6579 %
Kappa statistic                          0.9868
Mean absolute error                      0.1574
Root mean squared error                  0.1693
Relative absolute error                 31.4704 %
Root relative squared error             33.8515 %
Total Number of Instances              912     


=== Detailed Accuracy By Class ===

                 TP Rate  FP Rate  Precision  Recall   F-Measure  MCC      ROC Area  PRC Area  Class
                 0.996    0.009    0.991      0.996    0.993      0.987    1.000     1.000     PD
                 0.991    0.004    0.996      0.991    0.993      0.987    1.000     1.000     SNP
Weighted Avg.    0.993    0.007    0.993      0.993    0.993      0.987    1.000     1.000     


=== Confusion Matrix ===

   a   b   <-- classified as
 454   2 |   a = PD
   4 452 |   b = SNP

Time taken to perform cross-validation: 52.99 seconds


=== Stratified cross-validation ===

Correctly Classified Instances         693               75.9868 %
Incorrectly Classified Instances       219               24.0132 %
Kappa statistic                          0.5197
Mean absolute error                      0.4143
Root mean squared error                  0.4354
Relative absolute error                 82.8609 %
Root relative squared error             87.0803 %
Total Number of Instances              912     


=== Detailed Accuracy By Class ===

                 TP Rate  FP Rate  Precision  Recall   F-Measure  MCC      ROC Area  PRC Area  Class
                 0.658    0.138    0.826      0.658    0.733      0.531    0.829     0.821     PD
                 0.862    0.342    0.716      0.862    0.782      0.531    0.829     0.800     SNP
Weighted Avg.    0.760    0.240    0.771      0.760    0.757      0.531    0.829     0.810     


=== Confusion Matrix ===

   a   b   <-- classified as
 300 156 |   a = PD
  63 393 |   b = SNP

