
Options: -I 100 -K 10 

=== Classifier model (full training set) ===

RandomForest

Bagging with 100 iterations and base learner

weka.classifiers.trees.RandomTree -K 10 -M 1.0 -V 0.001 -S 1 -do-not-check-capabilities

Time taken to build model: 1.65 seconds

Time taken to test model on training data: 0.11 seconds

=== Error on training data ===

Correctly Classified Instances         909               99.6711 %
Incorrectly Classified Instances         3                0.3289 %
Kappa statistic                          0.9934
Mean absolute error                      0.1481
Root mean squared error                  0.1611
Relative absolute error                 29.6258 %
Root relative squared error             32.2236 %
Total Number of Instances              912     


=== Detailed Accuracy By Class ===

                 TP Rate  FP Rate  Precision  Recall   F-Measure  MCC      ROC Area  PRC Area  Class
                 0.993    0.000    1.000      0.993    0.997      0.993    1.000     1.000     PD
                 1.000    0.007    0.993      1.000    0.997      0.993    1.000     1.000     SNP
Weighted Avg.    0.997    0.003    0.997      0.997    0.997      0.993    1.000     1.000     


=== Confusion Matrix ===

   a   b   <-- classified as
 453   3 |   a = PD
   0 456 |   b = SNP

Time taken to perform cross-validation: 10.98 seconds


=== Stratified cross-validation ===

Correctly Classified Instances         708               77.6316 %
Incorrectly Classified Instances       204               22.3684 %
Kappa statistic                          0.5526
Mean absolute error                      0.4057
Root mean squared error                  0.4281
Relative absolute error                 81.145  %
Root relative squared error             85.622  %
Total Number of Instances              912     


=== Detailed Accuracy By Class ===

                 TP Rate  FP Rate  Precision  Recall   F-Measure  MCC      ROC Area  PRC Area  Class
                 0.691    0.138    0.833      0.691    0.755      0.561    0.848     0.849     PD
                 0.862    0.309    0.736      0.862    0.794      0.561    0.848     0.823     SNP
Weighted Avg.    0.776    0.224    0.785      0.776    0.775      0.561    0.848     0.836     


=== Confusion Matrix ===

   a   b   <-- classified as
 315 141 |   a = PD
  63 393 |   b = SNP

