
Options: -I 50 -attribute-importance 

=== Classifier model (full training set) ===

RandomForest

Bagging with 50 iterations and base learner

weka.classifiers.trees.RandomTree -K 0 -M 1.0 -V 0.001 -S 1 -do-not-check-capabilities

Attribute importance based on average impurity decrease (and number of nodes using that attribute)

      0.37 (  1821)  Clash
      0.35 (  1514)  Relaccess
      0.32 (  1082)  CPhim
      0.3  (  1085)  Impact
      0.28 (   720)  SPhobic
      0.26 (   646)  Interface
      0.25 (   220)  Proline
      0.25 (   667)  BCharge
      0.23 (   197)  Binding
      0.23 (   452)  HBonds
      0.18 (   102)  Delta4
      0.17 (   112)  Delta8
      0.17 (   218)  Delta2
      0.16 (   190)  Voids
      0.16 (   160)  Delta10
      0.16 (   103)  Delta6
      0.16 (   101)  Delta3
      0.15 (   104)  Delta5
      0.14 (   215)  Delta1
      0.14 (    72)  Delta7
      0.12 (    98)  Glycine
      0.11 (   125)  Delta9


Time taken to build model: 1.88 seconds

Time taken to test model on training data: 0.08 seconds

=== Error on training data ===

Correctly Classified Instances        1189               99.6647 %
Incorrectly Classified Instances         4                0.3353 %
Kappa statistic                          0.9933
Mean absolute error                      0.0826
Root mean squared error                  0.1183
Relative absolute error                 16.5232 %
Root relative squared error             23.6679 %
Total Number of Instances             1193     


=== Detailed Accuracy By Class ===

                 TP Rate  FP Rate  Precision  Recall   F-Measure  MCC      ROC Area  PRC Area  Class
                 0.997    0.003    0.997      0.997    0.997      0.993    1.000     1.000     PD
                 0.997    0.003    0.997      0.997    0.997      0.993    1.000     1.000     SNP
Weighted Avg.    0.997    0.003    0.997      0.997    0.997      0.993    1.000     1.000     


=== Confusion Matrix ===

   a   b   <-- classified as
 596   2 |   a = PD
   2 593 |   b = SNP

Time taken to perform cross-validation: 4.99 seconds


=== Stratified cross-validation ===

Correctly Classified Instances        1073               89.9413 %
Incorrectly Classified Instances       120               10.0587 %
Kappa statistic                          0.7988
Mean absolute error                      0.2209
Root mean squared error                  0.2981
Relative absolute error                 44.1776 %
Root relative squared error             59.6187 %
Total Number of Instances             1193     


=== Detailed Accuracy By Class ===

                 TP Rate  FP Rate  Precision  Recall   F-Measure  MCC      ROC Area  PRC Area  Class
                 0.876    0.077    0.919      0.876    0.897      0.800    0.957     0.954     PD
                 0.923    0.124    0.881      0.923    0.901      0.800    0.957     0.951     SNP
Weighted Avg.    0.899    0.100    0.900      0.899    0.899      0.800    0.957     0.952     


=== Confusion Matrix ===

   a   b   <-- classified as
 524  74 |   a = PD
  46 549 |   b = SNP

