
Options: -I 100 -attribute-importance 

=== Classifier model (full training set) ===

RandomForest

Bagging with 100 iterations and base learner

weka.classifiers.trees.RandomTree -K 0 -M 1.0 -V 0.001 -S 1 -do-not-check-capabilities

Attribute importance based on average impurity decrease (and number of nodes using that attribute)

      0.36 (  3548)  Clash
      0.35 (  3121)  Relaccess
      0.33 (  2173)  CPhim
      0.29 (  2333)  Impact
      0.28 (  1408)  SPhobic
      0.26 (   451)  Proline
      0.25 (  1325)  Interface
      0.24 (  1296)  BCharge
      0.24 (   893)  HBonds
      0.21 (   410)  Binding
      0.2  (   239)  Delta8
      0.19 (   403)  Delta1
      0.18 (   373)  Delta10
      0.17 (   419)  Delta2
      0.15 (   284)  Delta3
      0.15 (   297)  Voids
      0.15 (   192)  Delta4
      0.14 (   166)  Delta5
      0.13 (   234)  Delta7
      0.12 (   229)  Delta9
      0.12 (   216)  Glycine
      0.12 (   160)  Delta6


Time taken to build model: 1.7 seconds

Time taken to test model on training data: 0.15 seconds

=== Error on training data ===

Correctly Classified Instances        1185               99.4128 %
Incorrectly Classified Instances         7                0.5872 %
Kappa statistic                          0.9883
Mean absolute error                      0.0814
Root mean squared error                  0.1179
Relative absolute error                 16.2827 %
Root relative squared error             23.5889 %
Total Number of Instances             1192     


=== Detailed Accuracy By Class ===

                 TP Rate  FP Rate  Precision  Recall   F-Measure  MCC      ROC Area  PRC Area  Class
                 0.990    0.002    0.998      0.990    0.994      0.988    1.000     1.000     PD
                 0.998    0.010    0.990      0.998    0.994      0.988    1.000     1.000     SNP
Weighted Avg.    0.994    0.006    0.994      0.994    0.994      0.988    1.000     1.000     


=== Confusion Matrix ===

   a   b   <-- classified as
 592   6 |   a = PD
   1 593 |   b = SNP

Time taken to perform cross-validation: 4.92 seconds


=== Stratified cross-validation ===

Correctly Classified Instances        1053               88.3389 %
Incorrectly Classified Instances       139               11.6611 %
Kappa statistic                          0.7668
Mean absolute error                      0.2301
Root mean squared error                  0.3068
Relative absolute error                 46.0123 %
Root relative squared error             61.364  %
Total Number of Instances             1192     


=== Detailed Accuracy By Class ===

                 TP Rate  FP Rate  Precision  Recall   F-Measure  MCC      ROC Area  PRC Area  Class
                 0.848    0.081    0.914      0.848    0.879      0.769    0.954     0.957     PD
                 0.919    0.152    0.857      0.919    0.887      0.769    0.954     0.951     SNP
Weighted Avg.    0.883    0.116    0.885      0.883    0.883      0.769    0.954     0.954     


=== Confusion Matrix ===

   a   b   <-- classified as
 507  91 |   a = PD
  48 546 |   b = SNP

