
Options: -I 1000 -attribute-importance 

=== Classifier model (full training set) ===

RandomForest

Bagging with 1000 iterations and base learner

weka.classifiers.trees.RandomTree -K 0 -M 1.0 -V 0.001 -S 1 -do-not-check-capabilities

Attribute importance based on average impurity decrease (and number of nodes using that attribute)

      0.36 ( 36582)  Clash
      0.34 ( 31518)  Relaccess
      0.32 ( 21631)  CPhim
      0.3  ( 23319)  Impact
      0.29 (  4951)  Proline
      0.27 ( 13634)  SPhobic
      0.26 ( 13809)  Interface
      0.25 ( 13966)  BCharge
      0.24 (  9620)  HBonds
      0.21 (  3929)  Binding
      0.16 (  2269)  Delta4
      0.15 (  2269)  Delta8
      0.15 (  3270)  Voids
      0.15 (  3563)  Delta10
      0.15 (  3928)  Delta1
      0.15 (  2665)  Delta3
      0.15 (  1952)  Delta7
      0.14 (  3807)  Delta2
      0.13 (  3032)  Delta9
      0.13 (  1651)  Delta5
      0.13 (  2020)  Glycine
      0.12 (  1775)  Delta6


Time taken to build model: 8.3 seconds

Time taken to test model on training data: 1.04 seconds

=== Error on training data ===

Correctly Classified Instances        1187               99.4137 %
Incorrectly Classified Instances         7                0.5863 %
Kappa statistic                          0.9883
Mean absolute error                      0.0846
Root mean squared error                  0.1188
Relative absolute error                 16.9107 %
Root relative squared error             23.7523 %
Total Number of Instances             1194     


=== Detailed Accuracy By Class ===

                 TP Rate  FP Rate  Precision  Recall   F-Measure  MCC      ROC Area  PRC Area  Class
                 0.997    0.008    0.992      0.997    0.994      0.988    1.000     1.000     PD
                 0.992    0.003    0.997      0.992    0.994      0.988    1.000     1.000     SNP
Weighted Avg.    0.994    0.006    0.994      0.994    0.994      0.988    1.000     1.000     


=== Confusion Matrix ===

   a   b   <-- classified as
 597   2 |   a = PD
   5 590 |   b = SNP

Time taken to perform cross-validation: 46.56 seconds


=== Stratified cross-validation ===

Correctly Classified Instances        1063               89.0285 %
Incorrectly Classified Instances       131               10.9715 %
Kappa statistic                          0.7806
Mean absolute error                      0.2323
Root mean squared error                  0.307 
Relative absolute error                 46.4511 %
Root relative squared error             61.3955 %
Total Number of Instances             1194     


=== Detailed Accuracy By Class ===

                 TP Rate  FP Rate  Precision  Recall   F-Measure  MCC      ROC Area  PRC Area  Class
                 0.858    0.077    0.918      0.858    0.887      0.782    0.953     0.947     PD
                 0.923    0.142    0.866      0.923    0.893      0.782    0.953     0.956     SNP
Weighted Avg.    0.890    0.109    0.892      0.890    0.890      0.782    0.953     0.951     


=== Confusion Matrix ===

   a   b   <-- classified as
 514  85 |   a = PD
  46 549 |   b = SNP

