
Options: -I 50 -attribute-importance 

=== Classifier model (full training set) ===

RandomForest

Bagging with 50 iterations and base learner

weka.classifiers.trees.RandomTree -K 0 -M 1.0 -V 0.001 -S 1 -do-not-check-capabilities

Attribute importance based on average impurity decrease (and number of nodes using that attribute)

      0.37 (  1776)  Clash
      0.36 (  1598)  Relaccess
      0.33 (  1093)  CPhim
      0.28 (  1133)  Impact
      0.28 (   684)  SPhobic
      0.27 (   204)  Proline
      0.24 (   714)  BCharge
      0.22 (   503)  HBonds
      0.21 (   651)  Interface
      0.2  (   199)  Binding
      0.19 (   105)  Delta3
      0.19 (   196)  Delta2
      0.16 (   120)  Delta4
      0.16 (   213)  Delta1
      0.15 (   190)  Delta10
      0.14 (    81)  Delta7
      0.14 (   169)  Voids
      0.14 (    98)  Delta6
      0.13 (   110)  Delta8
      0.13 (   113)  Delta9
      0.13 (    90)  Glycine
      0.1  (    87)  Delta5


Time taken to build model: 1.69 seconds

Time taken to test model on training data: 0.09 seconds

=== Error on training data ===

Correctly Classified Instances        1188               99.4142 %
Incorrectly Classified Instances         7                0.5858 %
Kappa statistic                          0.9883
Mean absolute error                      0.0833
Root mean squared error                  0.1248
Relative absolute error                 16.6509 %
Root relative squared error             24.9578 %
Total Number of Instances             1195     


=== Detailed Accuracy By Class ===

                 TP Rate  FP Rate  Precision  Recall   F-Measure  MCC      ROC Area  PRC Area  Class
                 0.992    0.003    0.997      0.992    0.994      0.988    1.000     1.000     PD
                 0.997    0.008    0.992      0.997    0.994      0.988    1.000     1.000     SNP
Weighted Avg.    0.994    0.006    0.994      0.994    0.994      0.988    1.000     1.000     


=== Confusion Matrix ===

   a   b   <-- classified as
 595   5 |   a = PD
   2 593 |   b = SNP

Time taken to perform cross-validation: 5.98 seconds


=== Stratified cross-validation ===

Correctly Classified Instances        1044               87.364  %
Incorrectly Classified Instances       151               12.636  %
Kappa statistic                          0.7473
Mean absolute error                      0.2324
Root mean squared error                  0.3161
Relative absolute error                 46.4845 %
Root relative squared error             63.2133 %
Total Number of Instances             1195     


=== Detailed Accuracy By Class ===

                 TP Rate  FP Rate  Precision  Recall   F-Measure  MCC      ROC Area  PRC Area  Class
                 0.853    0.106    0.890      0.853    0.871      0.748    0.942     0.939     PD
                 0.894    0.147    0.858      0.894    0.876      0.748    0.942     0.941     SNP
Weighted Avg.    0.874    0.126    0.874      0.874    0.874      0.748    0.942     0.940     


=== Confusion Matrix ===

   a   b   <-- classified as
 512  88 |   a = PD
  63 532 |   b = SNP

