
Options: -I 500 -attribute-importance 

=== Classifier model (full training set) ===

RandomForest

Bagging with 500 iterations and base learner

weka.classifiers.trees.RandomTree -K 0 -M 1.0 -V 0.001 -S 1 -do-not-check-capabilities

Attribute importance based on average impurity decrease (and number of nodes using that attribute)

      0.37 ( 18188)  Clash
      0.35 ( 16328)  Relaccess
      0.32 ( 11024)  CPhim
      0.29 ( 11466)  Impact
      0.27 (  7119)  SPhobic
      0.26 (  2042)  Proline
      0.26 (  6961)  BCharge
      0.26 (  6263)  Interface
      0.23 (  4636)  HBonds
      0.21 (  1763)  Binding
      0.2  (  2174)  Delta2
      0.19 (  1774)  Delta3
      0.17 (  1787)  Delta1
      0.17 (  1780)  Delta10
      0.16 (  1503)  Voids
      0.15 (   953)  Delta8
      0.14 (  1473)  Delta4
      0.14 (  1021)  Delta5
      0.14 (   898)  Delta6
      0.13 (   886)  Glycine
      0.13 (   894)  Delta7
      0.12 (  1005)  Delta9


Time taken to build model: 7.81 seconds

Time taken to test model on training data: 0.35 seconds

=== Error on training data ===

Correctly Classified Instances        1186               99.5802 %
Incorrectly Classified Instances         5                0.4198 %
Kappa statistic                          0.9916
Mean absolute error                      0.0814
Root mean squared error                  0.1149
Relative absolute error                 16.2877 %
Root relative squared error             22.9851 %
Total Number of Instances             1191     


=== Detailed Accuracy By Class ===

                 TP Rate  FP Rate  Precision  Recall   F-Measure  MCC      ROC Area  PRC Area  Class
                 0.997    0.005    0.995      0.997    0.996      0.992    1.000     1.000     PD
                 0.995    0.003    0.997      0.995    0.996      0.992    1.000     1.000     SNP
Weighted Avg.    0.996    0.004    0.996      0.996    0.996      0.992    1.000     1.000     


=== Confusion Matrix ===

   a   b   <-- classified as
 596   2 |   a = PD
   3 590 |   b = SNP

Time taken to perform cross-validation: 25.89 seconds


=== Stratified cross-validation ===

Correctly Classified Instances        1059               88.9169 %
Incorrectly Classified Instances       132               11.0831 %
Kappa statistic                          0.7784
Mean absolute error                      0.2267
Root mean squared error                  0.3013
Relative absolute error                 45.3486 %
Root relative squared error             60.2698 %
Total Number of Instances             1191     


=== Detailed Accuracy By Class ===

                 TP Rate  FP Rate  Precision  Recall   F-Measure  MCC      ROC Area  PRC Area  Class
                 0.860    0.081    0.915      0.860    0.886      0.780    0.955     0.955     PD
                 0.919    0.140    0.866      0.919    0.892      0.780    0.955     0.949     SNP
Weighted Avg.    0.889    0.111    0.891      0.889    0.889      0.780    0.955     0.952     


=== Confusion Matrix ===

   a   b   <-- classified as
 514  84 |   a = PD
  48 545 |   b = SNP

