
Options: -I 50 -attribute-importance 

=== Classifier model (full training set) ===

RandomForest

Bagging with 50 iterations and base learner

weka.classifiers.trees.RandomTree -K 0 -M 1.0 -V 0.001 -S 1 -do-not-check-capabilities

Attribute importance based on average impurity decrease (and number of nodes using that attribute)

      0.78 (   429)  Relaccess
      0.75 (   158)  SPhobic
      0.6  (    97)  CPhim
      0.57 (    73)  BCharge
      0.42 (   128)  Interface
      0.19 (   115)  Delta3
      0.15 (    98)  Delta5
      0.13 (   131)  Delta9
      0.12 (   116)  Delta8
      0.11 (   106)  Delta6
      0.11 (   191)  Delta2
      0.11 (   103)  Delta7
      0.11 (   146)  Delta1
      0.1  (   138)  Delta4
      0.09 (   217)  Delta10
      0.09 (  4769)  Clash
      0.08 (   114)  Glycine
      0.08 (   105)  Voids
      0.07 (  3301)  Impact
      0.06 (   267)  Binding
      0.05 (  1691)  Proline
      0.03 (  2875)  HBonds


Time taken to build model: 3.63 seconds

Time taken to test model on training data: 0.12 seconds

=== Error on training data ===

Correctly Classified Instances         908               99.5614 %
Incorrectly Classified Instances         4                0.4386 %
Kappa statistic                          0.9912
Mean absolute error                      0.1464
Root mean squared error                  0.1615
Relative absolute error                 29.2711 %
Root relative squared error             32.3026 %
Total Number of Instances              912     


=== Detailed Accuracy By Class ===

                 TP Rate  FP Rate  Precision  Recall   F-Measure  MCC      ROC Area  PRC Area  Class
                 0.993    0.002    0.998      0.993    0.996      0.991    1.000     1.000     PD
                 0.998    0.007    0.993      0.998    0.996      0.991    1.000     1.000     SNP
Weighted Avg.    0.996    0.004    0.996      0.996    0.996      0.991    1.000     1.000     


=== Confusion Matrix ===

   a   b   <-- classified as
 453   3 |   a = PD
   1 455 |   b = SNP

Time taken to perform cross-validation: 13.87 seconds


=== Stratified cross-validation ===

Correctly Classified Instances         733               80.3728 %
Incorrectly Classified Instances       179               19.6272 %
Kappa statistic                          0.6075
Mean absolute error                      0.3927
Root mean squared error                  0.4158
Relative absolute error                 78.5477 %
Root relative squared error             83.157  %
Total Number of Instances              912     


=== Detailed Accuracy By Class ===

                 TP Rate  FP Rate  Precision  Recall   F-Measure  MCC      ROC Area  PRC Area  Class
                 0.708    0.101    0.875      0.708    0.783      0.619    0.877     0.867     PD
                 0.899    0.292    0.755      0.899    0.821      0.619    0.877     0.853     SNP
Weighted Avg.    0.804    0.196    0.815      0.804    0.802      0.619    0.877     0.860     


=== Confusion Matrix ===

   a   b   <-- classified as
 323 133 |   a = PD
  46 410 |   b = SNP

