
Options: -I 500 -attribute-importance 

=== Classifier model (full training set) ===

RandomForest

Bagging with 500 iterations and base learner

weka.classifiers.trees.RandomTree -K 0 -M 1.0 -V 0.001 -S 1 -do-not-check-capabilities

Attribute importance based on average impurity decrease (and number of nodes using that attribute)

      0.75 (  4058)  Relaccess
      0.74 (  1522)  SPhobic
      0.68 (  1108)  CPhim
      0.62 (   733)  BCharge
      0.38 (  1221)  Interface
      0.14 (   864)  Delta5
      0.11 (  1017)  Delta8
      0.11 (   926)  Delta6
      0.11 (  1187)  Delta4
      0.1  (  1798)  Delta10
      0.1  (  1698)  Delta2
      0.1  (  1084)  Delta3
      0.09 (  1223)  Delta9
      0.09 (   842)  Delta7
      0.08 ( 52923)  Clash
      0.08 (  1040)  Glycine
      0.07 (  1498)  Delta1
      0.07 (  1038)  Voids
      0.07 ( 35686)  Impact
      0.05 (  2517)  Binding
      0.04 ( 18077)  Proline
      0.04 ( 27998)  HBonds


Time taken to build model: 20.1 seconds

Time taken to test model on training data: 0.88 seconds

=== Error on training data ===

Correctly Classified Instances         903               99.0132 %
Incorrectly Classified Instances         9                0.9868 %
Kappa statistic                          0.9803
Mean absolute error                      0.1532
Root mean squared error                  0.1686
Relative absolute error                 30.6393 %
Root relative squared error             33.727  %
Total Number of Instances              912     


=== Detailed Accuracy By Class ===

                 TP Rate  FP Rate  Precision  Recall   F-Measure  MCC      ROC Area  PRC Area  Class
                 0.987    0.007    0.993      0.987    0.990      0.980    1.000     1.000     PD
                 0.993    0.013    0.987      0.993    0.990      0.980    1.000     1.000     SNP
Weighted Avg.    0.990    0.010    0.990      0.990    0.990      0.980    1.000     1.000     


=== Confusion Matrix ===

   a   b   <-- classified as
 450   6 |   a = PD
   3 453 |   b = SNP

Time taken to perform cross-validation: 94.39 seconds


=== Stratified cross-validation ===

Correctly Classified Instances         718               78.7281 %
Incorrectly Classified Instances       194               21.2719 %
Kappa statistic                          0.5746
Mean absolute error                      0.3972
Root mean squared error                  0.4211
Relative absolute error                 79.444  %
Root relative squared error             84.2149 %
Total Number of Instances              912     


=== Detailed Accuracy By Class ===

                 TP Rate  FP Rate  Precision  Recall   F-Measure  MCC      ROC Area  PRC Area  Class
                 0.700    0.125    0.848      0.700    0.767      0.584    0.863     0.843     PD
                 0.875    0.300    0.744      0.875    0.804      0.584    0.863     0.846     SNP
Weighted Avg.    0.787    0.213    0.796      0.787    0.786      0.584    0.863     0.844     


=== Confusion Matrix ===

   a   b   <-- classified as
 319 137 |   a = PD
  57 399 |   b = SNP

