
Options: -I 1000 -attribute-importance 

=== Classifier model (full training set) ===

RandomForest

Bagging with 1000 iterations and base learner

weka.classifiers.trees.RandomTree -K 0 -M 1.0 -V 0.001 -S 1 -do-not-check-capabilities

Attribute importance based on average impurity decrease (and number of nodes using that attribute)

      0.78 (  3700)  SPhobic
      0.75 (  7851)  Relaccess
      0.7  (  2581)  CPhim
      0.57 (  1339)  BCharge
      0.33 (  2212)  Interface
      0.15 (  1921)  Delta5
      0.11 (  1889)  Delta8
      0.11 (  2306)  Delta4
      0.1  (  2122)  Delta9
      0.1  (  2188)  Voids
      0.1  ( 98018)  Clash
      0.09 (  1500)  Delta7
      0.09 (  2981)  Delta1
      0.09 (  2263)  Glycine
      0.08 (  2954)  Delta10
      0.08 (  1819)  Delta3
      0.07 (  1734)  Delta6
      0.07 ( 70819)  Impact
      0.07 (  2736)  Delta2
      0.05 (  4895)  Binding
      0.05 ( 40038)  Proline
      0.04 ( 52229)  HBonds


Time taken to build model: 35.17 seconds

Time taken to test model on training data: 1.49 seconds

=== Error on training data ===

Correctly Classified Instances         906               99.3421 %
Incorrectly Classified Instances         6                0.6579 %
Kappa statistic                          0.9868
Mean absolute error                      0.149 
Root mean squared error                  0.1618
Relative absolute error                 29.7938 %
Root relative squared error             32.3571 %
Total Number of Instances              912     


=== Detailed Accuracy By Class ===

                 TP Rate  FP Rate  Precision  Recall   F-Measure  MCC      ROC Area  PRC Area  Class
                 0.996    0.009    0.991      0.996    0.993      0.987    1.000     1.000     PD
                 0.991    0.004    0.996      0.991    0.993      0.987    1.000     1.000     SNP
Weighted Avg.    0.993    0.007    0.993      0.993    0.993      0.987    1.000     1.000     


=== Confusion Matrix ===

   a   b   <-- classified as
 454   2 |   a = PD
   4 452 |   b = SNP

Time taken to perform cross-validation: 165.23 seconds


=== Stratified cross-validation ===

Correctly Classified Instances         742               81.3596 %
Incorrectly Classified Instances       170               18.6404 %
Kappa statistic                          0.6272
Mean absolute error                      0.3878
Root mean squared error                  0.4101
Relative absolute error                 77.5524 %
Root relative squared error             82.0132 %
Total Number of Instances              912     


=== Detailed Accuracy By Class ===

                 TP Rate  FP Rate  Precision  Recall   F-Measure  MCC      ROC Area  PRC Area  Class
                 0.746    0.118    0.863      0.746    0.800      0.633    0.894     0.888     PD
                 0.882    0.254    0.776      0.882    0.825      0.633    0.894     0.872     SNP
Weighted Avg.    0.814    0.186    0.820      0.814    0.813      0.633    0.894     0.880     


=== Confusion Matrix ===

   a   b   <-- classified as
 340 116 |   a = PD
  54 402 |   b = SNP

