
Options: -I 50 -attribute-importance 

=== Classifier model (full training set) ===

RandomForest

Bagging with 50 iterations and base learner

weka.classifiers.trees.RandomTree -K 0 -M 1.0 -V 0.001 -S 1 -do-not-check-capabilities

Attribute importance based on average impurity decrease (and number of nodes using that attribute)

      0.79 (   189)  SPhobic
      0.78 (   397)  Relaccess
      0.67 (   144)  CPhim
      0.64 (    92)  BCharge
      0.39 (   132)  Interface
      0.19 (    50)  Voids
      0.19 (    75)  Delta6
      0.17 (    61)  Delta5
      0.16 (   125)  Delta1
      0.16 (    89)  Delta3
      0.15 (    76)  Delta7
      0.15 (  2876)  Clash
      0.14 (    82)  Delta4
      0.13 (   130)  Delta2
      0.11 (   186)  Delta10
      0.1  (  1899)  Impact
      0.1  (    74)  Delta8
      0.08 (   155)  Binding
      0.08 (    89)  Delta9
      0.08 (   103)  Glycine
      0.06 (  1059)  Proline
      0.06 (  1662)  HBonds


Time taken to build model: 5.98 seconds

Time taken to test model on training data: 0.11 seconds

=== Error on training data ===

Correctly Classified Instances         906               99.3421 %
Incorrectly Classified Instances         6                0.6579 %
Kappa statistic                          0.9868
Mean absolute error                      0.1548
Root mean squared error                  0.1703
Relative absolute error                 30.9543 %
Root relative squared error             34.063  %
Total Number of Instances              912     


=== Detailed Accuracy By Class ===

                 TP Rate  FP Rate  Precision  Recall   F-Measure  MCC      ROC Area  PRC Area  Class
                 0.991    0.004    0.996      0.991    0.993      0.987    1.000     1.000     PD
                 0.996    0.009    0.991      0.996    0.993      0.987    1.000     1.000     SNP
Weighted Avg.    0.993    0.007    0.993      0.993    0.993      0.987    1.000     1.000     


=== Confusion Matrix ===

   a   b   <-- classified as
 452   4 |   a = PD
   2 454 |   b = SNP

Time taken to perform cross-validation: 10.4 seconds


=== Stratified cross-validation ===

Correctly Classified Instances         708               77.6316 %
Incorrectly Classified Instances       204               22.3684 %
Kappa statistic                          0.5526
Mean absolute error                      0.3995
Root mean squared error                  0.4248
Relative absolute error                 79.897  %
Root relative squared error             84.9657 %
Total Number of Instances              912     


=== Detailed Accuracy By Class ===

                 TP Rate  FP Rate  Precision  Recall   F-Measure  MCC      ROC Area  PRC Area  Class
                 0.640    0.088    0.880      0.640    0.741      0.574    0.860     0.846     PD
                 0.912    0.360    0.717      0.912    0.803      0.574    0.860     0.836     SNP
Weighted Avg.    0.776    0.224    0.798      0.776    0.772      0.574    0.860     0.841     


=== Confusion Matrix ===

   a   b   <-- classified as
 292 164 |   a = PD
  40 416 |   b = SNP

