
Options: -I 100 -attribute-importance 

=== Classifier model (full training set) ===

RandomForest

Bagging with 100 iterations and base learner

weka.classifiers.trees.RandomTree -K 0 -M 1.0 -V 0.001 -S 1 -do-not-check-capabilities

Attribute importance based on average impurity decrease (and number of nodes using that attribute)

      0.78 (   325)  SPhobic
      0.76 (   789)  Relaccess
      0.71 (   265)  CPhim
      0.58 (   154)  BCharge
      0.37 (   226)  Interface
      0.14 (  5235)  Clash
      0.13 (   160)  Delta8
      0.13 (   256)  Delta2
      0.13 (   129)  Delta6
      0.13 (   274)  Delta10
      0.12 (    90)  Delta5
      0.11 (   146)  Delta4
      0.11 (   244)  Delta1
      0.1  (   195)  Delta9
      0.1  (  3744)  Impact
      0.09 (    93)  Delta3
      0.09 (   132)  Voids
      0.08 (   248)  Glycine
      0.08 (  1883)  Proline
      0.07 (   121)  Delta7
      0.06 (  3032)  HBonds
      0.06 (   354)  Binding


Time taken to build model: 3.43 seconds

Time taken to test model on training data: 0.2 seconds

=== Error on training data ===

Correctly Classified Instances         909               99.6711 %
Incorrectly Classified Instances         3                0.3289 %
Kappa statistic                          0.9934
Mean absolute error                      0.1454
Root mean squared error                  0.1583
Relative absolute error                 29.0872 %
Root relative squared error             31.6601 %
Total Number of Instances              912     


=== Detailed Accuracy By Class ===

                 TP Rate  FP Rate  Precision  Recall   F-Measure  MCC      ROC Area  PRC Area  Class
                 0.998    0.004    0.996      0.998    0.997      0.993    1.000     1.000     PD
                 0.996    0.002    0.998      0.996    0.997      0.993    1.000     1.000     SNP
Weighted Avg.    0.997    0.003    0.997      0.997    0.997      0.993    1.000     1.000     


=== Confusion Matrix ===

   a   b   <-- classified as
 455   1 |   a = PD
   2 454 |   b = SNP

Time taken to perform cross-validation: 21.22 seconds


=== Stratified cross-validation ===

Correctly Classified Instances         748               82.0175 %
Incorrectly Classified Instances       164               17.9825 %
Kappa statistic                          0.6404
Mean absolute error                      0.3803
Root mean squared error                  0.4063
Relative absolute error                 76.0546 %
Root relative squared error             81.2502 %
Total Number of Instances              912     


=== Detailed Accuracy By Class ===

                 TP Rate  FP Rate  Precision  Recall   F-Measure  MCC      ROC Area  PRC Area  Class
                 0.713    0.072    0.908      0.713    0.799      0.656    0.894     0.900     PD
                 0.928    0.287    0.764      0.928    0.838      0.656    0.894     0.864     SNP
Weighted Avg.    0.820    0.180    0.836      0.820    0.818      0.656    0.894     0.882     


=== Confusion Matrix ===

   a   b   <-- classified as
 325 131 |   a = PD
  33 423 |   b = SNP

