
Options: -I 500 -attribute-importance 

=== Classifier model (full training set) ===

RandomForest

Bagging with 500 iterations and base learner

weka.classifiers.trees.RandomTree -K 0 -M 1.0 -V 0.001 -S 1 -do-not-check-capabilities

Attribute importance based on average impurity decrease (and number of nodes using that attribute)

      0.76 (  4048)  Relaccess
      0.73 (  1750)  SPhobic
      0.71 (  1444)  CPhim
      0.56 (   916)  BCharge
      0.39 (  1126)  Interface
      0.12 (   831)  Voids
      0.12 (   806)  Delta5
      0.11 (  1094)  Delta3
      0.11 (  1331)  Delta1
      0.11 (   854)  Delta7
      0.1  (  1689)  Delta10
      0.1  (  1277)  Delta9
      0.1  ( 42046)  Clash
      0.1  (   996)  Delta8
      0.09 (   693)  Delta6
      0.09 (  1218)  Delta4
      0.09 (   932)  Glycine
      0.08 (  1184)  Delta2
      0.07 ( 29574)  Impact
      0.06 ( 16457)  Proline
      0.05 (  2637)  Binding
      0.04 ( 22872)  HBonds


Time taken to build model: 18.73 seconds

Time taken to test model on training data: 0.66 seconds

=== Error on training data ===

Correctly Classified Instances         906               99.3421 %
Incorrectly Classified Instances         6                0.6579 %
Kappa statistic                          0.9868
Mean absolute error                      0.1489
Root mean squared error                  0.1621
Relative absolute error                 29.784  %
Root relative squared error             32.4205 %
Total Number of Instances              912     


=== Detailed Accuracy By Class ===

                 TP Rate  FP Rate  Precision  Recall   F-Measure  MCC      ROC Area  PRC Area  Class
                 0.998    0.011    0.989      0.998    0.993      0.987    1.000     1.000     PD
                 0.989    0.002    0.998      0.989    0.993      0.987    1.000     1.000     SNP
Weighted Avg.    0.993    0.007    0.993      0.993    0.993      0.987    1.000     1.000     


=== Confusion Matrix ===

   a   b   <-- classified as
 455   1 |   a = PD
   5 451 |   b = SNP

Time taken to perform cross-validation: 83.07 seconds


=== Stratified cross-validation ===

Correctly Classified Instances         739               81.0307 %
Incorrectly Classified Instances       173               18.9693 %
Kappa statistic                          0.6206
Mean absolute error                      0.3913
Root mean squared error                  0.4154
Relative absolute error                 78.2687 %
Root relative squared error             83.0725 %
Total Number of Instances              912     


=== Detailed Accuracy By Class ===

                 TP Rate  FP Rate  Precision  Recall   F-Measure  MCC      ROC Area  PRC Area  Class
                 0.713    0.092    0.886      0.713    0.790      0.633    0.876     0.862     PD
                 0.908    0.287    0.760      0.908    0.827      0.633    0.876     0.847     SNP
Weighted Avg.    0.810    0.190    0.823      0.810    0.808      0.633    0.876     0.854     


=== Confusion Matrix ===

   a   b   <-- classified as
 325 131 |   a = PD
  42 414 |   b = SNP

