
Options: -I 1000 -attribute-importance 

=== Classifier model (full training set) ===

RandomForest

Bagging with 1000 iterations and base learner

weka.classifiers.trees.RandomTree -K 0 -M 1.0 -V 0.001 -S 1 -do-not-check-capabilities

Attribute importance based on average impurity decrease (and number of nodes using that attribute)

      0.75 (  7818)  Relaccess
      0.74 (  3702)  SPhobic
      0.66 (  2493)  CPhim
      0.54 (  1438)  BCharge
      0.37 (  2416)  Interface
      0.13 (  1756)  Delta8
      0.11 (  1886)  Delta3
      0.11 (  1548)  Delta5
      0.11 (  2693)  Glycine
      0.1  (  1568)  Delta7
      0.1  ( 92498)  Clash
      0.1  (  3061)  Delta2
      0.08 (  3467)  Delta10
      0.08 (  2111)  Delta6
      0.08 (  2194)  Delta9
      0.08 (  2002)  Delta4
      0.07 ( 65812)  Impact
      0.06 (  2395)  Delta1
      0.06 (  1693)  Voids
      0.05 ( 36327)  Proline
      0.05 (  4420)  Binding
      0.04 ( 49663)  HBonds


Time taken to build model: 35.93 seconds

Time taken to test model on training data: 1.46 seconds

=== Error on training data ===

Correctly Classified Instances         903               99.0132 %
Incorrectly Classified Instances         9                0.9868 %
Kappa statistic                          0.9803
Mean absolute error                      0.1492
Root mean squared error                  0.1648
Relative absolute error                 29.8329 %
Root relative squared error             32.9685 %
Total Number of Instances              912     


=== Detailed Accuracy By Class ===

                 TP Rate  FP Rate  Precision  Recall   F-Measure  MCC      ROC Area  PRC Area  Class
                 0.993    0.013    0.987      0.993    0.990      0.980    1.000     1.000     PD
                 0.987    0.007    0.993      0.987    0.990      0.980    1.000     1.000     SNP
Weighted Avg.    0.990    0.010    0.990      0.990    0.990      0.980    1.000     1.000     


=== Confusion Matrix ===

   a   b   <-- classified as
 453   3 |   a = PD
   6 450 |   b = SNP

Time taken to perform cross-validation: 154.06 seconds


=== Stratified cross-validation ===

Correctly Classified Instances         736               80.7018 %
Incorrectly Classified Instances       176               19.2982 %
Kappa statistic                          0.614 
Mean absolute error                      0.3884
Root mean squared error                  0.4136
Relative absolute error                 77.6874 %
Root relative squared error             82.727  %
Total Number of Instances              912     


=== Detailed Accuracy By Class ===

                 TP Rate  FP Rate  Precision  Recall   F-Measure  MCC      ROC Area  PRC Area  Class
                 0.711    0.096    0.880      0.711    0.786      0.626    0.876     0.852     PD
                 0.904    0.289    0.757      0.904    0.824      0.626    0.876     0.854     SNP
Weighted Avg.    0.807    0.193    0.819      0.807    0.805      0.626    0.876     0.853     


=== Confusion Matrix ===

   a   b   <-- classified as
 324 132 |   a = PD
  44 412 |   b = SNP

