
Options: -I 500 -attribute-importance 

=== Classifier model (full training set) ===

RandomForest

Bagging with 500 iterations and base learner

weka.classifiers.trees.RandomTree -K 0 -M 1.0 -V 0.001 -S 1 -do-not-check-capabilities

Attribute importance based on average impurity decrease (and number of nodes using that attribute)

      0.79 (  1983)  SPhobic
      0.77 (  3889)  Relaccess
      0.68 (  1424)  CPhim
      0.62 (   822)  BCharge
      0.39 (  1268)  Interface
      0.2  (   605)  Voids
      0.19 (   577)  Delta5
      0.17 (   912)  Delta3
      0.16 (   669)  Delta4
      0.16 (  1048)  Delta1
      0.15 (   734)  Delta6
      0.15 ( 27784)  Clash
      0.13 (  1311)  Delta2
      0.13 (   751)  Delta7
      0.12 (   781)  Delta8
      0.12 (   997)  Glycine
      0.11 (  1612)  Delta10
      0.1  ( 18881)  Impact
      0.1  (   905)  Delta9
      0.08 (  1547)  Binding
      0.07 ( 10355)  Proline
      0.06 ( 15416)  HBonds


Time taken to build model: 14.85 seconds

Time taken to test model on training data: 0.54 seconds

=== Error on training data ===

Correctly Classified Instances         906               99.3421 %
Incorrectly Classified Instances         6                0.6579 %
Kappa statistic                          0.9868
Mean absolute error                      0.1525
Root mean squared error                  0.1652
Relative absolute error                 30.4923 %
Root relative squared error             33.041  %
Total Number of Instances              912     


=== Detailed Accuracy By Class ===

                 TP Rate  FP Rate  Precision  Recall   F-Measure  MCC      ROC Area  PRC Area  Class
                 0.989    0.002    0.998      0.989    0.993      0.987    1.000     1.000     PD
                 0.998    0.011    0.989      0.998    0.993      0.987    1.000     1.000     SNP
Weighted Avg.    0.993    0.007    0.993      0.993    0.993      0.987    1.000     1.000     


=== Confusion Matrix ===

   a   b   <-- classified as
 451   5 |   a = PD
   1 455 |   b = SNP

Time taken to perform cross-validation: 66.02 seconds


=== Stratified cross-validation ===

Correctly Classified Instances         724               79.386  %
Incorrectly Classified Instances       188               20.614  %
Kappa statistic                          0.5877
Mean absolute error                      0.4006
Root mean squared error                  0.4244
Relative absolute error                 80.1246 %
Root relative squared error             84.878  %
Total Number of Instances              912     


=== Detailed Accuracy By Class ===

                 TP Rate  FP Rate  Precision  Recall   F-Measure  MCC      ROC Area  PRC Area  Class
                 0.664    0.077    0.896      0.664    0.763      0.608    0.868     0.853     PD
                 0.923    0.336    0.733      0.923    0.817      0.608    0.868     0.837     SNP
Weighted Avg.    0.794    0.206    0.815      0.794    0.790      0.608    0.868     0.845     


=== Confusion Matrix ===

   a   b   <-- classified as
 303 153 |   a = PD
  35 421 |   b = SNP

