
Options: -I 1000 -attribute-importance 

=== Classifier model (full training set) ===

RandomForest

Bagging with 1000 iterations and base learner

weka.classifiers.trees.RandomTree -K 0 -M 1.0 -V 0.001 -S 1 -do-not-check-capabilities

Attribute importance based on average impurity decrease (and number of nodes using that attribute)

      0.76 (  8366)  Relaccess
      0.75 (  3090)  SPhobic
      0.68 (  2196)  CPhim
      0.61 (  1425)  BCharge
      0.38 (  2426)  Interface
      0.15 (  1746)  Delta5
      0.12 (  2007)  Delta8
      0.1  (  2389)  Delta4
      0.1  (  1828)  Delta6
      0.1  (  3547)  Delta10
      0.1  (  2493)  Delta9
      0.1  (  3483)  Delta2
      0.09 (  2186)  Delta3
      0.08 (  2090)  Glycine
      0.08 (  1732)  Delta7
      0.08 (106355)  Clash
      0.08 (  2116)  Voids
      0.07 (  2985)  Delta1
      0.07 ( 72534)  Impact
      0.06 (  5092)  Binding
      0.04 ( 38233)  Proline
      0.04 ( 55683)  HBonds


Time taken to build model: 36.11 seconds

Time taken to test model on training data: 2.03 seconds

=== Error on training data ===

Correctly Classified Instances         903               99.0132 %
Incorrectly Classified Instances         9                0.9868 %
Kappa statistic                          0.9803
Mean absolute error                      0.1532
Root mean squared error                  0.1685
Relative absolute error                 30.647  %
Root relative squared error             33.6907 %
Total Number of Instances              912     


=== Detailed Accuracy By Class ===

                 TP Rate  FP Rate  Precision  Recall   F-Measure  MCC      ROC Area  PRC Area  Class
                 0.991    0.011    0.989      0.991    0.990      0.980    1.000     1.000     PD
                 0.989    0.009    0.991      0.989    0.990      0.980    1.000     1.000     SNP
Weighted Avg.    0.990    0.010    0.990      0.990    0.990      0.980    1.000     1.000     


=== Confusion Matrix ===

   a   b   <-- classified as
 452   4 |   a = PD
   5 451 |   b = SNP

Time taken to perform cross-validation: 159.54 seconds


=== Stratified cross-validation ===

Correctly Classified Instances         719               78.8377 %
Incorrectly Classified Instances       193               21.1623 %
Kappa statistic                          0.5768
Mean absolute error                      0.3987
Root mean squared error                  0.4222
Relative absolute error                 79.7376 %
Root relative squared error             84.4423 %
Total Number of Instances              912     


=== Detailed Accuracy By Class ===

                 TP Rate  FP Rate  Precision  Recall   F-Measure  MCC      ROC Area  PRC Area  Class
                 0.697    0.121    0.853      0.697    0.767      0.587    0.862     0.840     PD
                 0.879    0.303    0.744      0.879    0.806      0.587    0.862     0.845     SNP
Weighted Avg.    0.788    0.212    0.798      0.788    0.787      0.587    0.862     0.842     


=== Confusion Matrix ===

   a   b   <-- classified as
 318 138 |   a = PD
  55 401 |   b = SNP

