
Options: -I 50 -attribute-importance 

=== Classifier model (full training set) ===

RandomForest

Bagging with 50 iterations and base learner

weka.classifiers.trees.RandomTree -K 0 -M 1.0 -V 0.001 -S 1 -do-not-check-capabilities

Attribute importance based on average impurity decrease (and number of nodes using that attribute)

      0.77 (   419)  Relaccess
      0.73 (   178)  SPhobic
      0.72 (   137)  CPhim
      0.55 (    95)  BCharge
      0.34 (   109)  Interface
      0.13 (   126)  Delta3
      0.12 (   133)  Delta1
      0.11 (    82)  Voids
      0.11 (    95)  Delta2
      0.1  (    90)  Delta7
      0.1  (  4002)  Clash
      0.1  (    75)  Delta6
      0.1  (    76)  Delta5
      0.1  (   124)  Delta9
      0.09 (   157)  Delta10
      0.08 (   105)  Delta8
      0.08 (    95)  Glycine
      0.08 (   125)  Delta4
      0.08 (  2799)  Impact
      0.06 (  1537)  Proline
      0.06 (   266)  Binding
      0.04 (  2273)  HBonds


Time taken to build model: 3.49 seconds

Time taken to test model on training data: 0.2 seconds

=== Error on training data ===

Correctly Classified Instances         905               99.2325 %
Incorrectly Classified Instances         7                0.7675 %
Kappa statistic                          0.9846
Mean absolute error                      0.1493
Root mean squared error                  0.1657
Relative absolute error                 29.858  %
Root relative squared error             33.1418 %
Total Number of Instances              912     


=== Detailed Accuracy By Class ===

                 TP Rate  FP Rate  Precision  Recall   F-Measure  MCC      ROC Area  PRC Area  Class
                 0.991    0.007    0.993      0.991    0.992      0.985    1.000     1.000     PD
                 0.993    0.009    0.991      0.993    0.992      0.985    1.000     1.000     SNP
Weighted Avg.    0.992    0.008    0.992      0.992    0.992      0.985    1.000     1.000     


=== Confusion Matrix ===

   a   b   <-- classified as
 452   4 |   a = PD
   3 453 |   b = SNP

Time taken to perform cross-validation: 13.04 seconds


=== Stratified cross-validation ===

Correctly Classified Instances         734               80.4825 %
Incorrectly Classified Instances       178               19.5175 %
Kappa statistic                          0.6096
Mean absolute error                      0.3892
Root mean squared error                  0.4146
Relative absolute error                 77.8322 %
Root relative squared error             82.9096 %
Total Number of Instances              912     


=== Detailed Accuracy By Class ===

                 TP Rate  FP Rate  Precision  Recall   F-Measure  MCC      ROC Area  PRC Area  Class
                 0.704    0.094    0.882      0.704    0.783      0.622    0.873     0.856     PD
                 0.906    0.296    0.754      0.906    0.823      0.622    0.873     0.848     SNP
Weighted Avg.    0.805    0.195    0.818      0.805    0.803      0.622    0.873     0.852     


=== Confusion Matrix ===

   a   b   <-- classified as
 321 135 |   a = PD
  43 413 |   b = SNP

