
Options: -I 100 -attribute-importance 

=== Classifier model (full training set) ===

RandomForest

Bagging with 100 iterations and base learner

weka.classifiers.trees.RandomTree -K 0 -M 1.0 -V 0.001 -S 1 -do-not-check-capabilities

Attribute importance based on average impurity decrease (and number of nodes using that attribute)

      0.78 (   330)  SPhobic
      0.77 (   779)  Relaccess
      0.65 (   209)  CPhim
      0.6  (   134)  BCharge
      0.41 (   221)  Interface
      0.19 (   177)  Delta5
      0.15 (   235)  Delta3
      0.14 (   206)  Delta6
      0.12 (   268)  Delta1
      0.11 (   226)  Delta8
      0.11 (   186)  Delta7
      0.11 (   252)  Delta9
      0.1  (   432)  Delta10
      0.1  (   367)  Delta2
      0.1  (   249)  Delta4
      0.1  (   191)  Voids
      0.09 (  9343)  Clash
      0.07 (   229)  Glycine
      0.07 (  6591)  Impact
      0.06 (   487)  Binding
      0.05 (  3379)  Proline
      0.03 (  5339)  HBonds


Time taken to build model: 5.39 seconds

Time taken to test model on training data: 0.28 seconds

=== Error on training data ===

Correctly Classified Instances         908               99.5614 %
Incorrectly Classified Instances         4                0.4386 %
Kappa statistic                          0.9912
Mean absolute error                      0.1502
Root mean squared error                  0.1627
Relative absolute error                 30.0482 %
Root relative squared error             32.5455 %
Total Number of Instances              912     


=== Detailed Accuracy By Class ===

                 TP Rate  FP Rate  Precision  Recall   F-Measure  MCC      ROC Area  PRC Area  Class
                 0.993    0.002    0.998      0.993    0.996      0.991    1.000     1.000     PD
                 0.998    0.007    0.993      0.998    0.996      0.991    1.000     1.000     SNP
Weighted Avg.    0.996    0.004    0.996      0.996    0.996      0.991    1.000     1.000     


=== Confusion Matrix ===

   a   b   <-- classified as
 453   3 |   a = PD
   1 455 |   b = SNP

Time taken to perform cross-validation: 25.95 seconds


=== Stratified cross-validation ===

Correctly Classified Instances         734               80.4825 %
Incorrectly Classified Instances       178               19.5175 %
Kappa statistic                          0.6096
Mean absolute error                      0.3911
Root mean squared error                  0.4132
Relative absolute error                 78.2245 %
Root relative squared error             82.6421 %
Total Number of Instances              912     


=== Detailed Accuracy By Class ===

                 TP Rate  FP Rate  Precision  Recall   F-Measure  MCC      ROC Area  PRC Area  Class
                 0.713    0.103    0.874      0.713    0.785      0.620    0.884     0.882     PD
                 0.897    0.287    0.757      0.897    0.821      0.620    0.884     0.861     SNP
Weighted Avg.    0.805    0.195    0.816      0.805    0.803      0.620    0.884     0.872     


=== Confusion Matrix ===

   a   b   <-- classified as
 325 131 |   a = PD
  47 409 |   b = SNP

