
Options: -I 500 -attribute-importance 

=== Classifier model (full training set) ===

RandomForest

Bagging with 500 iterations and base learner

weka.classifiers.trees.RandomTree -K 0 -M 1.0 -V 0.001 -S 1 -do-not-check-capabilities

Attribute importance based on average impurity decrease (and number of nodes using that attribute)

      0.76 (  3817)  Relaccess
      0.75 (  1511)  CPhim
      0.74 (  1693)  SPhobic
      0.6  (   841)  BCharge
      0.38 (  1157)  Interface
      0.2  (   893)  Delta8
      0.16 (   663)  Voids
      0.15 (  1408)  Delta10
      0.14 ( 26880)  Clash
      0.14 (  1037)  Delta9
      0.13 (  1153)  Delta1
      0.13 (   588)  Delta5
      0.12 (  1198)  Delta2
      0.12 (   964)  Delta4
      0.11 (   951)  Delta3
      0.11 (   729)  Delta7
      0.11 ( 18861)  Impact
      0.11 (   734)  Delta6
      0.08 (  1449)  Glycine
      0.08 ( 11151)  Proline
      0.07 (  1956)  Binding
      0.05 ( 14935)  HBonds


Time taken to build model: 15.78 seconds

Time taken to test model on training data: 0.55 seconds

=== Error on training data ===

Correctly Classified Instances         907               99.4518 %
Incorrectly Classified Instances         5                0.5482 %
Kappa statistic                          0.989 
Mean absolute error                      0.1478
Root mean squared error                  0.1603
Relative absolute error                 29.5521 %
Root relative squared error             32.0613 %
Total Number of Instances              912     


=== Detailed Accuracy By Class ===

                 TP Rate  FP Rate  Precision  Recall   F-Measure  MCC      ROC Area  PRC Area  Class
                 0.993    0.004    0.996      0.993    0.995      0.989    1.000     1.000     PD
                 0.996    0.007    0.993      0.996    0.995      0.989    1.000     1.000     SNP
Weighted Avg.    0.995    0.005    0.995      0.995    0.995      0.989    1.000     1.000     


=== Confusion Matrix ===

   a   b   <-- classified as
 453   3 |   a = PD
   2 454 |   b = SNP

Time taken to perform cross-validation: 69.34 seconds


=== Stratified cross-validation ===

Correctly Classified Instances         751               82.3465 %
Incorrectly Classified Instances       161               17.6535 %
Kappa statistic                          0.6469
Mean absolute error                      0.3871
Root mean squared error                  0.4108
Relative absolute error                 77.4267 %
Root relative squared error             82.1554 %
Total Number of Instances              912     


=== Detailed Accuracy By Class ===

                 TP Rate  FP Rate  Precision  Recall   F-Measure  MCC      ROC Area  PRC Area  Class
                 0.724    0.077    0.904      0.724    0.804      0.660    0.889     0.878     PD
                 0.923    0.276    0.770      0.923    0.839      0.660    0.889     0.867     SNP
Weighted Avg.    0.823    0.177    0.837      0.823    0.822      0.660    0.889     0.873     


=== Confusion Matrix ===

   a   b   <-- classified as
 330 126 |   a = PD
  35 421 |   b = SNP

