
Options: -I 1000 -attribute-importance 

=== Classifier model (full training set) ===

RandomForest

Bagging with 1000 iterations and base learner

weka.classifiers.trees.RandomTree -K 0 -M 1.0 -V 0.001 -S 1 -do-not-check-capabilities

Attribute importance based on average impurity decrease (and number of nodes using that attribute)

      0.79 (  8029)  Relaccess
      0.78 (  3269)  SPhobic
      0.71 (  2925)  CPhim
      0.61 (  1448)  BCharge
      0.38 (  2199)  Interface
      0.18 (  1148)  Voids
      0.17 (  1951)  Delta8
      0.17 (  3131)  Delta2
      0.17 (  2435)  Delta4
      0.16 (  1776)  Delta5
      0.16 ( 54143)  Clash
      0.16 (  1679)  Delta7
      0.14 (  2289)  Delta1
      0.13 (  3697)  Delta10
      0.13 (  2864)  Delta9
      0.13 (  1853)  Delta6
      0.13 (  2271)  Delta3
      0.12 (  2652)  Glycine
      0.12 ( 37740)  Impact
      0.1  ( 22434)  Proline
      0.1  (  2942)  Binding
      0.06 ( 29539)  HBonds


Time taken to build model: 30.14 seconds

Time taken to test model on training data: 1.02 seconds

=== Error on training data ===

Correctly Classified Instances         907               99.4518 %
Incorrectly Classified Instances         5                0.5482 %
Kappa statistic                          0.989 
Mean absolute error                      0.1482
Root mean squared error                  0.1611
Relative absolute error                 29.6429 %
Root relative squared error             32.2149 %
Total Number of Instances              912     


=== Detailed Accuracy By Class ===

                 TP Rate  FP Rate  Precision  Recall   F-Measure  MCC      ROC Area  PRC Area  Class
                 0.991    0.002    0.998      0.991    0.994      0.989    1.000     1.000     PD
                 0.998    0.009    0.991      0.998    0.995      0.989    1.000     1.000     SNP
Weighted Avg.    0.995    0.005    0.995      0.995    0.995      0.989    1.000     1.000     


=== Confusion Matrix ===

   a   b   <-- classified as
 452   4 |   a = PD
   1 455 |   b = SNP

Time taken to perform cross-validation: 107.31 seconds


=== Stratified cross-validation ===

Correctly Classified Instances         717               78.6184 %
Incorrectly Classified Instances       195               21.3816 %
Kappa statistic                          0.5724
Mean absolute error                      0.393 
Root mean squared error                  0.4163
Relative absolute error                 78.5999 %
Root relative squared error             83.2539 %
Total Number of Instances              912     


=== Detailed Accuracy By Class ===

                 TP Rate  FP Rate  Precision  Recall   F-Measure  MCC      ROC Area  PRC Area  Class
                 0.673    0.101    0.870      0.673    0.759      0.588    0.879     0.891     PD
                 0.899    0.327    0.733      0.899    0.808      0.588    0.879     0.854     SNP
Weighted Avg.    0.786    0.214    0.802      0.786    0.783      0.588    0.879     0.873     


=== Confusion Matrix ===

   a   b   <-- classified as
 307 149 |   a = PD
  46 410 |   b = SNP

