
Options: -I 100 -attribute-importance 

=== Classifier model (full training set) ===

RandomForest

Bagging with 100 iterations and base learner

weka.classifiers.trees.RandomTree -K 0 -M 1.0 -V 0.001 -S 1 -do-not-check-capabilities

Attribute importance based on average impurity decrease (and number of nodes using that attribute)

      0.79 (   389)  SPhobic
      0.77 (   773)  Relaccess
      0.67 (   283)  CPhim
      0.64 (   174)  BCharge
      0.4  (   261)  Interface
      0.19 (   111)  Voids
      0.18 (   122)  Delta5
      0.18 (   227)  Delta1
      0.17 (   151)  Delta6
      0.16 (   169)  Delta3
      0.16 (  5517)  Clash
      0.16 (   264)  Delta2
      0.15 (   143)  Delta4
      0.13 (   150)  Delta7
      0.11 (   331)  Delta10
      0.11 (   171)  Delta9
      0.11 (   149)  Delta8
      0.11 (  3700)  Impact
      0.09 (   191)  Glycine
      0.08 (   306)  Binding
      0.07 (  1936)  Proline
      0.06 (  3166)  HBonds


Time taken to build model: 4.31 seconds

Time taken to test model on training data: 0.76 seconds

=== Error on training data ===

Correctly Classified Instances         906               99.3421 %
Incorrectly Classified Instances         6                0.6579 %
Kappa statistic                          0.9868
Mean absolute error                      0.1532
Root mean squared error                  0.1668
Relative absolute error                 30.6372 %
Root relative squared error             33.362  %
Total Number of Instances              912     


=== Detailed Accuracy By Class ===

                 TP Rate  FP Rate  Precision  Recall   F-Measure  MCC      ROC Area  PRC Area  Class
                 0.991    0.004    0.996      0.991    0.993      0.987    1.000     1.000     PD
                 0.996    0.009    0.991      0.996    0.993      0.987    1.000     1.000     SNP
Weighted Avg.    0.993    0.007    0.993      0.993    0.993      0.987    1.000     1.000     


=== Confusion Matrix ===

   a   b   <-- classified as
 452   4 |   a = PD
   2 454 |   b = SNP

Time taken to perform cross-validation: 20.59 seconds


=== Stratified cross-validation ===

Correctly Classified Instances         716               78.5088 %
Incorrectly Classified Instances       196               21.4912 %
Kappa statistic                          0.5702
Mean absolute error                      0.3964
Root mean squared error                  0.4214
Relative absolute error                 79.2723 %
Root relative squared error             84.2756 %
Total Number of Instances              912     


=== Detailed Accuracy By Class ===

                 TP Rate  FP Rate  Precision  Recall   F-Measure  MCC      ROC Area  PRC Area  Class
                 0.654    0.083    0.887      0.654    0.753      0.591    0.871     0.856     PD
                 0.917    0.346    0.726      0.917    0.810      0.591    0.871     0.844     SNP
Weighted Avg.    0.785    0.215    0.806      0.785    0.781      0.591    0.871     0.850     


=== Confusion Matrix ===

   a   b   <-- classified as
 298 158 |   a = PD
  38 418 |   b = SNP

