
Options: -I 100 -K 34 -attribute-importance 

=== Classifier model (full training set) ===

RandomForest

Bagging with 100 iterations and base learner

weka.classifiers.trees.RandomTree -K 34 -M 1.0 -V 0.001 -S 1 -do-not-check-capabilities

Attribute importance based on average impurity decrease (and number of nodes using that attribute)

      0.93 (    26)  MLargest9
      0.92 (    57)  BCharge
      0.87 (   100)  Relaccess
      0.87 (   293)  SPhobic
      0.82 (   283)  CPhim
      0.6  (     5)  MLargest7
      0.58 (     1)  NLargest9
      0.54 (    28)  Voids
      0.47 (     2)  NLargest10
      0.43 (    91)  MLargest10
      0.3  (   330)  Proline
      0.23 (    22)  MLargest6
      0.22 (     3)  NLargest2
      0.17 (  8802)  Clash
      0.15 (   779)  HBonds
      0.05 (   316)  Glycine
      0.04 (  4422)  Impact
      0.04 (   363)  Binding
      0.04 (  4762)  MLargest1
      0.03 (   843)  MLargest2
      0.03 (     1)  NLargest1
      0.03 (    62)  MLargest4
      0.02 (     2)  NLargest5
      0.02 (     4)  MLargest8
      0.01 (     2)  NLargest3
      0.01 (    38)  MLargest3
      0.01 (     4)  MLargest5
      0    (     0)  SSGeom
      0    (     0)  Interface
      0    (     0)  CisPro
      0    (     0)  NLargest6
      0    (     0)  NLargest4


Time taken to build model: 11.36 seconds

Time taken to test model on training data: 0.13 seconds

=== Error on training data ===

Correctly Classified Instances         906               99.3421 %
Incorrectly Classified Instances         6                0.6579 %
Kappa statistic                          0.9868
Mean absolute error                      0.1863
Root mean squared error                  0.2002
Relative absolute error                 37.2646 %
Root relative squared error             40.0368 %
Total Number of Instances              912     


=== Detailed Accuracy By Class ===

                 TP Rate  FP Rate  Precision  Recall   F-Measure  MCC      ROC Area  PRC Area  Class
                 0.993    0.007    0.993      0.993    0.993      0.987    1.000     1.000     PD
                 0.993    0.007    0.993      0.993    0.993      0.987    1.000     1.000     SNP
Weighted Avg.    0.993    0.007    0.993      0.993    0.993      0.987    1.000     1.000     


=== Confusion Matrix ===

   a   b   <-- classified as
 453   3 |   a = PD
   3 453 |   b = SNP

Time taken to perform cross-validation: 57.31 seconds


=== Stratified cross-validation ===

Correctly Classified Instances         448               49.1228 %
Incorrectly Classified Instances       464               50.8772 %
Kappa statistic                         -0.0175
Mean absolute error                      0.4943
Root mean squared error                  0.5181
Relative absolute error                 98.8637 %
Root relative squared error            103.6092 %
Total Number of Instances              912     


=== Detailed Accuracy By Class ===

                 TP Rate  FP Rate  Precision  Recall   F-Measure  MCC      ROC Area  PRC Area  Class
                 0.252    0.270    0.483      0.252    0.331      -0.020   0.506     0.491     PD
                 0.730    0.748    0.494      0.730    0.589      -0.020   0.506     0.542     SNP
Weighted Avg.    0.491    0.509    0.489      0.491    0.460      -0.020   0.506     0.517     


=== Confusion Matrix ===

   a   b   <-- classified as
 115 341 |   a = PD
 123 333 |   b = SNP

