
Options: -I 50 -K 34 -attribute-importance 

=== Classifier model (full training set) ===

RandomForest

Bagging with 50 iterations and base learner

weka.classifiers.trees.RandomTree -K 34 -M 1.0 -V 0.001 -S 1 -do-not-check-capabilities

Attribute importance based on average impurity decrease (and number of nodes using that attribute)

      0.97 (     2)  MLargest7
      0.92 (    16)  MLargest9
      0.92 (    26)  BCharge
      0.87 (    50)  Relaccess
      0.86 (   155)  SPhobic
      0.82 (   138)  CPhim
      0.58 (     1)  NLargest9
      0.54 (    92)  Proline
      0.47 (     2)  NLargest10
      0.45 (    53)  MLargest10
      0.38 (    12)  Voids
      0.17 (  4372)  Clash
      0.17 (    12)  MLargest6
      0.16 (   390)  HBonds
      0.05 (  2249)  Impact
      0.04 (   171)  Glycine
      0.04 (   191)  Binding
      0.04 (  2520)  MLargest1
      0.03 (   343)  MLargest2
      0.02 (     1)  NLargest3
      0.02 (    39)  MLargest4
      0.01 (    22)  MLargest3
      0.01 (     1)  NLargest5
      0.01 (     1)  MLargest8
      0.01 (     1)  MLargest5
      0.01 (     1)  NLargest2
      0    (     0)  NLargest4
      0    (     0)  Interface
      0    (     0)  NLargest6
      0    (     0)  CisPro
      0    (     0)  SSGeom
      0    (     0)  NLargest1


Time taken to build model: 6.36 seconds

Time taken to test model on training data: 0.1 seconds

=== Error on training data ===

Correctly Classified Instances         906               99.3421 %
Incorrectly Classified Instances         6                0.6579 %
Kappa statistic                          0.9868
Mean absolute error                      0.1868
Root mean squared error                  0.2025
Relative absolute error                 37.3633 %
Root relative squared error             40.502  %
Total Number of Instances              912     


=== Detailed Accuracy By Class ===

                 TP Rate  FP Rate  Precision  Recall   F-Measure  MCC      ROC Area  PRC Area  Class
                 0.996    0.009    0.991      0.996    0.993      0.987    1.000     1.000     PD
                 0.991    0.004    0.996      0.991    0.993      0.987    1.000     1.000     SNP
Weighted Avg.    0.993    0.007    0.993      0.993    0.993      0.987    1.000     1.000     


=== Confusion Matrix ===

   a   b   <-- classified as
 454   2 |   a = PD
   4 452 |   b = SNP

Time taken to perform cross-validation: 32.55 seconds


=== Stratified cross-validation ===

Correctly Classified Instances         455               49.8904 %
Incorrectly Classified Instances       457               50.1096 %
Kappa statistic                         -0.0022
Mean absolute error                      0.4939
Root mean squared error                  0.5179
Relative absolute error                 98.7816 %
Root relative squared error            103.5793 %
Total Number of Instances              912     


=== Detailed Accuracy By Class ===

                 TP Rate  FP Rate  Precision  Recall   F-Measure  MCC      ROC Area  PRC Area  Class
                 0.417    0.419    0.499      0.417    0.454      -0.002   0.510     0.494     PD
                 0.581    0.583    0.499      0.581    0.537      -0.002   0.510     0.545     SNP
Weighted Avg.    0.499    0.501    0.499      0.499    0.495      -0.002   0.510     0.520     


=== Confusion Matrix ===

   a   b   <-- classified as
 190 266 |   a = PD
 191 265 |   b = SNP

