
Options: -I 100 -K 34 -attribute-importance 

=== Classifier model (full training set) ===

RandomForest

Bagging with 100 iterations and base learner

weka.classifiers.trees.RandomTree -K 34 -M 1.0 -V 0.001 -S 1 -do-not-check-capabilities

Attribute importance based on average impurity decrease (and number of nodes using that attribute)

      1    (     1)  MLargest9
      0.93 (    23)  MLargest2
      0.92 (   207)  BCharge
      0.91 (     3)  MLargest3
      0.91 (    51)  Proline
      0.91 (   376)  SPhobic
      0.87 (   100)  Relaccess
      0.83 (   292)  CPhim
      0.82 (     1)  Voids
      0.53 (   192)  HBonds
      0.41 (     7)  MLargest10
      0.19 (  6382)  Clash
      0.08 (  2322)  MLargest1
      0.07 (  3077)  Impact
      0.05 (   489)  Glycine
      0.04 (   635)  Binding
      0.01 (     1)  MLargest5
      0    (     1)  MLargest4
      0    (     1)  MLargest6
      0    (     0)  CisPro
      0    (     0)  Interface
      0    (     0)  MLargest8
      0    (     0)  NLargest9
      0    (     0)  SSGeom
      0    (     0)  NLargest5
      0    (     0)  NLargest6
      0    (     0)  NLargest4
      0    (     0)  NLargest1
      0    (     0)  NLargest10
      0    (     0)  NLargest2
      0    (     0)  NLargest3
      0    (     0)  MLargest7


Time taken to build model: 9.3 seconds

Time taken to test model on training data: 0.13 seconds

=== Error on training data ===

Correctly Classified Instances         909               99.6711 %
Incorrectly Classified Instances         3                0.3289 %
Kappa statistic                          0.9934
Mean absolute error                      0.1792
Root mean squared error                  0.1932
Relative absolute error                 35.8343 %
Root relative squared error             38.6422 %
Total Number of Instances              912     


=== Detailed Accuracy By Class ===

                 TP Rate  FP Rate  Precision  Recall   F-Measure  MCC      ROC Area  PRC Area  Class
                 0.998    0.004    0.996      0.998    0.997      0.993    1.000     1.000     PD
                 0.996    0.002    0.998      0.996    0.997      0.993    1.000     1.000     SNP
Weighted Avg.    0.997    0.003    0.997      0.997    0.997      0.993    1.000     1.000     


=== Confusion Matrix ===

   a   b   <-- classified as
 455   1 |   a = PD
   2 454 |   b = SNP

Time taken to perform cross-validation: 43.53 seconds


=== Stratified cross-validation ===

Correctly Classified Instances         481               52.7412 %
Incorrectly Classified Instances       431               47.2588 %
Kappa statistic                          0.0548
Mean absolute error                      0.4791
Root mean squared error                  0.5087
Relative absolute error                 95.809  %
Root relative squared error            101.7405 %
Total Number of Instances              912     


=== Detailed Accuracy By Class ===

                 TP Rate  FP Rate  Precision  Recall   F-Measure  MCC      ROC Area  PRC Area  Class
                 0.311    0.257    0.548      0.311    0.397      0.061    0.547     0.546     PD
                 0.743    0.689    0.519      0.743    0.611      0.061    0.547     0.582     SNP
Weighted Avg.    0.527    0.473    0.534      0.527    0.504      0.061    0.547     0.564     


=== Confusion Matrix ===

   a   b   <-- classified as
 142 314 |   a = PD
 117 339 |   b = SNP

