
Options: -I 1000 -K 34 -attribute-importance 

=== Classifier model (full training set) ===

RandomForest

Bagging with 1000 iterations and base learner

weka.classifiers.trees.RandomTree -K 34 -M 1.0 -V 0.001 -S 1 -do-not-check-capabilities

Attribute importance based on average impurity decrease (and number of nodes using that attribute)

      0.91 (  1692)  BCharge
      0.86 (  3828)  SPhobic
      0.86 (  1000)  Relaccess
      0.82 (  2371)  CPhim
      0.49 (   155)  MLargest9
      0.45 (  2529)  Proline
      0.23 (  1155)  MLargest10
      0.22 (     5)  NLargest9
      0.17 ( 84727)  Clash
      0.16 (    24)  MLargest5
      0.15 (   517)  Voids
      0.13 (  3725)  Glycine
      0.12 (   136)  MLargest3
      0.12 (  8602)  HBonds
      0.11 (   149)  MLargest4
      0.06 (     1)  NLargest6
      0.06 (     1)  NLargest5
      0.05 ( 37215)  MLargest1
      0.04 (  5451)  Binding
      0.04 (    13)  NLargest1
      0.04 (     4)  NLargest4
      0.04 ( 39544)  Impact
      0.03 ( 21974)  MLargest2
      0.03 (   235)  MLargest7
      0.03 (    98)  MLargest8
      0.03 (    88)  MLargest6
      0.02 (    30)  NLargest2
      0.02 (    15)  NLargest10
      0.02 (    26)  NLargest3
      0    (     0)  SSGeom
      0    (     0)  Interface
      0    (     0)  CisPro


Time taken to build model: 77.49 seconds

Time taken to test model on training data: 0.67 seconds

=== Error on training data ===

Correctly Classified Instances         908               99.5614 %
Incorrectly Classified Instances         4                0.4386 %
Kappa statistic                          0.9912
Mean absolute error                      0.1829
Root mean squared error                  0.1952
Relative absolute error                 36.5778 %
Root relative squared error             39.044  %
Total Number of Instances              912     


=== Detailed Accuracy By Class ===

                 TP Rate  FP Rate  Precision  Recall   F-Measure  MCC      ROC Area  PRC Area  Class
                 0.998    0.007    0.993      0.998    0.996      0.991    1.000     1.000     PD
                 0.993    0.002    0.998      0.993    0.996      0.991    1.000     1.000     SNP
Weighted Avg.    0.996    0.004    0.996      0.996    0.996      0.991    1.000     1.000     


=== Confusion Matrix ===

   a   b   <-- classified as
 455   1 |   a = PD
   3 453 |   b = SNP

Time taken to perform cross-validation: 315.6 seconds


=== Stratified cross-validation ===

Correctly Classified Instances         469               51.4254 %
Incorrectly Classified Instances       443               48.5746 %
Kappa statistic                          0.0285
Mean absolute error                      0.4842
Root mean squared error                  0.5107
Relative absolute error                 96.8417 %
Root relative squared error            102.1466 %
Total Number of Instances              912     


=== Detailed Accuracy By Class ===

                 TP Rate  FP Rate  Precision  Recall   F-Measure  MCC      ROC Area  PRC Area  Class
                 0.660    0.632    0.511      0.660    0.576      0.030    0.527     0.534     PD
                 0.368    0.340    0.520      0.368    0.431      0.030    0.527     0.561     SNP
Weighted Avg.    0.514    0.486    0.516      0.514    0.504      0.030    0.527     0.547     


=== Confusion Matrix ===

   a   b   <-- classified as
 301 155 |   a = PD
 288 168 |   b = SNP

