
Options: -I 100 -K 34 -attribute-importance 

=== Classifier model (full training set) ===

RandomForest

Bagging with 100 iterations and base learner

weka.classifiers.trees.RandomTree -K 34 -M 1.0 -V 0.001 -S 1 -do-not-check-capabilities

Attribute importance based on average impurity decrease (and number of nodes using that attribute)

      1    (     1)  NLargest1
      0.99 (     2)  MLargest7
      0.95 (    41)  MLargest4
      0.95 (    62)  Proline
      0.95 (     8)  Voids
      0.92 (   191)  BCharge
      0.92 (     1)  MLargest5
      0.88 (    70)  MLargest10
      0.87 (   100)  Relaccess
      0.86 (   258)  CPhim
      0.83 (   384)  SPhobic
      0.82 (     7)  MLargest9
      0.74 (     1)  MLargest6
      0.72 (    40)  MLargest2
      0.61 (   205)  HBonds
      0.57 (     5)  MLargest3
      0.34 (     3)  MLargest8
      0.2  (  6579)  Clash
      0.06 (     1)  NLargest6
      0.06 (  1660)  MLargest1
      0.05 (  3695)  Impact
      0.05 (   310)  Glycine
      0.04 (   653)  Binding
      0    (     0)  CisPro
      0    (     0)  NLargest9
      0    (     0)  SSGeom
      0    (     0)  Interface
      0    (     0)  NLargest4
      0    (     0)  NLargest5
      0    (     0)  NLargest3
      0    (     0)  NLargest10
      0    (     0)  NLargest2


Time taken to build model: 6.13 seconds

Time taken to test model on training data: 0.27 seconds

=== Error on training data ===

Correctly Classified Instances         906               99.3421 %
Incorrectly Classified Instances         6                0.6579 %
Kappa statistic                          0.9868
Mean absolute error                      0.1865
Root mean squared error                  0.2011
Relative absolute error                 37.3084 %
Root relative squared error             40.2173 %
Total Number of Instances              912     


=== Detailed Accuracy By Class ===

                 TP Rate  FP Rate  Precision  Recall   F-Measure  MCC      ROC Area  PRC Area  Class
                 0.993    0.007    0.993      0.993    0.993      0.987    1.000     1.000     PD
                 0.993    0.007    0.993      0.993    0.993      0.987    1.000     1.000     SNP
Weighted Avg.    0.993    0.007    0.993      0.993    0.993      0.987    1.000     1.000     


=== Confusion Matrix ===

   a   b   <-- classified as
 453   3 |   a = PD
   3 453 |   b = SNP

Time taken to perform cross-validation: 42.29 seconds


=== Stratified cross-validation ===

Correctly Classified Instances         449               49.2325 %
Incorrectly Classified Instances       463               50.7675 %
Kappa statistic                         -0.0154
Mean absolute error                      0.4948
Root mean squared error                  0.5215
Relative absolute error                 98.9658 %
Root relative squared error            104.2963 %
Total Number of Instances              912     


=== Detailed Accuracy By Class ===

                 TP Rate  FP Rate  Precision  Recall   F-Measure  MCC      ROC Area  PRC Area  Class
                 0.252    0.268    0.485      0.252    0.332      -0.018   0.501     0.484     PD
                 0.732    0.748    0.495      0.732    0.591      -0.018   0.501     0.552     SNP
Weighted Avg.    0.492    0.508    0.490      0.492    0.461      -0.018   0.501     0.518     


=== Confusion Matrix ===

   a   b   <-- classified as
 115 341 |   a = PD
 122 334 |   b = SNP

