
Options: -I 1000 -K 34 -attribute-importance 

=== Classifier model (full training set) ===

RandomForest

Bagging with 1000 iterations and base learner

weka.classifiers.trees.RandomTree -K 34 -M 1.0 -V 0.001 -S 1 -do-not-check-capabilities

Attribute importance based on average impurity decrease (and number of nodes using that attribute)

      0.93 (   148)  Voids
      0.91 (   922)  Proline
      0.9  (  2440)  SPhobic
      0.89 (   409)  MLargest4
      0.88 (  1000)  Relaccess
      0.86 (  3048)  CPhim
      0.86 (  2170)  BCharge
      0.59 (    48)  MLargest9
      0.53 (    21)  MLargest5
      0.46 (   142)  MLargest10
      0.42 (   956)  HBonds
      0.37 (    43)  MLargest7
      0.33 (    72)  MLargest3
      0.26 (    16)  MLargest6
      0.23 (    25)  MLargest8
      0.19 ( 61853)  Clash
      0.18 (   290)  MLargest2
      0.08 (     7)  NLargest9
      0.08 (     2)  NLargest6
      0.08 (     6)  NLargest10
      0.07 (     3)  NLargest4
      0.07 ( 17948)  MLargest1
      0.07 (     8)  NLargest1
      0.06 (     1)  NLargest5
      0.06 (     7)  NLargest2
      0.05 ( 35347)  Impact
      0.05 (     3)  NLargest3
      0.04 (  4929)  Glycine
      0.04 (  8054)  Binding
      0    (     0)  Interface
      0    (     0)  SSGeom
      0    (     0)  CisPro


Time taken to build model: 51.22 seconds

Time taken to test model on training data: 0.6 seconds

=== Error on training data ===

Correctly Classified Instances         905               99.2325 %
Incorrectly Classified Instances         7                0.7675 %
Kappa statistic                          0.9846
Mean absolute error                      0.1839
Root mean squared error                  0.1976
Relative absolute error                 36.7899 %
Root relative squared error             39.5145 %
Total Number of Instances              912     


=== Detailed Accuracy By Class ===

                 TP Rate  FP Rate  Precision  Recall   F-Measure  MCC      ROC Area  PRC Area  Class
                 0.996    0.011    0.989      0.996    0.992      0.985    1.000     1.000     PD
                 0.989    0.004    0.996      0.989    0.992      0.985    1.000     1.000     SNP
Weighted Avg.    0.992    0.008    0.992      0.992    0.992      0.985    1.000     1.000     


=== Confusion Matrix ===

   a   b   <-- classified as
 454   2 |   a = PD
   5 451 |   b = SNP

Time taken to perform cross-validation: 223.23 seconds


=== Stratified cross-validation ===

Correctly Classified Instances         463               50.7675 %
Incorrectly Classified Instances       449               49.2325 %
Kappa statistic                          0.0154
Mean absolute error                      0.4885
Root mean squared error                  0.515 
Relative absolute error                 97.7044 %
Root relative squared error            103.0024 %
Total Number of Instances              912     


=== Detailed Accuracy By Class ===

                 TP Rate  FP Rate  Precision  Recall   F-Measure  MCC      ROC Area  PRC Area  Class
                 0.651    0.636    0.506      0.651    0.570      0.016    0.512     0.504     PD
                 0.364    0.349    0.511      0.364    0.425      0.016    0.512     0.563     SNP
Weighted Avg.    0.508    0.492    0.508      0.508    0.497      0.016    0.512     0.533     


=== Confusion Matrix ===

   a   b   <-- classified as
 297 159 |   a = PD
 290 166 |   b = SNP

