
Options: -I 1000 -K 34 -attribute-importance 

=== Classifier model (full training set) ===

RandomForest

Bagging with 1000 iterations and base learner

weka.classifiers.trees.RandomTree -K 34 -M 1.0 -V 0.001 -S 1 -do-not-check-capabilities

Attribute importance based on average impurity decrease (and number of nodes using that attribute)

      0.91 (   834)  BCharge
      0.87 (  1000)  Relaccess
      0.86 (  2860)  SPhobic
      0.86 (   287)  MLargest9
      0.81 (  2819)  CPhim
      0.6  (   326)  Voids
      0.48 (    11)  NLargest9
      0.38 (   957)  MLargest10
      0.37 (    58)  MLargest7
      0.22 (  3938)  Proline
      0.18 ( 82980)  Clash
      0.17 (   214)  MLargest6
      0.17 (  6259)  HBonds
      0.14 (    13)  NLargest4
      0.11 (    55)  MLargest5
      0.1  (   250)  MLargest3
      0.1  (    12)  NLargest10
      0.07 (    12)  NLargest2
      0.04 (  3395)  Glycine
      0.04 ( 49917)  Impact
      0.04 (  3850)  Binding
      0.04 ( 44708)  MLargest1
      0.03 (   524)  MLargest4
      0.03 (     6)  NLargest1
      0.03 (  8247)  MLargest2
      0.03 (     6)  NLargest6
      0.02 (    56)  MLargest8
      0.02 (    10)  NLargest3
      0.02 (     6)  NLargest5
      0    (     0)  Interface
      0    (     0)  CisPro
      0    (     0)  SSGeom


Time taken to build model: 62.55 seconds

Time taken to test model on training data: 0.75 seconds

=== Error on training data ===

Correctly Classified Instances         906               99.3421 %
Incorrectly Classified Instances         6                0.6579 %
Kappa statistic                          0.9868
Mean absolute error                      0.1865
Root mean squared error                  0.1987
Relative absolute error                 37.297  %
Root relative squared error             39.739  %
Total Number of Instances              912     


=== Detailed Accuracy By Class ===

                 TP Rate  FP Rate  Precision  Recall   F-Measure  MCC      ROC Area  PRC Area  Class
                 0.989    0.002    0.998      0.989    0.993      0.987    1.000     1.000     PD
                 0.998    0.011    0.989      0.998    0.993      0.987    1.000     1.000     SNP
Weighted Avg.    0.993    0.007    0.993      0.993    0.993      0.987    1.000     1.000     


=== Confusion Matrix ===

   a   b   <-- classified as
 451   5 |   a = PD
   1 455 |   b = SNP

Time taken to perform cross-validation: 326.96 seconds


=== Stratified cross-validation ===

Correctly Classified Instances         451               49.4518 %
Incorrectly Classified Instances       461               50.5482 %
Kappa statistic                         -0.011 
Mean absolute error                      0.4946
Root mean squared error                  0.5181
Relative absolute error                 98.9237 %
Root relative squared error            103.6285 %
Total Number of Instances              912     


=== Detailed Accuracy By Class ===

                 TP Rate  FP Rate  Precision  Recall   F-Measure  MCC      ROC Area  PRC Area  Class
                 0.632    0.643    0.496      0.632    0.555      -0.011   0.500     0.492     PD
                 0.357    0.368    0.492      0.357    0.414      -0.011   0.500     0.536     SNP
Weighted Avg.    0.495    0.505    0.494      0.495    0.485      -0.011   0.500     0.514     


=== Confusion Matrix ===

   a   b   <-- classified as
 288 168 |   a = PD
 293 163 |   b = SNP

