
Options: -I 50 -K 34 -attribute-importance 

=== Classifier model (full training set) ===

RandomForest

Bagging with 50 iterations and base learner

weka.classifiers.trees.RandomTree -K 34 -M 1.0 -V 0.001 -S 1 -do-not-check-capabilities

Attribute importance based on average impurity decrease (and number of nodes using that attribute)

      0.97 (     1)  MLargest7
      0.97 (    22)  MLargest4
      0.96 (     2)  MLargest3
      0.96 (     4)  MLargest9
      0.95 (    36)  Proline
      0.94 (     6)  Voids
      0.92 (     1)  MLargest5
      0.91 (    83)  BCharge
      0.9  (    33)  MLargest10
      0.87 (    50)  Relaccess
      0.86 (   125)  CPhim
      0.82 (   208)  SPhobic
      0.66 (    19)  MLargest2
      0.63 (   106)  HBonds
      0.5  (     2)  MLargest8
      0.21 (  3087)  Clash
      0.06 (   892)  MLargest1
      0.05 (  1991)  Impact
      0.05 (   173)  Glycine
      0.04 (   319)  Binding
      0    (     0)  CisPro
      0    (     0)  Interface
      0    (     0)  NLargest5
      0    (     0)  SSGeom
      0    (     0)  NLargest4
      0    (     0)  NLargest10
      0    (     0)  NLargest3
      0    (     0)  NLargest2
      0    (     0)  NLargest1
      0    (     0)  MLargest6
      0    (     0)  NLargest6
      0    (     0)  NLargest9


Time taken to build model: 6.99 seconds

Time taken to test model on training data: 0.07 seconds

=== Error on training data ===

Correctly Classified Instances         906               99.3421 %
Incorrectly Classified Instances         6                0.6579 %
Kappa statistic                          0.9868
Mean absolute error                      0.1873
Root mean squared error                  0.2033
Relative absolute error                 37.4526 %
Root relative squared error             40.6678 %
Total Number of Instances              912     


=== Detailed Accuracy By Class ===

                 TP Rate  FP Rate  Precision  Recall   F-Measure  MCC      ROC Area  PRC Area  Class
                 0.998    0.011    0.989      0.998    0.993      0.987    1.000     1.000     PD
                 0.989    0.002    0.998      0.989    0.993      0.987    1.000     1.000     SNP
Weighted Avg.    0.993    0.007    0.993      0.993    0.993      0.987    1.000     1.000     


=== Confusion Matrix ===

   a   b   <-- classified as
 455   1 |   a = PD
   5 451 |   b = SNP

Time taken to perform cross-validation: 20.21 seconds


=== Stratified cross-validation ===

Correctly Classified Instances         432               47.3684 %
Incorrectly Classified Instances       480               52.6316 %
Kappa statistic                         -0.0526
Mean absolute error                      0.4949
Root mean squared error                  0.5212
Relative absolute error                 98.981  %
Root relative squared error            104.2417 %
Total Number of Instances              912     


=== Detailed Accuracy By Class ===

                 TP Rate  FP Rate  Precision  Recall   F-Measure  MCC      ROC Area  PRC Area  Class
                 0.368    0.421    0.467      0.368    0.412      -0.054   0.486     0.476     PD
                 0.579    0.632    0.478      0.579    0.524      -0.054   0.486     0.545     SNP
Weighted Avg.    0.474    0.526    0.472      0.474    0.468      -0.054   0.486     0.511     


=== Confusion Matrix ===

   a   b   <-- classified as
 168 288 |   a = PD
 192 264 |   b = SNP

