
Options: -I 50 -K 34 -attribute-importance 

=== Classifier model (full training set) ===

RandomForest

Bagging with 50 iterations and base learner

weka.classifiers.trees.RandomTree -K 34 -M 1.0 -V 0.001 -S 1 -do-not-check-capabilities

Attribute importance based on average impurity decrease (and number of nodes using that attribute)

      0.91 (    85)  BCharge
      0.86 (    50)  Relaccess
      0.85 (     1)  MLargest5
      0.84 (   177)  SPhobic
      0.82 (   120)  CPhim
      0.49 (     6)  MLargest9
      0.37 (   125)  Proline
      0.31 (     6)  MLargest4
      0.3  (    44)  MLargest10
      0.21 (    31)  Voids
      0.21 (     5)  MLargest3
      0.17 (  4046)  Clash
      0.13 (   385)  HBonds
      0.12 (   212)  Glycine
      0.05 (  1621)  MLargest1
      0.05 (   287)  Binding
      0.04 (  1043)  MLargest2
      0.04 (  2030)  Impact
      0.02 (     4)  MLargest8
      0.02 (    14)  MLargest7
      0.02 (     6)  MLargest6
      0    (     0)  NLargest5
      0    (     0)  CisPro
      0    (     0)  NLargest9
      0    (     0)  SSGeom
      0    (     0)  NLargest6
      0    (     0)  NLargest4
      0    (     0)  NLargest1
      0    (     0)  NLargest3
      0    (     0)  NLargest10
      0    (     0)  NLargest2
      0    (     0)  Interface


Time taken to build model: 8.65 seconds

Time taken to test model on training data: 0.09 seconds

=== Error on training data ===

Correctly Classified Instances         908               99.5614 %
Incorrectly Classified Instances         4                0.4386 %
Kappa statistic                          0.9912
Mean absolute error                      0.1833
Root mean squared error                  0.1993
Relative absolute error                 36.6595 %
Root relative squared error             39.8592 %
Total Number of Instances              912     


=== Detailed Accuracy By Class ===

                 TP Rate  FP Rate  Precision  Recall   F-Measure  MCC      ROC Area  PRC Area  Class
                 0.996    0.004    0.996      0.996    0.996      0.991    1.000     1.000     PD
                 0.996    0.004    0.996      0.996    0.996      0.991    1.000     1.000     SNP
Weighted Avg.    0.996    0.004    0.996      0.996    0.996      0.991    1.000     1.000     


=== Confusion Matrix ===

   a   b   <-- classified as
 454   2 |   a = PD
   2 454 |   b = SNP

Time taken to perform cross-validation: 26.86 seconds


=== Stratified cross-validation ===

Correctly Classified Instances         463               50.7675 %
Incorrectly Classified Instances       449               49.2325 %
Kappa statistic                          0.0154
Mean absolute error                      0.4845
Root mean squared error                  0.5117
Relative absolute error                 96.9051 %
Root relative squared error            102.343  %
Total Number of Instances              912     


=== Detailed Accuracy By Class ===

                 TP Rate  FP Rate  Precision  Recall   F-Measure  MCC      ROC Area  PRC Area  Class
                 0.423    0.408    0.509      0.423    0.462      0.016    0.528     0.531     PD
                 0.592    0.577    0.507      0.592    0.546      0.016    0.528     0.561     SNP
Weighted Avg.    0.508    0.492    0.508      0.508    0.504      0.016    0.528     0.546     


=== Confusion Matrix ===

   a   b   <-- classified as
 193 263 |   a = PD
 186 270 |   b = SNP

