
Options: -I 100 -K 34 -attribute-importance 

=== Classifier model (full training set) ===

RandomForest

Bagging with 100 iterations and base learner

weka.classifiers.trees.RandomTree -K 34 -M 1.0 -V 0.001 -S 1 -do-not-check-capabilities

Attribute importance based on average impurity decrease (and number of nodes using that attribute)

      0.97 (    18)  Voids
      0.94 (     3)  MLargest7
      0.9  (    82)  Proline
      0.9  (   266)  SPhobic
      0.88 (   100)  Relaccess
      0.86 (   295)  CPhim
      0.86 (    47)  MLargest4
      0.85 (   195)  BCharge
      0.69 (     8)  MLargest10
      0.49 (    10)  MLargest2
      0.41 (    96)  HBonds
      0.39 (     5)  MLargest3
      0.19 (  6313)  Clash
      0.08 (  1815)  MLargest1
      0.06 (     1)  NLargest2
      0.05 (  3479)  Impact
      0.04 (   484)  Glycine
      0.04 (   809)  Binding
      0.01 (     1)  MLargest9
      0    (     0)  Interface
      0    (     0)  CisPro
      0    (     0)  SSGeom
      0    (     0)  NLargest5
      0    (     0)  NLargest4
      0    (     0)  NLargest10
      0    (     0)  NLargest3
      0    (     0)  NLargest9
      0    (     0)  NLargest1
      0    (     0)  MLargest8
      0    (     0)  NLargest6
      0    (     0)  MLargest6
      0    (     0)  MLargest5


Time taken to build model: 7.9 seconds

Time taken to test model on training data: 0.13 seconds

=== Error on training data ===

Correctly Classified Instances         905               99.2325 %
Incorrectly Classified Instances         7                0.7675 %
Kappa statistic                          0.9846
Mean absolute error                      0.1838
Root mean squared error                  0.1989
Relative absolute error                 36.7542 %
Root relative squared error             39.7772 %
Total Number of Instances              912     


=== Detailed Accuracy By Class ===

                 TP Rate  FP Rate  Precision  Recall   F-Measure  MCC      ROC Area  PRC Area  Class
                 0.993    0.009    0.991      0.993    0.992      0.985    1.000     1.000     PD
                 0.991    0.007    0.993      0.991    0.992      0.985    1.000     1.000     SNP
Weighted Avg.    0.992    0.008    0.992      0.992    0.992      0.985    1.000     1.000     


=== Confusion Matrix ===

   a   b   <-- classified as
 453   3 |   a = PD
   4 452 |   b = SNP

Time taken to perform cross-validation: 38.82 seconds


=== Stratified cross-validation ===

Correctly Classified Instances         455               49.8904 %
Incorrectly Classified Instances       457               50.1096 %
Kappa statistic                         -0.0022
Mean absolute error                      0.489 
Root mean squared error                  0.5153
Relative absolute error                 97.7965 %
Root relative squared error            103.0601 %
Total Number of Instances              912     


=== Detailed Accuracy By Class ===

                 TP Rate  FP Rate  Precision  Recall   F-Measure  MCC      ROC Area  PRC Area  Class
                 0.259    0.261    0.498      0.259    0.341      -0.003   0.518     0.505     PD
                 0.739    0.741    0.499      0.739    0.596      -0.003   0.518     0.562     SNP
Weighted Avg.    0.499    0.501    0.499      0.499    0.468      -0.003   0.518     0.533     


=== Confusion Matrix ===

   a   b   <-- classified as
 118 338 |   a = PD
 119 337 |   b = SNP

