
Options: -I 100 -K 34 -attribute-importance 

=== Classifier model (full training set) ===

RandomForest

Bagging with 100 iterations and base learner

weka.classifiers.trees.RandomTree -K 34 -M 1.0 -V 0.001 -S 1 -do-not-check-capabilities

Attribute importance based on average impurity decrease (and number of nodes using that attribute)

      0.9  (   204)  BCharge
      0.87 (   100)  Relaccess
      0.82 (   380)  SPhobic
      0.8  (   203)  CPhim
      0.23 (     4)  NLargest2
      0.23 (   564)  Proline
      0.15 (   129)  MLargest10
      0.15 (     8)  MLargest7
      0.14 (    78)  Voids
      0.13 (     8)  MLargest8
      0.13 (  8790)  Clash
      0.08 (    16)  MLargest6
      0.07 (    21)  MLargest3
      0.06 (  1330)  HBonds
      0.05 (  4954)  MLargest1
      0.05 (  5138)  Impact
      0.04 (   282)  Glycine
      0.04 (    51)  MLargest4
      0.04 (     4)  MLargest9
      0.04 (   292)  Binding
      0.03 (  1925)  MLargest2
      0.02 (     2)  NLargest10
      0.02 (     4)  MLargest5
      0.02 (     1)  NLargest3
      0.01 (     1)  NLargest6
      0.01 (     2)  NLargest4
      0.01 (     2)  NLargest1
      0    (     0)  SSGeom
      0    (     0)  CisPro
      0    (     0)  NLargest5
      0    (     0)  Interface
      0    (     0)  NLargest9


Time taken to build model: 10.04 seconds

Time taken to test model on training data: 0.12 seconds

=== Error on training data ===

Correctly Classified Instances         905               99.2325 %
Incorrectly Classified Instances         7                0.7675 %
Kappa statistic                          0.9846
Mean absolute error                      0.1858
Root mean squared error                  0.199 
Relative absolute error                 37.154  %
Root relative squared error             39.8014 %
Total Number of Instances              912     


=== Detailed Accuracy By Class ===

                 TP Rate  FP Rate  Precision  Recall   F-Measure  MCC      ROC Area  PRC Area  Class
                 0.991    0.007    0.993      0.991    0.992      0.985    1.000     1.000     PD
                 0.993    0.009    0.991      0.993    0.992      0.985    1.000     1.000     SNP
Weighted Avg.    0.992    0.008    0.992      0.992    0.992      0.985    1.000     1.000     


=== Confusion Matrix ===

   a   b   <-- classified as
 452   4 |   a = PD
   3 453 |   b = SNP

Time taken to perform cross-validation: 63.92 seconds


=== Stratified cross-validation ===

Correctly Classified Instances         459               50.3289 %
Incorrectly Classified Instances       453               49.6711 %
Kappa statistic                          0.0066
Mean absolute error                      0.4912
Root mean squared error                  0.5137
Relative absolute error                 98.2423 %
Root relative squared error            102.7317 %
Total Number of Instances              912     


=== Detailed Accuracy By Class ===

                 TP Rate  FP Rate  Precision  Recall   F-Measure  MCC      ROC Area  PRC Area  Class
                 0.268    0.261    0.506      0.268    0.350      0.007    0.510     0.510     PD
                 0.739    0.732    0.502      0.739    0.598      0.007    0.510     0.529     SNP
Weighted Avg.    0.503    0.497    0.504      0.503    0.474      0.007    0.510     0.520     


=== Confusion Matrix ===

   a   b   <-- classified as
 122 334 |   a = PD
 119 337 |   b = SNP

