
Options: -I 50 -K 34 -attribute-importance 

=== Classifier model (full training set) ===

RandomForest

Bagging with 50 iterations and base learner

weka.classifiers.trees.RandomTree -K 34 -M 1.0 -V 0.001 -S 1 -do-not-check-capabilities

Attribute importance based on average impurity decrease (and number of nodes using that attribute)

      0.91 (    76)  BCharge
      0.88 (     4)  MLargest9
      0.86 (    50)  Relaccess
      0.83 (   168)  SPhobic
      0.81 (     3)  MLargest7
      0.74 (   124)  CPhim
      0.56 (   125)  Proline
      0.39 (    55)  MLargest4
      0.26 (     4)  MLargest8
      0.19 (   350)  HBonds
      0.15 (  4132)  Clash
      0.14 (     8)  MLargest3
      0.11 (   218)  Binding
      0.1  (   280)  Glycine
      0.08 (    24)  MLargest10
      0.06 (  1834)  Impact
      0.05 (  2265)  MLargest1
      0.04 (     1)  NLargest3
      0.04 (    24)  Voids
      0.03 (   417)  MLargest2
      0.03 (     1)  NLargest10
      0.01 (     8)  MLargest6
      0.01 (     1)  NLargest6
      0.01 (     2)  MLargest5
      0    (     0)  CisPro
      0    (     0)  NLargest5
      0    (     0)  Interface
      0    (     0)  NLargest1
      0    (     0)  NLargest2
      0    (     0)  SSGeom
      0    (     0)  NLargest4
      0    (     0)  NLargest9


Time taken to build model: 5.63 seconds

Time taken to test model on training data: 0.07 seconds

=== Error on training data ===

Correctly Classified Instances         906               99.3421 %
Incorrectly Classified Instances         6                0.6579 %
Kappa statistic                          0.9868
Mean absolute error                      0.1845
Root mean squared error                  0.2001
Relative absolute error                 36.9074 %
Root relative squared error             40.0107 %
Total Number of Instances              912     


=== Detailed Accuracy By Class ===

                 TP Rate  FP Rate  Precision  Recall   F-Measure  MCC      ROC Area  PRC Area  Class
                 0.996    0.009    0.991      0.996    0.993      0.987    1.000     1.000     PD
                 0.991    0.004    0.996      0.991    0.993      0.987    1.000     1.000     SNP
Weighted Avg.    0.993    0.007    0.993      0.993    0.993      0.987    1.000     1.000     


=== Confusion Matrix ===

   a   b   <-- classified as
 454   2 |   a = PD
   4 452 |   b = SNP

Time taken to perform cross-validation: 29.92 seconds


=== Stratified cross-validation ===

Correctly Classified Instances         456               50      %
Incorrectly Classified Instances       456               50      %
Kappa statistic                          0     
Mean absolute error                      0.4892
Root mean squared error                  0.5144
Relative absolute error                 97.8456 %
Root relative squared error            102.8795 %
Total Number of Instances              912     


=== Detailed Accuracy By Class ===

                 TP Rate  FP Rate  Precision  Recall   F-Measure  MCC      ROC Area  PRC Area  Class
                 0.412    0.412    0.500      0.412    0.452      0.000    0.515     0.502     PD
                 0.588    0.588    0.500      0.588    0.540      0.000    0.515     0.561     SNP
Weighted Avg.    0.500    0.500    0.500      0.500    0.496      0.000    0.515     0.532     


=== Confusion Matrix ===

   a   b   <-- classified as
 188 268 |   a = PD
 188 268 |   b = SNP

