
Options: -I 500 -K 34 -attribute-importance 

=== Classifier model (full training set) ===

RandomForest

Bagging with 500 iterations and base learner

weka.classifiers.trees.RandomTree -K 34 -M 1.0 -V 0.001 -S 1 -do-not-check-capabilities

Attribute importance based on average impurity decrease (and number of nodes using that attribute)

      0.92 (  1244)  BCharge
      0.88 (  2171)  SPhobic
      0.85 (   500)  Relaccess
      0.81 (  1264)  CPhim
      0.74 (    71)  MLargest9
      0.32 (  2055)  Proline
      0.25 (    27)  MLargest7
      0.22 (  3431)  HBonds
      0.18 (   280)  Voids
      0.18 ( 45729)  Clash
      0.16 (     6)  NLargest10
      0.15 (     8)  NLargest2
      0.12 (    28)  MLargest5
      0.08 (   360)  MLargest10
      0.07 (   133)  MLargest3
      0.06 (     1)  NLargest9
      0.06 (   371)  MLargest4
      0.05 ( 23785)  MLargest1
      0.04 ( 21888)  Impact
      0.04 (    37)  MLargest8
      0.04 (  1280)  Glycine
      0.04 (     5)  NLargest1
      0.04 (  4215)  MLargest2
      0.03 (  1621)  Binding
      0.03 (     9)  NLargest3
      0.02 (     5)  NLargest4
      0.02 (   111)  MLargest6
      0.02 (     3)  NLargest6
      0    (     0)  Interface
      0    (     0)  NLargest5
      0    (     0)  SSGeom
      0    (     0)  CisPro


Time taken to build model: 34.86 seconds

Time taken to test model on training data: 0.39 seconds

=== Error on training data ===

Correctly Classified Instances         906               99.3421 %
Incorrectly Classified Instances         6                0.6579 %
Kappa statistic                          0.9868
Mean absolute error                      0.1908
Root mean squared error                  0.2035
Relative absolute error                 38.1527 %
Root relative squared error             40.7061 %
Total Number of Instances              912     


=== Detailed Accuracy By Class ===

                 TP Rate  FP Rate  Precision  Recall   F-Measure  MCC      ROC Area  PRC Area  Class
                 0.996    0.009    0.991      0.996    0.993      0.987    1.000     1.000     PD
                 0.991    0.004    0.996      0.991    0.993      0.987    1.000     1.000     SNP
Weighted Avg.    0.993    0.007    0.993      0.993    0.993      0.987    1.000     1.000     


=== Confusion Matrix ===

   a   b   <-- classified as
 454   2 |   a = PD
   4 452 |   b = SNP

Time taken to perform cross-validation: 174.34 seconds


=== Stratified cross-validation ===

Correctly Classified Instances         430               47.1491 %
Incorrectly Classified Instances       482               52.8509 %
Kappa statistic                         -0.057 
Mean absolute error                      0.5052
Root mean squared error                  0.531 
Relative absolute error                101.0445 %
Root relative squared error            106.2015 %
Total Number of Instances              912     


=== Detailed Accuracy By Class ===

                 TP Rate  FP Rate  Precision  Recall   F-Measure  MCC      ROC Area  PRC Area  Class
                 0.307    0.364    0.458      0.307    0.367      -0.060   0.468     0.460     PD
                 0.636    0.693    0.479      0.636    0.546      -0.060   0.468     0.525     SNP
Weighted Avg.    0.471    0.529    0.468      0.471    0.457      -0.060   0.468     0.493     


=== Confusion Matrix ===

   a   b   <-- classified as
 140 316 |   a = PD
 166 290 |   b = SNP

