
Options: -I 500 -K 34 -attribute-importance 

=== Classifier model (full training set) ===

RandomForest

Bagging with 500 iterations and base learner

weka.classifiers.trees.RandomTree -K 34 -M 1.0 -V 0.001 -S 1 -do-not-check-capabilities

Attribute importance based on average impurity decrease (and number of nodes using that attribute)

      0.92 (   410)  BCharge
      0.87 (   500)  Relaccess
      0.86 (   144)  MLargest9
      0.86 (  1404)  SPhobic
      0.81 (  1393)  CPhim
      0.59 (   157)  Voids
      0.35 (   492)  MLargest10
      0.33 (     6)  NLargest9
      0.32 (    33)  MLargest7
      0.21 (  2173)  Proline
      0.19 (   118)  MLargest6
      0.17 ( 42679)  Clash
      0.16 (  3527)  HBonds
      0.14 (     5)  NLargest2
      0.13 (     8)  NLargest10
      0.1  (    23)  MLargest5
      0.09 (   127)  MLargest3
      0.04 (     2)  NLargest4
      0.04 (  1648)  Glycine
      0.04 ( 24258)  Impact
      0.04 (  1846)  Binding
      0.04 (     4)  NLargest1
      0.04 (   272)  MLargest4
      0.04 ( 22619)  MLargest1
      0.03 (  3782)  MLargest2
      0.03 (    24)  MLargest8
      0.03 (     4)  NLargest6
      0.02 (     6)  NLargest3
      0.02 (     3)  NLargest5
      0    (     0)  Interface
      0    (     0)  CisPro
      0    (     0)  SSGeom


Time taken to build model: 35.6 seconds

Time taken to test model on training data: 0.43 seconds

=== Error on training data ===

Correctly Classified Instances         906               99.3421 %
Incorrectly Classified Instances         6                0.6579 %
Kappa statistic                          0.9868
Mean absolute error                      0.1863
Root mean squared error                  0.1987
Relative absolute error                 37.2639 %
Root relative squared error             39.7344 %
Total Number of Instances              912     


=== Detailed Accuracy By Class ===

                 TP Rate  FP Rate  Precision  Recall   F-Measure  MCC      ROC Area  PRC Area  Class
                 0.996    0.009    0.991      0.996    0.993      0.987    1.000     1.000     PD
                 0.991    0.004    0.996      0.991    0.993      0.987    1.000     1.000     SNP
Weighted Avg.    0.993    0.007    0.993      0.993    0.993      0.987    1.000     1.000     


=== Confusion Matrix ===

   a   b   <-- classified as
 454   2 |   a = PD
   4 452 |   b = SNP

Time taken to perform cross-validation: 182.75 seconds


=== Stratified cross-validation ===

Correctly Classified Instances         448               49.1228 %
Incorrectly Classified Instances       464               50.8772 %
Kappa statistic                         -0.0175
Mean absolute error                      0.4947
Root mean squared error                  0.5183
Relative absolute error                 98.934  %
Root relative squared error            103.6583 %
Total Number of Instances              912     


=== Detailed Accuracy By Class ===

                 TP Rate  FP Rate  Precision  Recall   F-Measure  MCC      ROC Area  PRC Area  Class
                 0.327    0.344    0.487      0.327    0.391      -0.019   0.495     0.487     PD
                 0.656    0.673    0.493      0.656    0.563      -0.019   0.495     0.533     SNP
Weighted Avg.    0.491    0.509    0.490      0.491    0.477      -0.019   0.495     0.510     


=== Confusion Matrix ===

   a   b   <-- classified as
 149 307 |   a = PD
 157 299 |   b = SNP

