
Options: -I 1000 -K 34 -attribute-importance 

=== Classifier model (full training set) ===

RandomForest

Bagging with 1000 iterations and base learner

weka.classifiers.trees.RandomTree -K 34 -M 1.0 -V 0.001 -S 1 -do-not-check-capabilities

Attribute importance based on average impurity decrease (and number of nodes using that attribute)

      0.91 (   227)  Proline
      0.91 (  2491)  BCharge
      0.88 (   820)  MLargest10
      0.86 (  1000)  Relaccess
      0.86 (  5222)  SPhobic
      0.84 (  3941)  CPhim
      0.8  (    85)  MLargest4
      0.75 (    26)  MLargest6
      0.73 (    82)  MLargest5
      0.69 (  1505)  HBonds
      0.53 (    11)  MLargest9
      0.5  (     1)  Interface
      0.37 (    65)  MLargest3
      0.35 (   578)  MLargest2
      0.21 ( 68174)  Clash
      0.18 (    31)  MLargest7
      0.08 ( 19067)  MLargest1
      0.08 (     1)  NLargest5
      0.08 (     1)  NLargest9
      0.07 (     6)  NLargest10
      0.07 (     8)  MLargest8
      0.07 (     5)  Voids
      0.07 (     3)  NLargest3
      0.06 (     4)  NLargest2
      0.06 (     6)  NLargest1
      0.05 ( 29355)  Impact
      0.05 (     3)  NLargest4
      0.05 (  4059)  Glycine
      0.04 (  8842)  Binding
      0    (     0)  NLargest6
      0    (     0)  SSGeom
      0    (     0)  CisPro


Time taken to build model: 52.04 seconds

Time taken to test model on training data: 0.67 seconds

=== Error on training data ===

Correctly Classified Instances         907               99.4518 %
Incorrectly Classified Instances         5                0.5482 %
Kappa statistic                          0.989 
Mean absolute error                      0.1905
Root mean squared error                  0.2024
Relative absolute error                 38.1041 %
Root relative squared error             40.4703 %
Total Number of Instances              912     


=== Detailed Accuracy By Class ===

                 TP Rate  FP Rate  Precision  Recall   F-Measure  MCC      ROC Area  PRC Area  Class
                 0.998    0.009    0.991      0.998    0.995      0.989    1.000     1.000     PD
                 0.991    0.002    0.998      0.991    0.994      0.989    1.000     1.000     SNP
Weighted Avg.    0.995    0.005    0.995      0.995    0.995      0.989    1.000     1.000     


=== Confusion Matrix ===

   a   b   <-- classified as
 455   1 |   a = PD
   4 452 |   b = SNP

Time taken to perform cross-validation: 233.7 seconds


=== Stratified cross-validation ===

Correctly Classified Instances         437               47.9167 %
Incorrectly Classified Instances       475               52.0833 %
Kappa statistic                         -0.0417
Mean absolute error                      0.506 
Root mean squared error                  0.5313
Relative absolute error                101.1955 %
Root relative squared error            106.2557 %
Total Number of Instances              912     


=== Detailed Accuracy By Class ===

                 TP Rate  FP Rate  Precision  Recall   F-Measure  MCC      ROC Area  PRC Area  Class
                 0.612    0.654    0.484      0.612    0.540      -0.043   0.454     0.454     PD
                 0.346    0.388    0.472      0.346    0.399      -0.043   0.454     0.515     SNP
Weighted Avg.    0.479    0.521    0.478      0.479    0.470      -0.043   0.454     0.485     


=== Confusion Matrix ===

   a   b   <-- classified as
 279 177 |   a = PD
 298 158 |   b = SNP

