
Options: -I 50 -attribute-importance 

=== Classifier model (full training set) ===

RandomForest

Bagging with 50 iterations and base learner

weka.classifiers.trees.RandomTree -K 0 -M 1.0 -V 0.001 -S 1 -do-not-check-capabilities

Attribute importance based on average impurity decrease (and number of nodes using that attribute)

      0.77 (   324)  Relaccess
      0.77 (   188)  CPhim
      0.73 (   168)  SPhobic
      0.6  (    74)  BCharge
      0.41 (    67)  Interface
      0.27 (  1328)  Clash
      0.26 (   289)  Proline
      0.24 (    58)  Voids
      0.15 (  1117)  Impact
      0.13 (   447)  HBonds
      0.13 (    74)  Glycine
      0.11 (   169)  NLargest5
      0.1  (    70)  Binding
      0.09 (   408)  NLargest2
      0.09 (   229)  NLargest4
      0.09 (   264)  NLargest3
      0.08 (  1333)  MLargest1
      0.08 (   599)  MLargest5
      0.07 (  1007)  MLargest3
      0.07 (   548)  NLargest1
      0.07 (  1253)  MLargest2
      0.07 (   799)  MLargest4


Time taken to build model: 0.78 seconds

Time taken to test model on training data: 0.08 seconds

=== Error on training data ===

Correctly Classified Instances         905               99.2325 %
Incorrectly Classified Instances         7                0.7675 %
Kappa statistic                          0.9846
Mean absolute error                      0.1501
Root mean squared error                  0.1678
Relative absolute error                 30.0151 %
Root relative squared error             33.5548 %
Total Number of Instances              912     


=== Detailed Accuracy By Class ===

                 TP Rate  FP Rate  Precision  Recall   F-Measure  MCC      ROC Area  PRC Area  Class
                 0.989    0.004    0.996      0.989    0.992      0.985    1.000     1.000     PD
                 0.996    0.011    0.989      0.996    0.992      0.985    1.000     1.000     SNP
Weighted Avg.    0.992    0.008    0.992      0.992    0.992      0.985    1.000     1.000     


=== Confusion Matrix ===

   a   b   <-- classified as
 451   5 |   a = PD
   2 454 |   b = SNP

Time taken to perform cross-validation: 3.57 seconds


=== Stratified cross-validation ===

Correctly Classified Instances         708               77.6316 %
Incorrectly Classified Instances       204               22.3684 %
Kappa statistic                          0.5526
Mean absolute error                      0.4005
Root mean squared error                  0.4249
Relative absolute error                 80.0948 %
Root relative squared error             84.9731 %
Total Number of Instances              912     


=== Detailed Accuracy By Class ===

                 TP Rate  FP Rate  Precision  Recall   F-Measure  MCC      ROC Area  PRC Area  Class
                 0.717    0.164    0.813      0.717    0.762      0.557    0.844     0.842     PD
                 0.836    0.283    0.747      0.836    0.789      0.557    0.844     0.811     SNP
Weighted Avg.    0.776    0.224    0.780      0.776    0.776      0.557    0.844     0.827     


=== Confusion Matrix ===

   a   b   <-- classified as
 327 129 |   a = PD
  75 381 |   b = SNP

