
Options: -I 500 -attribute-importance 

=== Classifier model (full training set) ===

RandomForest

Bagging with 500 iterations and base learner

weka.classifiers.trees.RandomTree -K 0 -M 1.0 -V 0.001 -S 1 -do-not-check-capabilities

Attribute importance based on average impurity decrease (and number of nodes using that attribute)

      0.8  (  3279)  Relaccess
      0.76 (  1686)  SPhobic
      0.75 (  1643)  CPhim
      0.7  (   908)  BCharge
      0.49 (  1079)  Proline
      0.45 (   872)  Interface
      0.34 ( 10200)  Clash
      0.21 (  7466)  Impact
      0.2  (   152)  Voids
      0.19 (  3309)  HBonds
      0.17 (   827)  NLargest5
      0.16 (   644)  Glycine
      0.15 (  1169)  NLargest4
      0.15 (  1539)  NLargest3
      0.13 (  3590)  MLargest5
      0.12 (  4543)  MLargest4
      0.12 (  2088)  NLargest2
      0.12 (  5907)  MLargest3
      0.11 (  2654)  NLargest1
      0.11 (  7376)  MLargest2
      0.1  (   769)  Binding
      0.09 (  8980)  MLargest1


Time taken to build model: 4.38 seconds

Time taken to test model on training data: 0.29 seconds

=== Error on training data ===

Correctly Classified Instances         909               99.6711 %
Incorrectly Classified Instances         3                0.3289 %
Kappa statistic                          0.9934
Mean absolute error                      0.1482
Root mean squared error                  0.1601
Relative absolute error                 29.6396 %
Root relative squared error             32.0235 %
Total Number of Instances              912     


=== Detailed Accuracy By Class ===

                 TP Rate  FP Rate  Precision  Recall   F-Measure  MCC      ROC Area  PRC Area  Class
                 1.000    0.007    0.993      1.000    0.997      0.993    1.000     1.000     PD
                 0.993    0.000    1.000      0.993    0.997      0.993    1.000     1.000     SNP
Weighted Avg.    0.997    0.003    0.997      0.997    0.997      0.993    1.000     1.000     


=== Confusion Matrix ===

   a   b   <-- classified as
 456   0 |   a = PD
   3 453 |   b = SNP

Time taken to perform cross-validation: 29.52 seconds


=== Stratified cross-validation ===

Correctly Classified Instances         696               76.3158 %
Incorrectly Classified Instances       216               23.6842 %
Kappa statistic                          0.5263
Mean absolute error                      0.4028
Root mean squared error                  0.4271
Relative absolute error                 80.5618 %
Root relative squared error             85.4129 %
Total Number of Instances              912     


=== Detailed Accuracy By Class ===

                 TP Rate  FP Rate  Precision  Recall   F-Measure  MCC      ROC Area  PRC Area  Class
                 0.654    0.127    0.837      0.654    0.734      0.539    0.844     0.849     PD
                 0.873    0.346    0.716      0.873    0.787      0.539    0.844     0.812     SNP
Weighted Avg.    0.763    0.237    0.776      0.763    0.760      0.539    0.844     0.831     


=== Confusion Matrix ===

   a   b   <-- classified as
 298 158 |   a = PD
  58 398 |   b = SNP

