
Options: -I 500 -attribute-importance 

=== Classifier model (full training set) ===

RandomForest

Bagging with 500 iterations and base learner

weka.classifiers.trees.RandomTree -K 0 -M 1.0 -V 0.001 -S 1 -do-not-check-capabilities

Attribute importance based on average impurity decrease (and number of nodes using that attribute)

      0.8  (  3261)  Relaccess
      0.79 (  1824)  SPhobic
      0.71 (  1351)  CPhim
      0.71 (   834)  BCharge
      0.45 (   778)  Interface
      0.43 (  1097)  Proline
      0.39 (   213)  Voids
      0.33 ( 10356)  Clash
      0.2  (  7634)  Impact
      0.17 (  3348)  HBonds
      0.16 (  1173)  NLargest4
      0.15 (   875)  NLargest5
      0.14 (  1520)  NLargest3
      0.12 (  3666)  MLargest5
      0.12 (  5901)  MLargest3
      0.12 (  2686)  NLargest1
      0.12 (  4656)  MLargest4
      0.11 (  1974)  NLargest2
      0.11 (  7518)  MLargest2
      0.1  (   825)  Binding
      0.1  (  8809)  MLargest1
      0.05 (   480)  Glycine


Time taken to build model: 4.54 seconds

Time taken to test model on training data: 0.29 seconds

=== Error on training data ===

Correctly Classified Instances         906               99.3421 %
Incorrectly Classified Instances         6                0.6579 %
Kappa statistic                          0.9868
Mean absolute error                      0.1521
Root mean squared error                  0.1654
Relative absolute error                 30.4119 %
Root relative squared error             33.0848 %
Total Number of Instances              912     


=== Detailed Accuracy By Class ===

                 TP Rate  FP Rate  Precision  Recall   F-Measure  MCC      ROC Area  PRC Area  Class
                 0.991    0.004    0.996      0.991    0.993      0.987    1.000     1.000     PD
                 0.996    0.009    0.991      0.996    0.993      0.987    1.000     1.000     SNP
Weighted Avg.    0.993    0.007    0.993      0.993    0.993      0.987    1.000     1.000     


=== Confusion Matrix ===

   a   b   <-- classified as
 452   4 |   a = PD
   2 454 |   b = SNP

Time taken to perform cross-validation: 30.96 seconds


=== Stratified cross-validation ===

Correctly Classified Instances         692               75.8772 %
Incorrectly Classified Instances       220               24.1228 %
Kappa statistic                          0.5175
Mean absolute error                      0.4058
Root mean squared error                  0.4297
Relative absolute error                 81.1543 %
Root relative squared error             85.9424 %
Total Number of Instances              912     


=== Detailed Accuracy By Class ===

                 TP Rate  FP Rate  Precision  Recall   F-Measure  MCC      ROC Area  PRC Area  Class
                 0.658    0.140    0.824      0.658    0.732      0.528    0.836     0.827     PD
                 0.860    0.342    0.715      0.860    0.781      0.528    0.836     0.811     SNP
Weighted Avg.    0.759    0.241    0.770      0.759    0.756      0.528    0.836     0.819     


=== Confusion Matrix ===

   a   b   <-- classified as
 300 156 |   a = PD
  64 392 |   b = SNP

