
Options: -I 500 -attribute-importance 

=== Classifier model (full training set) ===

RandomForest

Bagging with 500 iterations and base learner

weka.classifiers.trees.RandomTree -K 0 -M 1.0 -V 0.001 -S 1 -do-not-check-capabilities

Attribute importance based on average impurity decrease (and number of nodes using that attribute)

      0.78 (  3144)  Relaccess
      0.78 (  1762)  SPhobic
      0.76 (  1731)  CPhim
      0.63 (   805)  BCharge
      0.38 (   689)  Interface
      0.27 (  2729)  Proline
      0.26 ( 13917)  Clash
      0.25 (   419)  Voids
      0.15 ( 10978)  Impact
      0.14 (  4804)  HBonds
      0.14 (   740)  Glycine
      0.1  (  1546)  NLargest5
      0.1  (  2280)  NLargest4
      0.09 (   647)  Binding
      0.08 (  2804)  NLargest3
      0.08 (  3859)  NLargest2
      0.08 (  6176)  MLargest5
      0.07 ( 10061)  MLargest3
      0.07 (  7978)  MLargest4
      0.07 ( 13594)  MLargest1
      0.07 ( 12566)  MLargest2
      0.06 (  5525)  NLargest1


Time taken to build model: 5.37 seconds

Time taken to test model on training data: 1.58 seconds

=== Error on training data ===

Correctly Classified Instances         905               99.2325 %
Incorrectly Classified Instances         7                0.7675 %
Kappa statistic                          0.9846
Mean absolute error                      0.1532
Root mean squared error                  0.1667
Relative absolute error                 30.6465 %
Root relative squared error             33.342  %
Total Number of Instances              912     


=== Detailed Accuracy By Class ===

                 TP Rate  FP Rate  Precision  Recall   F-Measure  MCC      ROC Area  PRC Area  Class
                 0.989    0.004    0.996      0.989    0.992      0.985    1.000     1.000     PD
                 0.996    0.011    0.989      0.996    0.992      0.985    1.000     1.000     SNP
Weighted Avg.    0.992    0.008    0.992      0.992    0.992      0.985    1.000     1.000     


=== Confusion Matrix ===

   a   b   <-- classified as
 451   5 |   a = PD
   2 454 |   b = SNP

Time taken to perform cross-validation: 43.37 seconds


=== Stratified cross-validation ===

Correctly Classified Instances         705               77.3026 %
Incorrectly Classified Instances       207               22.6974 %
Kappa statistic                          0.5461
Mean absolute error                      0.4004
Root mean squared error                  0.4237
Relative absolute error                 80.0846 %
Root relative squared error             84.7439 %
Total Number of Instances              912     


=== Detailed Accuracy By Class ===

                 TP Rate  FP Rate  Precision  Recall   F-Measure  MCC      ROC Area  PRC Area  Class
                 0.691    0.145    0.827      0.691    0.753      0.554    0.850     0.848     PD
                 0.855    0.309    0.734      0.855    0.790      0.554    0.850     0.820     SNP
Weighted Avg.    0.773    0.227    0.781      0.773    0.771      0.554    0.850     0.834     


=== Confusion Matrix ===

   a   b   <-- classified as
 315 141 |   a = PD
  66 390 |   b = SNP

