
Options: -I 500 -attribute-importance 

=== Classifier model (full training set) ===

RandomForest

Bagging with 500 iterations and base learner

weka.classifiers.trees.RandomTree -K 0 -M 1.0 -V 0.001 -S 1 -do-not-check-capabilities

Attribute importance based on average impurity decrease (and number of nodes using that attribute)

      0.8  (  3000)  Relaccess
      0.76 (  1621)  SPhobic
      0.73 (  1335)  CPhim
      0.68 (   700)  BCharge
      0.47 (  1211)  Proline
      0.43 (   783)  Interface
      0.31 (  9885)  Clash
      0.29 (   245)  Voids
      0.2  (  7575)  Impact
      0.19 (  3005)  HBonds
      0.16 (   871)  NLargest5
      0.14 (  1135)  NLargest4
      0.13 (  3639)  MLargest5
      0.12 (  1488)  NLargest3
      0.11 (  2093)  NLargest2
      0.11 (  4758)  MLargest4
      0.11 (  7458)  MLargest2
      0.11 (  2786)  NLargest1
      0.1  (  5870)  MLargest3
      0.1  (  9002)  MLargest1
      0.09 (   796)  Binding
      0.09 (   525)  Glycine


Time taken to build model: 4.47 seconds

Time taken to test model on training data: 0.34 seconds

=== Error on training data ===

Correctly Classified Instances         908               99.5614 %
Incorrectly Classified Instances         4                0.4386 %
Kappa statistic                          0.9912
Mean absolute error                      0.1531
Root mean squared error                  0.1645
Relative absolute error                 30.6208 %
Root relative squared error             32.8964 %
Total Number of Instances              912     


=== Detailed Accuracy By Class ===

                 TP Rate  FP Rate  Precision  Recall   F-Measure  MCC      ROC Area  PRC Area  Class
                 0.998    0.007    0.993      0.998    0.996      0.991    1.000     1.000     PD
                 0.993    0.002    0.998      0.993    0.996      0.991    1.000     1.000     SNP
Weighted Avg.    0.996    0.004    0.996      0.996    0.996      0.991    1.000     1.000     


=== Confusion Matrix ===

   a   b   <-- classified as
 455   1 |   a = PD
   3 453 |   b = SNP

Time taken to perform cross-validation: 37.26 seconds


=== Stratified cross-validation ===

Correctly Classified Instances         704               77.193  %
Incorrectly Classified Instances       208               22.807  %
Kappa statistic                          0.5439
Mean absolute error                      0.406 
Root mean squared error                  0.4285
Relative absolute error                 81.2001 %
Root relative squared error             85.706  %
Total Number of Instances              912     


=== Detailed Accuracy By Class ===

                 TP Rate  FP Rate  Precision  Recall   F-Measure  MCC      ROC Area  PRC Area  Class
                 0.667    0.123    0.844      0.667    0.745      0.556    0.844     0.847     PD
                 0.877    0.333    0.725      0.877    0.794      0.556    0.844     0.818     SNP
Weighted Avg.    0.772    0.228    0.785      0.772    0.769      0.556    0.844     0.832     


=== Confusion Matrix ===

   a   b   <-- classified as
 304 152 |   a = PD
  56 400 |   b = SNP

