
Options: -I 50 -attribute-importance 

=== Classifier model (full training set) ===

RandomForest

Bagging with 50 iterations and base learner

weka.classifiers.trees.RandomTree -K 0 -M 1.0 -V 0.001 -S 1 -do-not-check-capabilities

Attribute importance based on average impurity decrease (and number of nodes using that attribute)

      0.8  (   294)  Relaccess
      0.76 (   167)  SPhobic
      0.71 (   168)  CPhim
      0.68 (    86)  BCharge
      0.35 (    60)  Interface
      0.27 (  1403)  Clash
      0.26 (   234)  Proline
      0.25 (    42)  Voids
      0.15 (  1021)  Impact
      0.12 (    73)  Glycine
      0.11 (   173)  NLargest5
      0.1  (   502)  HBonds
      0.09 (   228)  NLargest4
      0.09 (    61)  Binding
      0.09 (   319)  NLargest3
      0.08 (   796)  MLargest4
      0.07 (  1319)  MLargest1
      0.07 (   422)  NLargest2
      0.07 (   649)  MLargest5
      0.07 (   504)  NLargest1
      0.07 (  1066)  MLargest3
      0.06 (  1306)  MLargest2


Time taken to build model: 0.8 seconds

Time taken to test model on training data: 0.08 seconds

=== Error on training data ===

Correctly Classified Instances         908               99.5614 %
Incorrectly Classified Instances         4                0.4386 %
Kappa statistic                          0.9912
Mean absolute error                      0.1505
Root mean squared error                  0.1642
Relative absolute error                 30.1029 %
Root relative squared error             32.8329 %
Total Number of Instances              912     


=== Detailed Accuracy By Class ===

                 TP Rate  FP Rate  Precision  Recall   F-Measure  MCC      ROC Area  PRC Area  Class
                 0.991    0.000    1.000      0.991    0.996      0.991    1.000     1.000     PD
                 1.000    0.009    0.991      1.000    0.996      0.991    1.000     1.000     SNP
Weighted Avg.    0.996    0.004    0.996      0.996    0.996      0.991    1.000     1.000     


=== Confusion Matrix ===

   a   b   <-- classified as
 452   4 |   a = PD
   0 456 |   b = SNP

Time taken to perform cross-validation: 3.42 seconds


=== Stratified cross-validation ===

Correctly Classified Instances         698               76.5351 %
Incorrectly Classified Instances       214               23.4649 %
Kappa statistic                          0.5307
Mean absolute error                      0.4009
Root mean squared error                  0.4257
Relative absolute error                 80.183  %
Root relative squared error             85.1394 %
Total Number of Instances              912     


=== Detailed Accuracy By Class ===

                 TP Rate  FP Rate  Precision  Recall   F-Measure  MCC      ROC Area  PRC Area  Class
                 0.664    0.134    0.832      0.664    0.739      0.542    0.837     0.852     PD
                 0.866    0.336    0.721      0.866    0.787      0.542    0.837     0.794     SNP
Weighted Avg.    0.765    0.235    0.777      0.765    0.763      0.542    0.837     0.823     


=== Confusion Matrix ===

   a   b   <-- classified as
 303 153 |   a = PD
  61 395 |   b = SNP

