
Options: -I 50 -attribute-importance 

=== Classifier model (full training set) ===

RandomForest

Bagging with 50 iterations and base learner

weka.classifiers.trees.RandomTree -K 0 -M 1.0 -V 0.001 -S 1 -do-not-check-capabilities

Attribute importance based on average impurity decrease (and number of nodes using that attribute)

      0.81 (   316)  Relaccess
      0.77 (   178)  SPhobic
      0.72 (   123)  CPhim
      0.68 (    70)  BCharge
      0.43 (   108)  Proline
      0.41 (    86)  Interface
      0.3  (  1032)  Clash
      0.27 (    26)  Voids
      0.2  (   738)  Impact
      0.18 (    95)  NLargest5
      0.17 (   352)  HBonds
      0.16 (   116)  NLargest4
      0.12 (   489)  MLargest4
      0.12 (   201)  NLargest2
      0.11 (   411)  MLargest5
      0.1  (   763)  MLargest2
      0.1  (   322)  NLargest1
      0.1  (   615)  MLargest3
      0.1  (   888)  MLargest1
      0.1  (   154)  NLargest3
      0.08 (    81)  Binding
      0.07 (    55)  Glycine


Time taken to build model: 0.77 seconds

Time taken to test model on training data: 0.13 seconds

=== Error on training data ===

Correctly Classified Instances         908               99.5614 %
Incorrectly Classified Instances         4                0.4386 %
Kappa statistic                          0.9912
Mean absolute error                      0.1531
Root mean squared error                  0.1683
Relative absolute error                 30.6141 %
Root relative squared error             33.667  %
Total Number of Instances              912     


=== Detailed Accuracy By Class ===

                 TP Rate  FP Rate  Precision  Recall   F-Measure  MCC      ROC Area  PRC Area  Class
                 0.993    0.002    0.998      0.993    0.996      0.991    1.000     1.000     PD
                 0.998    0.007    0.993      0.998    0.996      0.991    1.000     1.000     SNP
Weighted Avg.    0.996    0.004    0.996      0.996    0.996      0.991    1.000     1.000     


=== Confusion Matrix ===

   a   b   <-- classified as
 453   3 |   a = PD
   1 455 |   b = SNP

Time taken to perform cross-validation: 2.8 seconds


=== Stratified cross-validation ===

Correctly Classified Instances         699               76.6447 %
Incorrectly Classified Instances       213               23.3553 %
Kappa statistic                          0.5329
Mean absolute error                      0.3961
Root mean squared error                  0.4228
Relative absolute error                 79.2235 %
Root relative squared error             84.5611 %
Total Number of Instances              912     


=== Detailed Accuracy By Class ===

                 TP Rate  FP Rate  Precision  Recall   F-Measure  MCC      ROC Area  PRC Area  Class
                 0.664    0.132    0.835      0.664    0.740      0.544    0.845     0.858     PD
                 0.868    0.336    0.721      0.868    0.788      0.544    0.845     0.816     SNP
Weighted Avg.    0.766    0.234    0.778      0.766    0.764      0.544    0.845     0.837     


=== Confusion Matrix ===

   a   b   <-- classified as
 303 153 |   a = PD
  60 396 |   b = SNP

