
Options: -I 100 -attribute-importance 

=== Classifier model (full training set) ===

RandomForest

Bagging with 100 iterations and base learner

weka.classifiers.trees.RandomTree -K 0 -M 1.0 -V 0.001 -S 1 -do-not-check-capabilities

Attribute importance based on average impurity decrease (and number of nodes using that attribute)

      0.79 (   601)  Relaccess
      0.77 (   325)  SPhobic
      0.71 (   310)  CPhim
      0.66 (   169)  BCharge
      0.34 (   123)  Interface
      0.26 (   517)  Proline
      0.25 (  2898)  Clash
      0.23 (    73)  Voids
      0.15 (  2152)  Impact
      0.13 (   147)  Glycine
      0.11 (   341)  NLargest5
      0.1  (   992)  HBonds
      0.1  (   445)  NLargest4
      0.09 (   122)  Binding
      0.08 (   597)  NLargest3
      0.07 (  1582)  MLargest4
      0.07 (  1277)  MLargest5
      0.07 (  1034)  NLargest1
      0.07 (  2155)  MLargest3
      0.07 (  2711)  MLargest1
      0.06 (  2589)  MLargest2
      0.06 (   818)  NLargest2


Time taken to build model: 1.24 seconds

Time taken to test model on training data: 0.14 seconds

=== Error on training data ===

Correctly Classified Instances         908               99.5614 %
Incorrectly Classified Instances         4                0.4386 %
Kappa statistic                          0.9912
Mean absolute error                      0.1521
Root mean squared error                  0.1644
Relative absolute error                 30.4238 %
Root relative squared error             32.8706 %
Total Number of Instances              912     


=== Detailed Accuracy By Class ===

                 TP Rate  FP Rate  Precision  Recall   F-Measure  MCC      ROC Area  PRC Area  Class
                 0.993    0.002    0.998      0.993    0.996      0.991    1.000     1.000     PD
                 0.998    0.007    0.993      0.998    0.996      0.991    1.000     1.000     SNP
Weighted Avg.    0.996    0.004    0.996      0.996    0.996      0.991    1.000     1.000     


=== Confusion Matrix ===

   a   b   <-- classified as
 453   3 |   a = PD
   1 455 |   b = SNP

Time taken to perform cross-validation: 7.38 seconds


=== Stratified cross-validation ===

Correctly Classified Instances         702               76.9737 %
Incorrectly Classified Instances       210               23.0263 %
Kappa statistic                          0.5395
Mean absolute error                      0.4023
Root mean squared error                  0.4253
Relative absolute error                 80.4547 %
Root relative squared error             85.066  %
Total Number of Instances              912     


=== Detailed Accuracy By Class ===

                 TP Rate  FP Rate  Precision  Recall   F-Measure  MCC      ROC Area  PRC Area  Class
                 0.669    0.129    0.838      0.669    0.744      0.551    0.842     0.855     PD
                 0.871    0.331    0.724      0.871    0.791      0.551    0.842     0.801     SNP
Weighted Avg.    0.770    0.230    0.781      0.770    0.767      0.551    0.842     0.828     


=== Confusion Matrix ===

   a   b   <-- classified as
 305 151 |   a = PD
  59 397 |   b = SNP

