
Options: -I 100 -attribute-importance 

=== Classifier model (full training set) ===

RandomForest

Bagging with 100 iterations and base learner

weka.classifiers.trees.RandomTree -K 0 -M 1.0 -V 0.001 -S 1 -do-not-check-capabilities

Attribute importance based on average impurity decrease (and number of nodes using that attribute)

      0.8  (   327)  SPhobic
      0.79 (   920)  Relaccess
      0.71 (   257)  CPhim
      0.68 (   158)  BCharge
      0.34 (   210)  Interface
      0.14 (  6570)  Clash
      0.11 (  4257)  Impact
      0.11 (   358)  Voids
      0.09 (   193)  Glycine
      0.08 (  2135)  Proline
      0.07 (   404)  Binding
      0.06 (  3341)  HBonds


Time taken to build model: 1.57 seconds

Time taken to test model on training data: 0.13 seconds

=== Error on training data ===

Correctly Classified Instances         907               99.4518 %
Incorrectly Classified Instances         5                0.5482 %
Kappa statistic                          0.989 
Mean absolute error                      0.1496
Root mean squared error                  0.1637
Relative absolute error                 29.9286 %
Root relative squared error             32.7314 %
Total Number of Instances              912     


=== Detailed Accuracy By Class ===

                 TP Rate  FP Rate  Precision  Recall   F-Measure  MCC      ROC Area  PRC Area  Class
                 0.996    0.007    0.993      0.996    0.995      0.989    1.000     1.000     PD
                 0.993    0.004    0.996      0.993    0.995      0.989    1.000     1.000     SNP
Weighted Avg.    0.995    0.005    0.995      0.995    0.995      0.989    1.000     1.000     


=== Confusion Matrix ===

   a   b   <-- classified as
 454   2 |   a = PD
   3 453 |   b = SNP

Time taken to perform cross-validation: 8.84 seconds


=== Stratified cross-validation ===

Correctly Classified Instances         702               76.9737 %
Incorrectly Classified Instances       210               23.0263 %
Kappa statistic                          0.5395
Mean absolute error                      0.4111
Root mean squared error                  0.4337
Relative absolute error                 82.2245 %
Root relative squared error             86.7419 %
Total Number of Instances              912     


=== Detailed Accuracy By Class ===

                 TP Rate  FP Rate  Precision  Recall   F-Measure  MCC      ROC Area  PRC Area  Class
                 0.640    0.101    0.864      0.640    0.736      0.558    0.850     0.844     PD
                 0.899    0.360    0.714      0.899    0.796      0.558    0.850     0.824     SNP
Weighted Avg.    0.770    0.230    0.789      0.770    0.766      0.558    0.850     0.834     


=== Confusion Matrix ===

   a   b   <-- classified as
 292 164 |   a = PD
  46 410 |   b = SNP

