
Options: -I 100 -attribute-importance 

=== Classifier model (full training set) ===

RandomForest

Bagging with 100 iterations and base learner

weka.classifiers.trees.RandomTree -K 0 -M 1.0 -V 0.001 -S 1 -do-not-check-capabilities

Attribute importance based on average impurity decrease (and number of nodes using that attribute)

      0.82 (   374)  SPhobic
      0.8  (   867)  Relaccess
      0.74 (   287)  CPhim
      0.67 (   163)  BCharge
      0.4  (   276)  Interface
      0.1  (  9920)  Clash
      0.09 (   236)  Glycine
      0.08 (   373)  Voids
      0.07 (   420)  Binding
      0.07 (  6806)  Impact
      0.06 (  3627)  Proline
      0.04 (  4691)  HBonds


Time taken to build model: 1.91 seconds

Time taken to test model on training data: 0.18 seconds

=== Error on training data ===

Correctly Classified Instances         908               99.5614 %
Incorrectly Classified Instances         4                0.4386 %
Kappa statistic                          0.9912
Mean absolute error                      0.153 
Root mean squared error                  0.1657
Relative absolute error                 30.5954 %
Root relative squared error             33.1333 %
Total Number of Instances              912     


=== Detailed Accuracy By Class ===

                 TP Rate  FP Rate  Precision  Recall   F-Measure  MCC      ROC Area  PRC Area  Class
                 0.996    0.004    0.996      0.996    0.996      0.991    1.000     1.000     PD
                 0.996    0.004    0.996      0.996    0.996      0.991    1.000     1.000     SNP
Weighted Avg.    0.996    0.004    0.996      0.996    0.996      0.991    1.000     1.000     


=== Confusion Matrix ===

   a   b   <-- classified as
 454   2 |   a = PD
   2 454 |   b = SNP

Time taken to perform cross-validation: 11.62 seconds


=== Stratified cross-validation ===

Correctly Classified Instances         706               77.4123 %
Incorrectly Classified Instances       206               22.5877 %
Kappa statistic                          0.5482
Mean absolute error                      0.41  
Root mean squared error                  0.4305
Relative absolute error                 82.0042 %
Root relative squared error             86.0937 %
Total Number of Instances              912     


=== Detailed Accuracy By Class ===

                 TP Rate  FP Rate  Precision  Recall   F-Measure  MCC      ROC Area  PRC Area  Class
                 0.682    0.134    0.836      0.682    0.751      0.558    0.861     0.841     PD
                 0.866    0.318    0.731      0.866    0.793      0.558    0.861     0.846     SNP
Weighted Avg.    0.774    0.226    0.784      0.774    0.772      0.558    0.861     0.844     


=== Confusion Matrix ===

   a   b   <-- classified as
 311 145 |   a = PD
  61 395 |   b = SNP

