
Options: -I 50 -attribute-importance 

=== Classifier model (full training set) ===

RandomForest

Bagging with 50 iterations and base learner

weka.classifiers.trees.RandomTree -K 0 -M 1.0 -V 0.001 -S 1 -do-not-check-capabilities

Attribute importance based on average impurity decrease (and number of nodes using that attribute)

      0.8  (   192)  SPhobic
      0.76 (   377)  Relaccess
      0.74 (   154)  CPhim
      0.73 (   106)  BCharge
      0.4  (   116)  Interface
      0.12 (   192)  Voids
      0.1  (  4951)  Clash
      0.08 (   160)  Glycine
      0.06 (  3410)  Impact
      0.06 (   204)  Binding
      0.05 (  1729)  Proline
      0.03 (  2523)  HBonds


Time taken to build model: 1.04 seconds

Time taken to test model on training data: 0.1 seconds

=== Error on training data ===

Correctly Classified Instances         907               99.4518 %
Incorrectly Classified Instances         5                0.5482 %
Kappa statistic                          0.989 
Mean absolute error                      0.1528
Root mean squared error                  0.1681
Relative absolute error                 30.5526 %
Root relative squared error             33.6136 %
Total Number of Instances              912     


=== Detailed Accuracy By Class ===

                 TP Rate  FP Rate  Precision  Recall   F-Measure  MCC      ROC Area  PRC Area  Class
                 0.993    0.004    0.996      0.993    0.995      0.989    1.000     1.000     PD
                 0.996    0.007    0.993      0.996    0.995      0.989    1.000     1.000     SNP
Weighted Avg.    0.995    0.005    0.995      0.995    0.995      0.989    1.000     1.000     


=== Confusion Matrix ===

   a   b   <-- classified as
 453   3 |   a = PD
   2 454 |   b = SNP

Time taken to perform cross-validation: 5.78 seconds


=== Stratified cross-validation ===

Correctly Classified Instances         717               78.6184 %
Incorrectly Classified Instances       195               21.3816 %
Kappa statistic                          0.5724
Mean absolute error                      0.4001
Root mean squared error                  0.4244
Relative absolute error                 80.0263 %
Root relative squared error             84.8827 %
Total Number of Instances              912     


=== Detailed Accuracy By Class ===

                 TP Rate  FP Rate  Precision  Recall   F-Measure  MCC      ROC Area  PRC Area  Class
                 0.702    0.129    0.844      0.702    0.766      0.581    0.861     0.851     PD
                 0.871    0.298    0.745      0.871    0.803      0.581    0.861     0.837     SNP
Weighted Avg.    0.786    0.214    0.795      0.786    0.785      0.581    0.861     0.844     


=== Confusion Matrix ===

   a   b   <-- classified as
 320 136 |   a = PD
  59 397 |   b = SNP

