
Options: -I 100 -attribute-importance 

=== Classifier model (full training set) ===

RandomForest

Bagging with 100 iterations and base learner

weka.classifiers.trees.RandomTree -K 0 -M 1.0 -V 0.001 -S 1 -do-not-check-capabilities

Attribute importance based on average impurity decrease (and number of nodes using that attribute)

      0.77 (   788)  Relaccess
      0.76 (   297)  SPhobic
      0.67 (   247)  CPhim
      0.67 (   152)  BCharge
      0.35 (   241)  Interface
      0.11 (   374)  Voids
      0.08 ( 10087)  Clash
      0.08 (   275)  Glycine
      0.08 (  6755)  Impact
      0.06 (  3452)  Proline
      0.04 (   501)  Binding
      0.03 (  5109)  HBonds


Time taken to build model: 1.97 seconds

Time taken to test model on training data: 0.14 seconds

=== Error on training data ===

Correctly Classified Instances         905               99.2325 %
Incorrectly Classified Instances         7                0.7675 %
Kappa statistic                          0.9846
Mean absolute error                      0.1481
Root mean squared error                  0.1634
Relative absolute error                 29.6202 %
Root relative squared error             32.6712 %
Total Number of Instances              912     


=== Detailed Accuracy By Class ===

                 TP Rate  FP Rate  Precision  Recall   F-Measure  MCC      ROC Area  PRC Area  Class
                 0.991    0.007    0.993      0.991    0.992      0.985    1.000     1.000     PD
                 0.993    0.009    0.991      0.993    0.992      0.985    1.000     1.000     SNP
Weighted Avg.    0.992    0.008    0.992      0.992    0.992      0.985    1.000     1.000     


=== Confusion Matrix ===

   a   b   <-- classified as
 452   4 |   a = PD
   3 453 |   b = SNP

Time taken to perform cross-validation: 11.39 seconds


=== Stratified cross-validation ===

Correctly Classified Instances         758               83.114  %
Incorrectly Classified Instances       154               16.886  %
Kappa statistic                          0.6623
Mean absolute error                      0.3907
Root mean squared error                  0.4133
Relative absolute error                 78.1468 %
Root relative squared error             82.6618 %
Total Number of Instances              912     


=== Detailed Accuracy By Class ===

                 TP Rate  FP Rate  Precision  Recall   F-Measure  MCC      ROC Area  PRC Area  Class
                 0.757    0.094    0.889      0.757    0.818      0.670    0.891     0.884     PD
                 0.906    0.243    0.788      0.906    0.843      0.670    0.891     0.859     SNP
Weighted Avg.    0.831    0.169    0.839      0.831    0.830      0.670    0.891     0.871     


=== Confusion Matrix ===

   a   b   <-- classified as
 345 111 |   a = PD
  43 413 |   b = SNP

