
Options: -I 500 -attribute-importance 

=== Classifier model (full training set) ===

RandomForest

Bagging with 500 iterations and base learner

weka.classifiers.trees.RandomTree -K 0 -M 1.0 -V 0.001 -S 1 -do-not-check-capabilities

Attribute importance based on average impurity decrease (and number of nodes using that attribute)

      0.81 (  1886)  SPhobic
      0.78 (  3947)  Relaccess
      0.72 (  1062)  CPhim
      0.7  (   834)  BCharge
      0.37 (   958)  Interface
      0.11 (  1202)  Glycine
      0.1  (  1686)  Voids
      0.1  ( 48021)  Clash
      0.07 ( 31868)  Impact
      0.06 ( 16057)  Proline
      0.05 (  2537)  Binding
      0.04 ( 23146)  HBonds


Time taken to build model: 8.05 seconds

Time taken to test model on training data: 0.39 seconds

=== Error on training data ===

Correctly Classified Instances         911               99.8904 %
Incorrectly Classified Instances         1                0.1096 %
Kappa statistic                          0.9978
Mean absolute error                      0.1474
Root mean squared error                  0.1568
Relative absolute error                 29.4888 %
Root relative squared error             31.3568 %
Total Number of Instances              912     


=== Detailed Accuracy By Class ===

                 TP Rate  FP Rate  Precision  Recall   F-Measure  MCC      ROC Area  PRC Area  Class
                 1.000    0.002    0.998      1.000    0.999      0.998    1.000     1.000     PD
                 0.998    0.000    1.000      0.998    0.999      0.998    1.000     1.000     SNP
Weighted Avg.    0.999    0.001    0.999      0.999    0.999      0.998    1.000     1.000     


=== Confusion Matrix ===

   a   b   <-- classified as
 456   0 |   a = PD
   1 455 |   b = SNP

Time taken to perform cross-validation: 65.07 seconds


=== Stratified cross-validation ===

Correctly Classified Instances         732               80.2632 %
Incorrectly Classified Instances       180               19.7368 %
Kappa statistic                          0.6053
Mean absolute error                      0.3946
Root mean squared error                  0.4151
Relative absolute error                 78.9253 %
Root relative squared error             83.0229 %
Total Number of Instances              912     


=== Detailed Accuracy By Class ===

                 TP Rate  FP Rate  Precision  Recall   F-Measure  MCC      ROC Area  PRC Area  Class
                 0.704    0.099    0.877      0.704    0.781      0.617    0.893     0.894     PD
                 0.901    0.296    0.753      0.901    0.820      0.617    0.893     0.884     SNP
Weighted Avg.    0.803    0.197    0.815      0.803    0.801      0.617    0.893     0.889     


=== Confusion Matrix ===

   a   b   <-- classified as
 321 135 |   a = PD
  45 411 |   b = SNP

