
Options: -I 100 -attribute-importance 

=== Classifier model (full training set) ===

RandomForest

Bagging with 100 iterations and base learner

weka.classifiers.trees.RandomTree -K 0 -M 1.0 -V 0.001 -S 1 -do-not-check-capabilities

Attribute importance based on average impurity decrease (and number of nodes using that attribute)

      0.79 (   356)  SPhobic
      0.74 (   805)  Relaccess
      0.74 (   306)  CPhim
      0.68 (   172)  BCharge
      0.35 (   219)  Interface
      0.09 (   299)  Glycine
      0.09 ( 11746)  Clash
      0.09 (   482)  Voids
      0.06 (   472)  Binding
      0.06 (  8005)  Impact
      0.05 (  3641)  Proline
      0.04 (  5757)  HBonds


Time taken to build model: 1.94 seconds

Time taken to test model on training data: 0.17 seconds

=== Error on training data ===

Correctly Classified Instances         904               99.1228 %
Incorrectly Classified Instances         8                0.8772 %
Kappa statistic                          0.9825
Mean absolute error                      0.1553
Root mean squared error                  0.1707
Relative absolute error                 31.0586 %
Root relative squared error             34.1341 %
Total Number of Instances              912     


=== Detailed Accuracy By Class ===

                 TP Rate  FP Rate  Precision  Recall   F-Measure  MCC      ROC Area  PRC Area  Class
                 0.993    0.011    0.989      0.993    0.991      0.982    1.000     1.000     PD
                 0.989    0.007    0.993      0.989    0.991      0.982    1.000     1.000     SNP
Weighted Avg.    0.991    0.009    0.991      0.991    0.991      0.982    1.000     1.000     


=== Confusion Matrix ===

   a   b   <-- classified as
 453   3 |   a = PD
   5 451 |   b = SNP

Time taken to perform cross-validation: 13.78 seconds


=== Stratified cross-validation ===

Correctly Classified Instances         722               79.1667 %
Incorrectly Classified Instances       190               20.8333 %
Kappa statistic                          0.5833
Mean absolute error                      0.4097
Root mean squared error                  0.4316
Relative absolute error                 81.9364 %
Root relative squared error             86.3164 %
Total Number of Instances              912     


=== Detailed Accuracy By Class ===

                 TP Rate  FP Rate  Precision  Recall   F-Measure  MCC      ROC Area  PRC Area  Class
                 0.691    0.107    0.865      0.691    0.768      0.596    0.846     0.822     PD
                 0.893    0.309    0.743      0.893    0.811      0.596    0.846     0.819     SNP
Weighted Avg.    0.792    0.208    0.804      0.792    0.790      0.596    0.846     0.820     


=== Confusion Matrix ===

   a   b   <-- classified as
 315 141 |   a = PD
  49 407 |   b = SNP

