
Options: -I 500 -attribute-importance 

=== Classifier model (full training set) ===

RandomForest

Bagging with 500 iterations and base learner

weka.classifiers.trees.RandomTree -K 0 -M 1.0 -V 0.001 -S 1 -do-not-check-capabilities

Attribute importance based on average impurity decrease (and number of nodes using that attribute)

      0.78 (  1533)  SPhobic
      0.77 (  3532)  Relaccess
      0.71 (  1326)  CPhim
      0.69 (   804)  BCharge
      0.36 (  1029)  Interface
      0.1  (  1809)  Voids
      0.09 ( 50079)  Clash
      0.08 (  1295)  Glycine
      0.07 ( 33941)  Impact
      0.06 ( 17388)  Proline
      0.04 (  2293)  Binding
      0.03 ( 24463)  HBonds


Time taken to build model: 7.86 seconds

Time taken to test model on training data: 0.38 seconds

=== Error on training data ===

Correctly Classified Instances         905               99.2325 %
Incorrectly Classified Instances         7                0.7675 %
Kappa statistic                          0.9846
Mean absolute error                      0.15  
Root mean squared error                  0.1633
Relative absolute error                 29.9924 %
Root relative squared error             32.659  %
Total Number of Instances              912     


=== Detailed Accuracy By Class ===

                 TP Rate  FP Rate  Precision  Recall   F-Measure  MCC      ROC Area  PRC Area  Class
                 0.996    0.011    0.989      0.996    0.992      0.985    1.000     1.000     PD
                 0.989    0.004    0.996      0.989    0.992      0.985    1.000     1.000     SNP
Weighted Avg.    0.992    0.008    0.992      0.992    0.992      0.985    1.000     1.000     


=== Confusion Matrix ===

   a   b   <-- classified as
 454   2 |   a = PD
   5 451 |   b = SNP

Time taken to perform cross-validation: 64.99 seconds


=== Stratified cross-validation ===

Correctly Classified Instances         756               82.8947 %
Incorrectly Classified Instances       156               17.1053 %
Kappa statistic                          0.6579
Mean absolute error                      0.394 
Root mean squared error                  0.4157
Relative absolute error                 78.7906 %
Root relative squared error             83.1483 %
Total Number of Instances              912     


=== Detailed Accuracy By Class ===

                 TP Rate  FP Rate  Precision  Recall   F-Measure  MCC      ROC Area  PRC Area  Class
                 0.752    0.094    0.889      0.752    0.815      0.666    0.891     0.883     PD
                 0.906    0.248    0.785      0.906    0.841      0.666    0.891     0.861     SNP
Weighted Avg.    0.829    0.171    0.837      0.829    0.828      0.666    0.891     0.872     


=== Confusion Matrix ===

   a   b   <-- classified as
 343 113 |   a = PD
  43 413 |   b = SNP

