
Options: -I 50 -attribute-importance 

=== Classifier model (full training set) ===

RandomForest

Bagging with 50 iterations and base learner

weka.classifiers.trees.RandomTree -K 0 -M 1.0 -V 0.001 -S 1 -do-not-check-capabilities

Attribute importance based on average impurity decrease (and number of nodes using that attribute)

      0.79 (   487)  Relaccess
      0.77 (   156)  SPhobic
      0.7  (   130)  CPhim
      0.65 (    78)  BCharge
      0.37 (   125)  Interface
      0.14 (  3316)  Clash
      0.12 (  2170)  Impact
      0.12 (   189)  Voids
      0.08 (  1067)  Proline
      0.07 (    90)  Glycine
      0.07 (   203)  Binding
      0.05 (  1731)  HBonds


Time taken to build model: 0.85 seconds

Time taken to test model on training data: 0.09 seconds

=== Error on training data ===

Correctly Classified Instances         907               99.4518 %
Incorrectly Classified Instances         5                0.5482 %
Kappa statistic                          0.989 
Mean absolute error                      0.1467
Root mean squared error                  0.1625
Relative absolute error                 29.3468 %
Root relative squared error             32.4937 %
Total Number of Instances              912     


=== Detailed Accuracy By Class ===

                 TP Rate  FP Rate  Precision  Recall   F-Measure  MCC      ROC Area  PRC Area  Class
                 0.993    0.004    0.996      0.993    0.995      0.989    1.000     1.000     PD
                 0.996    0.007    0.993      0.996    0.995      0.989    1.000     1.000     SNP
Weighted Avg.    0.995    0.005    0.995      0.995    0.995      0.989    1.000     1.000     


=== Confusion Matrix ===

   a   b   <-- classified as
 453   3 |   a = PD
   2 454 |   b = SNP

Time taken to perform cross-validation: 4.39 seconds


=== Stratified cross-validation ===

Correctly Classified Instances         701               76.864  %
Incorrectly Classified Instances       211               23.136  %
Kappa statistic                          0.5373
Mean absolute error                      0.4123
Root mean squared error                  0.4353
Relative absolute error                 82.4606 %
Root relative squared error             87.0604 %
Total Number of Instances              912     


=== Detailed Accuracy By Class ===

                 TP Rate  FP Rate  Precision  Recall   F-Measure  MCC      ROC Area  PRC Area  Class
                 0.647    0.110    0.855      0.647    0.737      0.554    0.845     0.836     PD
                 0.890    0.353    0.716      0.890    0.794      0.554    0.845     0.817     SNP
Weighted Avg.    0.769    0.231    0.786      0.769    0.765      0.554    0.845     0.827     


=== Confusion Matrix ===

   a   b   <-- classified as
 295 161 |   a = PD
  50 406 |   b = SNP

