
Options: -I 100 -attribute-importance 

=== Classifier model (full training set) ===

RandomForest

Bagging with 100 iterations and base learner

weka.classifiers.trees.RandomTree -K 0 -M 1.0 -V 0.001 -S 1 -do-not-check-capabilities

Attribute importance based on average impurity decrease (and number of nodes using that attribute)

      0.8  (   387)  SPhobic
      0.78 (   835)  Relaccess
      0.69 (   166)  BCharge
      0.69 (   201)  CPhim
      0.36 (   210)  Interface
      0.11 (   360)  Voids
      0.11 (   204)  Glycine
      0.1  (  9598)  Clash
      0.07 (  6409)  Impact
      0.06 (   500)  Binding
      0.06 (  2988)  Proline
      0.04 (  4819)  HBonds


Time taken to build model: 1.82 seconds

Time taken to test model on training data: 0.13 seconds

=== Error on training data ===

Correctly Classified Instances         911               99.8904 %
Incorrectly Classified Instances         1                0.1096 %
Kappa statistic                          0.9978
Mean absolute error                      0.1459
Root mean squared error                  0.1569
Relative absolute error                 29.1743 %
Root relative squared error             31.3731 %
Total Number of Instances              912     


=== Detailed Accuracy By Class ===

                 TP Rate  FP Rate  Precision  Recall   F-Measure  MCC      ROC Area  PRC Area  Class
                 0.998    0.000    1.000      0.998    0.999      0.998    1.000     1.000     PD
                 1.000    0.002    0.998      1.000    0.999      0.998    1.000     1.000     SNP
Weighted Avg.    0.999    0.001    0.999      0.999    0.999      0.998    1.000     1.000     


=== Confusion Matrix ===

   a   b   <-- classified as
 455   1 |   a = PD
   0 456 |   b = SNP

Time taken to perform cross-validation: 10.93 seconds


=== Stratified cross-validation ===

Correctly Classified Instances         730               80.0439 %
Incorrectly Classified Instances       182               19.9561 %
Kappa statistic                          0.6009
Mean absolute error                      0.3966
Root mean squared error                  0.4178
Relative absolute error                 79.3287 %
Root relative squared error             83.5583 %
Total Number of Instances              912     


=== Detailed Accuracy By Class ===

                 TP Rate  FP Rate  Precision  Recall   F-Measure  MCC      ROC Area  PRC Area  Class
                 0.691    0.090    0.885      0.691    0.776      0.616    0.886     0.889     PD
                 0.910    0.309    0.746      0.910    0.820      0.616    0.886     0.874     SNP
Weighted Avg.    0.800    0.200    0.816      0.800    0.798      0.616    0.886     0.881     


=== Confusion Matrix ===

   a   b   <-- classified as
 315 141 |   a = PD
  41 415 |   b = SNP

