
Options: -I 100 -attribute-importance 

=== Classifier model (full training set) ===

RandomForest

Bagging with 100 iterations and base learner

weka.classifiers.trees.RandomTree -K 0 -M 1.0 -V 0.001 -S 1 -do-not-check-capabilities

Attribute importance based on average impurity decrease (and number of nodes using that attribute)

      0.82 (   336)  SPhobic
      0.77 (   744)  Relaccess
      0.75 (   277)  CPhim
      0.74 (   177)  BCharge
      0.39 (   180)  Interface
      0.1  (  9002)  Clash
      0.09 (   368)  Voids
      0.07 (   244)  Glycine
      0.07 (  6141)  Impact
      0.07 (  3090)  Proline
      0.05 (   420)  Binding
      0.04 (  4546)  HBonds


Time taken to build model: 1.65 seconds

Time taken to test model on training data: 0.13 seconds

=== Error on training data ===

Correctly Classified Instances         910               99.7807 %
Incorrectly Classified Instances         2                0.2193 %
Kappa statistic                          0.9956
Mean absolute error                      0.1504
Root mean squared error                  0.1616
Relative absolute error                 30.0755 %
Root relative squared error             32.3227 %
Total Number of Instances              912     


=== Detailed Accuracy By Class ===

                 TP Rate  FP Rate  Precision  Recall   F-Measure  MCC      ROC Area  PRC Area  Class
                 0.998    0.002    0.998      0.998    0.998      0.996    1.000     1.000     PD
                 0.998    0.002    0.998      0.998    0.998      0.996    1.000     1.000     SNP
Weighted Avg.    0.998    0.002    0.998      0.998    0.998      0.996    1.000     1.000     


=== Confusion Matrix ===

   a   b   <-- classified as
 455   1 |   a = PD
   1 455 |   b = SNP

Time taken to perform cross-validation: 11.16 seconds


=== Stratified cross-validation ===

Correctly Classified Instances         724               79.386  %
Incorrectly Classified Instances       188               20.614  %
Kappa statistic                          0.5877
Mean absolute error                      0.4052
Root mean squared error                  0.4272
Relative absolute error                 81.034  %
Root relative squared error             85.4367 %
Total Number of Instances              912     


=== Detailed Accuracy By Class ===

                 TP Rate  FP Rate  Precision  Recall   F-Measure  MCC      ROC Area  PRC Area  Class
                 0.697    0.110    0.864      0.697    0.772      0.599    0.863     0.876     PD
                 0.890    0.303    0.746      0.890    0.812      0.599    0.863     0.827     SNP
Weighted Avg.    0.794    0.206    0.805      0.794    0.792      0.599    0.863     0.851     


=== Confusion Matrix ===

   a   b   <-- classified as
 318 138 |   a = PD
  50 406 |   b = SNP

