
Options: -I 100 -attribute-importance 

=== Classifier model (full training set) ===

RandomForest

Bagging with 100 iterations and base learner

weka.classifiers.trees.RandomTree -K 0 -M 1.0 -V 0.001 -S 1 -do-not-check-capabilities

Attribute importance based on average impurity decrease (and number of nodes using that attribute)

      0.8  (   371)  SPhobic
      0.76 (   737)  Relaccess
      0.75 (   308)  CPhim
      0.71 (   196)  BCharge
      0.39 (   223)  Interface
      0.1  (  9789)  Clash
      0.1  (   365)  Voids
      0.09 (   306)  Glycine
      0.07 (  6666)  Impact
      0.06 (  3362)  Proline
      0.05 (   430)  Binding
      0.03 (  4868)  HBonds


Time taken to build model: 1.68 seconds

Time taken to test model on training data: 0.15 seconds

=== Error on training data ===

Correctly Classified Instances         907               99.4518 %
Incorrectly Classified Instances         5                0.5482 %
Kappa statistic                          0.989 
Mean absolute error                      0.1522
Root mean squared error                  0.1653
Relative absolute error                 30.4483 %
Root relative squared error             33.0694 %
Total Number of Instances              912     


=== Detailed Accuracy By Class ===

                 TP Rate  FP Rate  Precision  Recall   F-Measure  MCC      ROC Area  PRC Area  Class
                 0.991    0.002    0.998      0.991    0.994      0.989    1.000     1.000     PD
                 0.998    0.009    0.991      0.998    0.995      0.989    1.000     1.000     SNP
Weighted Avg.    0.995    0.005    0.995      0.995    0.995      0.989    1.000     1.000     


=== Confusion Matrix ===

   a   b   <-- classified as
 452   4 |   a = PD
   1 455 |   b = SNP

Time taken to perform cross-validation: 11.69 seconds


=== Stratified cross-validation ===

Correctly Classified Instances         720               78.9474 %
Incorrectly Classified Instances       192               21.0526 %
Kappa statistic                          0.5789
Mean absolute error                      0.4022
Root mean squared error                  0.4252
Relative absolute error                 80.4358 %
Root relative squared error             85.0327 %
Total Number of Instances              912     


=== Detailed Accuracy By Class ===

                 TP Rate  FP Rate  Precision  Recall   F-Measure  MCC      ROC Area  PRC Area  Class
                 0.706    0.127    0.847      0.706    0.770      0.587    0.862     0.850     PD
                 0.873    0.294    0.748      0.873    0.806      0.587    0.862     0.842     SNP
Weighted Avg.    0.789    0.211    0.798      0.789    0.788      0.587    0.862     0.846     


=== Confusion Matrix ===

   a   b   <-- classified as
 322 134 |   a = PD
  58 398 |   b = SNP

