
Options: -I 50 -attribute-importance 

=== Classifier model (full training set) ===

RandomForest

Bagging with 50 iterations and base learner

weka.classifiers.trees.RandomTree -K 0 -M 1.0 -V 0.001 -S 1 -do-not-check-capabilities

Attribute importance based on average impurity decrease (and number of nodes using that attribute)

      0.82 (   181)  SPhobic
      0.79 (   490)  Relaccess
      0.66 (   125)  CPhim
      0.66 (    71)  BCharge
      0.41 (   161)  Interface
      0.11 (   114)  Glycine
      0.1  (  4785)  Clash
      0.09 (   184)  Voids
      0.08 (  3366)  Impact
      0.07 (   205)  Binding
      0.06 (  1724)  Proline
      0.04 (  2258)  HBonds


Time taken to build model: 1.06 seconds

Time taken to test model on training data: 0.09 seconds

=== Error on training data ===

Correctly Classified Instances         908               99.5614 %
Incorrectly Classified Instances         4                0.4386 %
Kappa statistic                          0.9912
Mean absolute error                      0.147 
Root mean squared error                  0.163 
Relative absolute error                 29.4034 %
Root relative squared error             32.5902 %
Total Number of Instances              912     


=== Detailed Accuracy By Class ===

                 TP Rate  FP Rate  Precision  Recall   F-Measure  MCC      ROC Area  PRC Area  Class
                 0.998    0.007    0.993      0.998    0.996      0.991    1.000     1.000     PD
                 0.993    0.002    0.998      0.993    0.996      0.991    1.000     1.000     SNP
Weighted Avg.    0.996    0.004    0.996      0.996    0.996      0.991    1.000     1.000     


=== Confusion Matrix ===

   a   b   <-- classified as
 455   1 |   a = PD
   3 453 |   b = SNP

Time taken to perform cross-validation: 5.84 seconds


=== Stratified cross-validation ===

Correctly Classified Instances         711               77.9605 %
Incorrectly Classified Instances       201               22.0395 %
Kappa statistic                          0.5592
Mean absolute error                      0.4105
Root mean squared error                  0.4321
Relative absolute error                 82.0977 %
Root relative squared error             86.41   %
Total Number of Instances              912     


=== Detailed Accuracy By Class ===

                 TP Rate  FP Rate  Precision  Recall   F-Measure  MCC      ROC Area  PRC Area  Class
                 0.697    0.138    0.835      0.697    0.760      0.567    0.849     0.827     PD
                 0.862    0.303    0.740      0.862    0.796      0.567    0.849     0.833     SNP
Weighted Avg.    0.780    0.220    0.787      0.780    0.778      0.567    0.849     0.830     


=== Confusion Matrix ===

   a   b   <-- classified as
 318 138 |   a = PD
  63 393 |   b = SNP

