
Options: -I 50 -attribute-importance 

=== Classifier model (full training set) ===

RandomForest

Bagging with 50 iterations and base learner

weka.classifiers.trees.RandomTree -K 0 -M 1.0 -V 0.001 -S 1 -do-not-check-capabilities

Attribute importance based on average impurity decrease (and number of nodes using that attribute)

      0.78 (   194)  SPhobic
      0.76 (   425)  Relaccess
      0.71 (   114)  CPhim
      0.6  (    77)  BCharge
      0.41 (   138)  Interface
      0.11 (    96)  Glycine
      0.09 (  5539)  Clash
      0.08 (   261)  Binding
      0.07 (  3694)  Impact
      0.07 (   227)  Voids
      0.05 (  1894)  Proline
      0.03 (  2788)  HBonds


Time taken to build model: 1.13 seconds

Time taken to test model on training data: 0.09 seconds

=== Error on training data ===

Correctly Classified Instances         908               99.5614 %
Incorrectly Classified Instances         4                0.4386 %
Kappa statistic                          0.9912
Mean absolute error                      0.1439
Root mean squared error                  0.1599
Relative absolute error                 28.7712 %
Root relative squared error             31.9723 %
Total Number of Instances              912     


=== Detailed Accuracy By Class ===

                 TP Rate  FP Rate  Precision  Recall   F-Measure  MCC      ROC Area  PRC Area  Class
                 0.993    0.002    0.998      0.993    0.996      0.991    1.000     1.000     PD
                 0.998    0.007    0.993      0.998    0.996      0.991    1.000     1.000     SNP
Weighted Avg.    0.996    0.004    0.996      0.996    0.996      0.991    1.000     1.000     


=== Confusion Matrix ===

   a   b   <-- classified as
 453   3 |   a = PD
   1 455 |   b = SNP

Time taken to perform cross-validation: 6.56 seconds


=== Stratified cross-validation ===

Correctly Classified Instances         717               78.6184 %
Incorrectly Classified Instances       195               21.3816 %
Kappa statistic                          0.5724
Mean absolute error                      0.4005
Root mean squared error                  0.424 
Relative absolute error                 80.1013 %
Root relative squared error             84.7916 %
Total Number of Instances              912     


=== Detailed Accuracy By Class ===

                 TP Rate  FP Rate  Precision  Recall   F-Measure  MCC      ROC Area  PRC Area  Class
                 0.700    0.127    0.846      0.700    0.766      0.581    0.864     0.853     PD
                 0.873    0.300    0.744      0.873    0.803      0.581    0.864     0.846     SNP
Weighted Avg.    0.786    0.214    0.795      0.786    0.785      0.581    0.864     0.849     


=== Confusion Matrix ===

   a   b   <-- classified as
 319 137 |   a = PD
  58 398 |   b = SNP

