
Options: -I 50 -attribute-importance 

=== Classifier model (full training set) ===

RandomForest

Bagging with 50 iterations and base learner

weka.classifiers.trees.RandomTree -K 0 -M 1.0 -V 0.001 -S 1 -do-not-check-capabilities

Attribute importance based on average impurity decrease (and number of nodes using that attribute)

      0.78 (   496)  Relaccess
      0.75 (   120)  SPhobic
      0.64 (    96)  CPhim
      0.57 (    46)  BCharge
      0.38 (   148)  Interface
      0.12 (   150)  Glycine
      0.09 (  4870)  Clash
      0.08 (  3250)  Impact
      0.07 (   160)  Voids
      0.06 (   195)  Binding
      0.05 (  1586)  Proline
      0.04 (  2418)  HBonds


Time taken to build model: 1.11 seconds

Time taken to test model on training data: 0.1 seconds

=== Error on training data ===

Correctly Classified Instances         908               99.5614 %
Incorrectly Classified Instances         4                0.4386 %
Kappa statistic                          0.9912
Mean absolute error                      0.1416
Root mean squared error                  0.1587
Relative absolute error                 28.3258 %
Root relative squared error             31.7356 %
Total Number of Instances              912     


=== Detailed Accuracy By Class ===

                 TP Rate  FP Rate  Precision  Recall   F-Measure  MCC      ROC Area  PRC Area  Class
                 0.991    0.000    1.000      0.991    0.996      0.991    1.000     1.000     PD
                 1.000    0.009    0.991      1.000    0.996      0.991    1.000     1.000     SNP
Weighted Avg.    0.996    0.004    0.996      0.996    0.996      0.991    1.000     1.000     


=== Confusion Matrix ===

   a   b   <-- classified as
 452   4 |   a = PD
   0 456 |   b = SNP

Time taken to perform cross-validation: 5.92 seconds


=== Stratified cross-validation ===

Correctly Classified Instances         696               76.3158 %
Incorrectly Classified Instances       216               23.6842 %
Kappa statistic                          0.5263
Mean absolute error                      0.4049
Root mean squared error                  0.4269
Relative absolute error                 80.9835 %
Root relative squared error             85.3851 %
Total Number of Instances              912     


=== Detailed Accuracy By Class ===

                 TP Rate  FP Rate  Precision  Recall   F-Measure  MCC      ROC Area  PRC Area  Class
                 0.673    0.147    0.821      0.673    0.740      0.535    0.862     0.853     PD
                 0.853    0.327    0.723      0.853    0.783      0.535    0.862     0.851     SNP
Weighted Avg.    0.763    0.237    0.772      0.763    0.761      0.535    0.862     0.852     


=== Confusion Matrix ===

   a   b   <-- classified as
 307 149 |   a = PD
  67 389 |   b = SNP

