
Options: -I 500 -attribute-importance 

=== Classifier model (full training set) ===

RandomForest

Bagging with 500 iterations and base learner

weka.classifiers.trees.RandomTree -K 0 -M 1.0 -V 0.001 -S 1 -do-not-check-capabilities

Attribute importance based on average impurity decrease (and number of nodes using that attribute)

      0.79 (  4067)  Relaccess
      0.79 (  1595)  SPhobic
      0.73 (  1351)  CPhim
      0.7  (   881)  BCharge
      0.34 (   991)  Interface
      0.14 ( 33530)  Clash
      0.12 (  1769)  Voids
      0.1  ( 21374)  Impact
      0.08 (   997)  Glycine
      0.08 ( 11282)  Proline
      0.07 (  1824)  Binding
      0.06 ( 16753)  HBonds


Time taken to build model: 6.54 seconds

Time taken to test model on training data: 0.34 seconds

=== Error on training data ===

Correctly Classified Instances         907               99.4518 %
Incorrectly Classified Instances         5                0.5482 %
Kappa statistic                          0.989 
Mean absolute error                      0.1533
Root mean squared error                  0.1654
Relative absolute error                 30.6646 %
Root relative squared error             33.0835 %
Total Number of Instances              912     


=== Detailed Accuracy By Class ===

                 TP Rate  FP Rate  Precision  Recall   F-Measure  MCC      ROC Area  PRC Area  Class
                 0.998    0.009    0.991      0.998    0.995      0.989    1.000     1.000     PD
                 0.991    0.002    0.998      0.991    0.994      0.989    1.000     1.000     SNP
Weighted Avg.    0.995    0.005    0.995      0.995    0.995      0.989    1.000     1.000     


=== Confusion Matrix ===

   a   b   <-- classified as
 455   1 |   a = PD
   4 452 |   b = SNP

Time taken to perform cross-validation: 51.7 seconds


=== Stratified cross-validation ===

Correctly Classified Instances         710               77.8509 %
Incorrectly Classified Instances       202               22.1491 %
Kappa statistic                          0.557 
Mean absolute error                      0.4082
Root mean squared error                  0.4304
Relative absolute error                 81.6375 %
Root relative squared error             86.0831 %
Total Number of Instances              912     


=== Detailed Accuracy By Class ===

                 TP Rate  FP Rate  Precision  Recall   F-Measure  MCC      ROC Area  PRC Area  Class
                 0.654    0.096    0.871      0.654    0.747      0.575    0.859     0.856     PD
                 0.904    0.346    0.723      0.904    0.803      0.575    0.859     0.834     SNP
Weighted Avg.    0.779    0.221    0.797      0.779    0.775      0.575    0.859     0.845     


=== Confusion Matrix ===

   a   b   <-- classified as
 298 158 |   a = PD
  44 412 |   b = SNP

