
Options: -I 50 -attribute-importance 

=== Classifier model (full training set) ===

RandomForest

Bagging with 50 iterations and base learner

weka.classifiers.trees.RandomTree -K 0 -M 1.0 -V 0.001 -S 1 -do-not-check-capabilities

Attribute importance based on average impurity decrease (and number of nodes using that attribute)

      0.77 (   461)  Relaccess
      0.77 (   138)  SPhobic
      0.71 (    79)  BCharge
      0.71 (   131)  CPhim
      0.39 (   112)  Interface
      0.1  (  4173)  Clash
      0.1  (   178)  Voids
      0.1  (   125)  Glycine
      0.08 (  2962)  Impact
      0.06 (  1483)  Proline
      0.06 (   207)  Binding
      0.05 (  2217)  HBonds


Time taken to build model: 1.02 seconds

Time taken to test model on training data: 0.09 seconds

=== Error on training data ===

Correctly Classified Instances         910               99.7807 %
Incorrectly Classified Instances         2                0.2193 %
Kappa statistic                          0.9956
Mean absolute error                      0.1419
Root mean squared error                  0.1563
Relative absolute error                 28.3878 %
Root relative squared error             31.2689 %
Total Number of Instances              912     


=== Detailed Accuracy By Class ===

                 TP Rate  FP Rate  Precision  Recall   F-Measure  MCC      ROC Area  PRC Area  Class
                 0.998    0.002    0.998      0.998    0.998      0.996    1.000     1.000     PD
                 0.998    0.002    0.998      0.998    0.998      0.996    1.000     1.000     SNP
Weighted Avg.    0.998    0.002    0.998      0.998    0.998      0.996    1.000     1.000     


=== Confusion Matrix ===

   a   b   <-- classified as
 455   1 |   a = PD
   1 455 |   b = SNP

Time taken to perform cross-validation: 5.6 seconds


=== Stratified cross-validation ===

Correctly Classified Instances         721               79.057  %
Incorrectly Classified Instances       191               20.943  %
Kappa statistic                          0.5811
Mean absolute error                      0.4062
Root mean squared error                  0.4291
Relative absolute error                 81.2331 %
Root relative squared error             85.8224 %
Total Number of Instances              912     


=== Detailed Accuracy By Class ===

                 TP Rate  FP Rate  Precision  Recall   F-Measure  MCC      ROC Area  PRC Area  Class
                 0.684    0.103    0.869      0.684    0.766      0.595    0.856     0.867     PD
                 0.897    0.316    0.740      0.897    0.811      0.595    0.856     0.821     SNP
Weighted Avg.    0.791    0.209    0.804      0.791    0.788      0.595    0.856     0.844     


=== Confusion Matrix ===

   a   b   <-- classified as
 312 144 |   a = PD
  47 409 |   b = SNP

