
Options: -I 500 -attribute-importance 

=== Classifier model (full training set) ===

RandomForest

Bagging with 500 iterations and base learner

weka.classifiers.trees.RandomTree -K 0 -M 1.0 -V 0.001 -S 1 -do-not-check-capabilities

Attribute importance based on average impurity decrease (and number of nodes using that attribute)

      0.83 (  1796)  SPhobic
      0.78 (  3568)  Relaccess
      0.76 (  1452)  CPhim
      0.74 (   884)  BCharge
      0.37 (   910)  Interface
      0.11 (  1825)  Voids
      0.1  ( 47248)  Clash
      0.07 (  1222)  Glycine
      0.07 ( 32160)  Impact
      0.07 ( 16959)  Proline
      0.05 (  2177)  Binding
      0.04 ( 23668)  HBonds


Time taken to build model: 8.21 seconds

Time taken to test model on training data: 0.38 seconds

=== Error on training data ===

Correctly Classified Instances         910               99.7807 %
Incorrectly Classified Instances         2                0.2193 %
Kappa statistic                          0.9956
Mean absolute error                      0.1526
Root mean squared error                  0.1622
Relative absolute error                 30.5111 %
Root relative squared error             32.4469 %
Total Number of Instances              912     


=== Detailed Accuracy By Class ===

                 TP Rate  FP Rate  Precision  Recall   F-Measure  MCC      ROC Area  PRC Area  Class
                 0.998    0.002    0.998      0.998    0.998      0.996    1.000     1.000     PD
                 0.998    0.002    0.998      0.998    0.998      0.996    1.000     1.000     SNP
Weighted Avg.    0.998    0.002    0.998      0.998    0.998      0.996    1.000     1.000     


=== Confusion Matrix ===

   a   b   <-- classified as
 455   1 |   a = PD
   1 455 |   b = SNP

Time taken to perform cross-validation: 63.64 seconds


=== Stratified cross-validation ===

Correctly Classified Instances         723               79.2763 %
Incorrectly Classified Instances       189               20.7237 %
Kappa statistic                          0.5855
Mean absolute error                      0.4046
Root mean squared error                  0.426 
Relative absolute error                 80.9171 %
Root relative squared error             85.2083 %
Total Number of Instances              912     


=== Detailed Accuracy By Class ===

                 TP Rate  FP Rate  Precision  Recall   F-Measure  MCC      ROC Area  PRC Area  Class
                 0.689    0.103    0.870      0.689    0.769      0.599    0.866     0.876     PD
                 0.897    0.311    0.742      0.897    0.812      0.599    0.866     0.834     SNP
Weighted Avg.    0.793    0.207    0.806      0.793    0.790      0.599    0.866     0.855     


=== Confusion Matrix ===

   a   b   <-- classified as
 314 142 |   a = PD
  47 409 |   b = SNP

