
Options: -I 500 -K 15 

=== Classifier model (full training set) ===

RandomForest

Bagging with 500 iterations and base learner

weka.classifiers.trees.RandomTree -K 15 -M 1.0 -V 0.001 -S 1 -do-not-check-capabilities

Time taken to build model: 8.28 seconds

Time taken to test model on training data: 0.36 seconds

=== Error on training data ===

Correctly Classified Instances         908               99.5614 %
Incorrectly Classified Instances         4                0.4386 %
Kappa statistic                          0.9912
Mean absolute error                      0.1592
Root mean squared error                  0.1704
Relative absolute error                 31.8459 %
Root relative squared error             34.0809 %
Total Number of Instances              912     


=== Detailed Accuracy By Class ===

                 TP Rate  FP Rate  Precision  Recall   F-Measure  MCC      ROC Area  PRC Area  Class
                 0.996    0.004    0.996      0.996    0.996      0.991    1.000     1.000     PD
                 0.996    0.004    0.996      0.996    0.996      0.991    1.000     1.000     SNP
Weighted Avg.    0.996    0.004    0.996      0.996    0.996      0.991    1.000     1.000     


=== Confusion Matrix ===

   a   b   <-- classified as
 454   2 |   a = PD
   2 454 |   b = SNP

Time taken to perform cross-validation: 99.84 seconds


=== Stratified cross-validation ===

Correctly Classified Instances         681               74.6711 %
Incorrectly Classified Instances       231               25.3289 %
Kappa statistic                          0.4934
Mean absolute error                      0.4253
Root mean squared error                  0.4466
Relative absolute error                 85.0629 %
Root relative squared error             89.32   %
Total Number of Instances              912     


=== Detailed Accuracy By Class ===

                 TP Rate  FP Rate  Precision  Recall   F-Measure  MCC      ROC Area  PRC Area  Class
                 0.618    0.125    0.832      0.618    0.709      0.511    0.818     0.813     PD
                 0.875    0.382    0.696      0.875    0.776      0.511    0.818     0.791     SNP
Weighted Avg.    0.747    0.253    0.764      0.747    0.742      0.511    0.818     0.802     


=== Confusion Matrix ===

   a   b   <-- classified as
 282 174 |   a = PD
  57 399 |   b = SNP

