
Options: -I 500 -K 15 

=== Classifier model (full training set) ===

RandomForest

Bagging with 500 iterations and base learner

weka.classifiers.trees.RandomTree -K 15 -M 1.0 -V 0.001 -S 1 -do-not-check-capabilities

Time taken to build model: 15.49 seconds

Time taken to test model on training data: 1.13 seconds

=== Error on training data ===

Correctly Classified Instances         905               99.2325 %
Incorrectly Classified Instances         7                0.7675 %
Kappa statistic                          0.9846
Mean absolute error                      0.1587
Root mean squared error                  0.1715
Relative absolute error                 31.741  %
Root relative squared error             34.2973 %
Total Number of Instances              912     


=== Detailed Accuracy By Class ===

                 TP Rate  FP Rate  Precision  Recall   F-Measure  MCC      ROC Area  PRC Area  Class
                 0.993    0.009    0.991      0.993    0.992      0.985    1.000     1.000     PD
                 0.991    0.007    0.993      0.991    0.992      0.985    1.000     1.000     SNP
Weighted Avg.    0.992    0.008    0.992      0.992    0.992      0.985    1.000     1.000     


=== Confusion Matrix ===

   a   b   <-- classified as
 453   3 |   a = PD
   4 452 |   b = SNP

Time taken to perform cross-validation: 82.55 seconds


=== Stratified cross-validation ===

Correctly Classified Instances         688               75.4386 %
Incorrectly Classified Instances       224               24.5614 %
Kappa statistic                          0.5088
Mean absolute error                      0.4222
Root mean squared error                  0.4436
Relative absolute error                 84.443  %
Root relative squared error             88.7287 %
Total Number of Instances              912     


=== Detailed Accuracy By Class ===

                 TP Rate  FP Rate  Precision  Recall   F-Measure  MCC      ROC Area  PRC Area  Class
                 0.640    0.132    0.830      0.640    0.723      0.523    0.826     0.809     PD
                 0.868    0.360    0.707      0.868    0.780      0.523    0.826     0.802     SNP
Weighted Avg.    0.754    0.246    0.768      0.754    0.751      0.523    0.826     0.805     


=== Confusion Matrix ===

   a   b   <-- classified as
 292 164 |   a = PD
  60 396 |   b = SNP

