
Options: -I 1000 -K 15 

=== Classifier model (full training set) ===

RandomForest

Bagging with 1000 iterations and base learner

weka.classifiers.trees.RandomTree -K 15 -M 1.0 -V 0.001 -S 1 -do-not-check-capabilities

Time taken to build model: 12.78 seconds

Time taken to test model on training data: 0.6 seconds

=== Error on training data ===

Correctly Classified Instances         908               99.5614 %
Incorrectly Classified Instances         4                0.4386 %
Kappa statistic                          0.9912
Mean absolute error                      0.1615
Root mean squared error                  0.1722
Relative absolute error                 32.2936 %
Root relative squared error             34.4482 %
Total Number of Instances              912     


=== Detailed Accuracy By Class ===

                 TP Rate  FP Rate  Precision  Recall   F-Measure  MCC      ROC Area  PRC Area  Class
                 1.000    0.009    0.991      1.000    0.996      0.991    1.000     1.000     PD
                 0.991    0.000    1.000      0.991    0.996      0.991    1.000     1.000     SNP
Weighted Avg.    0.996    0.004    0.996      0.996    0.996      0.991    1.000     1.000     


=== Confusion Matrix ===

   a   b   <-- classified as
 456   0 |   a = PD
   4 452 |   b = SNP

Time taken to perform cross-validation: 110.24 seconds


=== Stratified cross-validation ===

Correctly Classified Instances         662               72.5877 %
Incorrectly Classified Instances       250               27.4123 %
Kappa statistic                          0.4518
Mean absolute error                      0.4302
Root mean squared error                  0.4515
Relative absolute error                 86.0421 %
Root relative squared error             90.3028 %
Total Number of Instances              912     


=== Detailed Accuracy By Class ===

                 TP Rate  FP Rate  Precision  Recall   F-Measure  MCC      ROC Area  PRC Area  Class
                 0.612    0.160    0.793      0.612    0.691      0.464    0.797     0.775     PD
                 0.840    0.388    0.684      0.840    0.754      0.464    0.797     0.773     SNP
Weighted Avg.    0.726    0.274    0.738      0.726    0.722      0.464    0.797     0.774     


=== Confusion Matrix ===

   a   b   <-- classified as
 279 177 |   a = PD
  73 383 |   b = SNP

