
Options: -I 50 -K 15 

=== Classifier model (full training set) ===

RandomForest

Bagging with 50 iterations and base learner

weka.classifiers.trees.RandomTree -K 15 -M 1.0 -V 0.001 -S 1 -do-not-check-capabilities

Time taken to build model: 1.38 seconds

Time taken to test model on training data: 0.17 seconds

=== Error on training data ===

Correctly Classified Instances         905               99.2325 %
Incorrectly Classified Instances         7                0.7675 %
Kappa statistic                          0.9846
Mean absolute error                      0.156 
Root mean squared error                  0.1725
Relative absolute error                 31.2023 %
Root relative squared error             34.4978 %
Total Number of Instances              912     


=== Detailed Accuracy By Class ===

                 TP Rate  FP Rate  Precision  Recall   F-Measure  MCC      ROC Area  PRC Area  Class
                 0.989    0.004    0.996      0.989    0.992      0.985    1.000     1.000     PD
                 0.996    0.011    0.989      0.996    0.992      0.985    1.000     1.000     SNP
Weighted Avg.    0.992    0.008    0.992      0.992    0.992      0.985    1.000     1.000     


=== Confusion Matrix ===

   a   b   <-- classified as
 451   5 |   a = PD
   2 454 |   b = SNP

Time taken to perform cross-validation: 11.27 seconds


=== Stratified cross-validation ===

Correctly Classified Instances         683               74.8904 %
Incorrectly Classified Instances       229               25.1096 %
Kappa statistic                          0.4978
Mean absolute error                      0.4282
Root mean squared error                  0.4481
Relative absolute error                 85.6395 %
Root relative squared error             89.6183 %
Total Number of Instances              912     


=== Detailed Accuracy By Class ===

                 TP Rate  FP Rate  Precision  Recall   F-Measure  MCC      ROC Area  PRC Area  Class
                 0.638    0.140    0.820      0.638    0.718      0.510    0.816     0.800     PD
                 0.860    0.362    0.704      0.860    0.774      0.510    0.816     0.791     SNP
Weighted Avg.    0.749    0.251    0.762      0.749    0.746      0.510    0.816     0.796     


=== Confusion Matrix ===

   a   b   <-- classified as
 291 165 |   a = PD
  64 392 |   b = SNP

