
Options: -I 1000 -K 15 

=== Classifier model (full training set) ===

RandomForest

Bagging with 1000 iterations and base learner

weka.classifiers.trees.RandomTree -K 15 -M 1.0 -V 0.001 -S 1 -do-not-check-capabilities

Time taken to build model: 18.34 seconds

Time taken to test model on training data: 1.2 seconds

=== Error on training data ===

Correctly Classified Instances         907               99.4518 %
Incorrectly Classified Instances         5                0.5482 %
Kappa statistic                          0.989 
Mean absolute error                      0.1615
Root mean squared error                  0.1722
Relative absolute error                 32.3054 %
Root relative squared error             34.4443 %
Total Number of Instances              912     


=== Detailed Accuracy By Class ===

                 TP Rate  FP Rate  Precision  Recall   F-Measure  MCC      ROC Area  PRC Area  Class
                 0.993    0.004    0.996      0.993    0.995      0.989    1.000     1.000     PD
                 0.996    0.007    0.993      0.996    0.995      0.989    1.000     1.000     SNP
Weighted Avg.    0.995    0.005    0.995      0.995    0.995      0.989    1.000     1.000     


=== Confusion Matrix ===

   a   b   <-- classified as
 453   3 |   a = PD
   2 454 |   b = SNP

Time taken to perform cross-validation: 132.86 seconds


=== Stratified cross-validation ===

Correctly Classified Instances         689               75.5482 %
Incorrectly Classified Instances       223               24.4518 %
Kappa statistic                          0.511 
Mean absolute error                      0.4269
Root mean squared error                  0.4467
Relative absolute error                 85.3829 %
Root relative squared error             89.3459 %
Total Number of Instances              912     


=== Detailed Accuracy By Class ===

                 TP Rate  FP Rate  Precision  Recall   F-Measure  MCC      ROC Area  PRC Area  Class
                 0.658    0.147    0.817      0.658    0.729      0.521    0.819     0.809     PD
                 0.853    0.342    0.714      0.853    0.777      0.521    0.819     0.782     SNP
Weighted Avg.    0.755    0.245    0.766      0.755    0.753      0.521    0.819     0.796     


=== Confusion Matrix ===

   a   b   <-- classified as
 300 156 |   a = PD
  67 389 |   b = SNP

