
Options: -I 500 -K 15 

=== Classifier model (full training set) ===

RandomForest

Bagging with 500 iterations and base learner

weka.classifiers.trees.RandomTree -K 15 -M 1.0 -V 0.001 -S 1 -do-not-check-capabilities

Time taken to build model: 10.81 seconds

Time taken to test model on training data: 0.35 seconds

=== Error on training data ===

Correctly Classified Instances         904               99.1228 %
Incorrectly Classified Instances         8                0.8772 %
Kappa statistic                          0.9825
Mean absolute error                      0.164 
Root mean squared error                  0.1771
Relative absolute error                 32.809  %
Root relative squared error             35.4226 %
Total Number of Instances              912     


=== Detailed Accuracy By Class ===

                 TP Rate  FP Rate  Precision  Recall   F-Measure  MCC      ROC Area  PRC Area  Class
                 0.993    0.011    0.989      0.993    0.991      0.982    1.000     1.000     PD
                 0.989    0.007    0.993      0.989    0.991      0.982    1.000     1.000     SNP
Weighted Avg.    0.991    0.009    0.991      0.991    0.991      0.982    1.000     1.000     


=== Confusion Matrix ===

   a   b   <-- classified as
 453   3 |   a = PD
   5 451 |   b = SNP

Time taken to perform cross-validation: 63.39 seconds


=== Stratified cross-validation ===

Correctly Classified Instances         662               72.5877 %
Incorrectly Classified Instances       250               27.4123 %
Kappa statistic                          0.4518
Mean absolute error                      0.4307
Root mean squared error                  0.4522
Relative absolute error                 86.1335 %
Root relative squared error             90.4457 %
Total Number of Instances              912     


=== Detailed Accuracy By Class ===

                 TP Rate  FP Rate  Precision  Recall   F-Measure  MCC      ROC Area  PRC Area  Class
                 0.607    0.156    0.796      0.607    0.689      0.465    0.798     0.763     PD
                 0.844    0.393    0.683      0.844    0.755      0.465    0.798     0.783     SNP
Weighted Avg.    0.726    0.274    0.739      0.726    0.722      0.465    0.798     0.773     


=== Confusion Matrix ===

   a   b   <-- classified as
 277 179 |   a = PD
  71 385 |   b = SNP

