
Options: -I 500 -K 15 

=== Classifier model (full training set) ===

RandomForest

Bagging with 500 iterations and base learner

weka.classifiers.trees.RandomTree -K 15 -M 1.0 -V 0.001 -S 1 -do-not-check-capabilities

Time taken to build model: 10.68 seconds

Time taken to test model on training data: 0.48 seconds

=== Error on training data ===

Correctly Classified Instances         903               99.0132 %
Incorrectly Classified Instances         9                0.9868 %
Kappa statistic                          0.9803
Mean absolute error                      0.1612
Root mean squared error                  0.1748
Relative absolute error                 32.2497 %
Root relative squared error             34.9639 %
Total Number of Instances              912     


=== Detailed Accuracy By Class ===

                 TP Rate  FP Rate  Precision  Recall   F-Measure  MCC      ROC Area  PRC Area  Class
                 0.993    0.013    0.987      0.993    0.990      0.980    1.000     1.000     PD
                 0.987    0.007    0.993      0.987    0.990      0.980    1.000     1.000     SNP
Weighted Avg.    0.990    0.010    0.990      0.990    0.990      0.980    1.000     1.000     


=== Confusion Matrix ===

   a   b   <-- classified as
 453   3 |   a = PD
   6 450 |   b = SNP

Time taken to perform cross-validation: 92.71 seconds


=== Stratified cross-validation ===

Correctly Classified Instances         693               75.9868 %
Incorrectly Classified Instances       219               24.0132 %
Kappa statistic                          0.5197
Mean absolute error                      0.4231
Root mean squared error                  0.4439
Relative absolute error                 84.6161 %
Root relative squared error             88.7717 %
Total Number of Instances              912     


=== Detailed Accuracy By Class ===

                 TP Rate  FP Rate  Precision  Recall   F-Measure  MCC      ROC Area  PRC Area  Class
                 0.667    0.147    0.819      0.667    0.735      0.529    0.825     0.792     PD
                 0.853    0.333    0.719      0.853    0.780      0.529    0.825     0.804     SNP
Weighted Avg.    0.760    0.240    0.769      0.760    0.758      0.529    0.825     0.798     


=== Confusion Matrix ===

   a   b   <-- classified as
 304 152 |   a = PD
  67 389 |   b = SNP

