
Options: -I 100 -K 15 

=== Classifier model (full training set) ===

RandomForest

Bagging with 100 iterations and base learner

weka.classifiers.trees.RandomTree -K 15 -M 1.0 -V 0.001 -S 1 -do-not-check-capabilities

Time taken to build model: 3.07 seconds

Time taken to test model on training data: 0.22 seconds

=== Error on training data ===

Correctly Classified Instances         905               99.2325 %
Incorrectly Classified Instances         7                0.7675 %
Kappa statistic                          0.9846
Mean absolute error                      0.1614
Root mean squared error                  0.1753
Relative absolute error                 32.287  %
Root relative squared error             35.0534 %
Total Number of Instances              912     


=== Detailed Accuracy By Class ===

                 TP Rate  FP Rate  Precision  Recall   F-Measure  MCC      ROC Area  PRC Area  Class
                 0.989    0.004    0.996      0.989    0.992      0.985    1.000     1.000     PD
                 0.996    0.011    0.989      0.996    0.992      0.985    1.000     1.000     SNP
Weighted Avg.    0.992    0.008    0.992      0.992    0.992      0.985    1.000     1.000     


=== Confusion Matrix ===

   a   b   <-- classified as
 451   5 |   a = PD
   2 454 |   b = SNP

Time taken to perform cross-validation: 18.22 seconds


=== Stratified cross-validation ===

Correctly Classified Instances         683               74.8904 %
Incorrectly Classified Instances       229               25.1096 %
Kappa statistic                          0.4978
Mean absolute error                      0.4277
Root mean squared error                  0.4494
Relative absolute error                 85.5319 %
Root relative squared error             89.8855 %
Total Number of Instances              912     


=== Detailed Accuracy By Class ===

                 TP Rate  FP Rate  Precision  Recall   F-Measure  MCC      ROC Area  PRC Area  Class
                 0.636    0.138    0.822      0.636    0.717      0.511    0.808     0.786     PD
                 0.862    0.364    0.703      0.862    0.774      0.511    0.808     0.784     SNP
Weighted Avg.    0.749    0.251    0.762      0.749    0.746      0.511    0.808     0.785     


=== Confusion Matrix ===

   a   b   <-- classified as
 290 166 |   a = PD
  63 393 |   b = SNP

