
Options: -I 500 -K 15 

=== Classifier model (full training set) ===

RandomForest

Bagging with 500 iterations and base learner

weka.classifiers.trees.RandomTree -K 15 -M 1.0 -V 0.001 -S 1 -do-not-check-capabilities

Time taken to build model: 8.7 seconds

Time taken to test model on training data: 0.45 seconds

=== Error on training data ===

Correctly Classified Instances         905               99.2325 %
Incorrectly Classified Instances         7                0.7675 %
Kappa statistic                          0.9846
Mean absolute error                      0.1624
Root mean squared error                  0.1749
Relative absolute error                 32.4767 %
Root relative squared error             34.9874 %
Total Number of Instances              912     


=== Detailed Accuracy By Class ===

                 TP Rate  FP Rate  Precision  Recall   F-Measure  MCC      ROC Area  PRC Area  Class
                 0.991    0.007    0.993      0.991    0.992      0.985    1.000     1.000     PD
                 0.993    0.009    0.991      0.993    0.992      0.985    1.000     1.000     SNP
Weighted Avg.    0.992    0.008    0.992      0.992    0.992      0.985    1.000     1.000     


=== Confusion Matrix ===

   a   b   <-- classified as
 452   4 |   a = PD
   3 453 |   b = SNP

Time taken to perform cross-validation: 90.34 seconds


=== Stratified cross-validation ===

Correctly Classified Instances         693               75.9868 %
Incorrectly Classified Instances       219               24.0132 %
Kappa statistic                          0.5197
Mean absolute error                      0.4289
Root mean squared error                  0.4499
Relative absolute error                 85.7742 %
Root relative squared error             89.9702 %
Total Number of Instances              912     


=== Detailed Accuracy By Class ===

                 TP Rate  FP Rate  Precision  Recall   F-Measure  MCC      ROC Area  PRC Area  Class
                 0.658    0.138    0.826      0.658    0.733      0.531    0.809     0.792     PD
                 0.862    0.342    0.716      0.862    0.782      0.531    0.809     0.778     SNP
Weighted Avg.    0.760    0.240    0.771      0.760    0.757      0.531    0.809     0.785     


=== Confusion Matrix ===

   a   b   <-- classified as
 300 156 |   a = PD
  63 393 |   b = SNP

