
Options: -I 100 -K 15 

=== Classifier model (full training set) ===

RandomForest

Bagging with 100 iterations and base learner

weka.classifiers.trees.RandomTree -K 15 -M 1.0 -V 0.001 -S 1 -do-not-check-capabilities

Time taken to build model: 2.17 seconds

Time taken to test model on training data: 0.23 seconds

=== Error on training data ===

Correctly Classified Instances         903               99.0132 %
Incorrectly Classified Instances         9                0.9868 %
Kappa statistic                          0.9803
Mean absolute error                      0.1567
Root mean squared error                  0.1722
Relative absolute error                 31.3388 %
Root relative squared error             34.4344 %
Total Number of Instances              912     


=== Detailed Accuracy By Class ===

                 TP Rate  FP Rate  Precision  Recall   F-Measure  MCC      ROC Area  PRC Area  Class
                 0.989    0.009    0.991      0.989    0.990      0.980    1.000     1.000     PD
                 0.991    0.011    0.989      0.991    0.990      0.980    1.000     1.000     SNP
Weighted Avg.    0.990    0.010    0.990      0.990    0.990      0.980    1.000     1.000     


=== Confusion Matrix ===

   a   b   <-- classified as
 451   5 |   a = PD
   4 452 |   b = SNP

Time taken to perform cross-validation: 15.57 seconds


=== Stratified cross-validation ===

Correctly Classified Instances         694               76.0965 %
Incorrectly Classified Instances       218               23.9035 %
Kappa statistic                          0.5219
Mean absolute error                      0.4209
Root mean squared error                  0.4424
Relative absolute error                 84.1709 %
Root relative squared error             88.4735 %
Total Number of Instances              912     


=== Detailed Accuracy By Class ===

                 TP Rate  FP Rate  Precision  Recall   F-Measure  MCC      ROC Area  PRC Area  Class
                 0.673    0.151    0.816      0.673    0.738      0.530    0.825     0.797     PD
                 0.849    0.327    0.722      0.849    0.780      0.530    0.825     0.801     SNP
Weighted Avg.    0.761    0.239    0.769      0.761    0.759      0.530    0.825     0.799     


=== Confusion Matrix ===

   a   b   <-- classified as
 307 149 |   a = PD
  69 387 |   b = SNP

