
Options: -I 50 -K 15 

=== Classifier model (full training set) ===

RandomForest

Bagging with 50 iterations and base learner

weka.classifiers.trees.RandomTree -K 15 -M 1.0 -V 0.001 -S 1 -do-not-check-capabilities

Time taken to build model: 1.24 seconds

Time taken to test model on training data: 0.11 seconds

=== Error on training data ===

Correctly Classified Instances         905               99.2325 %
Incorrectly Classified Instances         7                0.7675 %
Kappa statistic                          0.9846
Mean absolute error                      0.1647
Root mean squared error                  0.18  
Relative absolute error                 32.9352 %
Root relative squared error             36.0032 %
Total Number of Instances              912     


=== Detailed Accuracy By Class ===

                 TP Rate  FP Rate  Precision  Recall   F-Measure  MCC      ROC Area  PRC Area  Class
                 0.989    0.004    0.996      0.989    0.992      0.985    1.000     1.000     PD
                 0.996    0.011    0.989      0.996    0.992      0.985    1.000     1.000     SNP
Weighted Avg.    0.992    0.008    0.992      0.992    0.992      0.985    1.000     1.000     


=== Confusion Matrix ===

   a   b   <-- classified as
 451   5 |   a = PD
   2 454 |   b = SNP

Time taken to perform cross-validation: 7.05 seconds


=== Stratified cross-validation ===

Correctly Classified Instances         692               75.8772 %
Incorrectly Classified Instances       220               24.1228 %
Kappa statistic                          0.5175
Mean absolute error                      0.4298
Root mean squared error                  0.4517
Relative absolute error                 85.9597 %
Root relative squared error             90.3314 %
Total Number of Instances              912     


=== Detailed Accuracy By Class ===

                 TP Rate  FP Rate  Precision  Recall   F-Measure  MCC      ROC Area  PRC Area  Class
                 0.658    0.140    0.824      0.658    0.732      0.528    0.797     0.781     PD
                 0.860    0.342    0.715      0.860    0.781      0.528    0.797     0.764     SNP
Weighted Avg.    0.759    0.241    0.770      0.759    0.756      0.528    0.797     0.773     


=== Confusion Matrix ===

   a   b   <-- classified as
 300 156 |   a = PD
  64 392 |   b = SNP

