
Options: -I 100 -K 15 

=== Classifier model (full training set) ===

RandomForest

Bagging with 100 iterations and base learner

weka.classifiers.trees.RandomTree -K 15 -M 1.0 -V 0.001 -S 1 -do-not-check-capabilities

Time taken to build model: 1.97 seconds

Time taken to test model on training data: 0.14 seconds

=== Error on training data ===

Correctly Classified Instances         907               99.4518 %
Incorrectly Classified Instances         5                0.5482 %
Kappa statistic                          0.989 
Mean absolute error                      0.1582
Root mean squared error                  0.1714
Relative absolute error                 31.6384 %
Root relative squared error             34.2724 %
Total Number of Instances              912     


=== Detailed Accuracy By Class ===

                 TP Rate  FP Rate  Precision  Recall   F-Measure  MCC      ROC Area  PRC Area  Class
                 1.000    0.011    0.989      1.000    0.995      0.989    1.000     1.000     PD
                 0.989    0.000    1.000      0.989    0.994      0.989    1.000     1.000     SNP
Weighted Avg.    0.995    0.005    0.995      0.995    0.995      0.989    1.000     1.000     


=== Confusion Matrix ===

   a   b   <-- classified as
 456   0 |   a = PD
   5 451 |   b = SNP

Time taken to perform cross-validation: 9.54 seconds


=== Stratified cross-validation ===

Correctly Classified Instances         681               74.6711 %
Incorrectly Classified Instances       231               25.3289 %
Kappa statistic                          0.4934
Mean absolute error                      0.433 
Root mean squared error                  0.453 
Relative absolute error                 86.609  %
Root relative squared error             90.5978 %
Total Number of Instances              912     


=== Detailed Accuracy By Class ===

                 TP Rate  FP Rate  Precision  Recall   F-Measure  MCC      ROC Area  PRC Area  Class
                 0.636    0.143    0.817      0.636    0.715      0.506    0.803     0.782     PD
                 0.857    0.364    0.702      0.857    0.772      0.506    0.803     0.766     SNP
Weighted Avg.    0.747    0.253    0.759      0.747    0.744      0.506    0.803     0.774     


=== Confusion Matrix ===

   a   b   <-- classified as
 290 166 |   a = PD
  65 391 |   b = SNP

