
Options: -I 50 -K 15 

=== Classifier model (full training set) ===

RandomForest

Bagging with 50 iterations and base learner

weka.classifiers.trees.RandomTree -K 15 -M 1.0 -V 0.001 -S 1 -do-not-check-capabilities

Time taken to build model: 1 seconds

Time taken to test model on training data: 0.09 seconds

=== Error on training data ===

Correctly Classified Instances         904               99.1228 %
Incorrectly Classified Instances         8                0.8772 %
Kappa statistic                          0.9825
Mean absolute error                      0.1568
Root mean squared error                  0.1738
Relative absolute error                 31.3627 %
Root relative squared error             34.7526 %
Total Number of Instances              912     


=== Detailed Accuracy By Class ===

                 TP Rate  FP Rate  Precision  Recall   F-Measure  MCC      ROC Area  PRC Area  Class
                 0.987    0.004    0.996      0.987    0.991      0.982    1.000     1.000     PD
                 0.996    0.013    0.987      0.996    0.991      0.982    1.000     1.000     SNP
Weighted Avg.    0.991    0.009    0.991      0.991    0.991      0.982    1.000     1.000     


=== Confusion Matrix ===

   a   b   <-- classified as
 450   6 |   a = PD
   2 454 |   b = SNP

Time taken to perform cross-validation: 6.45 seconds


=== Stratified cross-validation ===

Correctly Classified Instances         654               71.7105 %
Incorrectly Classified Instances       258               28.2895 %
Kappa statistic                          0.4342
Mean absolute error                      0.4337
Root mean squared error                  0.4565
Relative absolute error                 86.7357 %
Root relative squared error             91.3084 %
Total Number of Instances              912     


=== Detailed Accuracy By Class ===

                 TP Rate  FP Rate  Precision  Recall   F-Measure  MCC      ROC Area  PRC Area  Class
                 0.618    0.184    0.770      0.618    0.686      0.443    0.778     0.736     PD
                 0.816    0.382    0.681      0.816    0.743      0.443    0.778     0.761     SNP
Weighted Avg.    0.717    0.283    0.726      0.717    0.714      0.443    0.778     0.749     


=== Confusion Matrix ===

   a   b   <-- classified as
 282 174 |   a = PD
  84 372 |   b = SNP

