
Options: -I 1000 -K 15 

=== Classifier model (full training set) ===

RandomForest

Bagging with 1000 iterations and base learner

weka.classifiers.trees.RandomTree -K 15 -M 1.0 -V 0.001 -S 1 -do-not-check-capabilities

Time taken to build model: 31.46 seconds

Time taken to test model on training data: 0.86 seconds

=== Error on training data ===

Correctly Classified Instances         904               99.1228 %
Incorrectly Classified Instances         8                0.8772 %
Kappa statistic                          0.9825
Mean absolute error                      0.1674
Root mean squared error                  0.1801
Relative absolute error                 33.4704 %
Root relative squared error             36.0125 %
Total Number of Instances              912     


=== Detailed Accuracy By Class ===

                 TP Rate  FP Rate  Precision  Recall   F-Measure  MCC      ROC Area  PRC Area  Class
                 0.996    0.013    0.987      0.996    0.991      0.982    1.000     1.000     PD
                 0.987    0.004    0.996      0.987    0.991      0.982    1.000     1.000     SNP
Weighted Avg.    0.991    0.009    0.991      0.991    0.991      0.982    1.000     1.000     


=== Confusion Matrix ===

   a   b   <-- classified as
 454   2 |   a = PD
   6 450 |   b = SNP

Time taken to perform cross-validation: 157.04 seconds


=== Stratified cross-validation ===

Correctly Classified Instances         655               71.8202 %
Incorrectly Classified Instances       257               28.1798 %
Kappa statistic                          0.4364
Mean absolute error                      0.4378
Root mean squared error                  0.4583
Relative absolute error                 87.5553 %
Root relative squared error             91.6518 %
Total Number of Instances              912     


=== Detailed Accuracy By Class ===

                 TP Rate  FP Rate  Precision  Recall   F-Measure  MCC      ROC Area  PRC Area  Class
                 0.599    0.162    0.787      0.599    0.680      0.449    0.781     0.749     PD
                 0.838    0.401    0.676      0.838    0.748      0.449    0.781     0.757     SNP
Weighted Avg.    0.718    0.282    0.731      0.718    0.714      0.449    0.781     0.753     


=== Confusion Matrix ===

   a   b   <-- classified as
 273 183 |   a = PD
  74 382 |   b = SNP

