
Options: -I 1000 -K 15 

=== Classifier model (full training set) ===

RandomForest

Bagging with 1000 iterations and base learner

weka.classifiers.trees.RandomTree -K 15 -M 1.0 -V 0.001 -S 1 -do-not-check-capabilities

Time taken to build model: 17.66 seconds

Time taken to test model on training data: 0.99 seconds

=== Error on training data ===

Correctly Classified Instances         908               99.5614 %
Incorrectly Classified Instances         4                0.4386 %
Kappa statistic                          0.9912
Mean absolute error                      0.159 
Root mean squared error                  0.17  
Relative absolute error                 31.8071 %
Root relative squared error             33.9985 %
Total Number of Instances              912     


=== Detailed Accuracy By Class ===

                 TP Rate  FP Rate  Precision  Recall   F-Measure  MCC      ROC Area  PRC Area  Class
                 0.993    0.002    0.998      0.993    0.996      0.991    1.000     1.000     PD
                 0.998    0.007    0.993      0.998    0.996      0.991    1.000     1.000     SNP
Weighted Avg.    0.996    0.004    0.996      0.996    0.996      0.991    1.000     1.000     


=== Confusion Matrix ===

   a   b   <-- classified as
 453   3 |   a = PD
   1 455 |   b = SNP

Time taken to perform cross-validation: 180.52 seconds


=== Stratified cross-validation ===

Correctly Classified Instances         682               74.7807 %
Incorrectly Classified Instances       230               25.2193 %
Kappa statistic                          0.4956
Mean absolute error                      0.4249
Root mean squared error                  0.4462
Relative absolute error                 84.9734 %
Root relative squared error             89.2328 %
Total Number of Instances              912     


=== Detailed Accuracy By Class ===

                 TP Rate  FP Rate  Precision  Recall   F-Measure  MCC      ROC Area  PRC Area  Class
                 0.623    0.127    0.830      0.623    0.712      0.512    0.819     0.815     PD
                 0.873    0.377    0.698      0.873    0.776      0.512    0.819     0.793     SNP
Weighted Avg.    0.748    0.252    0.764      0.748    0.744      0.512    0.819     0.804     


=== Confusion Matrix ===

   a   b   <-- classified as
 284 172 |   a = PD
  58 398 |   b = SNP

