
Options: -I 1000 -K 15 

=== Classifier model (full training set) ===

RandomForest

Bagging with 1000 iterations and base learner

weka.classifiers.trees.RandomTree -K 15 -M 1.0 -V 0.001 -S 1 -do-not-check-capabilities

Time taken to build model: 17.1 seconds

Time taken to test model on training data: 2.31 seconds

=== Error on training data ===

Correctly Classified Instances         905               99.2325 %
Incorrectly Classified Instances         7                0.7675 %
Kappa statistic                          0.9846
Mean absolute error                      0.1609
Root mean squared error                  0.1734
Relative absolute error                 32.1718 %
Root relative squared error             34.6846 %
Total Number of Instances              912     


=== Detailed Accuracy By Class ===

                 TP Rate  FP Rate  Precision  Recall   F-Measure  MCC      ROC Area  PRC Area  Class
                 0.991    0.007    0.993      0.991    0.992      0.985    1.000     1.000     PD
                 0.993    0.009    0.991      0.993    0.992      0.985    1.000     1.000     SNP
Weighted Avg.    0.992    0.008    0.992      0.992    0.992      0.985    1.000     1.000     


=== Confusion Matrix ===

   a   b   <-- classified as
 452   4 |   a = PD
   3 453 |   b = SNP

Time taken to perform cross-validation: 174.61 seconds


=== Stratified cross-validation ===

Correctly Classified Instances         695               76.2061 %
Incorrectly Classified Instances       217               23.7939 %
Kappa statistic                          0.5241
Mean absolute error                      0.429 
Root mean squared error                  0.45  
Relative absolute error                 85.793  %
Root relative squared error             89.9906 %
Total Number of Instances              912     


=== Detailed Accuracy By Class ===

                 TP Rate  FP Rate  Precision  Recall   F-Measure  MCC      ROC Area  PRC Area  Class
                 0.656    0.132    0.833      0.656    0.734      0.536    0.808     0.791     PD
                 0.868    0.344    0.716      0.868    0.785      0.536    0.808     0.777     SNP
Weighted Avg.    0.762    0.238    0.774      0.762    0.759      0.536    0.808     0.784     


=== Confusion Matrix ===

   a   b   <-- classified as
 299 157 |   a = PD
  60 396 |   b = SNP

